[2025-01-18 08:52:34,263][       train.py][line:  67][    INFO] config: Namespace(config_path='config/brainmri.yaml', k_shot=16, config={'version': 'v1.0.0', 'random_seed': 100, 'data_root': 'data', 'train_dataset': 'brainmri', 'test_datasets': ['brainmri'], 'epoch': 200, 'batch_size': 8, 'print_freq_step': 10, 'val_freq_epoch': 1, 'image_size': 224, 'model_name': 'ViT-L-14-336', 'layers_out': [12, 18, 24], 'anomaly_tasks': {'CutpasteTask': 0.25, 'GaussIntensityChangeTask': 0.25, 'SourceTask': 0.25, 'IdentityTask': 0.25}, 'prompt_maker': 'coop', 'n_learnable_token': 8, 'CSC': True, 'class_token_positions': ['end'], 'save_root': 'results/2025_01_18_08_52_34', 'prompts': {'normal': ['normal', 'healthy', 'negative', 'unremarkable', 'clear', 'asymptomatic', 'normal findings', 'no findings', 'in good health', 'no evidence of disease'], 'abnormal': ['abnormal', 'positive', 'symptomatic', 'disease', 'lesion', 'pathological', 'impaired', 'evidence of disease', 'abnormal finding', 'pathological condition', 'pathological abnormality']}, 'model_cfg': {'embed_dim': 768, 'vision_cfg': {'image_size': 224, 'layers': 24, 'width': 1024, 'patch_size': 14}, 'text_cfg': {'context_length': 77, 'vocab_size': 49408, 'width': 768, 'heads': 12, 'layers': 12}}})
[2025-01-18 08:52:34,283][       train.py][line:  74][    INFO] load CoOp
[2025-01-18 08:52:34,420][       train.py][line: 131][    INFO] train data (brainmri) len 16
[2025-01-18 08:52:34,420][       train.py][line: 134][    INFO] test data (brainmri) len 220
[2025-01-18 08:52:34,420][       train.py][line: 137][    INFO] anomaly syn task is CutpasteTask, sampling probability is 0.25
[2025-01-18 08:52:34,420][       train.py][line: 137][    INFO] anomaly syn task is GaussIntensityChangeTask, sampling probability is 0.25
[2025-01-18 08:52:34,420][       train.py][line: 137][    INFO] anomaly syn task is SourceTask, sampling probability is 0.25
[2025-01-18 08:52:34,420][       train.py][line: 137][    INFO] anomaly syn task is IdentityTask, sampling probability is 0.25
[2025-01-18 08:52:46,999][       train.py][line: 186][    INFO] (brainmri): Epoch: 1, image auroc: 0.5683,
[2025-01-18 08:52:46,999][       train.py][line: 201][    INFO] (brainmri best): image auroc: 0.5683,
[2025-01-18 08:52:47,000][       train.py][line: 208][    INFO] save checkpoints in epoch: 1
[2025-01-18 08:52:59,400][       train.py][line: 186][    INFO] (brainmri): Epoch: 2, image auroc: 0.6350,
[2025-01-18 08:52:59,401][       train.py][line: 201][    INFO] (brainmri best): image auroc: 0.6350,
[2025-01-18 08:52:59,401][       train.py][line: 208][    INFO] save checkpoints in epoch: 2
[2025-01-18 08:53:11,833][       train.py][line: 186][    INFO] (brainmri): Epoch: 3, image auroc: 0.6241,
[2025-01-18 08:53:11,833][       train.py][line: 201][    INFO] (brainmri best): image auroc: 0.6350,
[2025-01-18 08:53:24,307][       train.py][line: 186][    INFO] (brainmri): Epoch: 4, image auroc: 0.7351,
[2025-01-18 08:53:24,307][       train.py][line: 201][    INFO] (brainmri best): image auroc: 0.7351,
[2025-01-18 08:53:24,307][       train.py][line: 208][    INFO] save checkpoints in epoch: 4
[2025-01-18 08:53:29,669][       train.py][line: 264][    INFO] Epoch: [5/200]	Iter: [10/400]	Loss 0.91804 (0.92437)	
[2025-01-18 08:53:36,799][       train.py][line: 186][    INFO] (brainmri): Epoch: 5, image auroc: 0.8611,
[2025-01-18 08:53:36,799][       train.py][line: 201][    INFO] (brainmri best): image auroc: 0.8611,
[2025-01-18 08:53:36,799][       train.py][line: 208][    INFO] save checkpoints in epoch: 5
[2025-01-18 08:53:49,267][       train.py][line: 186][    INFO] (brainmri): Epoch: 6, image auroc: 0.8245,
[2025-01-18 08:53:49,267][       train.py][line: 201][    INFO] (brainmri best): image auroc: 0.8611,
[2025-01-18 08:54:01,742][       train.py][line: 186][    INFO] (brainmri): Epoch: 7, image auroc: 0.8820,
[2025-01-18 08:54:01,742][       train.py][line: 201][    INFO] (brainmri best): image auroc: 0.8820,
[2025-01-18 08:54:01,742][       train.py][line: 208][    INFO] save checkpoints in epoch: 7
[2025-01-18 08:54:14,270][       train.py][line: 186][    INFO] (brainmri): Epoch: 8, image auroc: 0.8596,
[2025-01-18 08:54:14,270][       train.py][line: 201][    INFO] (brainmri best): image auroc: 0.8820,
[2025-01-18 08:54:26,753][       train.py][line: 186][    INFO] (brainmri): Epoch: 9, image auroc: 0.9018,
[2025-01-18 08:54:26,753][       train.py][line: 201][    INFO] (brainmri best): image auroc: 0.9018,
[2025-01-18 08:54:26,753][       train.py][line: 208][    INFO] save checkpoints in epoch: 9
[2025-01-18 08:54:32,050][       train.py][line: 264][    INFO] Epoch: [10/200]	Iter: [20/400]	Loss 0.86101 (0.90495)	
[2025-01-18 08:54:39,233][       train.py][line: 186][    INFO] (brainmri): Epoch: 10, image auroc: 0.9245,
[2025-01-18 08:54:39,234][       train.py][line: 201][    INFO] (brainmri best): image auroc: 0.9245,
[2025-01-18 08:54:39,234][       train.py][line: 208][    INFO] save checkpoints in epoch: 10
[2025-01-18 08:54:51,797][       train.py][line: 186][    INFO] (brainmri): Epoch: 11, image auroc: 0.9362,
[2025-01-18 08:54:51,797][       train.py][line: 201][    INFO] (brainmri best): image auroc: 0.9362,
[2025-01-18 08:54:51,797][       train.py][line: 208][    INFO] save checkpoints in epoch: 11
[2025-01-18 08:55:04,369][       train.py][line: 186][    INFO] (brainmri): Epoch: 12, image auroc: 0.9397,
[2025-01-18 08:55:04,369][       train.py][line: 201][    INFO] (brainmri best): image auroc: 0.9397,
[2025-01-18 08:55:04,369][       train.py][line: 208][    INFO] save checkpoints in epoch: 12
[2025-01-18 08:55:16,924][       train.py][line: 186][    INFO] (brainmri): Epoch: 13, image auroc: 0.9448,
[2025-01-18 08:55:16,924][       train.py][line: 201][    INFO] (brainmri best): image auroc: 0.9448,
[2025-01-18 08:55:16,925][       train.py][line: 208][    INFO] save checkpoints in epoch: 13
[2025-01-18 08:55:29,498][       train.py][line: 186][    INFO] (brainmri): Epoch: 14, image auroc: 0.9495,
[2025-01-18 08:55:29,499][       train.py][line: 201][    INFO] (brainmri best): image auroc: 0.9495,
[2025-01-18 08:55:29,499][       train.py][line: 208][    INFO] save checkpoints in epoch: 14
[2025-01-18 08:55:34,798][       train.py][line: 264][    INFO] Epoch: [15/200]	Iter: [30/400]	Loss 0.80347 (0.83806)	
[2025-01-18 08:55:42,038][       train.py][line: 186][    INFO] (brainmri): Epoch: 15, image auroc: 0.9438,
[2025-01-18 08:55:42,038][       train.py][line: 201][    INFO] (brainmri best): image auroc: 0.9495,
[2025-01-18 08:55:54,602][       train.py][line: 186][    INFO] (brainmri): Epoch: 16, image auroc: 0.9423,
[2025-01-18 08:55:54,602][       train.py][line: 201][    INFO] (brainmri best): image auroc: 0.9495,
[2025-01-18 08:56:07,176][       train.py][line: 186][    INFO] (brainmri): Epoch: 17, image auroc: 0.9432,
[2025-01-18 08:56:07,176][       train.py][line: 201][    INFO] (brainmri best): image auroc: 0.9495,
[2025-01-18 08:56:19,638][       train.py][line: 186][    INFO] (brainmri): Epoch: 18, image auroc: 0.9396,
[2025-01-18 08:56:19,639][       train.py][line: 201][    INFO] (brainmri best): image auroc: 0.9495,
[2025-01-18 08:56:32,171][       train.py][line: 186][    INFO] (brainmri): Epoch: 19, image auroc: 0.9364,
[2025-01-18 08:56:32,171][       train.py][line: 201][    INFO] (brainmri best): image auroc: 0.9495,
[2025-01-18 08:56:37,458][       train.py][line: 264][    INFO] Epoch: [20/200]	Iter: [40/400]	Loss 0.81747 (0.84769)	
[2025-01-18 08:56:44,603][       train.py][line: 186][    INFO] (brainmri): Epoch: 20, image auroc: 0.9344,
[2025-01-18 08:56:44,603][       train.py][line: 201][    INFO] (brainmri best): image auroc: 0.9495,
[2025-01-18 08:56:57,042][       train.py][line: 186][    INFO] (brainmri): Epoch: 21, image auroc: 0.9387,
[2025-01-18 08:56:57,042][       train.py][line: 201][    INFO] (brainmri best): image auroc: 0.9495,
[2025-01-18 08:57:09,466][       train.py][line: 186][    INFO] (brainmri): Epoch: 22, image auroc: 0.9401,
[2025-01-18 08:57:09,466][       train.py][line: 201][    INFO] (brainmri best): image auroc: 0.9495,
[2025-01-18 08:57:21,935][       train.py][line: 186][    INFO] (brainmri): Epoch: 23, image auroc: 0.9383,
[2025-01-18 08:57:21,935][       train.py][line: 201][    INFO] (brainmri best): image auroc: 0.9495,
[2025-01-18 08:57:34,507][       train.py][line: 186][    INFO] (brainmri): Epoch: 24, image auroc: 0.9391,
[2025-01-18 08:57:34,507][       train.py][line: 201][    INFO] (brainmri best): image auroc: 0.9495,
[2025-01-18 08:57:39,845][       train.py][line: 264][    INFO] Epoch: [25/200]	Iter: [50/400]	Loss 0.82399 (0.85480)	
[2025-01-18 08:57:47,052][       train.py][line: 186][    INFO] (brainmri): Epoch: 25, image auroc: 0.9411,
[2025-01-18 08:57:47,052][       train.py][line: 201][    INFO] (brainmri best): image auroc: 0.9495,
[2025-01-18 08:57:59,538][       train.py][line: 186][    INFO] (brainmri): Epoch: 26, image auroc: 0.9410,
[2025-01-18 08:57:59,538][       train.py][line: 201][    INFO] (brainmri best): image auroc: 0.9495,
[2025-01-18 08:58:12,109][       train.py][line: 186][    INFO] (brainmri): Epoch: 27, image auroc: 0.9388,
[2025-01-18 08:58:12,109][       train.py][line: 201][    INFO] (brainmri best): image auroc: 0.9495,
[2025-01-18 08:58:24,611][       train.py][line: 186][    INFO] (brainmri): Epoch: 28, image auroc: 0.9396,
[2025-01-18 08:58:24,611][       train.py][line: 201][    INFO] (brainmri best): image auroc: 0.9495,
[2025-01-18 08:58:37,211][       train.py][line: 186][    INFO] (brainmri): Epoch: 29, image auroc: 0.9381,
[2025-01-18 08:58:37,211][       train.py][line: 201][    INFO] (brainmri best): image auroc: 0.9495,
[2025-01-18 08:58:42,534][       train.py][line: 264][    INFO] Epoch: [30/200]	Iter: [60/400]	Loss 0.88507 (0.80706)	
[2025-01-18 08:58:49,747][       train.py][line: 186][    INFO] (brainmri): Epoch: 30, image auroc: 0.9373,
[2025-01-18 08:58:49,748][       train.py][line: 201][    INFO] (brainmri best): image auroc: 0.9495,
[2025-01-18 08:59:02,208][       train.py][line: 186][    INFO] (brainmri): Epoch: 31, image auroc: 0.9380,
[2025-01-18 08:59:02,208][       train.py][line: 201][    INFO] (brainmri best): image auroc: 0.9495,
[2025-01-18 08:59:14,747][       train.py][line: 186][    INFO] (brainmri): Epoch: 32, image auroc: 0.9379,
[2025-01-18 08:59:14,747][       train.py][line: 201][    INFO] (brainmri best): image auroc: 0.9495,
[2025-01-18 08:59:27,168][       train.py][line: 186][    INFO] (brainmri): Epoch: 33, image auroc: 0.9400,
[2025-01-18 08:59:27,168][       train.py][line: 201][    INFO] (brainmri best): image auroc: 0.9495,
[2025-01-18 08:59:39,612][       train.py][line: 186][    INFO] (brainmri): Epoch: 34, image auroc: 0.9398,
[2025-01-18 08:59:39,612][       train.py][line: 201][    INFO] (brainmri best): image auroc: 0.9495,
[2025-01-18 08:59:44,949][       train.py][line: 264][    INFO] Epoch: [35/200]	Iter: [70/400]	Loss 0.84515 (0.79349)	
[2025-01-18 08:59:52,107][       train.py][line: 186][    INFO] (brainmri): Epoch: 35, image auroc: 0.9392,
[2025-01-18 08:59:52,107][       train.py][line: 201][    INFO] (brainmri best): image auroc: 0.9495,
[2025-01-18 09:00:04,482][       train.py][line: 186][    INFO] (brainmri): Epoch: 36, image auroc: 0.9386,
[2025-01-18 09:00:04,483][       train.py][line: 201][    INFO] (brainmri best): image auroc: 0.9495,
[2025-01-18 09:00:17,128][       train.py][line: 186][    INFO] (brainmri): Epoch: 37, image auroc: 0.9400,
[2025-01-18 09:00:17,128][       train.py][line: 201][    INFO] (brainmri best): image auroc: 0.9495,
[2025-01-18 09:00:29,628][       train.py][line: 186][    INFO] (brainmri): Epoch: 38, image auroc: 0.9402,
[2025-01-18 09:00:29,628][       train.py][line: 201][    INFO] (brainmri best): image auroc: 0.9495,
[2025-01-18 09:00:42,286][       train.py][line: 186][    INFO] (brainmri): Epoch: 39, image auroc: 0.9401,
[2025-01-18 09:00:42,287][       train.py][line: 201][    INFO] (brainmri best): image auroc: 0.9495,
[2025-01-18 09:00:47,625][       train.py][line: 264][    INFO] Epoch: [40/200]	Iter: [80/400]	Loss 0.88057 (0.83042)	
[2025-01-18 09:00:54,784][       train.py][line: 186][    INFO] (brainmri): Epoch: 40, image auroc: 0.9411,
[2025-01-18 09:00:54,785][       train.py][line: 201][    INFO] (brainmri best): image auroc: 0.9495,
[2025-01-18 09:01:07,336][       train.py][line: 186][    INFO] (brainmri): Epoch: 41, image auroc: 0.9348,
[2025-01-18 09:01:07,336][       train.py][line: 201][    INFO] (brainmri best): image auroc: 0.9495,
[2025-01-18 09:01:19,877][       train.py][line: 186][    INFO] (brainmri): Epoch: 42, image auroc: 0.9399,
[2025-01-18 09:01:19,877][       train.py][line: 201][    INFO] (brainmri best): image auroc: 0.9495,
[2025-01-18 09:01:32,356][       train.py][line: 186][    INFO] (brainmri): Epoch: 43, image auroc: 0.9428,
[2025-01-18 09:01:32,356][       train.py][line: 201][    INFO] (brainmri best): image auroc: 0.9495,
[2025-01-18 09:01:44,880][       train.py][line: 186][    INFO] (brainmri): Epoch: 44, image auroc: 0.9442,
[2025-01-18 09:01:44,880][       train.py][line: 201][    INFO] (brainmri best): image auroc: 0.9495,
[2025-01-18 09:01:50,153][       train.py][line: 264][    INFO] Epoch: [45/200]	Iter: [90/400]	Loss 0.83248 (0.80177)	
[2025-01-18 09:01:57,347][       train.py][line: 186][    INFO] (brainmri): Epoch: 45, image auroc: 0.9398,
[2025-01-18 09:01:57,347][       train.py][line: 201][    INFO] (brainmri best): image auroc: 0.9495,
[2025-01-18 09:02:09,823][       train.py][line: 186][    INFO] (brainmri): Epoch: 46, image auroc: 0.9392,
[2025-01-18 09:02:09,823][       train.py][line: 201][    INFO] (brainmri best): image auroc: 0.9495,
[2025-01-18 09:02:22,299][       train.py][line: 186][    INFO] (brainmri): Epoch: 47, image auroc: 0.9396,
[2025-01-18 09:02:22,299][       train.py][line: 201][    INFO] (brainmri best): image auroc: 0.9495,
[2025-01-18 09:02:34,770][       train.py][line: 186][    INFO] (brainmri): Epoch: 48, image auroc: 0.9368,
[2025-01-18 09:02:34,770][       train.py][line: 201][    INFO] (brainmri best): image auroc: 0.9495,
[2025-01-18 09:02:47,344][       train.py][line: 186][    INFO] (brainmri): Epoch: 49, image auroc: 0.9368,
[2025-01-18 09:02:47,345][       train.py][line: 201][    INFO] (brainmri best): image auroc: 0.9495,
[2025-01-18 09:02:52,685][       train.py][line: 264][    INFO] Epoch: [50/200]	Iter: [100/400]	Loss 0.80996 (0.85271)	
[2025-01-18 09:02:59,903][       train.py][line: 186][    INFO] (brainmri): Epoch: 50, image auroc: 0.9375,
[2025-01-18 09:02:59,903][       train.py][line: 201][    INFO] (brainmri best): image auroc: 0.9495,
[2025-01-18 09:03:12,488][       train.py][line: 186][    INFO] (brainmri): Epoch: 51, image auroc: 0.9337,
[2025-01-18 09:03:12,488][       train.py][line: 201][    INFO] (brainmri best): image auroc: 0.9495,
[2025-01-18 09:03:24,861][       train.py][line: 186][    INFO] (brainmri): Epoch: 52, image auroc: 0.9320,
[2025-01-18 09:03:24,861][       train.py][line: 201][    INFO] (brainmri best): image auroc: 0.9495,
[2025-01-18 09:03:37,371][       train.py][line: 186][    INFO] (brainmri): Epoch: 53, image auroc: 0.9287,
[2025-01-18 09:03:37,371][       train.py][line: 201][    INFO] (brainmri best): image auroc: 0.9495,
[2025-01-18 09:03:49,927][       train.py][line: 186][    INFO] (brainmri): Epoch: 54, image auroc: 0.9317,
[2025-01-18 09:03:49,927][       train.py][line: 201][    INFO] (brainmri best): image auroc: 0.9495,
[2025-01-18 09:03:55,299][       train.py][line: 264][    INFO] Epoch: [55/200]	Iter: [110/400]	Loss 0.80362 (0.81483)	
[2025-01-18 09:04:02,522][       train.py][line: 186][    INFO] (brainmri): Epoch: 55, image auroc: 0.9343,
[2025-01-18 09:04:02,522][       train.py][line: 201][    INFO] (brainmri best): image auroc: 0.9495,
[2025-01-18 09:04:15,138][       train.py][line: 186][    INFO] (brainmri): Epoch: 56, image auroc: 0.9357,
[2025-01-18 09:04:15,139][       train.py][line: 201][    INFO] (brainmri best): image auroc: 0.9495,
[2025-01-18 09:04:27,609][       train.py][line: 186][    INFO] (brainmri): Epoch: 57, image auroc: 0.9339,
[2025-01-18 09:04:27,609][       train.py][line: 201][    INFO] (brainmri best): image auroc: 0.9495,
[2025-01-18 09:04:40,180][       train.py][line: 186][    INFO] (brainmri): Epoch: 58, image auroc: 0.9320,
[2025-01-18 09:04:40,181][       train.py][line: 201][    INFO] (brainmri best): image auroc: 0.9495,
[2025-01-18 09:04:52,656][       train.py][line: 186][    INFO] (brainmri): Epoch: 59, image auroc: 0.9361,
[2025-01-18 09:04:52,656][       train.py][line: 201][    INFO] (brainmri best): image auroc: 0.9495,
[2025-01-18 09:04:57,984][       train.py][line: 264][    INFO] Epoch: [60/200]	Iter: [120/400]	Loss 0.89480 (0.85124)	
[2025-01-18 09:05:05,177][       train.py][line: 186][    INFO] (brainmri): Epoch: 60, image auroc: 0.9361,
[2025-01-18 09:05:05,178][       train.py][line: 201][    INFO] (brainmri best): image auroc: 0.9495,
[2025-01-18 09:05:17,612][       train.py][line: 186][    INFO] (brainmri): Epoch: 61, image auroc: 0.9391,
[2025-01-18 09:05:17,612][       train.py][line: 201][    INFO] (brainmri best): image auroc: 0.9495,
[2025-01-18 09:05:30,064][       train.py][line: 186][    INFO] (brainmri): Epoch: 62, image auroc: 0.9363,
[2025-01-18 09:05:30,064][       train.py][line: 201][    INFO] (brainmri best): image auroc: 0.9495,
[2025-01-18 09:05:42,663][       train.py][line: 186][    INFO] (brainmri): Epoch: 63, image auroc: 0.9342,
[2025-01-18 09:05:42,663][       train.py][line: 201][    INFO] (brainmri best): image auroc: 0.9495,
[2025-01-18 09:05:55,183][       train.py][line: 186][    INFO] (brainmri): Epoch: 64, image auroc: 0.9355,
[2025-01-18 09:05:55,183][       train.py][line: 201][    INFO] (brainmri best): image auroc: 0.9495,
[2025-01-18 09:06:00,566][       train.py][line: 264][    INFO] Epoch: [65/200]	Iter: [130/400]	Loss 0.86541 (0.84423)	
[2025-01-18 09:06:07,754][       train.py][line: 186][    INFO] (brainmri): Epoch: 65, image auroc: 0.9330,
[2025-01-18 09:06:07,755][       train.py][line: 201][    INFO] (brainmri best): image auroc: 0.9495,
[2025-01-18 09:06:20,288][       train.py][line: 186][    INFO] (brainmri): Epoch: 66, image auroc: 0.9354,
[2025-01-18 09:06:20,288][       train.py][line: 201][    INFO] (brainmri best): image auroc: 0.9495,
[2025-01-18 09:06:32,694][       train.py][line: 186][    INFO] (brainmri): Epoch: 67, image auroc: 0.9377,
[2025-01-18 09:06:32,695][       train.py][line: 201][    INFO] (brainmri best): image auroc: 0.9495,
[2025-01-18 09:06:45,125][       train.py][line: 186][    INFO] (brainmri): Epoch: 68, image auroc: 0.9356,
[2025-01-18 09:06:45,125][       train.py][line: 201][    INFO] (brainmri best): image auroc: 0.9495,
[2025-01-18 09:06:57,722][       train.py][line: 186][    INFO] (brainmri): Epoch: 69, image auroc: 0.9339,
[2025-01-18 09:06:57,723][       train.py][line: 201][    INFO] (brainmri best): image auroc: 0.9495,
[2025-01-18 09:07:03,087][       train.py][line: 264][    INFO] Epoch: [70/200]	Iter: [140/400]	Loss 0.83228 (0.85320)	
[2025-01-18 09:07:10,266][       train.py][line: 186][    INFO] (brainmri): Epoch: 70, image auroc: 0.9361,
[2025-01-18 09:07:10,267][       train.py][line: 201][    INFO] (brainmri best): image auroc: 0.9495,
[2025-01-18 09:07:22,769][       train.py][line: 186][    INFO] (brainmri): Epoch: 71, image auroc: 0.9380,
[2025-01-18 09:07:22,770][       train.py][line: 201][    INFO] (brainmri best): image auroc: 0.9495,
[2025-01-18 09:07:35,315][       train.py][line: 186][    INFO] (brainmri): Epoch: 72, image auroc: 0.9412,
[2025-01-18 09:07:35,315][       train.py][line: 201][    INFO] (brainmri best): image auroc: 0.9495,
[2025-01-18 09:07:47,901][       train.py][line: 186][    INFO] (brainmri): Epoch: 73, image auroc: 0.9409,
[2025-01-18 09:07:47,901][       train.py][line: 201][    INFO] (brainmri best): image auroc: 0.9495,
[2025-01-18 09:08:00,413][       train.py][line: 186][    INFO] (brainmri): Epoch: 74, image auroc: 0.9381,
[2025-01-18 09:08:00,413][       train.py][line: 201][    INFO] (brainmri best): image auroc: 0.9495,
[2025-01-18 09:08:05,787][       train.py][line: 264][    INFO] Epoch: [75/200]	Iter: [150/400]	Loss 0.76497 (0.79747)	
[2025-01-18 09:08:12,966][       train.py][line: 186][    INFO] (brainmri): Epoch: 75, image auroc: 0.9423,
[2025-01-18 09:08:12,967][       train.py][line: 201][    INFO] (brainmri best): image auroc: 0.9495,
[2025-01-18 09:08:25,406][       train.py][line: 186][    INFO] (brainmri): Epoch: 76, image auroc: 0.9373,
[2025-01-18 09:08:25,407][       train.py][line: 201][    INFO] (brainmri best): image auroc: 0.9495,
[2025-01-18 09:08:37,843][       train.py][line: 186][    INFO] (brainmri): Epoch: 77, image auroc: 0.9421,
[2025-01-18 09:08:37,843][       train.py][line: 201][    INFO] (brainmri best): image auroc: 0.9495,
[2025-01-18 09:08:50,334][       train.py][line: 186][    INFO] (brainmri): Epoch: 78, image auroc: 0.9442,
[2025-01-18 09:08:50,335][       train.py][line: 201][    INFO] (brainmri best): image auroc: 0.9495,
[2025-01-18 09:09:02,794][       train.py][line: 186][    INFO] (brainmri): Epoch: 79, image auroc: 0.9401,
[2025-01-18 09:09:02,794][       train.py][line: 201][    INFO] (brainmri best): image auroc: 0.9495,
[2025-01-18 09:09:08,118][       train.py][line: 264][    INFO] Epoch: [80/200]	Iter: [160/400]	Loss 0.83291 (0.80064)	
[2025-01-18 09:09:15,272][       train.py][line: 186][    INFO] (brainmri): Epoch: 80, image auroc: 0.9353,
[2025-01-18 09:09:15,273][       train.py][line: 201][    INFO] (brainmri best): image auroc: 0.9495,
[2025-01-18 09:09:27,731][       train.py][line: 186][    INFO] (brainmri): Epoch: 81, image auroc: 0.9361,
[2025-01-18 09:09:27,731][       train.py][line: 201][    INFO] (brainmri best): image auroc: 0.9495,
[2025-01-18 09:09:40,277][       train.py][line: 186][    INFO] (brainmri): Epoch: 82, image auroc: 0.9323,
[2025-01-18 09:09:40,277][       train.py][line: 201][    INFO] (brainmri best): image auroc: 0.9495,
[2025-01-18 09:09:52,818][       train.py][line: 186][    INFO] (brainmri): Epoch: 83, image auroc: 0.9338,
[2025-01-18 09:09:52,819][       train.py][line: 201][    INFO] (brainmri best): image auroc: 0.9495,
[2025-01-18 09:10:05,358][       train.py][line: 186][    INFO] (brainmri): Epoch: 84, image auroc: 0.9334,
[2025-01-18 09:10:05,358][       train.py][line: 201][    INFO] (brainmri best): image auroc: 0.9495,
[2025-01-18 09:10:10,699][       train.py][line: 264][    INFO] Epoch: [85/200]	Iter: [170/400]	Loss 0.76817 (0.76992)	
[2025-01-18 09:10:17,868][       train.py][line: 186][    INFO] (brainmri): Epoch: 85, image auroc: 0.9408,
[2025-01-18 09:10:17,868][       train.py][line: 201][    INFO] (brainmri best): image auroc: 0.9495,
[2025-01-18 09:10:30,384][       train.py][line: 186][    INFO] (brainmri): Epoch: 86, image auroc: 0.9367,
[2025-01-18 09:10:30,384][       train.py][line: 201][    INFO] (brainmri best): image auroc: 0.9495,
[2025-01-18 09:10:42,888][       train.py][line: 186][    INFO] (brainmri): Epoch: 87, image auroc: 0.9410,
[2025-01-18 09:10:42,888][       train.py][line: 201][    INFO] (brainmri best): image auroc: 0.9495,
[2025-01-18 09:10:55,396][       train.py][line: 186][    INFO] (brainmri): Epoch: 88, image auroc: 0.9361,
[2025-01-18 09:10:55,396][       train.py][line: 201][    INFO] (brainmri best): image auroc: 0.9495,
[2025-01-18 09:11:07,872][       train.py][line: 186][    INFO] (brainmri): Epoch: 89, image auroc: 0.9392,
[2025-01-18 09:11:07,873][       train.py][line: 201][    INFO] (brainmri best): image auroc: 0.9495,
[2025-01-18 09:11:13,153][       train.py][line: 264][    INFO] Epoch: [90/200]	Iter: [180/400]	Loss 0.73961 (0.78916)	
[2025-01-18 09:11:20,321][       train.py][line: 186][    INFO] (brainmri): Epoch: 90, image auroc: 0.9351,
[2025-01-18 09:11:20,322][       train.py][line: 201][    INFO] (brainmri best): image auroc: 0.9495,
[2025-01-18 09:11:32,844][       train.py][line: 186][    INFO] (brainmri): Epoch: 91, image auroc: 0.9356,
[2025-01-18 09:11:32,845][       train.py][line: 201][    INFO] (brainmri best): image auroc: 0.9495,
[2025-01-18 09:11:45,235][       train.py][line: 186][    INFO] (brainmri): Epoch: 92, image auroc: 0.9371,
[2025-01-18 09:11:45,235][       train.py][line: 201][    INFO] (brainmri best): image auroc: 0.9495,
[2025-01-18 09:11:57,790][       train.py][line: 186][    INFO] (brainmri): Epoch: 93, image auroc: 0.9392,
[2025-01-18 09:11:57,791][       train.py][line: 201][    INFO] (brainmri best): image auroc: 0.9495,
[2025-01-18 09:12:10,283][       train.py][line: 186][    INFO] (brainmri): Epoch: 94, image auroc: 0.9397,
[2025-01-18 09:12:10,283][       train.py][line: 201][    INFO] (brainmri best): image auroc: 0.9495,
[2025-01-18 09:12:15,684][       train.py][line: 264][    INFO] Epoch: [95/200]	Iter: [190/400]	Loss 0.63338 (0.69005)	
[2025-01-18 09:12:22,852][       train.py][line: 186][    INFO] (brainmri): Epoch: 95, image auroc: 0.9357,
[2025-01-18 09:12:22,852][       train.py][line: 201][    INFO] (brainmri best): image auroc: 0.9495,
[2025-01-18 09:12:35,388][       train.py][line: 186][    INFO] (brainmri): Epoch: 96, image auroc: 0.9366,
[2025-01-18 09:12:35,389][       train.py][line: 201][    INFO] (brainmri best): image auroc: 0.9495,
[2025-01-18 09:12:47,885][       train.py][line: 186][    INFO] (brainmri): Epoch: 97, image auroc: 0.9395,
[2025-01-18 09:12:47,885][       train.py][line: 201][    INFO] (brainmri best): image auroc: 0.9495,
[2025-01-18 09:13:00,484][       train.py][line: 186][    INFO] (brainmri): Epoch: 98, image auroc: 0.9342,
[2025-01-18 09:13:00,484][       train.py][line: 201][    INFO] (brainmri best): image auroc: 0.9495,
[2025-01-18 09:13:12,930][       train.py][line: 186][    INFO] (brainmri): Epoch: 99, image auroc: 0.9339,
[2025-01-18 09:13:12,930][       train.py][line: 201][    INFO] (brainmri best): image auroc: 0.9495,
[2025-01-18 09:13:18,159][       train.py][line: 264][    INFO] Epoch: [100/200]	Iter: [200/400]	Loss 0.78251 (0.77538)	
[2025-01-18 09:13:25,351][       train.py][line: 186][    INFO] (brainmri): Epoch: 100, image auroc: 0.9343,
[2025-01-18 09:13:25,351][       train.py][line: 201][    INFO] (brainmri best): image auroc: 0.9495,
[2025-01-18 09:13:37,766][       train.py][line: 186][    INFO] (brainmri): Epoch: 101, image auroc: 0.9344,
[2025-01-18 09:13:37,766][       train.py][line: 201][    INFO] (brainmri best): image auroc: 0.9495,
[2025-01-18 09:13:50,269][       train.py][line: 186][    INFO] (brainmri): Epoch: 102, image auroc: 0.9328,
[2025-01-18 09:13:50,269][       train.py][line: 201][    INFO] (brainmri best): image auroc: 0.9495,
[2025-01-18 09:14:02,749][       train.py][line: 186][    INFO] (brainmri): Epoch: 103, image auroc: 0.9353,
[2025-01-18 09:14:02,749][       train.py][line: 201][    INFO] (brainmri best): image auroc: 0.9495,
[2025-01-18 09:14:15,195][       train.py][line: 186][    INFO] (brainmri): Epoch: 104, image auroc: 0.9373,
[2025-01-18 09:14:15,196][       train.py][line: 201][    INFO] (brainmri best): image auroc: 0.9495,
[2025-01-18 09:14:20,577][       train.py][line: 264][    INFO] Epoch: [105/200]	Iter: [210/400]	Loss 0.73419 (0.75031)	
[2025-01-18 09:14:27,736][       train.py][line: 186][    INFO] (brainmri): Epoch: 105, image auroc: 0.9348,
[2025-01-18 09:14:27,736][       train.py][line: 201][    INFO] (brainmri best): image auroc: 0.9495,
[2025-01-18 09:14:40,202][       train.py][line: 186][    INFO] (brainmri): Epoch: 106, image auroc: 0.9421,
[2025-01-18 09:14:40,202][       train.py][line: 201][    INFO] (brainmri best): image auroc: 0.9495,
[2025-01-18 09:14:52,672][       train.py][line: 186][    INFO] (brainmri): Epoch: 107, image auroc: 0.9375,
[2025-01-18 09:14:52,673][       train.py][line: 201][    INFO] (brainmri best): image auroc: 0.9495,
[2025-01-18 09:15:05,146][       train.py][line: 186][    INFO] (brainmri): Epoch: 108, image auroc: 0.9393,
[2025-01-18 09:15:05,146][       train.py][line: 201][    INFO] (brainmri best): image auroc: 0.9495,
[2025-01-18 09:15:17,662][       train.py][line: 186][    INFO] (brainmri): Epoch: 109, image auroc: 0.9392,
[2025-01-18 09:15:17,662][       train.py][line: 201][    INFO] (brainmri best): image auroc: 0.9495,
[2025-01-18 09:15:22,999][       train.py][line: 264][    INFO] Epoch: [110/200]	Iter: [220/400]	Loss 0.77913 (0.80210)	
[2025-01-18 09:15:30,167][       train.py][line: 186][    INFO] (brainmri): Epoch: 110, image auroc: 0.9393,
[2025-01-18 09:15:30,167][       train.py][line: 201][    INFO] (brainmri best): image auroc: 0.9495,
[2025-01-18 09:15:42,762][       train.py][line: 186][    INFO] (brainmri): Epoch: 111, image auroc: 0.9391,
[2025-01-18 09:15:42,762][       train.py][line: 201][    INFO] (brainmri best): image auroc: 0.9495,
[2025-01-18 09:15:55,279][       train.py][line: 186][    INFO] (brainmri): Epoch: 112, image auroc: 0.9383,
[2025-01-18 09:15:55,279][       train.py][line: 201][    INFO] (brainmri best): image auroc: 0.9495,
[2025-01-18 09:16:07,717][       train.py][line: 186][    INFO] (brainmri): Epoch: 113, image auroc: 0.9400,
[2025-01-18 09:16:07,717][       train.py][line: 201][    INFO] (brainmri best): image auroc: 0.9495,
[2025-01-18 09:16:20,123][       train.py][line: 186][    INFO] (brainmri): Epoch: 114, image auroc: 0.9409,
[2025-01-18 09:16:20,123][       train.py][line: 201][    INFO] (brainmri best): image auroc: 0.9495,
[2025-01-18 09:16:25,396][       train.py][line: 264][    INFO] Epoch: [115/200]	Iter: [230/400]	Loss 0.79118 (0.82466)	
[2025-01-18 09:16:32,572][       train.py][line: 186][    INFO] (brainmri): Epoch: 115, image auroc: 0.9390,
[2025-01-18 09:16:32,572][       train.py][line: 201][    INFO] (brainmri best): image auroc: 0.9495,
[2025-01-18 09:16:45,165][       train.py][line: 186][    INFO] (brainmri): Epoch: 116, image auroc: 0.9336,
[2025-01-18 09:16:45,165][       train.py][line: 201][    INFO] (brainmri best): image auroc: 0.9495,
[2025-01-18 09:16:57,753][       train.py][line: 186][    INFO] (brainmri): Epoch: 117, image auroc: 0.9400,
[2025-01-18 09:16:57,753][       train.py][line: 201][    INFO] (brainmri best): image auroc: 0.9495,
[2025-01-18 09:17:10,185][       train.py][line: 186][    INFO] (brainmri): Epoch: 118, image auroc: 0.9370,
[2025-01-18 09:17:10,185][       train.py][line: 201][    INFO] (brainmri best): image auroc: 0.9495,
[2025-01-18 09:17:22,804][       train.py][line: 186][    INFO] (brainmri): Epoch: 119, image auroc: 0.9411,
[2025-01-18 09:17:22,805][       train.py][line: 201][    INFO] (brainmri best): image auroc: 0.9495,
[2025-01-18 09:17:28,172][       train.py][line: 264][    INFO] Epoch: [120/200]	Iter: [240/400]	Loss 0.69783 (0.73142)	
[2025-01-18 09:17:35,335][       train.py][line: 186][    INFO] (brainmri): Epoch: 120, image auroc: 0.9394,
[2025-01-18 09:17:35,336][       train.py][line: 201][    INFO] (brainmri best): image auroc: 0.9495,
[2025-01-18 09:17:47,868][       train.py][line: 186][    INFO] (brainmri): Epoch: 121, image auroc: 0.9383,
[2025-01-18 09:17:47,868][       train.py][line: 201][    INFO] (brainmri best): image auroc: 0.9495,
[2025-01-18 09:18:00,426][       train.py][line: 186][    INFO] (brainmri): Epoch: 122, image auroc: 0.9404,
[2025-01-18 09:18:00,426][       train.py][line: 201][    INFO] (brainmri best): image auroc: 0.9495,
[2025-01-18 09:18:12,879][       train.py][line: 186][    INFO] (brainmri): Epoch: 123, image auroc: 0.9443,
[2025-01-18 09:18:12,880][       train.py][line: 201][    INFO] (brainmri best): image auroc: 0.9495,
[2025-01-18 09:18:25,351][       train.py][line: 186][    INFO] (brainmri): Epoch: 124, image auroc: 0.9400,
[2025-01-18 09:18:25,351][       train.py][line: 201][    INFO] (brainmri best): image auroc: 0.9495,
[2025-01-18 09:18:30,756][       train.py][line: 264][    INFO] Epoch: [125/200]	Iter: [250/400]	Loss 0.85506 (0.81431)	
[2025-01-18 09:18:37,878][       train.py][line: 186][    INFO] (brainmri): Epoch: 125, image auroc: 0.9350,
[2025-01-18 09:18:37,878][       train.py][line: 201][    INFO] (brainmri best): image auroc: 0.9495,
[2025-01-18 09:18:50,310][       train.py][line: 186][    INFO] (brainmri): Epoch: 126, image auroc: 0.9459,
[2025-01-18 09:18:50,310][       train.py][line: 201][    INFO] (brainmri best): image auroc: 0.9495,
[2025-01-18 09:19:02,854][       train.py][line: 186][    INFO] (brainmri): Epoch: 127, image auroc: 0.9349,
[2025-01-18 09:19:02,854][       train.py][line: 201][    INFO] (brainmri best): image auroc: 0.9495,
[2025-01-18 09:19:15,468][       train.py][line: 186][    INFO] (brainmri): Epoch: 128, image auroc: 0.9318,
[2025-01-18 09:19:15,469][       train.py][line: 201][    INFO] (brainmri best): image auroc: 0.9495,
[2025-01-18 09:19:27,981][       train.py][line: 186][    INFO] (brainmri): Epoch: 129, image auroc: 0.9353,
[2025-01-18 09:19:27,982][       train.py][line: 201][    INFO] (brainmri best): image auroc: 0.9495,
[2025-01-18 09:19:33,305][       train.py][line: 264][    INFO] Epoch: [130/200]	Iter: [260/400]	Loss 0.72058 (0.78082)	
[2025-01-18 09:19:40,446][       train.py][line: 186][    INFO] (brainmri): Epoch: 130, image auroc: 0.9400,
[2025-01-18 09:19:40,446][       train.py][line: 201][    INFO] (brainmri best): image auroc: 0.9495,
[2025-01-18 09:19:53,036][       train.py][line: 186][    INFO] (brainmri): Epoch: 131, image auroc: 0.9341,
[2025-01-18 09:19:53,036][       train.py][line: 201][    INFO] (brainmri best): image auroc: 0.9495,
[2025-01-18 09:20:05,486][       train.py][line: 186][    INFO] (brainmri): Epoch: 132, image auroc: 0.9403,
[2025-01-18 09:20:05,487][       train.py][line: 201][    INFO] (brainmri best): image auroc: 0.9495,
[2025-01-18 09:20:18,041][       train.py][line: 186][    INFO] (brainmri): Epoch: 133, image auroc: 0.9394,
[2025-01-18 09:20:18,041][       train.py][line: 201][    INFO] (brainmri best): image auroc: 0.9495,
[2025-01-18 09:20:30,511][       train.py][line: 186][    INFO] (brainmri): Epoch: 134, image auroc: 0.9411,
[2025-01-18 09:20:30,511][       train.py][line: 201][    INFO] (brainmri best): image auroc: 0.9495,
[2025-01-18 09:20:35,822][       train.py][line: 264][    INFO] Epoch: [135/200]	Iter: [270/400]	Loss 0.67793 (0.77863)	
[2025-01-18 09:20:42,994][       train.py][line: 186][    INFO] (brainmri): Epoch: 135, image auroc: 0.9406,
[2025-01-18 09:20:42,995][       train.py][line: 201][    INFO] (brainmri best): image auroc: 0.9495,
[2025-01-18 09:20:55,613][       train.py][line: 186][    INFO] (brainmri): Epoch: 136, image auroc: 0.9387,
[2025-01-18 09:20:55,613][       train.py][line: 201][    INFO] (brainmri best): image auroc: 0.9495,
[2025-01-18 09:21:08,095][       train.py][line: 186][    INFO] (brainmri): Epoch: 137, image auroc: 0.9386,
[2025-01-18 09:21:08,096][       train.py][line: 201][    INFO] (brainmri best): image auroc: 0.9495,
[2025-01-18 09:21:20,584][       train.py][line: 186][    INFO] (brainmri): Epoch: 138, image auroc: 0.9389,
[2025-01-18 09:21:20,584][       train.py][line: 201][    INFO] (brainmri best): image auroc: 0.9495,
[2025-01-18 09:21:33,058][       train.py][line: 186][    INFO] (brainmri): Epoch: 139, image auroc: 0.9435,
[2025-01-18 09:21:33,058][       train.py][line: 201][    INFO] (brainmri best): image auroc: 0.9495,
[2025-01-18 09:21:38,535][       train.py][line: 264][    INFO] Epoch: [140/200]	Iter: [280/400]	Loss 0.69997 (0.71902)	
[2025-01-18 09:21:45,712][       train.py][line: 186][    INFO] (brainmri): Epoch: 140, image auroc: 0.9400,
[2025-01-18 09:21:45,712][       train.py][line: 201][    INFO] (brainmri best): image auroc: 0.9495,
[2025-01-18 09:21:58,231][       train.py][line: 186][    INFO] (brainmri): Epoch: 141, image auroc: 0.9422,
[2025-01-18 09:21:58,231][       train.py][line: 201][    INFO] (brainmri best): image auroc: 0.9495,
[2025-01-18 09:22:10,823][       train.py][line: 186][    INFO] (brainmri): Epoch: 142, image auroc: 0.9367,
[2025-01-18 09:22:10,824][       train.py][line: 201][    INFO] (brainmri best): image auroc: 0.9495,
[2025-01-18 09:22:23,356][       train.py][line: 186][    INFO] (brainmri): Epoch: 143, image auroc: 0.9428,
[2025-01-18 09:22:23,356][       train.py][line: 201][    INFO] (brainmri best): image auroc: 0.9495,
[2025-01-18 09:22:35,820][       train.py][line: 186][    INFO] (brainmri): Epoch: 144, image auroc: 0.9344,
[2025-01-18 09:22:35,820][       train.py][line: 201][    INFO] (brainmri best): image auroc: 0.9495,
[2025-01-18 09:22:41,138][       train.py][line: 264][    INFO] Epoch: [145/200]	Iter: [290/400]	Loss 0.77171 (0.83655)	
[2025-01-18 09:22:48,294][       train.py][line: 186][    INFO] (brainmri): Epoch: 145, image auroc: 0.9355,
[2025-01-18 09:22:48,294][       train.py][line: 201][    INFO] (brainmri best): image auroc: 0.9495,
[2025-01-18 09:23:00,840][       train.py][line: 186][    INFO] (brainmri): Epoch: 146, image auroc: 0.9346,
[2025-01-18 09:23:00,841][       train.py][line: 201][    INFO] (brainmri best): image auroc: 0.9495,
[2025-01-18 09:23:13,279][       train.py][line: 186][    INFO] (brainmri): Epoch: 147, image auroc: 0.9373,
[2025-01-18 09:23:13,279][       train.py][line: 201][    INFO] (brainmri best): image auroc: 0.9495,
[2025-01-18 09:23:25,855][       train.py][line: 186][    INFO] (brainmri): Epoch: 148, image auroc: 0.9379,
[2025-01-18 09:23:25,856][       train.py][line: 201][    INFO] (brainmri best): image auroc: 0.9495,
[2025-01-18 09:23:38,433][       train.py][line: 186][    INFO] (brainmri): Epoch: 149, image auroc: 0.9352,
[2025-01-18 09:23:38,433][       train.py][line: 201][    INFO] (brainmri best): image auroc: 0.9495,
[2025-01-18 09:23:43,817][       train.py][line: 264][    INFO] Epoch: [150/200]	Iter: [300/400]	Loss 0.71823 (0.72528)	
[2025-01-18 09:23:50,970][       train.py][line: 186][    INFO] (brainmri): Epoch: 150, image auroc: 0.9405,
[2025-01-18 09:23:50,970][       train.py][line: 201][    INFO] (brainmri best): image auroc: 0.9495,
[2025-01-18 09:24:03,478][       train.py][line: 186][    INFO] (brainmri): Epoch: 151, image auroc: 0.9409,
[2025-01-18 09:24:03,478][       train.py][line: 201][    INFO] (brainmri best): image auroc: 0.9495,
[2025-01-18 09:24:16,049][       train.py][line: 186][    INFO] (brainmri): Epoch: 152, image auroc: 0.9370,
[2025-01-18 09:24:16,049][       train.py][line: 201][    INFO] (brainmri best): image auroc: 0.9495,
[2025-01-18 09:24:28,616][       train.py][line: 186][    INFO] (brainmri): Epoch: 153, image auroc: 0.9419,
[2025-01-18 09:24:28,616][       train.py][line: 201][    INFO] (brainmri best): image auroc: 0.9495,
[2025-01-18 09:24:41,165][       train.py][line: 186][    INFO] (brainmri): Epoch: 154, image auroc: 0.9413,
[2025-01-18 09:24:41,165][       train.py][line: 201][    INFO] (brainmri best): image auroc: 0.9495,
[2025-01-18 09:24:46,508][       train.py][line: 264][    INFO] Epoch: [155/200]	Iter: [310/400]	Loss 0.76338 (0.73505)	
[2025-01-18 09:24:53,602][       train.py][line: 186][    INFO] (brainmri): Epoch: 155, image auroc: 0.9398,
[2025-01-18 09:24:53,602][       train.py][line: 201][    INFO] (brainmri best): image auroc: 0.9495,
[2025-01-18 09:25:06,060][       train.py][line: 186][    INFO] (brainmri): Epoch: 156, image auroc: 0.9435,
[2025-01-18 09:25:06,060][       train.py][line: 201][    INFO] (brainmri best): image auroc: 0.9495,
[2025-01-18 09:25:18,617][       train.py][line: 186][    INFO] (brainmri): Epoch: 157, image auroc: 0.9384,
[2025-01-18 09:25:18,618][       train.py][line: 201][    INFO] (brainmri best): image auroc: 0.9495,
[2025-01-18 09:25:31,198][       train.py][line: 186][    INFO] (brainmri): Epoch: 158, image auroc: 0.9394,
[2025-01-18 09:25:31,198][       train.py][line: 201][    INFO] (brainmri best): image auroc: 0.9495,
[2025-01-18 09:25:43,662][       train.py][line: 186][    INFO] (brainmri): Epoch: 159, image auroc: 0.9369,
[2025-01-18 09:25:43,662][       train.py][line: 201][    INFO] (brainmri best): image auroc: 0.9495,
[2025-01-18 09:25:49,004][       train.py][line: 264][    INFO] Epoch: [160/200]	Iter: [320/400]	Loss 0.69439 (0.78047)	
[2025-01-18 09:25:56,235][       train.py][line: 186][    INFO] (brainmri): Epoch: 160, image auroc: 0.9373,
[2025-01-18 09:25:56,235][       train.py][line: 201][    INFO] (brainmri best): image auroc: 0.9495,
[2025-01-18 09:26:08,945][       train.py][line: 186][    INFO] (brainmri): Epoch: 161, image auroc: 0.9393,
[2025-01-18 09:26:08,945][       train.py][line: 201][    INFO] (brainmri best): image auroc: 0.9495,
[2025-01-18 09:26:21,498][       train.py][line: 186][    INFO] (brainmri): Epoch: 162, image auroc: 0.9387,
[2025-01-18 09:26:21,498][       train.py][line: 201][    INFO] (brainmri best): image auroc: 0.9495,
[2025-01-18 09:26:34,120][       train.py][line: 186][    INFO] (brainmri): Epoch: 163, image auroc: 0.9341,
[2025-01-18 09:26:34,120][       train.py][line: 201][    INFO] (brainmri best): image auroc: 0.9495,
[2025-01-18 09:26:46,609][       train.py][line: 186][    INFO] (brainmri): Epoch: 164, image auroc: 0.9396,
[2025-01-18 09:26:46,610][       train.py][line: 201][    INFO] (brainmri best): image auroc: 0.9495,
[2025-01-18 09:26:51,896][       train.py][line: 264][    INFO] Epoch: [165/200]	Iter: [330/400]	Loss 0.70295 (0.70965)	
[2025-01-18 09:26:59,098][       train.py][line: 186][    INFO] (brainmri): Epoch: 165, image auroc: 0.9401,
[2025-01-18 09:26:59,098][       train.py][line: 201][    INFO] (brainmri best): image auroc: 0.9495,
[2025-01-18 09:27:11,585][       train.py][line: 186][    INFO] (brainmri): Epoch: 166, image auroc: 0.9389,
[2025-01-18 09:27:11,585][       train.py][line: 201][    INFO] (brainmri best): image auroc: 0.9495,
[2025-01-18 09:27:24,110][       train.py][line: 186][    INFO] (brainmri): Epoch: 167, image auroc: 0.9323,
[2025-01-18 09:27:24,110][       train.py][line: 201][    INFO] (brainmri best): image auroc: 0.9495,
[2025-01-18 09:27:36,563][       train.py][line: 186][    INFO] (brainmri): Epoch: 168, image auroc: 0.9348,
[2025-01-18 09:27:36,564][       train.py][line: 201][    INFO] (brainmri best): image auroc: 0.9495,
[2025-01-18 09:27:49,011][       train.py][line: 186][    INFO] (brainmri): Epoch: 169, image auroc: 0.9327,
[2025-01-18 09:27:49,011][       train.py][line: 201][    INFO] (brainmri best): image auroc: 0.9495,
[2025-01-18 09:27:54,373][       train.py][line: 264][    INFO] Epoch: [170/200]	Iter: [340/400]	Loss 0.88331 (0.84181)	
[2025-01-18 09:28:01,540][       train.py][line: 186][    INFO] (brainmri): Epoch: 170, image auroc: 0.9386,
[2025-01-18 09:28:01,541][       train.py][line: 201][    INFO] (brainmri best): image auroc: 0.9495,
[2025-01-18 09:28:14,133][       train.py][line: 186][    INFO] (brainmri): Epoch: 171, image auroc: 0.9403,
[2025-01-18 09:28:14,133][       train.py][line: 201][    INFO] (brainmri best): image auroc: 0.9495,
[2025-01-18 09:28:26,609][       train.py][line: 186][    INFO] (brainmri): Epoch: 172, image auroc: 0.9390,
[2025-01-18 09:28:26,609][       train.py][line: 201][    INFO] (brainmri best): image auroc: 0.9495,
[2025-01-18 09:28:39,258][       train.py][line: 186][    INFO] (brainmri): Epoch: 173, image auroc: 0.9366,
[2025-01-18 09:28:39,259][       train.py][line: 201][    INFO] (brainmri best): image auroc: 0.9495,
[2025-01-18 09:28:51,734][       train.py][line: 186][    INFO] (brainmri): Epoch: 174, image auroc: 0.9401,
[2025-01-18 09:28:51,734][       train.py][line: 201][    INFO] (brainmri best): image auroc: 0.9495,
[2025-01-18 09:28:57,121][       train.py][line: 264][    INFO] Epoch: [175/200]	Iter: [350/400]	Loss 0.78411 (0.77336)	
[2025-01-18 09:29:04,282][       train.py][line: 186][    INFO] (brainmri): Epoch: 175, image auroc: 0.9433,
[2025-01-18 09:29:04,282][       train.py][line: 201][    INFO] (brainmri best): image auroc: 0.9495,
[2025-01-18 09:29:16,807][       train.py][line: 186][    INFO] (brainmri): Epoch: 176, image auroc: 0.9425,
[2025-01-18 09:29:16,808][       train.py][line: 201][    INFO] (brainmri best): image auroc: 0.9495,
[2025-01-18 09:29:29,319][       train.py][line: 186][    INFO] (brainmri): Epoch: 177, image auroc: 0.9409,
[2025-01-18 09:29:29,320][       train.py][line: 201][    INFO] (brainmri best): image auroc: 0.9495,
[2025-01-18 09:29:41,809][       train.py][line: 186][    INFO] (brainmri): Epoch: 178, image auroc: 0.9373,
[2025-01-18 09:29:41,809][       train.py][line: 201][    INFO] (brainmri best): image auroc: 0.9495,
[2025-01-18 09:29:54,277][       train.py][line: 186][    INFO] (brainmri): Epoch: 179, image auroc: 0.9393,
[2025-01-18 09:29:54,278][       train.py][line: 201][    INFO] (brainmri best): image auroc: 0.9495,
[2025-01-18 09:29:59,612][       train.py][line: 264][    INFO] Epoch: [180/200]	Iter: [360/400]	Loss 0.72469 (0.76498)	
[2025-01-18 09:30:06,764][       train.py][line: 186][    INFO] (brainmri): Epoch: 180, image auroc: 0.9386,
[2025-01-18 09:30:06,764][       train.py][line: 201][    INFO] (brainmri best): image auroc: 0.9495,
[2025-01-18 09:30:19,259][       train.py][line: 186][    INFO] (brainmri): Epoch: 181, image auroc: 0.9386,
[2025-01-18 09:30:19,259][       train.py][line: 201][    INFO] (brainmri best): image auroc: 0.9495,
[2025-01-18 09:30:31,777][       train.py][line: 186][    INFO] (brainmri): Epoch: 182, image auroc: 0.9403,
[2025-01-18 09:30:31,778][       train.py][line: 201][    INFO] (brainmri best): image auroc: 0.9495,
[2025-01-18 09:30:44,339][       train.py][line: 186][    INFO] (brainmri): Epoch: 183, image auroc: 0.9394,
[2025-01-18 09:30:44,340][       train.py][line: 201][    INFO] (brainmri best): image auroc: 0.9495,
[2025-01-18 09:30:56,842][       train.py][line: 186][    INFO] (brainmri): Epoch: 184, image auroc: 0.9281,
[2025-01-18 09:30:56,843][       train.py][line: 201][    INFO] (brainmri best): image auroc: 0.9495,
[2025-01-18 09:31:02,314][       train.py][line: 264][    INFO] Epoch: [185/200]	Iter: [370/400]	Loss 0.80061 (0.76550)	
[2025-01-18 09:31:09,491][       train.py][line: 186][    INFO] (brainmri): Epoch: 185, image auroc: 0.9373,
[2025-01-18 09:31:09,491][       train.py][line: 201][    INFO] (brainmri best): image auroc: 0.9495,
[2025-01-18 09:31:22,104][       train.py][line: 186][    INFO] (brainmri): Epoch: 186, image auroc: 0.9384,
[2025-01-18 09:31:22,104][       train.py][line: 201][    INFO] (brainmri best): image auroc: 0.9495,
[2025-01-18 09:31:34,660][       train.py][line: 186][    INFO] (brainmri): Epoch: 187, image auroc: 0.9377,
[2025-01-18 09:31:34,661][       train.py][line: 201][    INFO] (brainmri best): image auroc: 0.9495,
[2025-01-18 09:31:47,144][       train.py][line: 186][    INFO] (brainmri): Epoch: 188, image auroc: 0.9400,
[2025-01-18 09:31:47,145][       train.py][line: 201][    INFO] (brainmri best): image auroc: 0.9495,
[2025-01-18 09:31:59,792][       train.py][line: 186][    INFO] (brainmri): Epoch: 189, image auroc: 0.9397,
[2025-01-18 09:31:59,792][       train.py][line: 201][    INFO] (brainmri best): image auroc: 0.9495,
[2025-01-18 09:32:05,146][       train.py][line: 264][    INFO] Epoch: [190/200]	Iter: [380/400]	Loss 0.64109 (0.69233)	
[2025-01-18 09:32:12,397][       train.py][line: 186][    INFO] (brainmri): Epoch: 190, image auroc: 0.9377,
[2025-01-18 09:32:12,398][       train.py][line: 201][    INFO] (brainmri best): image auroc: 0.9495,
[2025-01-18 09:32:24,901][       train.py][line: 186][    INFO] (brainmri): Epoch: 191, image auroc: 0.9344,
[2025-01-18 09:32:24,901][       train.py][line: 201][    INFO] (brainmri best): image auroc: 0.9495,
[2025-01-18 09:32:37,440][       train.py][line: 186][    INFO] (brainmri): Epoch: 192, image auroc: 0.9392,
[2025-01-18 09:32:37,441][       train.py][line: 201][    INFO] (brainmri best): image auroc: 0.9495,
[2025-01-18 09:32:50,061][       train.py][line: 186][    INFO] (brainmri): Epoch: 193, image auroc: 0.9418,
[2025-01-18 09:32:50,062][       train.py][line: 201][    INFO] (brainmri best): image auroc: 0.9495,
[2025-01-18 09:33:02,620][       train.py][line: 186][    INFO] (brainmri): Epoch: 194, image auroc: 0.9406,
[2025-01-18 09:33:02,620][       train.py][line: 201][    INFO] (brainmri best): image auroc: 0.9495,
[2025-01-18 09:33:07,983][       train.py][line: 264][    INFO] Epoch: [195/200]	Iter: [390/400]	Loss 0.90023 (0.87165)	
[2025-01-18 09:33:15,101][       train.py][line: 186][    INFO] (brainmri): Epoch: 195, image auroc: 0.9430,
[2025-01-18 09:33:15,101][       train.py][line: 201][    INFO] (brainmri best): image auroc: 0.9495,
[2025-01-18 09:33:27,574][       train.py][line: 186][    INFO] (brainmri): Epoch: 196, image auroc: 0.9416,
[2025-01-18 09:33:27,574][       train.py][line: 201][    INFO] (brainmri best): image auroc: 0.9495,
[2025-01-18 09:33:40,023][       train.py][line: 186][    INFO] (brainmri): Epoch: 197, image auroc: 0.9437,
[2025-01-18 09:33:40,024][       train.py][line: 201][    INFO] (brainmri best): image auroc: 0.9495,
[2025-01-18 09:33:52,559][       train.py][line: 186][    INFO] (brainmri): Epoch: 198, image auroc: 0.9428,
[2025-01-18 09:33:52,559][       train.py][line: 201][    INFO] (brainmri best): image auroc: 0.9495,
[2025-01-18 09:34:05,229][       train.py][line: 186][    INFO] (brainmri): Epoch: 199, image auroc: 0.9410,
[2025-01-18 09:34:05,229][       train.py][line: 201][    INFO] (brainmri best): image auroc: 0.9495,
[2025-01-18 09:34:10,537][       train.py][line: 264][    INFO] Epoch: [200/200]	Iter: [400/400]	Loss 0.80189 (0.87748)	
[2025-01-18 09:34:17,754][       train.py][line: 186][    INFO] (brainmri): Epoch: 200, image auroc: 0.9448,
[2025-01-18 09:34:17,754][       train.py][line: 201][    INFO] (brainmri best): image auroc: 0.9495,
