[2025-01-18 01:51:10,974][       train.py][line:  67][    INFO] config: Namespace(config_path='config/brainmri.yaml', k_shot=16, config={'version': 'v1.0.0', 'random_seed': 100, 'data_root': 'data', 'train_dataset': 'brainmri', 'test_datasets': ['brainmri'], 'epoch': 200, 'batch_size': 8, 'print_freq_step': 10, 'val_freq_epoch': 1, 'image_size': 224, 'model_name': 'ViT-L-14', 'layers_out': [12, 18, 24], 'anomaly_tasks': {'CutpasteTask': 0.25, 'GaussIntensityChangeTask': 0.25, 'SourceTask': 0.25, 'IdentityTask': 0.25}, 'prompt_maker': 'coop', 'n_learnable_token': 8, 'CSC': True, 'class_token_positions': ['end'], 'save_root': 'results/2025_01_18_01_51_10', 'prompts': {'normal': ['normal', 'healthy', 'negative', 'unremarkable', 'clear', 'asymptomatic', 'normal findings', 'no findings', 'in good health', 'no evidence of disease'], 'abnormal': ['abnormal', 'positive', 'symptomatic', 'disease', 'lesion', 'pathological', 'impaired', 'evidence of disease', 'abnormal finding', 'pathological condition', 'pathological abnormality']}, 'model_cfg': {'embed_dim': 768, 'vision_cfg': {'image_size': 224, 'layers': 24, 'width': 1024, 'patch_size': 14}, 'text_cfg': {'context_length': 77, 'vocab_size': 49408, 'width': 768, 'heads': 12, 'layers': 12}}})
[2025-01-18 01:51:10,990][       train.py][line:  74][    INFO] load CoOp
[2025-01-18 01:51:11,131][       train.py][line: 131][    INFO] train data (brainmri) len 16
[2025-01-18 01:51:11,131][       train.py][line: 134][    INFO] test data (brainmri) len 220
[2025-01-18 01:51:11,131][       train.py][line: 137][    INFO] anomaly syn task is CutpasteTask, sampling probability is 0.25
[2025-01-18 01:51:11,131][       train.py][line: 137][    INFO] anomaly syn task is GaussIntensityChangeTask, sampling probability is 0.25
[2025-01-18 01:51:11,131][       train.py][line: 137][    INFO] anomaly syn task is SourceTask, sampling probability is 0.25
[2025-01-18 01:51:11,131][       train.py][line: 137][    INFO] anomaly syn task is IdentityTask, sampling probability is 0.25
[2025-01-18 01:51:23,856][       train.py][line: 186][    INFO] (brainmri): Epoch: 1, image auroc: 0.7082,
[2025-01-18 01:51:23,856][       train.py][line: 201][    INFO] (brainmri best): image auroc: 0.7082,
[2025-01-18 01:51:23,856][       train.py][line: 208][    INFO] save checkpoints in epoch: 1
[2025-01-18 01:51:36,466][       train.py][line: 186][    INFO] (brainmri): Epoch: 2, image auroc: 0.8676,
[2025-01-18 01:51:36,466][       train.py][line: 201][    INFO] (brainmri best): image auroc: 0.8676,
[2025-01-18 01:51:36,466][       train.py][line: 208][    INFO] save checkpoints in epoch: 2
[2025-01-18 01:51:48,987][       train.py][line: 186][    INFO] (brainmri): Epoch: 3, image auroc: 0.8540,
[2025-01-18 01:51:48,987][       train.py][line: 201][    INFO] (brainmri best): image auroc: 0.8676,
[2025-01-18 01:52:01,684][       train.py][line: 186][    INFO] (brainmri): Epoch: 4, image auroc: 0.9010,
[2025-01-18 01:52:01,684][       train.py][line: 201][    INFO] (brainmri best): image auroc: 0.9010,
[2025-01-18 01:52:01,684][       train.py][line: 208][    INFO] save checkpoints in epoch: 4
[2025-01-18 01:52:07,043][       train.py][line: 264][    INFO] Epoch: [5/200]	Iter: [10/400]	Loss 0.95817 (0.94486)	
[2025-01-18 01:52:14,370][       train.py][line: 186][    INFO] (brainmri): Epoch: 5, image auroc: 0.8874,
[2025-01-18 01:52:14,370][       train.py][line: 201][    INFO] (brainmri best): image auroc: 0.9010,
[2025-01-18 01:52:26,960][       train.py][line: 186][    INFO] (brainmri): Epoch: 6, image auroc: 0.8989,
[2025-01-18 01:52:26,960][       train.py][line: 201][    INFO] (brainmri best): image auroc: 0.9010,
[2025-01-18 01:52:39,556][       train.py][line: 186][    INFO] (brainmri): Epoch: 7, image auroc: 0.9125,
[2025-01-18 01:52:39,556][       train.py][line: 201][    INFO] (brainmri best): image auroc: 0.9125,
[2025-01-18 01:52:39,556][       train.py][line: 208][    INFO] save checkpoints in epoch: 7
[2025-01-18 01:52:52,186][       train.py][line: 186][    INFO] (brainmri): Epoch: 8, image auroc: 0.9095,
[2025-01-18 01:52:52,186][       train.py][line: 201][    INFO] (brainmri best): image auroc: 0.9125,
[2025-01-18 01:53:04,823][       train.py][line: 186][    INFO] (brainmri): Epoch: 9, image auroc: 0.9065,
[2025-01-18 01:53:04,823][       train.py][line: 201][    INFO] (brainmri best): image auroc: 0.9125,
[2025-01-18 01:53:10,217][       train.py][line: 264][    INFO] Epoch: [10/200]	Iter: [20/400]	Loss 0.88295 (0.86442)	
[2025-01-18 01:53:17,526][       train.py][line: 186][    INFO] (brainmri): Epoch: 10, image auroc: 0.9154,
[2025-01-18 01:53:17,535][       train.py][line: 201][    INFO] (brainmri best): image auroc: 0.9154,
[2025-01-18 01:53:17,535][       train.py][line: 208][    INFO] save checkpoints in epoch: 10
[2025-01-18 01:53:30,053][       train.py][line: 186][    INFO] (brainmri): Epoch: 11, image auroc: 0.9192,
[2025-01-18 01:53:30,054][       train.py][line: 201][    INFO] (brainmri best): image auroc: 0.9192,
[2025-01-18 01:53:30,054][       train.py][line: 208][    INFO] save checkpoints in epoch: 11
[2025-01-18 01:53:42,588][       train.py][line: 186][    INFO] (brainmri): Epoch: 12, image auroc: 0.9185,
[2025-01-18 01:53:42,588][       train.py][line: 201][    INFO] (brainmri best): image auroc: 0.9192,
[2025-01-18 01:53:55,130][       train.py][line: 186][    INFO] (brainmri): Epoch: 13, image auroc: 0.9271,
[2025-01-18 01:53:55,131][       train.py][line: 201][    INFO] (brainmri best): image auroc: 0.9271,
[2025-01-18 01:53:55,131][       train.py][line: 208][    INFO] save checkpoints in epoch: 13
[2025-01-18 01:54:07,715][       train.py][line: 186][    INFO] (brainmri): Epoch: 14, image auroc: 0.9227,
[2025-01-18 01:54:07,716][       train.py][line: 201][    INFO] (brainmri best): image auroc: 0.9271,
[2025-01-18 01:54:12,973][       train.py][line: 264][    INFO] Epoch: [15/200]	Iter: [30/400]	Loss 0.84186 (0.85742)	
[2025-01-18 01:54:20,238][       train.py][line: 186][    INFO] (brainmri): Epoch: 15, image auroc: 0.9276,
[2025-01-18 01:54:20,238][       train.py][line: 201][    INFO] (brainmri best): image auroc: 0.9276,
[2025-01-18 01:54:20,238][       train.py][line: 208][    INFO] save checkpoints in epoch: 15
[2025-01-18 01:54:32,918][       train.py][line: 186][    INFO] (brainmri): Epoch: 16, image auroc: 0.9311,
[2025-01-18 01:54:32,919][       train.py][line: 201][    INFO] (brainmri best): image auroc: 0.9311,
[2025-01-18 01:54:32,919][       train.py][line: 208][    INFO] save checkpoints in epoch: 16
[2025-01-18 01:54:45,380][       train.py][line: 186][    INFO] (brainmri): Epoch: 17, image auroc: 0.9331,
[2025-01-18 01:54:45,380][       train.py][line: 201][    INFO] (brainmri best): image auroc: 0.9331,
[2025-01-18 01:54:45,380][       train.py][line: 208][    INFO] save checkpoints in epoch: 17
[2025-01-18 01:54:57,887][       train.py][line: 186][    INFO] (brainmri): Epoch: 18, image auroc: 0.9396,
[2025-01-18 01:54:57,888][       train.py][line: 201][    INFO] (brainmri best): image auroc: 0.9396,
[2025-01-18 01:54:57,888][       train.py][line: 208][    INFO] save checkpoints in epoch: 18
[2025-01-18 01:55:10,340][       train.py][line: 186][    INFO] (brainmri): Epoch: 19, image auroc: 0.9402,
[2025-01-18 01:55:10,340][       train.py][line: 201][    INFO] (brainmri best): image auroc: 0.9402,
[2025-01-18 01:55:10,340][       train.py][line: 208][    INFO] save checkpoints in epoch: 19
[2025-01-18 01:55:15,657][       train.py][line: 264][    INFO] Epoch: [20/200]	Iter: [40/400]	Loss 0.81153 (0.78410)	
[2025-01-18 01:55:22,885][       train.py][line: 186][    INFO] (brainmri): Epoch: 20, image auroc: 0.9453,
[2025-01-18 01:55:22,886][       train.py][line: 201][    INFO] (brainmri best): image auroc: 0.9453,
[2025-01-18 01:55:22,886][       train.py][line: 208][    INFO] save checkpoints in epoch: 20
[2025-01-18 01:55:35,449][       train.py][line: 186][    INFO] (brainmri): Epoch: 21, image auroc: 0.9454,
[2025-01-18 01:55:35,449][       train.py][line: 201][    INFO] (brainmri best): image auroc: 0.9454,
[2025-01-18 01:55:35,449][       train.py][line: 208][    INFO] save checkpoints in epoch: 21
[2025-01-18 01:55:47,916][       train.py][line: 186][    INFO] (brainmri): Epoch: 22, image auroc: 0.9440,
[2025-01-18 01:55:47,916][       train.py][line: 201][    INFO] (brainmri best): image auroc: 0.9454,
[2025-01-18 01:56:00,646][       train.py][line: 186][    INFO] (brainmri): Epoch: 23, image auroc: 0.9425,
[2025-01-18 01:56:00,646][       train.py][line: 201][    INFO] (brainmri best): image auroc: 0.9454,
[2025-01-18 01:56:13,307][       train.py][line: 186][    INFO] (brainmri): Epoch: 24, image auroc: 0.9428,
[2025-01-18 01:56:13,307][       train.py][line: 201][    INFO] (brainmri best): image auroc: 0.9454,
[2025-01-18 01:56:18,636][       train.py][line: 264][    INFO] Epoch: [25/200]	Iter: [50/400]	Loss 0.83471 (0.81918)	
[2025-01-18 01:56:25,956][       train.py][line: 186][    INFO] (brainmri): Epoch: 25, image auroc: 0.9455,
[2025-01-18 01:56:25,956][       train.py][line: 201][    INFO] (brainmri best): image auroc: 0.9455,
[2025-01-18 01:56:25,956][       train.py][line: 208][    INFO] save checkpoints in epoch: 25
[2025-01-18 01:56:38,759][       train.py][line: 186][    INFO] (brainmri): Epoch: 26, image auroc: 0.9442,
[2025-01-18 01:56:38,759][       train.py][line: 201][    INFO] (brainmri best): image auroc: 0.9455,
[2025-01-18 01:56:51,474][       train.py][line: 186][    INFO] (brainmri): Epoch: 27, image auroc: 0.9472,
[2025-01-18 01:56:51,474][       train.py][line: 201][    INFO] (brainmri best): image auroc: 0.9472,
[2025-01-18 01:56:51,474][       train.py][line: 208][    INFO] save checkpoints in epoch: 27
[2025-01-18 01:57:03,989][       train.py][line: 186][    INFO] (brainmri): Epoch: 28, image auroc: 0.9465,
[2025-01-18 01:57:03,989][       train.py][line: 201][    INFO] (brainmri best): image auroc: 0.9472,
[2025-01-18 01:57:16,584][       train.py][line: 186][    INFO] (brainmri): Epoch: 29, image auroc: 0.9451,
[2025-01-18 01:57:16,584][       train.py][line: 201][    INFO] (brainmri best): image auroc: 0.9472,
[2025-01-18 01:57:21,935][       train.py][line: 264][    INFO] Epoch: [30/200]	Iter: [60/400]	Loss 0.80602 (0.77050)	
[2025-01-18 01:57:29,225][       train.py][line: 186][    INFO] (brainmri): Epoch: 30, image auroc: 0.9467,
[2025-01-18 01:57:29,225][       train.py][line: 201][    INFO] (brainmri best): image auroc: 0.9472,
[2025-01-18 01:57:41,759][       train.py][line: 186][    INFO] (brainmri): Epoch: 31, image auroc: 0.9488,
[2025-01-18 01:57:41,759][       train.py][line: 201][    INFO] (brainmri best): image auroc: 0.9488,
[2025-01-18 01:57:41,759][       train.py][line: 208][    INFO] save checkpoints in epoch: 31
[2025-01-18 01:57:54,321][       train.py][line: 186][    INFO] (brainmri): Epoch: 32, image auroc: 0.9462,
[2025-01-18 01:57:54,321][       train.py][line: 201][    INFO] (brainmri best): image auroc: 0.9488,
[2025-01-18 01:58:07,030][       train.py][line: 186][    INFO] (brainmri): Epoch: 33, image auroc: 0.9467,
[2025-01-18 01:58:07,030][       train.py][line: 201][    INFO] (brainmri best): image auroc: 0.9488,
[2025-01-18 01:58:19,551][       train.py][line: 186][    INFO] (brainmri): Epoch: 34, image auroc: 0.9415,
[2025-01-18 01:58:19,551][       train.py][line: 201][    INFO] (brainmri best): image auroc: 0.9488,
[2025-01-18 01:58:24,796][       train.py][line: 264][    INFO] Epoch: [35/200]	Iter: [70/400]	Loss 0.71619 (0.78220)	
[2025-01-18 01:58:32,066][       train.py][line: 186][    INFO] (brainmri): Epoch: 35, image auroc: 0.9412,
[2025-01-18 01:58:32,067][       train.py][line: 201][    INFO] (brainmri best): image auroc: 0.9488,
[2025-01-18 01:58:44,547][       train.py][line: 186][    INFO] (brainmri): Epoch: 36, image auroc: 0.9451,
[2025-01-18 01:58:44,547][       train.py][line: 201][    INFO] (brainmri best): image auroc: 0.9488,
[2025-01-18 01:58:57,099][       train.py][line: 186][    INFO] (brainmri): Epoch: 37, image auroc: 0.9452,
[2025-01-18 01:58:57,099][       train.py][line: 201][    INFO] (brainmri best): image auroc: 0.9488,
[2025-01-18 01:59:09,589][       train.py][line: 186][    INFO] (brainmri): Epoch: 38, image auroc: 0.9451,
[2025-01-18 01:59:09,589][       train.py][line: 201][    INFO] (brainmri best): image auroc: 0.9488,
[2025-01-18 01:59:22,055][       train.py][line: 186][    INFO] (brainmri): Epoch: 39, image auroc: 0.9474,
[2025-01-18 01:59:22,055][       train.py][line: 201][    INFO] (brainmri best): image auroc: 0.9488,
[2025-01-18 01:59:27,274][       train.py][line: 264][    INFO] Epoch: [40/200]	Iter: [80/400]	Loss 0.76212 (0.80162)	
[2025-01-18 01:59:34,575][       train.py][line: 186][    INFO] (brainmri): Epoch: 40, image auroc: 0.9450,
[2025-01-18 01:59:34,575][       train.py][line: 201][    INFO] (brainmri best): image auroc: 0.9488,
[2025-01-18 01:59:47,102][       train.py][line: 186][    INFO] (brainmri): Epoch: 41, image auroc: 0.9459,
[2025-01-18 01:59:47,103][       train.py][line: 201][    INFO] (brainmri best): image auroc: 0.9488,
[2025-01-18 01:59:59,623][       train.py][line: 186][    INFO] (brainmri): Epoch: 42, image auroc: 0.9427,
[2025-01-18 01:59:59,623][       train.py][line: 201][    INFO] (brainmri best): image auroc: 0.9488,
[2025-01-18 02:00:12,153][       train.py][line: 186][    INFO] (brainmri): Epoch: 43, image auroc: 0.9414,
[2025-01-18 02:00:12,154][       train.py][line: 201][    INFO] (brainmri best): image auroc: 0.9488,
[2025-01-18 02:00:24,703][       train.py][line: 186][    INFO] (brainmri): Epoch: 44, image auroc: 0.9418,
[2025-01-18 02:00:24,703][       train.py][line: 201][    INFO] (brainmri best): image auroc: 0.9488,
[2025-01-18 02:00:29,958][       train.py][line: 264][    INFO] Epoch: [45/200]	Iter: [90/400]	Loss 0.76808 (0.78954)	
[2025-01-18 02:00:37,281][       train.py][line: 186][    INFO] (brainmri): Epoch: 45, image auroc: 0.9364,
[2025-01-18 02:00:37,281][       train.py][line: 201][    INFO] (brainmri best): image auroc: 0.9488,
[2025-01-18 02:00:49,790][       train.py][line: 186][    INFO] (brainmri): Epoch: 46, image auroc: 0.9387,
[2025-01-18 02:00:49,790][       train.py][line: 201][    INFO] (brainmri best): image auroc: 0.9488,
[2025-01-18 02:01:02,332][       train.py][line: 186][    INFO] (brainmri): Epoch: 47, image auroc: 0.9317,
[2025-01-18 02:01:02,333][       train.py][line: 201][    INFO] (brainmri best): image auroc: 0.9488,
[2025-01-18 02:01:14,893][       train.py][line: 186][    INFO] (brainmri): Epoch: 48, image auroc: 0.9356,
[2025-01-18 02:01:14,894][       train.py][line: 201][    INFO] (brainmri best): image auroc: 0.9488,
[2025-01-18 02:01:27,334][       train.py][line: 186][    INFO] (brainmri): Epoch: 49, image auroc: 0.9422,
[2025-01-18 02:01:27,335][       train.py][line: 201][    INFO] (brainmri best): image auroc: 0.9488,
[2025-01-18 02:01:32,660][       train.py][line: 264][    INFO] Epoch: [50/200]	Iter: [100/400]	Loss 0.82949 (0.80831)	
[2025-01-18 02:01:39,958][       train.py][line: 186][    INFO] (brainmri): Epoch: 50, image auroc: 0.9411,
[2025-01-18 02:01:39,959][       train.py][line: 201][    INFO] (brainmri best): image auroc: 0.9488,
[2025-01-18 02:01:52,470][       train.py][line: 186][    INFO] (brainmri): Epoch: 51, image auroc: 0.9424,
[2025-01-18 02:01:52,470][       train.py][line: 201][    INFO] (brainmri best): image auroc: 0.9488,
[2025-01-18 02:02:05,099][       train.py][line: 186][    INFO] (brainmri): Epoch: 52, image auroc: 0.9456,
[2025-01-18 02:02:05,099][       train.py][line: 201][    INFO] (brainmri best): image auroc: 0.9488,
[2025-01-18 02:02:17,667][       train.py][line: 186][    INFO] (brainmri): Epoch: 53, image auroc: 0.9494,
[2025-01-18 02:02:17,667][       train.py][line: 201][    INFO] (brainmri best): image auroc: 0.9494,
[2025-01-18 02:02:17,682][       train.py][line: 208][    INFO] save checkpoints in epoch: 53
[2025-01-18 02:02:30,348][       train.py][line: 186][    INFO] (brainmri): Epoch: 54, image auroc: 0.9493,
[2025-01-18 02:02:30,348][       train.py][line: 201][    INFO] (brainmri best): image auroc: 0.9494,
[2025-01-18 02:02:35,620][       train.py][line: 264][    INFO] Epoch: [55/200]	Iter: [110/400]	Loss 0.87319 (0.84404)	
[2025-01-18 02:02:42,854][       train.py][line: 186][    INFO] (brainmri): Epoch: 55, image auroc: 0.9488,
[2025-01-18 02:02:42,854][       train.py][line: 201][    INFO] (brainmri best): image auroc: 0.9494,
[2025-01-18 02:02:55,371][       train.py][line: 186][    INFO] (brainmri): Epoch: 56, image auroc: 0.9439,
[2025-01-18 02:02:55,371][       train.py][line: 201][    INFO] (brainmri best): image auroc: 0.9494,
[2025-01-18 02:03:07,873][       train.py][line: 186][    INFO] (brainmri): Epoch: 57, image auroc: 0.9440,
[2025-01-18 02:03:07,873][       train.py][line: 201][    INFO] (brainmri best): image auroc: 0.9494,
[2025-01-18 02:03:20,500][       train.py][line: 186][    INFO] (brainmri): Epoch: 58, image auroc: 0.9467,
[2025-01-18 02:03:20,500][       train.py][line: 201][    INFO] (brainmri best): image auroc: 0.9494,
[2025-01-18 02:03:33,136][       train.py][line: 186][    INFO] (brainmri): Epoch: 59, image auroc: 0.9430,
[2025-01-18 02:03:33,136][       train.py][line: 201][    INFO] (brainmri best): image auroc: 0.9494,
[2025-01-18 02:03:38,501][       train.py][line: 264][    INFO] Epoch: [60/200]	Iter: [120/400]	Loss 0.74890 (0.74104)	
[2025-01-18 02:03:45,748][       train.py][line: 186][    INFO] (brainmri): Epoch: 60, image auroc: 0.9413,
[2025-01-18 02:03:45,748][       train.py][line: 201][    INFO] (brainmri best): image auroc: 0.9494,
[2025-01-18 02:03:58,293][       train.py][line: 186][    INFO] (brainmri): Epoch: 61, image auroc: 0.9396,
[2025-01-18 02:03:58,293][       train.py][line: 201][    INFO] (brainmri best): image auroc: 0.9494,
[2025-01-18 02:04:10,916][       train.py][line: 186][    INFO] (brainmri): Epoch: 62, image auroc: 0.9368,
[2025-01-18 02:04:10,916][       train.py][line: 201][    INFO] (brainmri best): image auroc: 0.9494,
[2025-01-18 02:04:23,498][       train.py][line: 186][    INFO] (brainmri): Epoch: 63, image auroc: 0.9324,
[2025-01-18 02:04:23,498][       train.py][line: 201][    INFO] (brainmri best): image auroc: 0.9494,
[2025-01-18 02:04:36,044][       train.py][line: 186][    INFO] (brainmri): Epoch: 64, image auroc: 0.9359,
[2025-01-18 02:04:36,044][       train.py][line: 201][    INFO] (brainmri best): image auroc: 0.9494,
[2025-01-18 02:04:41,302][       train.py][line: 264][    INFO] Epoch: [65/200]	Iter: [130/400]	Loss 0.83456 (0.78861)	
[2025-01-18 02:04:48,551][       train.py][line: 186][    INFO] (brainmri): Epoch: 65, image auroc: 0.9407,
[2025-01-18 02:04:48,551][       train.py][line: 201][    INFO] (brainmri best): image auroc: 0.9494,
[2025-01-18 02:05:01,251][       train.py][line: 186][    INFO] (brainmri): Epoch: 66, image auroc: 0.9377,
[2025-01-18 02:05:01,252][       train.py][line: 201][    INFO] (brainmri best): image auroc: 0.9494,
[2025-01-18 02:05:13,877][       train.py][line: 186][    INFO] (brainmri): Epoch: 67, image auroc: 0.9343,
[2025-01-18 02:05:13,877][       train.py][line: 201][    INFO] (brainmri best): image auroc: 0.9494,
[2025-01-18 02:05:26,588][       train.py][line: 186][    INFO] (brainmri): Epoch: 68, image auroc: 0.9387,
[2025-01-18 02:05:26,588][       train.py][line: 201][    INFO] (brainmri best): image auroc: 0.9494,
[2025-01-18 02:05:39,227][       train.py][line: 186][    INFO] (brainmri): Epoch: 69, image auroc: 0.9363,
[2025-01-18 02:05:39,227][       train.py][line: 201][    INFO] (brainmri best): image auroc: 0.9494,
[2025-01-18 02:05:44,594][       train.py][line: 264][    INFO] Epoch: [70/200]	Iter: [140/400]	Loss 0.76014 (0.77683)	
[2025-01-18 02:05:51,872][       train.py][line: 186][    INFO] (brainmri): Epoch: 70, image auroc: 0.9329,
[2025-01-18 02:05:51,872][       train.py][line: 201][    INFO] (brainmri best): image auroc: 0.9494,
[2025-01-18 02:06:04,567][       train.py][line: 186][    INFO] (brainmri): Epoch: 71, image auroc: 0.9301,
[2025-01-18 02:06:04,567][       train.py][line: 201][    INFO] (brainmri best): image auroc: 0.9494,
[2025-01-18 02:06:17,255][       train.py][line: 186][    INFO] (brainmri): Epoch: 72, image auroc: 0.9307,
[2025-01-18 02:06:17,255][       train.py][line: 201][    INFO] (brainmri best): image auroc: 0.9494,
[2025-01-18 02:06:29,889][       train.py][line: 186][    INFO] (brainmri): Epoch: 73, image auroc: 0.9287,
[2025-01-18 02:06:29,889][       train.py][line: 201][    INFO] (brainmri best): image auroc: 0.9494,
[2025-01-18 02:06:42,589][       train.py][line: 186][    INFO] (brainmri): Epoch: 74, image auroc: 0.9383,
[2025-01-18 02:06:42,589][       train.py][line: 201][    INFO] (brainmri best): image auroc: 0.9494,
[2025-01-18 02:06:47,897][       train.py][line: 264][    INFO] Epoch: [75/200]	Iter: [150/400]	Loss 0.77824 (0.79704)	
[2025-01-18 02:06:55,291][       train.py][line: 186][    INFO] (brainmri): Epoch: 75, image auroc: 0.9374,
[2025-01-18 02:06:55,291][       train.py][line: 201][    INFO] (brainmri best): image auroc: 0.9494,
[2025-01-18 02:07:07,921][       train.py][line: 186][    INFO] (brainmri): Epoch: 76, image auroc: 0.9342,
[2025-01-18 02:07:07,921][       train.py][line: 201][    INFO] (brainmri best): image auroc: 0.9494,
[2025-01-18 02:07:20,674][       train.py][line: 186][    INFO] (brainmri): Epoch: 77, image auroc: 0.9393,
[2025-01-18 02:07:20,674][       train.py][line: 201][    INFO] (brainmri best): image auroc: 0.9494,
[2025-01-18 02:07:33,223][       train.py][line: 186][    INFO] (brainmri): Epoch: 78, image auroc: 0.9403,
[2025-01-18 02:07:33,223][       train.py][line: 201][    INFO] (brainmri best): image auroc: 0.9494,
[2025-01-18 02:07:45,809][       train.py][line: 186][    INFO] (brainmri): Epoch: 79, image auroc: 0.9367,
[2025-01-18 02:07:45,809][       train.py][line: 201][    INFO] (brainmri best): image auroc: 0.9494,
[2025-01-18 02:07:51,057][       train.py][line: 264][    INFO] Epoch: [80/200]	Iter: [160/400]	Loss 0.77554 (0.77255)	
[2025-01-18 02:07:58,382][       train.py][line: 186][    INFO] (brainmri): Epoch: 80, image auroc: 0.9424,
[2025-01-18 02:07:58,383][       train.py][line: 201][    INFO] (brainmri best): image auroc: 0.9494,
[2025-01-18 02:08:10,880][       train.py][line: 186][    INFO] (brainmri): Epoch: 81, image auroc: 0.9430,
[2025-01-18 02:08:10,880][       train.py][line: 201][    INFO] (brainmri best): image auroc: 0.9494,
[2025-01-18 02:08:23,411][       train.py][line: 186][    INFO] (brainmri): Epoch: 82, image auroc: 0.9400,
[2025-01-18 02:08:23,411][       train.py][line: 201][    INFO] (brainmri best): image auroc: 0.9494,
[2025-01-18 02:08:36,116][       train.py][line: 186][    INFO] (brainmri): Epoch: 83, image auroc: 0.9386,
[2025-01-18 02:08:36,116][       train.py][line: 201][    INFO] (brainmri best): image auroc: 0.9494,
[2025-01-18 02:08:48,732][       train.py][line: 186][    INFO] (brainmri): Epoch: 84, image auroc: 0.9357,
[2025-01-18 02:08:48,733][       train.py][line: 201][    INFO] (brainmri best): image auroc: 0.9494,
[2025-01-18 02:08:53,989][       train.py][line: 264][    INFO] Epoch: [85/200]	Iter: [170/400]	Loss 0.79124 (0.74851)	
[2025-01-18 02:09:01,335][       train.py][line: 186][    INFO] (brainmri): Epoch: 85, image auroc: 0.9406,
[2025-01-18 02:09:01,335][       train.py][line: 201][    INFO] (brainmri best): image auroc: 0.9494,
[2025-01-18 02:09:14,066][       train.py][line: 186][    INFO] (brainmri): Epoch: 86, image auroc: 0.9416,
[2025-01-18 02:09:14,066][       train.py][line: 201][    INFO] (brainmri best): image auroc: 0.9494,
[2025-01-18 02:09:26,702][       train.py][line: 186][    INFO] (brainmri): Epoch: 87, image auroc: 0.9320,
[2025-01-18 02:09:26,702][       train.py][line: 201][    INFO] (brainmri best): image auroc: 0.9494,
[2025-01-18 02:09:39,221][       train.py][line: 186][    INFO] (brainmri): Epoch: 88, image auroc: 0.9333,
[2025-01-18 02:09:39,221][       train.py][line: 201][    INFO] (brainmri best): image auroc: 0.9494,
[2025-01-18 02:09:51,763][       train.py][line: 186][    INFO] (brainmri): Epoch: 89, image auroc: 0.9337,
[2025-01-18 02:09:51,763][       train.py][line: 201][    INFO] (brainmri best): image auroc: 0.9494,
[2025-01-18 02:09:57,142][       train.py][line: 264][    INFO] Epoch: [90/200]	Iter: [180/400]	Loss 0.75748 (0.77236)	
[2025-01-18 02:10:04,484][       train.py][line: 186][    INFO] (brainmri): Epoch: 90, image auroc: 0.9324,
[2025-01-18 02:10:04,485][       train.py][line: 201][    INFO] (brainmri best): image auroc: 0.9494,
[2025-01-18 02:10:17,055][       train.py][line: 186][    INFO] (brainmri): Epoch: 91, image auroc: 0.9346,
[2025-01-18 02:10:17,055][       train.py][line: 201][    INFO] (brainmri best): image auroc: 0.9494,
[2025-01-18 02:10:29,711][       train.py][line: 186][    INFO] (brainmri): Epoch: 92, image auroc: 0.9402,
[2025-01-18 02:10:29,712][       train.py][line: 201][    INFO] (brainmri best): image auroc: 0.9494,
[2025-01-18 02:10:42,287][       train.py][line: 186][    INFO] (brainmri): Epoch: 93, image auroc: 0.9408,
[2025-01-18 02:10:42,287][       train.py][line: 201][    INFO] (brainmri best): image auroc: 0.9494,
[2025-01-18 02:10:54,866][       train.py][line: 186][    INFO] (brainmri): Epoch: 94, image auroc: 0.9339,
[2025-01-18 02:10:54,866][       train.py][line: 201][    INFO] (brainmri best): image auroc: 0.9494,
[2025-01-18 02:11:00,169][       train.py][line: 264][    INFO] Epoch: [95/200]	Iter: [190/400]	Loss 0.76991 (0.76189)	
[2025-01-18 02:11:07,407][       train.py][line: 186][    INFO] (brainmri): Epoch: 95, image auroc: 0.9315,
[2025-01-18 02:11:07,408][       train.py][line: 201][    INFO] (brainmri best): image auroc: 0.9494,
[2025-01-18 02:11:19,928][       train.py][line: 186][    INFO] (brainmri): Epoch: 96, image auroc: 0.9299,
[2025-01-18 02:11:19,929][       train.py][line: 201][    INFO] (brainmri best): image auroc: 0.9494,
[2025-01-18 02:11:32,449][       train.py][line: 186][    INFO] (brainmri): Epoch: 97, image auroc: 0.9353,
[2025-01-18 02:11:32,449][       train.py][line: 201][    INFO] (brainmri best): image auroc: 0.9494,
[2025-01-18 02:11:45,046][       train.py][line: 186][    INFO] (brainmri): Epoch: 98, image auroc: 0.9353,
[2025-01-18 02:11:45,047][       train.py][line: 201][    INFO] (brainmri best): image auroc: 0.9494,
[2025-01-18 02:11:57,596][       train.py][line: 186][    INFO] (brainmri): Epoch: 99, image auroc: 0.9379,
[2025-01-18 02:11:57,596][       train.py][line: 201][    INFO] (brainmri best): image auroc: 0.9494,
[2025-01-18 02:12:02,880][       train.py][line: 264][    INFO] Epoch: [100/200]	Iter: [200/400]	Loss 0.78800 (0.81396)	
[2025-01-18 02:12:10,145][       train.py][line: 186][    INFO] (brainmri): Epoch: 100, image auroc: 0.9384,
[2025-01-18 02:12:10,145][       train.py][line: 201][    INFO] (brainmri best): image auroc: 0.9494,
[2025-01-18 02:12:22,663][       train.py][line: 186][    INFO] (brainmri): Epoch: 101, image auroc: 0.9405,
[2025-01-18 02:12:22,664][       train.py][line: 201][    INFO] (brainmri best): image auroc: 0.9494,
[2025-01-18 02:12:35,207][       train.py][line: 186][    INFO] (brainmri): Epoch: 102, image auroc: 0.9395,
[2025-01-18 02:12:35,208][       train.py][line: 201][    INFO] (brainmri best): image auroc: 0.9494,
[2025-01-18 02:12:47,651][       train.py][line: 186][    INFO] (brainmri): Epoch: 103, image auroc: 0.9381,
[2025-01-18 02:12:47,651][       train.py][line: 201][    INFO] (brainmri best): image auroc: 0.9494,
[2025-01-18 02:13:00,118][       train.py][line: 186][    INFO] (brainmri): Epoch: 104, image auroc: 0.9361,
[2025-01-18 02:13:00,118][       train.py][line: 201][    INFO] (brainmri best): image auroc: 0.9494,
[2025-01-18 02:13:05,406][       train.py][line: 264][    INFO] Epoch: [105/200]	Iter: [210/400]	Loss 0.85985 (0.80886)	
[2025-01-18 02:13:12,762][       train.py][line: 186][    INFO] (brainmri): Epoch: 105, image auroc: 0.9425,
[2025-01-18 02:13:12,762][       train.py][line: 201][    INFO] (brainmri best): image auroc: 0.9494,
[2025-01-18 02:13:25,346][       train.py][line: 186][    INFO] (brainmri): Epoch: 106, image auroc: 0.9437,
[2025-01-18 02:13:25,346][       train.py][line: 201][    INFO] (brainmri best): image auroc: 0.9494,
[2025-01-18 02:13:38,055][       train.py][line: 186][    INFO] (brainmri): Epoch: 107, image auroc: 0.9406,
[2025-01-18 02:13:38,056][       train.py][line: 201][    INFO] (brainmri best): image auroc: 0.9494,
[2025-01-18 02:13:50,620][       train.py][line: 186][    INFO] (brainmri): Epoch: 108, image auroc: 0.9394,
[2025-01-18 02:13:50,621][       train.py][line: 201][    INFO] (brainmri best): image auroc: 0.9494,
[2025-01-18 02:14:03,127][       train.py][line: 186][    INFO] (brainmri): Epoch: 109, image auroc: 0.9418,
[2025-01-18 02:14:03,128][       train.py][line: 201][    INFO] (brainmri best): image auroc: 0.9494,
[2025-01-18 02:14:08,384][       train.py][line: 264][    INFO] Epoch: [110/200]	Iter: [220/400]	Loss 0.72608 (0.77319)	
[2025-01-18 02:14:15,641][       train.py][line: 186][    INFO] (brainmri): Epoch: 110, image auroc: 0.9406,
[2025-01-18 02:14:15,641][       train.py][line: 201][    INFO] (brainmri best): image auroc: 0.9494,
[2025-01-18 02:14:28,225][       train.py][line: 186][    INFO] (brainmri): Epoch: 111, image auroc: 0.9348,
[2025-01-18 02:14:28,225][       train.py][line: 201][    INFO] (brainmri best): image auroc: 0.9494,
[2025-01-18 02:14:40,808][       train.py][line: 186][    INFO] (brainmri): Epoch: 112, image auroc: 0.9349,
[2025-01-18 02:14:40,808][       train.py][line: 201][    INFO] (brainmri best): image auroc: 0.9494,
[2025-01-18 02:14:53,301][       train.py][line: 186][    INFO] (brainmri): Epoch: 113, image auroc: 0.9308,
[2025-01-18 02:14:53,301][       train.py][line: 201][    INFO] (brainmri best): image auroc: 0.9494,
[2025-01-18 02:15:06,182][       train.py][line: 186][    INFO] (brainmri): Epoch: 114, image auroc: 0.9343,
[2025-01-18 02:15:06,182][       train.py][line: 201][    INFO] (brainmri best): image auroc: 0.9494,
[2025-01-18 02:15:11,734][       train.py][line: 264][    INFO] Epoch: [115/200]	Iter: [230/400]	Loss 0.78750 (0.78844)	
[2025-01-18 02:15:19,372][       train.py][line: 186][    INFO] (brainmri): Epoch: 115, image auroc: 0.9357,
[2025-01-18 02:15:19,373][       train.py][line: 201][    INFO] (brainmri best): image auroc: 0.9494,
[2025-01-18 02:15:31,951][       train.py][line: 186][    INFO] (brainmri): Epoch: 116, image auroc: 0.9425,
[2025-01-18 02:15:31,951][       train.py][line: 201][    INFO] (brainmri best): image auroc: 0.9494,
[2025-01-18 02:15:44,574][       train.py][line: 186][    INFO] (brainmri): Epoch: 117, image auroc: 0.9416,
[2025-01-18 02:15:44,574][       train.py][line: 201][    INFO] (brainmri best): image auroc: 0.9494,
[2025-01-18 02:15:57,144][       train.py][line: 186][    INFO] (brainmri): Epoch: 118, image auroc: 0.9438,
[2025-01-18 02:15:57,144][       train.py][line: 201][    INFO] (brainmri best): image auroc: 0.9494,
[2025-01-18 02:16:09,689][       train.py][line: 186][    INFO] (brainmri): Epoch: 119, image auroc: 0.9427,
[2025-01-18 02:16:09,690][       train.py][line: 201][    INFO] (brainmri best): image auroc: 0.9494,
[2025-01-18 02:16:14,953][       train.py][line: 264][    INFO] Epoch: [120/200]	Iter: [240/400]	Loss 0.80929 (0.79243)	
[2025-01-18 02:16:22,277][       train.py][line: 186][    INFO] (brainmri): Epoch: 120, image auroc: 0.9408,
[2025-01-18 02:16:22,277][       train.py][line: 201][    INFO] (brainmri best): image auroc: 0.9494,
[2025-01-18 02:16:34,758][       train.py][line: 186][    INFO] (brainmri): Epoch: 121, image auroc: 0.9367,
[2025-01-18 02:16:34,758][       train.py][line: 201][    INFO] (brainmri best): image auroc: 0.9494,
[2025-01-18 02:16:47,372][       train.py][line: 186][    INFO] (brainmri): Epoch: 122, image auroc: 0.9391,
[2025-01-18 02:16:47,372][       train.py][line: 201][    INFO] (brainmri best): image auroc: 0.9494,
[2025-01-18 02:16:59,971][       train.py][line: 186][    INFO] (brainmri): Epoch: 123, image auroc: 0.9372,
[2025-01-18 02:16:59,971][       train.py][line: 201][    INFO] (brainmri best): image auroc: 0.9494,
[2025-01-18 02:17:12,587][       train.py][line: 186][    INFO] (brainmri): Epoch: 124, image auroc: 0.9422,
[2025-01-18 02:17:12,588][       train.py][line: 201][    INFO] (brainmri best): image auroc: 0.9494,
[2025-01-18 02:17:17,867][       train.py][line: 264][    INFO] Epoch: [125/200]	Iter: [250/400]	Loss 0.71839 (0.75234)	
[2025-01-18 02:17:25,253][       train.py][line: 186][    INFO] (brainmri): Epoch: 125, image auroc: 0.9497,
[2025-01-18 02:17:25,253][       train.py][line: 201][    INFO] (brainmri best): image auroc: 0.9497,
[2025-01-18 02:17:25,253][       train.py][line: 208][    INFO] save checkpoints in epoch: 125
[2025-01-18 02:17:38,049][       train.py][line: 186][    INFO] (brainmri): Epoch: 126, image auroc: 0.9486,
[2025-01-18 02:17:38,050][       train.py][line: 201][    INFO] (brainmri best): image auroc: 0.9497,
[2025-01-18 02:17:50,632][       train.py][line: 186][    INFO] (brainmri): Epoch: 127, image auroc: 0.9531,
[2025-01-18 02:17:50,632][       train.py][line: 201][    INFO] (brainmri best): image auroc: 0.9531,
[2025-01-18 02:17:50,632][       train.py][line: 208][    INFO] save checkpoints in epoch: 127
[2025-01-18 02:18:03,419][       train.py][line: 186][    INFO] (brainmri): Epoch: 128, image auroc: 0.9529,
[2025-01-18 02:18:03,419][       train.py][line: 201][    INFO] (brainmri best): image auroc: 0.9531,
[2025-01-18 02:18:16,140][       train.py][line: 186][    INFO] (brainmri): Epoch: 129, image auroc: 0.9469,
[2025-01-18 02:18:16,140][       train.py][line: 201][    INFO] (brainmri best): image auroc: 0.9531,
[2025-01-18 02:18:21,481][       train.py][line: 264][    INFO] Epoch: [130/200]	Iter: [260/400]	Loss 0.76161 (0.78282)	
[2025-01-18 02:18:28,803][       train.py][line: 186][    INFO] (brainmri): Epoch: 130, image auroc: 0.9454,
[2025-01-18 02:18:28,804][       train.py][line: 201][    INFO] (brainmri best): image auroc: 0.9531,
[2025-01-18 02:18:41,366][       train.py][line: 186][    INFO] (brainmri): Epoch: 131, image auroc: 0.9426,
[2025-01-18 02:18:41,366][       train.py][line: 201][    INFO] (brainmri best): image auroc: 0.9531,
[2025-01-18 02:18:53,997][       train.py][line: 186][    INFO] (brainmri): Epoch: 132, image auroc: 0.9426,
[2025-01-18 02:18:53,997][       train.py][line: 201][    INFO] (brainmri best): image auroc: 0.9531,
[2025-01-18 02:19:06,586][       train.py][line: 186][    INFO] (brainmri): Epoch: 133, image auroc: 0.9415,
[2025-01-18 02:19:06,586][       train.py][line: 201][    INFO] (brainmri best): image auroc: 0.9531,
[2025-01-18 02:19:19,553][       train.py][line: 186][    INFO] (brainmri): Epoch: 134, image auroc: 0.9443,
[2025-01-18 02:19:19,553][       train.py][line: 201][    INFO] (brainmri best): image auroc: 0.9531,
[2025-01-18 02:19:24,881][       train.py][line: 264][    INFO] Epoch: [135/200]	Iter: [270/400]	Loss 0.78947 (0.77702)	
[2025-01-18 02:19:32,176][       train.py][line: 186][    INFO] (brainmri): Epoch: 135, image auroc: 0.9462,
[2025-01-18 02:19:32,176][       train.py][line: 201][    INFO] (brainmri best): image auroc: 0.9531,
[2025-01-18 02:19:44,769][       train.py][line: 186][    INFO] (brainmri): Epoch: 136, image auroc: 0.9404,
[2025-01-18 02:19:44,769][       train.py][line: 201][    INFO] (brainmri best): image auroc: 0.9531,
[2025-01-18 02:19:57,509][       train.py][line: 186][    INFO] (brainmri): Epoch: 137, image auroc: 0.9402,
[2025-01-18 02:19:57,509][       train.py][line: 201][    INFO] (brainmri best): image auroc: 0.9531,
[2025-01-18 02:20:10,587][       train.py][line: 186][    INFO] (brainmri): Epoch: 138, image auroc: 0.9432,
[2025-01-18 02:20:10,588][       train.py][line: 201][    INFO] (brainmri best): image auroc: 0.9531,
[2025-01-18 02:20:23,433][       train.py][line: 186][    INFO] (brainmri): Epoch: 139, image auroc: 0.9461,
[2025-01-18 02:20:23,433][       train.py][line: 201][    INFO] (brainmri best): image auroc: 0.9531,
[2025-01-18 02:20:28,828][       train.py][line: 264][    INFO] Epoch: [140/200]	Iter: [280/400]	Loss 0.66965 (0.74769)	
[2025-01-18 02:20:36,209][       train.py][line: 186][    INFO] (brainmri): Epoch: 140, image auroc: 0.9401,
[2025-01-18 02:20:36,209][       train.py][line: 201][    INFO] (brainmri best): image auroc: 0.9531,
[2025-01-18 02:20:49,019][       train.py][line: 186][    INFO] (brainmri): Epoch: 141, image auroc: 0.9362,
[2025-01-18 02:20:49,019][       train.py][line: 201][    INFO] (brainmri best): image auroc: 0.9531,
[2025-01-18 02:21:01,757][       train.py][line: 186][    INFO] (brainmri): Epoch: 142, image auroc: 0.9410,
[2025-01-18 02:21:01,758][       train.py][line: 201][    INFO] (brainmri best): image auroc: 0.9531,
[2025-01-18 02:21:14,450][       train.py][line: 186][    INFO] (brainmri): Epoch: 143, image auroc: 0.9386,
[2025-01-18 02:21:14,451][       train.py][line: 201][    INFO] (brainmri best): image auroc: 0.9531,
[2025-01-18 02:21:27,050][       train.py][line: 186][    INFO] (brainmri): Epoch: 144, image auroc: 0.9377,
[2025-01-18 02:21:27,050][       train.py][line: 201][    INFO] (brainmri best): image auroc: 0.9531,
[2025-01-18 02:21:32,454][       train.py][line: 264][    INFO] Epoch: [145/200]	Iter: [290/400]	Loss 0.89768 (0.82755)	
[2025-01-18 02:21:39,729][       train.py][line: 186][    INFO] (brainmri): Epoch: 145, image auroc: 0.9393,
[2025-01-18 02:21:39,729][       train.py][line: 201][    INFO] (brainmri best): image auroc: 0.9531,
[2025-01-18 02:21:52,242][       train.py][line: 186][    INFO] (brainmri): Epoch: 146, image auroc: 0.9451,
[2025-01-18 02:21:52,242][       train.py][line: 201][    INFO] (brainmri best): image auroc: 0.9531,
[2025-01-18 02:22:04,779][       train.py][line: 186][    INFO] (brainmri): Epoch: 147, image auroc: 0.9442,
[2025-01-18 02:22:04,779][       train.py][line: 201][    INFO] (brainmri best): image auroc: 0.9531,
[2025-01-18 02:22:17,253][       train.py][line: 186][    INFO] (brainmri): Epoch: 148, image auroc: 0.9407,
[2025-01-18 02:22:17,254][       train.py][line: 201][    INFO] (brainmri best): image auroc: 0.9531,
[2025-01-18 02:22:29,741][       train.py][line: 186][    INFO] (brainmri): Epoch: 149, image auroc: 0.9420,
[2025-01-18 02:22:29,742][       train.py][line: 201][    INFO] (brainmri best): image auroc: 0.9531,
[2025-01-18 02:22:34,950][       train.py][line: 264][    INFO] Epoch: [150/200]	Iter: [300/400]	Loss 0.71619 (0.76148)	
[2025-01-18 02:22:42,246][       train.py][line: 186][    INFO] (brainmri): Epoch: 150, image auroc: 0.9415,
[2025-01-18 02:22:42,246][       train.py][line: 201][    INFO] (brainmri best): image auroc: 0.9531,
[2025-01-18 02:22:54,792][       train.py][line: 186][    INFO] (brainmri): Epoch: 151, image auroc: 0.9469,
[2025-01-18 02:22:54,792][       train.py][line: 201][    INFO] (brainmri best): image auroc: 0.9531,
[2025-01-18 02:23:07,366][       train.py][line: 186][    INFO] (brainmri): Epoch: 152, image auroc: 0.9431,
[2025-01-18 02:23:07,366][       train.py][line: 201][    INFO] (brainmri best): image auroc: 0.9531,
[2025-01-18 02:23:19,931][       train.py][line: 186][    INFO] (brainmri): Epoch: 153, image auroc: 0.9453,
[2025-01-18 02:23:19,931][       train.py][line: 201][    INFO] (brainmri best): image auroc: 0.9531,
[2025-01-18 02:23:32,475][       train.py][line: 186][    INFO] (brainmri): Epoch: 154, image auroc: 0.9403,
[2025-01-18 02:23:32,475][       train.py][line: 201][    INFO] (brainmri best): image auroc: 0.9531,
[2025-01-18 02:23:37,727][       train.py][line: 264][    INFO] Epoch: [155/200]	Iter: [310/400]	Loss 0.73479 (0.77496)	
[2025-01-18 02:23:45,029][       train.py][line: 186][    INFO] (brainmri): Epoch: 155, image auroc: 0.9422,
[2025-01-18 02:23:45,029][       train.py][line: 201][    INFO] (brainmri best): image auroc: 0.9531,
[2025-01-18 02:23:57,589][       train.py][line: 186][    INFO] (brainmri): Epoch: 156, image auroc: 0.9390,
[2025-01-18 02:23:57,589][       train.py][line: 201][    INFO] (brainmri best): image auroc: 0.9531,
[2025-01-18 02:24:10,143][       train.py][line: 186][    INFO] (brainmri): Epoch: 157, image auroc: 0.9322,
[2025-01-18 02:24:10,143][       train.py][line: 201][    INFO] (brainmri best): image auroc: 0.9531,
[2025-01-18 02:24:22,648][       train.py][line: 186][    INFO] (brainmri): Epoch: 158, image auroc: 0.9314,
[2025-01-18 02:24:22,648][       train.py][line: 201][    INFO] (brainmri best): image auroc: 0.9531,
[2025-01-18 02:24:35,162][       train.py][line: 186][    INFO] (brainmri): Epoch: 159, image auroc: 0.9345,
[2025-01-18 02:24:35,162][       train.py][line: 201][    INFO] (brainmri best): image auroc: 0.9531,
[2025-01-18 02:24:40,555][       train.py][line: 264][    INFO] Epoch: [160/200]	Iter: [320/400]	Loss 0.82796 (0.76696)	
[2025-01-18 02:24:47,929][       train.py][line: 186][    INFO] (brainmri): Epoch: 160, image auroc: 0.9389,
[2025-01-18 02:24:47,929][       train.py][line: 201][    INFO] (brainmri best): image auroc: 0.9531,
[2025-01-18 02:25:00,501][       train.py][line: 186][    INFO] (brainmri): Epoch: 161, image auroc: 0.9377,
[2025-01-18 02:25:00,502][       train.py][line: 201][    INFO] (brainmri best): image auroc: 0.9531,
[2025-01-18 02:25:12,955][       train.py][line: 186][    INFO] (brainmri): Epoch: 162, image auroc: 0.9441,
[2025-01-18 02:25:12,956][       train.py][line: 201][    INFO] (brainmri best): image auroc: 0.9531,
[2025-01-18 02:25:25,665][       train.py][line: 186][    INFO] (brainmri): Epoch: 163, image auroc: 0.9425,
[2025-01-18 02:25:25,665][       train.py][line: 201][    INFO] (brainmri best): image auroc: 0.9531,
[2025-01-18 02:25:38,177][       train.py][line: 186][    INFO] (brainmri): Epoch: 164, image auroc: 0.9362,
[2025-01-18 02:25:38,178][       train.py][line: 201][    INFO] (brainmri best): image auroc: 0.9531,
[2025-01-18 02:25:43,450][       train.py][line: 264][    INFO] Epoch: [165/200]	Iter: [330/400]	Loss 0.79381 (0.80833)	
[2025-01-18 02:25:50,731][       train.py][line: 186][    INFO] (brainmri): Epoch: 165, image auroc: 0.9350,
[2025-01-18 02:25:50,732][       train.py][line: 201][    INFO] (brainmri best): image auroc: 0.9531,
[2025-01-18 02:26:03,312][       train.py][line: 186][    INFO] (brainmri): Epoch: 166, image auroc: 0.9279,
[2025-01-18 02:26:03,313][       train.py][line: 201][    INFO] (brainmri best): image auroc: 0.9531,
[2025-01-18 02:26:15,859][       train.py][line: 186][    INFO] (brainmri): Epoch: 167, image auroc: 0.9289,
[2025-01-18 02:26:15,860][       train.py][line: 201][    INFO] (brainmri best): image auroc: 0.9531,
[2025-01-18 02:26:28,371][       train.py][line: 186][    INFO] (brainmri): Epoch: 168, image auroc: 0.9294,
[2025-01-18 02:26:28,371][       train.py][line: 201][    INFO] (brainmri best): image auroc: 0.9531,
[2025-01-18 02:26:40,976][       train.py][line: 186][    INFO] (brainmri): Epoch: 169, image auroc: 0.9317,
[2025-01-18 02:26:40,976][       train.py][line: 201][    INFO] (brainmri best): image auroc: 0.9531,
[2025-01-18 02:26:46,255][       train.py][line: 264][    INFO] Epoch: [170/200]	Iter: [340/400]	Loss 0.80943 (0.77581)	
[2025-01-18 02:26:53,577][       train.py][line: 186][    INFO] (brainmri): Epoch: 170, image auroc: 0.9321,
[2025-01-18 02:26:53,577][       train.py][line: 201][    INFO] (brainmri best): image auroc: 0.9531,
[2025-01-18 02:27:06,165][       train.py][line: 186][    INFO] (brainmri): Epoch: 171, image auroc: 0.9256,
[2025-01-18 02:27:06,165][       train.py][line: 201][    INFO] (brainmri best): image auroc: 0.9531,
[2025-01-18 02:27:18,671][       train.py][line: 186][    INFO] (brainmri): Epoch: 172, image auroc: 0.9250,
[2025-01-18 02:27:18,671][       train.py][line: 201][    INFO] (brainmri best): image auroc: 0.9531,
[2025-01-18 02:27:31,151][       train.py][line: 186][    INFO] (brainmri): Epoch: 173, image auroc: 0.9337,
[2025-01-18 02:27:31,151][       train.py][line: 201][    INFO] (brainmri best): image auroc: 0.9531,
[2025-01-18 02:27:43,656][       train.py][line: 186][    INFO] (brainmri): Epoch: 174, image auroc: 0.9356,
[2025-01-18 02:27:43,656][       train.py][line: 201][    INFO] (brainmri best): image auroc: 0.9531,
[2025-01-18 02:27:48,973][       train.py][line: 264][    INFO] Epoch: [175/200]	Iter: [350/400]	Loss 0.77263 (0.82492)	
[2025-01-18 02:27:56,289][       train.py][line: 186][    INFO] (brainmri): Epoch: 175, image auroc: 0.9350,
[2025-01-18 02:27:56,290][       train.py][line: 201][    INFO] (brainmri best): image auroc: 0.9531,
[2025-01-18 02:28:08,865][       train.py][line: 186][    INFO] (brainmri): Epoch: 176, image auroc: 0.9305,
[2025-01-18 02:28:08,865][       train.py][line: 201][    INFO] (brainmri best): image auroc: 0.9531,
[2025-01-18 02:28:21,532][       train.py][line: 186][    INFO] (brainmri): Epoch: 177, image auroc: 0.9317,
[2025-01-18 02:28:21,533][       train.py][line: 201][    INFO] (brainmri best): image auroc: 0.9531,
[2025-01-18 02:28:34,115][       train.py][line: 186][    INFO] (brainmri): Epoch: 178, image auroc: 0.9299,
[2025-01-18 02:28:34,115][       train.py][line: 201][    INFO] (brainmri best): image auroc: 0.9531,
[2025-01-18 02:28:46,818][       train.py][line: 186][    INFO] (brainmri): Epoch: 179, image auroc: 0.9263,
[2025-01-18 02:28:46,818][       train.py][line: 201][    INFO] (brainmri best): image auroc: 0.9531,
[2025-01-18 02:28:52,095][       train.py][line: 264][    INFO] Epoch: [180/200]	Iter: [360/400]	Loss 0.80913 (0.74296)	
[2025-01-18 02:28:59,402][       train.py][line: 186][    INFO] (brainmri): Epoch: 180, image auroc: 0.9315,
[2025-01-18 02:28:59,402][       train.py][line: 201][    INFO] (brainmri best): image auroc: 0.9531,
[2025-01-18 02:29:11,940][       train.py][line: 186][    INFO] (brainmri): Epoch: 181, image auroc: 0.9304,
[2025-01-18 02:29:11,940][       train.py][line: 201][    INFO] (brainmri best): image auroc: 0.9531,
[2025-01-18 02:29:24,433][       train.py][line: 186][    INFO] (brainmri): Epoch: 182, image auroc: 0.9317,
[2025-01-18 02:29:24,433][       train.py][line: 201][    INFO] (brainmri best): image auroc: 0.9531,
[2025-01-18 02:29:37,039][       train.py][line: 186][    INFO] (brainmri): Epoch: 183, image auroc: 0.9309,
[2025-01-18 02:29:37,039][       train.py][line: 201][    INFO] (brainmri best): image auroc: 0.9531,
[2025-01-18 02:29:49,600][       train.py][line: 186][    INFO] (brainmri): Epoch: 184, image auroc: 0.9314,
[2025-01-18 02:29:49,600][       train.py][line: 201][    INFO] (brainmri best): image auroc: 0.9531,
[2025-01-18 02:29:54,866][       train.py][line: 264][    INFO] Epoch: [185/200]	Iter: [370/400]	Loss 0.76488 (0.76800)	
[2025-01-18 02:30:02,191][       train.py][line: 186][    INFO] (brainmri): Epoch: 185, image auroc: 0.9206,
[2025-01-18 02:30:02,191][       train.py][line: 201][    INFO] (brainmri best): image auroc: 0.9531,
[2025-01-18 02:30:14,732][       train.py][line: 186][    INFO] (brainmri): Epoch: 186, image auroc: 0.9236,
[2025-01-18 02:30:14,732][       train.py][line: 201][    INFO] (brainmri best): image auroc: 0.9531,
[2025-01-18 02:30:27,370][       train.py][line: 186][    INFO] (brainmri): Epoch: 187, image auroc: 0.9185,
[2025-01-18 02:30:27,370][       train.py][line: 201][    INFO] (brainmri best): image auroc: 0.9531,
[2025-01-18 02:30:39,932][       train.py][line: 186][    INFO] (brainmri): Epoch: 188, image auroc: 0.9245,
[2025-01-18 02:30:39,932][       train.py][line: 201][    INFO] (brainmri best): image auroc: 0.9531,
[2025-01-18 02:30:52,466][       train.py][line: 186][    INFO] (brainmri): Epoch: 189, image auroc: 0.9241,
[2025-01-18 02:30:52,466][       train.py][line: 201][    INFO] (brainmri best): image auroc: 0.9531,
[2025-01-18 02:30:57,781][       train.py][line: 264][    INFO] Epoch: [190/200]	Iter: [380/400]	Loss 0.76356 (0.78836)	
[2025-01-18 02:31:05,117][       train.py][line: 186][    INFO] (brainmri): Epoch: 190, image auroc: 0.9254,
[2025-01-18 02:31:05,118][       train.py][line: 201][    INFO] (brainmri best): image auroc: 0.9531,
[2025-01-18 02:31:17,623][       train.py][line: 186][    INFO] (brainmri): Epoch: 191, image auroc: 0.9308,
[2025-01-18 02:31:17,623][       train.py][line: 201][    INFO] (brainmri best): image auroc: 0.9531,
[2025-01-18 02:31:30,137][       train.py][line: 186][    INFO] (brainmri): Epoch: 192, image auroc: 0.9336,
[2025-01-18 02:31:30,138][       train.py][line: 201][    INFO] (brainmri best): image auroc: 0.9531,
[2025-01-18 02:31:42,666][       train.py][line: 186][    INFO] (brainmri): Epoch: 193, image auroc: 0.9332,
[2025-01-18 02:31:42,666][       train.py][line: 201][    INFO] (brainmri best): image auroc: 0.9531,
[2025-01-18 02:31:55,248][       train.py][line: 186][    INFO] (brainmri): Epoch: 194, image auroc: 0.9324,
[2025-01-18 02:31:55,249][       train.py][line: 201][    INFO] (brainmri best): image auroc: 0.9531,
[2025-01-18 02:32:00,616][       train.py][line: 264][    INFO] Epoch: [195/200]	Iter: [390/400]	Loss 0.81583 (0.77857)	
[2025-01-18 02:32:08,001][       train.py][line: 186][    INFO] (brainmri): Epoch: 195, image auroc: 0.9231,
[2025-01-18 02:32:08,001][       train.py][line: 201][    INFO] (brainmri best): image auroc: 0.9531,
[2025-01-18 02:32:20,539][       train.py][line: 186][    INFO] (brainmri): Epoch: 196, image auroc: 0.9169,
[2025-01-18 02:32:20,539][       train.py][line: 201][    INFO] (brainmri best): image auroc: 0.9531,
[2025-01-18 02:32:33,027][       train.py][line: 186][    INFO] (brainmri): Epoch: 197, image auroc: 0.9136,
[2025-01-18 02:32:33,028][       train.py][line: 201][    INFO] (brainmri best): image auroc: 0.9531,
[2025-01-18 02:32:45,655][       train.py][line: 186][    INFO] (brainmri): Epoch: 198, image auroc: 0.9121,
[2025-01-18 02:32:45,655][       train.py][line: 201][    INFO] (brainmri best): image auroc: 0.9531,
[2025-01-18 02:32:58,298][       train.py][line: 186][    INFO] (brainmri): Epoch: 199, image auroc: 0.9133,
[2025-01-18 02:32:58,299][       train.py][line: 201][    INFO] (brainmri best): image auroc: 0.9531,
[2025-01-18 02:33:03,588][       train.py][line: 264][    INFO] Epoch: [200/200]	Iter: [400/400]	Loss 0.75772 (0.71905)	
[2025-01-18 02:33:10,833][       train.py][line: 186][    INFO] (brainmri): Epoch: 200, image auroc: 0.9171,
[2025-01-18 02:33:10,833][       train.py][line: 201][    INFO] (brainmri best): image auroc: 0.9531,
