[2025-01-14 01:28:55,046][       train.py][line:  67][    INFO] config: Namespace(config_path='config/brainmri.yaml', k_shot=16, config={'version': 'v1.0.0', 'random_seed': 100, 'data_root': 'data', 'train_dataset': 'brainmri', 'test_datasets': ['brainmri'], 'epoch': 200, 'batch_size': 8, 'print_freq_step': 10, 'val_freq_epoch': 1, 'image_size': 224, 'model_name': 'ViT-L-14', 'layers_out': [12, 18, 24], 'anomaly_tasks': {'CutpasteTask': 0.25, 'GaussIntensityChangeTask': 0.25, 'SourceTask': 0.25, 'IdentityTask': 0.25}, 'prompt_maker': 'coop', 'n_learnable_token': 8, 'CSC': True, 'class_token_positions': ['end'], 'save_root': 'results/2025_01_14_01_28_55', 'prompts': {'normal': ['normal', 'healthy', 'negative', 'unremarkable', 'clear', 'asymptomatic', 'normal findings', 'no findings', 'in good health', 'no evidence of disease'], 'abnormal': ['abnormal', 'positive', 'symptomatic', 'disease', 'lesion', 'pathological', 'impaired', 'evidence of disease', 'abnormal finding', 'pathological condition', 'pathological abnormality']}, 'model_cfg': {'embed_dim': 768, 'vision_cfg': {'image_size': 224, 'layers': 24, 'width': 1024, 'patch_size': 14}, 'text_cfg': {'context_length': 77, 'vocab_size': 49408, 'width': 768, 'heads': 12, 'layers': 12}}})
[2025-01-14 01:28:55,062][       train.py][line:  74][    INFO] load CoOp
[2025-01-14 01:28:55,193][       train.py][line: 131][    INFO] train data (brainmri) len 16
[2025-01-14 01:28:55,193][       train.py][line: 134][    INFO] test data (brainmri) len 220
[2025-01-14 01:28:55,193][       train.py][line: 137][    INFO] anomaly syn task is CutpasteTask, sampling probability is 0.25
[2025-01-14 01:28:55,193][       train.py][line: 137][    INFO] anomaly syn task is GaussIntensityChangeTask, sampling probability is 0.25
[2025-01-14 01:28:55,193][       train.py][line: 137][    INFO] anomaly syn task is SourceTask, sampling probability is 0.25
[2025-01-14 01:28:55,193][       train.py][line: 137][    INFO] anomaly syn task is IdentityTask, sampling probability is 0.25
[2025-01-14 01:29:07,770][       train.py][line: 186][    INFO] (brainmri): Epoch: 1, image auroc: 0.5656,
[2025-01-14 01:29:07,770][       train.py][line: 201][    INFO] (brainmri best): image auroc: 0.5656,
[2025-01-14 01:29:07,770][       train.py][line: 208][    INFO] save checkpoints in epoch: 1
[2025-01-14 01:29:20,250][       train.py][line: 186][    INFO] (brainmri): Epoch: 2, image auroc: 0.5656,
[2025-01-14 01:29:20,250][       train.py][line: 201][    INFO] (brainmri best): image auroc: 0.5656,
[2025-01-14 01:29:32,826][       train.py][line: 186][    INFO] (brainmri): Epoch: 3, image auroc: 0.6569,
[2025-01-14 01:29:32,826][       train.py][line: 201][    INFO] (brainmri best): image auroc: 0.6569,
[2025-01-14 01:29:32,826][       train.py][line: 208][    INFO] save checkpoints in epoch: 3
[2025-01-14 01:29:45,211][       train.py][line: 186][    INFO] (brainmri): Epoch: 4, image auroc: 0.8821,
[2025-01-14 01:29:45,212][       train.py][line: 201][    INFO] (brainmri best): image auroc: 0.8821,
[2025-01-14 01:29:45,212][       train.py][line: 208][    INFO] save checkpoints in epoch: 4
[2025-01-14 01:29:50,454][       train.py][line: 264][    INFO] Epoch: [5/200]	Iter: [10/400]	Loss 0.86980 (0.86445)	
[2025-01-14 01:29:57,678][       train.py][line: 186][    INFO] (brainmri): Epoch: 5, image auroc: 0.8771,
[2025-01-14 01:29:57,678][       train.py][line: 201][    INFO] (brainmri best): image auroc: 0.8821,
[2025-01-14 01:30:10,160][       train.py][line: 186][    INFO] (brainmri): Epoch: 6, image auroc: 0.9146,
[2025-01-14 01:30:10,161][       train.py][line: 201][    INFO] (brainmri best): image auroc: 0.9146,
[2025-01-14 01:30:10,161][       train.py][line: 208][    INFO] save checkpoints in epoch: 6
[2025-01-14 01:30:22,659][       train.py][line: 186][    INFO] (brainmri): Epoch: 7, image auroc: 0.9146,
[2025-01-14 01:30:22,659][       train.py][line: 201][    INFO] (brainmri best): image auroc: 0.9146,
[2025-01-14 01:30:35,107][       train.py][line: 186][    INFO] (brainmri): Epoch: 8, image auroc: 0.9204,
[2025-01-14 01:30:35,107][       train.py][line: 201][    INFO] (brainmri best): image auroc: 0.9204,
[2025-01-14 01:30:35,107][       train.py][line: 208][    INFO] save checkpoints in epoch: 8
[2025-01-14 01:30:47,740][       train.py][line: 186][    INFO] (brainmri): Epoch: 9, image auroc: 0.9204,
[2025-01-14 01:30:47,740][       train.py][line: 201][    INFO] (brainmri best): image auroc: 0.9204,
[2025-01-14 01:30:53,010][       train.py][line: 264][    INFO] Epoch: [10/200]	Iter: [20/400]	Loss 0.81087 (0.81462)	
[2025-01-14 01:31:00,289][       train.py][line: 186][    INFO] (brainmri): Epoch: 10, image auroc: 0.9148,
[2025-01-14 01:31:00,289][       train.py][line: 201][    INFO] (brainmri best): image auroc: 0.9204,
[2025-01-14 01:31:12,751][       train.py][line: 186][    INFO] (brainmri): Epoch: 11, image auroc: 0.9119,
[2025-01-14 01:31:12,752][       train.py][line: 201][    INFO] (brainmri best): image auroc: 0.9204,
[2025-01-14 01:31:25,247][       train.py][line: 186][    INFO] (brainmri): Epoch: 12, image auroc: 0.9089,
[2025-01-14 01:31:25,247][       train.py][line: 201][    INFO] (brainmri best): image auroc: 0.9204,
[2025-01-14 01:31:37,674][       train.py][line: 186][    INFO] (brainmri): Epoch: 13, image auroc: 0.8907,
[2025-01-14 01:31:37,674][       train.py][line: 201][    INFO] (brainmri best): image auroc: 0.9204,
[2025-01-14 01:31:50,251][       train.py][line: 186][    INFO] (brainmri): Epoch: 14, image auroc: 0.8925,
[2025-01-14 01:31:50,252][       train.py][line: 201][    INFO] (brainmri best): image auroc: 0.9204,
[2025-01-14 01:31:55,551][       train.py][line: 264][    INFO] Epoch: [15/200]	Iter: [30/400]	Loss 0.74881 (0.76978)	
[2025-01-14 01:32:02,803][       train.py][line: 186][    INFO] (brainmri): Epoch: 15, image auroc: 0.8831,
[2025-01-14 01:32:02,803][       train.py][line: 201][    INFO] (brainmri best): image auroc: 0.9204,
[2025-01-14 01:32:15,230][       train.py][line: 186][    INFO] (brainmri): Epoch: 16, image auroc: 0.9121,
[2025-01-14 01:32:15,231][       train.py][line: 201][    INFO] (brainmri best): image auroc: 0.9204,
[2025-01-14 01:32:27,827][       train.py][line: 186][    INFO] (brainmri): Epoch: 17, image auroc: 0.9120,
[2025-01-14 01:32:27,827][       train.py][line: 201][    INFO] (brainmri best): image auroc: 0.9204,
[2025-01-14 01:32:40,498][       train.py][line: 186][    INFO] (brainmri): Epoch: 18, image auroc: 0.9103,
[2025-01-14 01:32:40,498][       train.py][line: 201][    INFO] (brainmri best): image auroc: 0.9204,
[2025-01-14 01:32:53,100][       train.py][line: 186][    INFO] (brainmri): Epoch: 19, image auroc: 0.9123,
[2025-01-14 01:32:53,101][       train.py][line: 201][    INFO] (brainmri best): image auroc: 0.9204,
[2025-01-14 01:32:58,480][       train.py][line: 264][    INFO] Epoch: [20/200]	Iter: [40/400]	Loss 0.75134 (0.69776)	
[2025-01-14 01:33:05,739][       train.py][line: 186][    INFO] (brainmri): Epoch: 20, image auroc: 0.9022,
[2025-01-14 01:33:05,740][       train.py][line: 201][    INFO] (brainmri best): image auroc: 0.9204,
[2025-01-14 01:33:18,876][       train.py][line: 186][    INFO] (brainmri): Epoch: 21, image auroc: 0.9153,
[2025-01-14 01:33:18,876][       train.py][line: 201][    INFO] (brainmri best): image auroc: 0.9204,
[2025-01-14 01:33:31,503][       train.py][line: 186][    INFO] (brainmri): Epoch: 22, image auroc: 0.8918,
[2025-01-14 01:33:31,504][       train.py][line: 201][    INFO] (brainmri best): image auroc: 0.9204,
[2025-01-14 01:33:44,326][       train.py][line: 186][    INFO] (brainmri): Epoch: 23, image auroc: 0.8679,
[2025-01-14 01:33:44,326][       train.py][line: 201][    INFO] (brainmri best): image auroc: 0.9204,
[2025-01-14 01:33:56,918][       train.py][line: 186][    INFO] (brainmri): Epoch: 24, image auroc: 0.8633,
[2025-01-14 01:33:56,918][       train.py][line: 201][    INFO] (brainmri best): image auroc: 0.9204,
[2025-01-14 01:34:02,216][       train.py][line: 264][    INFO] Epoch: [25/200]	Iter: [50/400]	Loss 0.78868 (0.84939)	
[2025-01-14 01:34:09,533][       train.py][line: 186][    INFO] (brainmri): Epoch: 25, image auroc: 0.8724,
[2025-01-14 01:34:09,534][       train.py][line: 201][    INFO] (brainmri best): image auroc: 0.9204,
[2025-01-14 01:34:22,061][       train.py][line: 186][    INFO] (brainmri): Epoch: 26, image auroc: 0.8923,
[2025-01-14 01:34:22,061][       train.py][line: 201][    INFO] (brainmri best): image auroc: 0.9204,
[2025-01-14 01:34:34,636][       train.py][line: 186][    INFO] (brainmri): Epoch: 27, image auroc: 0.8732,
[2025-01-14 01:34:34,636][       train.py][line: 201][    INFO] (brainmri best): image auroc: 0.9204,
[2025-01-14 01:34:47,043][       train.py][line: 186][    INFO] (brainmri): Epoch: 28, image auroc: 0.9181,
[2025-01-14 01:34:47,044][       train.py][line: 201][    INFO] (brainmri best): image auroc: 0.9204,
[2025-01-14 01:34:59,524][       train.py][line: 186][    INFO] (brainmri): Epoch: 29, image auroc: 0.9205,
[2025-01-14 01:34:59,525][       train.py][line: 201][    INFO] (brainmri best): image auroc: 0.9205,
[2025-01-14 01:34:59,525][       train.py][line: 208][    INFO] save checkpoints in epoch: 29
[2025-01-14 01:35:04,798][       train.py][line: 264][    INFO] Epoch: [30/200]	Iter: [60/400]	Loss 0.84094 (0.84882)	
[2025-01-14 01:35:12,072][       train.py][line: 186][    INFO] (brainmri): Epoch: 30, image auroc: 0.9077,
[2025-01-14 01:35:12,072][       train.py][line: 201][    INFO] (brainmri best): image auroc: 0.9205,
[2025-01-14 01:35:24,655][       train.py][line: 186][    INFO] (brainmri): Epoch: 31, image auroc: 0.9105,
[2025-01-14 01:35:24,655][       train.py][line: 201][    INFO] (brainmri best): image auroc: 0.9205,
[2025-01-14 01:35:37,199][       train.py][line: 186][    INFO] (brainmri): Epoch: 32, image auroc: 0.9185,
[2025-01-14 01:35:37,199][       train.py][line: 201][    INFO] (brainmri best): image auroc: 0.9205,
[2025-01-14 01:35:49,836][       train.py][line: 186][    INFO] (brainmri): Epoch: 33, image auroc: 0.9105,
[2025-01-14 01:35:49,836][       train.py][line: 201][    INFO] (brainmri best): image auroc: 0.9205,
[2025-01-14 01:36:02,414][       train.py][line: 186][    INFO] (brainmri): Epoch: 34, image auroc: 0.9163,
[2025-01-14 01:36:02,414][       train.py][line: 201][    INFO] (brainmri best): image auroc: 0.9205,
[2025-01-14 01:36:07,629][       train.py][line: 264][    INFO] Epoch: [35/200]	Iter: [70/400]	Loss 0.87996 (0.88142)	
[2025-01-14 01:36:14,900][       train.py][line: 186][    INFO] (brainmri): Epoch: 35, image auroc: 0.9188,
[2025-01-14 01:36:14,901][       train.py][line: 201][    INFO] (brainmri best): image auroc: 0.9205,
[2025-01-14 01:36:27,482][       train.py][line: 186][    INFO] (brainmri): Epoch: 36, image auroc: 0.9144,
[2025-01-14 01:36:27,482][       train.py][line: 201][    INFO] (brainmri best): image auroc: 0.9205,
[2025-01-14 01:36:40,060][       train.py][line: 186][    INFO] (brainmri): Epoch: 37, image auroc: 0.9063,
[2025-01-14 01:36:40,061][       train.py][line: 201][    INFO] (brainmri best): image auroc: 0.9205,
[2025-01-14 01:36:52,711][       train.py][line: 186][    INFO] (brainmri): Epoch: 38, image auroc: 0.9073,
[2025-01-14 01:36:52,711][       train.py][line: 201][    INFO] (brainmri best): image auroc: 0.9205,
[2025-01-14 01:37:05,183][       train.py][line: 186][    INFO] (brainmri): Epoch: 39, image auroc: 0.9126,
[2025-01-14 01:37:05,183][       train.py][line: 201][    INFO] (brainmri best): image auroc: 0.9205,
[2025-01-14 01:37:10,422][       train.py][line: 264][    INFO] Epoch: [40/200]	Iter: [80/400]	Loss 0.83927 (0.80221)	
[2025-01-14 01:37:17,704][       train.py][line: 186][    INFO] (brainmri): Epoch: 40, image auroc: 0.9074,
[2025-01-14 01:37:17,704][       train.py][line: 201][    INFO] (brainmri best): image auroc: 0.9205,
[2025-01-14 01:37:30,161][       train.py][line: 186][    INFO] (brainmri): Epoch: 41, image auroc: 0.8901,
[2025-01-14 01:37:30,161][       train.py][line: 201][    INFO] (brainmri best): image auroc: 0.9205,
[2025-01-14 01:37:42,665][       train.py][line: 186][    INFO] (brainmri): Epoch: 42, image auroc: 0.8795,
[2025-01-14 01:37:42,665][       train.py][line: 201][    INFO] (brainmri best): image auroc: 0.9205,
[2025-01-14 01:37:55,179][       train.py][line: 186][    INFO] (brainmri): Epoch: 43, image auroc: 0.9174,
[2025-01-14 01:37:55,179][       train.py][line: 201][    INFO] (brainmri best): image auroc: 0.9205,
[2025-01-14 01:38:07,721][       train.py][line: 186][    INFO] (brainmri): Epoch: 44, image auroc: 0.9255,
[2025-01-14 01:38:07,721][       train.py][line: 201][    INFO] (brainmri best): image auroc: 0.9255,
[2025-01-14 01:38:07,721][       train.py][line: 208][    INFO] save checkpoints in epoch: 44
[2025-01-14 01:38:13,002][       train.py][line: 264][    INFO] Epoch: [45/200]	Iter: [90/400]	Loss 0.75593 (0.78037)	
[2025-01-14 01:38:20,250][       train.py][line: 186][    INFO] (brainmri): Epoch: 45, image auroc: 0.8943,
[2025-01-14 01:38:20,250][       train.py][line: 201][    INFO] (brainmri best): image auroc: 0.9255,
[2025-01-14 01:38:32,892][       train.py][line: 186][    INFO] (brainmri): Epoch: 46, image auroc: 0.9188,
[2025-01-14 01:38:32,892][       train.py][line: 201][    INFO] (brainmri best): image auroc: 0.9255,
[2025-01-14 01:38:45,495][       train.py][line: 186][    INFO] (brainmri): Epoch: 47, image auroc: 0.9237,
[2025-01-14 01:38:45,495][       train.py][line: 201][    INFO] (brainmri best): image auroc: 0.9255,
[2025-01-14 01:38:57,949][       train.py][line: 186][    INFO] (brainmri): Epoch: 48, image auroc: 0.9245,
[2025-01-14 01:38:57,949][       train.py][line: 201][    INFO] (brainmri best): image auroc: 0.9255,
[2025-01-14 01:39:10,539][       train.py][line: 186][    INFO] (brainmri): Epoch: 49, image auroc: 0.9178,
[2025-01-14 01:39:10,539][       train.py][line: 201][    INFO] (brainmri best): image auroc: 0.9255,
[2025-01-14 01:39:15,831][       train.py][line: 264][    INFO] Epoch: [50/200]	Iter: [100/400]	Loss 0.71767 (0.75656)	
[2025-01-14 01:39:23,117][       train.py][line: 186][    INFO] (brainmri): Epoch: 50, image auroc: 0.9068,
[2025-01-14 01:39:23,118][       train.py][line: 201][    INFO] (brainmri best): image auroc: 0.9255,
[2025-01-14 01:39:35,593][       train.py][line: 186][    INFO] (brainmri): Epoch: 51, image auroc: 0.9002,
[2025-01-14 01:39:35,593][       train.py][line: 201][    INFO] (brainmri best): image auroc: 0.9255,
[2025-01-14 01:39:48,022][       train.py][line: 186][    INFO] (brainmri): Epoch: 52, image auroc: 0.8996,
[2025-01-14 01:39:48,022][       train.py][line: 201][    INFO] (brainmri best): image auroc: 0.9255,
[2025-01-14 01:40:00,615][       train.py][line: 186][    INFO] (brainmri): Epoch: 53, image auroc: 0.9398,
[2025-01-14 01:40:00,615][       train.py][line: 201][    INFO] (brainmri best): image auroc: 0.9398,
[2025-01-14 01:40:00,615][       train.py][line: 208][    INFO] save checkpoints in epoch: 53
[2025-01-14 01:40:13,114][       train.py][line: 186][    INFO] (brainmri): Epoch: 54, image auroc: 0.9424,
[2025-01-14 01:40:13,114][       train.py][line: 201][    INFO] (brainmri best): image auroc: 0.9424,
[2025-01-14 01:40:13,114][       train.py][line: 208][    INFO] save checkpoints in epoch: 54
[2025-01-14 01:40:18,343][       train.py][line: 264][    INFO] Epoch: [55/200]	Iter: [110/400]	Loss 0.72339 (0.73666)	
[2025-01-14 01:40:25,662][       train.py][line: 186][    INFO] (brainmri): Epoch: 55, image auroc: 0.9280,
[2025-01-14 01:40:25,662][       train.py][line: 201][    INFO] (brainmri best): image auroc: 0.9424,
[2025-01-14 01:40:38,311][       train.py][line: 186][    INFO] (brainmri): Epoch: 56, image auroc: 0.9045,
[2025-01-14 01:40:38,311][       train.py][line: 201][    INFO] (brainmri best): image auroc: 0.9424,
[2025-01-14 01:40:50,834][       train.py][line: 186][    INFO] (brainmri): Epoch: 57, image auroc: 0.9049,
[2025-01-14 01:40:50,835][       train.py][line: 201][    INFO] (brainmri best): image auroc: 0.9424,
[2025-01-14 01:41:03,447][       train.py][line: 186][    INFO] (brainmri): Epoch: 58, image auroc: 0.9132,
[2025-01-14 01:41:03,447][       train.py][line: 201][    INFO] (brainmri best): image auroc: 0.9424,
[2025-01-14 01:41:15,914][       train.py][line: 186][    INFO] (brainmri): Epoch: 59, image auroc: 0.9310,
[2025-01-14 01:41:15,914][       train.py][line: 201][    INFO] (brainmri best): image auroc: 0.9424,
[2025-01-14 01:41:21,168][       train.py][line: 264][    INFO] Epoch: [60/200]	Iter: [120/400]	Loss 0.70168 (0.70970)	
[2025-01-14 01:41:28,434][       train.py][line: 186][    INFO] (brainmri): Epoch: 60, image auroc: 0.9174,
[2025-01-14 01:41:28,434][       train.py][line: 201][    INFO] (brainmri best): image auroc: 0.9424,
[2025-01-14 01:41:40,944][       train.py][line: 186][    INFO] (brainmri): Epoch: 61, image auroc: 0.9144,
[2025-01-14 01:41:40,944][       train.py][line: 201][    INFO] (brainmri best): image auroc: 0.9424,
[2025-01-14 01:41:53,413][       train.py][line: 186][    INFO] (brainmri): Epoch: 62, image auroc: 0.9305,
[2025-01-14 01:41:53,413][       train.py][line: 201][    INFO] (brainmri best): image auroc: 0.9424,
[2025-01-14 01:42:05,987][       train.py][line: 186][    INFO] (brainmri): Epoch: 63, image auroc: 0.9251,
[2025-01-14 01:42:05,988][       train.py][line: 201][    INFO] (brainmri best): image auroc: 0.9424,
[2025-01-14 01:42:18,545][       train.py][line: 186][    INFO] (brainmri): Epoch: 64, image auroc: 0.9342,
[2025-01-14 01:42:18,545][       train.py][line: 201][    INFO] (brainmri best): image auroc: 0.9424,
[2025-01-14 01:42:23,752][       train.py][line: 264][    INFO] Epoch: [65/200]	Iter: [130/400]	Loss 0.85500 (0.76109)	
[2025-01-14 01:42:31,028][       train.py][line: 186][    INFO] (brainmri): Epoch: 65, image auroc: 0.9107,
[2025-01-14 01:42:31,028][       train.py][line: 201][    INFO] (brainmri best): image auroc: 0.9424,
[2025-01-14 01:42:43,585][       train.py][line: 186][    INFO] (brainmri): Epoch: 66, image auroc: 0.9223,
[2025-01-14 01:42:43,585][       train.py][line: 201][    INFO] (brainmri best): image auroc: 0.9424,
[2025-01-14 01:42:56,096][       train.py][line: 186][    INFO] (brainmri): Epoch: 67, image auroc: 0.9105,
[2025-01-14 01:42:56,096][       train.py][line: 201][    INFO] (brainmri best): image auroc: 0.9424,
[2025-01-14 01:43:08,658][       train.py][line: 186][    INFO] (brainmri): Epoch: 68, image auroc: 0.8979,
[2025-01-14 01:43:08,658][       train.py][line: 201][    INFO] (brainmri best): image auroc: 0.9424,
[2025-01-14 01:43:21,210][       train.py][line: 186][    INFO] (brainmri): Epoch: 69, image auroc: 0.9229,
[2025-01-14 01:43:21,210][       train.py][line: 201][    INFO] (brainmri best): image auroc: 0.9424,
[2025-01-14 01:43:26,506][       train.py][line: 264][    INFO] Epoch: [70/200]	Iter: [140/400]	Loss 0.62647 (0.67099)	
[2025-01-14 01:43:33,787][       train.py][line: 186][    INFO] (brainmri): Epoch: 70, image auroc: 0.9166,
[2025-01-14 01:43:33,787][       train.py][line: 201][    INFO] (brainmri best): image auroc: 0.9424,
[2025-01-14 01:43:46,374][       train.py][line: 186][    INFO] (brainmri): Epoch: 71, image auroc: 0.9214,
[2025-01-14 01:43:46,374][       train.py][line: 201][    INFO] (brainmri best): image auroc: 0.9424,
[2025-01-14 01:43:58,830][       train.py][line: 186][    INFO] (brainmri): Epoch: 72, image auroc: 0.9209,
[2025-01-14 01:43:58,830][       train.py][line: 201][    INFO] (brainmri best): image auroc: 0.9424,
[2025-01-14 01:44:11,468][       train.py][line: 186][    INFO] (brainmri): Epoch: 73, image auroc: 0.9220,
[2025-01-14 01:44:11,468][       train.py][line: 201][    INFO] (brainmri best): image auroc: 0.9424,
[2025-01-14 01:44:24,020][       train.py][line: 186][    INFO] (brainmri): Epoch: 74, image auroc: 0.8982,
[2025-01-14 01:44:24,020][       train.py][line: 201][    INFO] (brainmri best): image auroc: 0.9424,
[2025-01-14 01:44:29,335][       train.py][line: 264][    INFO] Epoch: [75/200]	Iter: [150/400]	Loss 0.77847 (0.75428)	
[2025-01-14 01:44:36,597][       train.py][line: 186][    INFO] (brainmri): Epoch: 75, image auroc: 0.9144,
[2025-01-14 01:44:36,597][       train.py][line: 201][    INFO] (brainmri best): image auroc: 0.9424,
[2025-01-14 01:44:49,116][       train.py][line: 186][    INFO] (brainmri): Epoch: 76, image auroc: 0.8941,
[2025-01-14 01:44:49,117][       train.py][line: 201][    INFO] (brainmri best): image auroc: 0.9424,
[2025-01-14 01:45:01,722][       train.py][line: 186][    INFO] (brainmri): Epoch: 77, image auroc: 0.9157,
[2025-01-14 01:45:01,722][       train.py][line: 201][    INFO] (brainmri best): image auroc: 0.9424,
[2025-01-14 01:45:14,249][       train.py][line: 186][    INFO] (brainmri): Epoch: 78, image auroc: 0.9220,
[2025-01-14 01:45:14,249][       train.py][line: 201][    INFO] (brainmri best): image auroc: 0.9424,
[2025-01-14 01:45:26,782][       train.py][line: 186][    INFO] (brainmri): Epoch: 79, image auroc: 0.9158,
[2025-01-14 01:45:26,783][       train.py][line: 201][    INFO] (brainmri best): image auroc: 0.9424,
[2025-01-14 01:45:32,141][       train.py][line: 264][    INFO] Epoch: [80/200]	Iter: [160/400]	Loss 0.66420 (0.64176)	
[2025-01-14 01:45:39,406][       train.py][line: 186][    INFO] (brainmri): Epoch: 80, image auroc: 0.9080,
[2025-01-14 01:45:39,406][       train.py][line: 201][    INFO] (brainmri best): image auroc: 0.9424,
[2025-01-14 01:45:51,965][       train.py][line: 186][    INFO] (brainmri): Epoch: 81, image auroc: 0.9132,
[2025-01-14 01:45:51,965][       train.py][line: 201][    INFO] (brainmri best): image auroc: 0.9424,
[2025-01-14 01:46:04,512][       train.py][line: 186][    INFO] (brainmri): Epoch: 82, image auroc: 0.9118,
[2025-01-14 01:46:04,513][       train.py][line: 201][    INFO] (brainmri best): image auroc: 0.9424,
[2025-01-14 01:46:17,083][       train.py][line: 186][    INFO] (brainmri): Epoch: 83, image auroc: 0.8828,
[2025-01-14 01:46:17,083][       train.py][line: 201][    INFO] (brainmri best): image auroc: 0.9424,
[2025-01-14 01:46:29,652][       train.py][line: 186][    INFO] (brainmri): Epoch: 84, image auroc: 0.8801,
[2025-01-14 01:46:29,653][       train.py][line: 201][    INFO] (brainmri best): image auroc: 0.9424,
[2025-01-14 01:46:34,853][       train.py][line: 264][    INFO] Epoch: [85/200]	Iter: [170/400]	Loss 0.58914 (0.69143)	
[2025-01-14 01:46:42,115][       train.py][line: 186][    INFO] (brainmri): Epoch: 85, image auroc: 0.8940,
[2025-01-14 01:46:42,115][       train.py][line: 201][    INFO] (brainmri best): image auroc: 0.9424,
[2025-01-14 01:46:54,580][       train.py][line: 186][    INFO] (brainmri): Epoch: 86, image auroc: 0.8981,
[2025-01-14 01:46:54,580][       train.py][line: 201][    INFO] (brainmri best): image auroc: 0.9424,
[2025-01-14 01:47:07,033][       train.py][line: 186][    INFO] (brainmri): Epoch: 87, image auroc: 0.9063,
[2025-01-14 01:47:07,033][       train.py][line: 201][    INFO] (brainmri best): image auroc: 0.9424,
[2025-01-14 01:47:19,527][       train.py][line: 186][    INFO] (brainmri): Epoch: 88, image auroc: 0.9216,
[2025-01-14 01:47:19,528][       train.py][line: 201][    INFO] (brainmri best): image auroc: 0.9424,
[2025-01-14 01:47:32,062][       train.py][line: 186][    INFO] (brainmri): Epoch: 89, image auroc: 0.9031,
[2025-01-14 01:47:32,063][       train.py][line: 201][    INFO] (brainmri best): image auroc: 0.9424,
[2025-01-14 01:47:37,363][       train.py][line: 264][    INFO] Epoch: [90/200]	Iter: [180/400]	Loss 0.70013 (0.69541)	
[2025-01-14 01:47:44,611][       train.py][line: 186][    INFO] (brainmri): Epoch: 90, image auroc: 0.9226,
[2025-01-14 01:47:44,612][       train.py][line: 201][    INFO] (brainmri best): image auroc: 0.9424,
[2025-01-14 01:47:57,142][       train.py][line: 186][    INFO] (brainmri): Epoch: 91, image auroc: 0.9198,
[2025-01-14 01:47:57,143][       train.py][line: 201][    INFO] (brainmri best): image auroc: 0.9424,
[2025-01-14 01:48:09,651][       train.py][line: 186][    INFO] (brainmri): Epoch: 92, image auroc: 0.9221,
[2025-01-14 01:48:09,651][       train.py][line: 201][    INFO] (brainmri best): image auroc: 0.9424,
[2025-01-14 01:48:22,228][       train.py][line: 186][    INFO] (brainmri): Epoch: 93, image auroc: 0.9082,
[2025-01-14 01:48:22,228][       train.py][line: 201][    INFO] (brainmri best): image auroc: 0.9424,
[2025-01-14 01:48:34,679][       train.py][line: 186][    INFO] (brainmri): Epoch: 94, image auroc: 0.9131,
[2025-01-14 01:48:34,679][       train.py][line: 201][    INFO] (brainmri best): image auroc: 0.9424,
[2025-01-14 01:48:39,880][       train.py][line: 264][    INFO] Epoch: [95/200]	Iter: [190/400]	Loss 0.70493 (0.78340)	
[2025-01-14 01:48:47,220][       train.py][line: 186][    INFO] (brainmri): Epoch: 95, image auroc: 0.9131,
[2025-01-14 01:48:47,221][       train.py][line: 201][    INFO] (brainmri best): image auroc: 0.9424,
[2025-01-14 01:48:59,682][       train.py][line: 186][    INFO] (brainmri): Epoch: 96, image auroc: 0.9075,
[2025-01-14 01:48:59,682][       train.py][line: 201][    INFO] (brainmri best): image auroc: 0.9424,
[2025-01-14 01:49:12,191][       train.py][line: 186][    INFO] (brainmri): Epoch: 97, image auroc: 0.9043,
[2025-01-14 01:49:12,191][       train.py][line: 201][    INFO] (brainmri best): image auroc: 0.9424,
[2025-01-14 01:49:24,726][       train.py][line: 186][    INFO] (brainmri): Epoch: 98, image auroc: 0.9230,
[2025-01-14 01:49:24,726][       train.py][line: 201][    INFO] (brainmri best): image auroc: 0.9424,
[2025-01-14 01:49:37,293][       train.py][line: 186][    INFO] (brainmri): Epoch: 99, image auroc: 0.9226,
[2025-01-14 01:49:37,293][       train.py][line: 201][    INFO] (brainmri best): image auroc: 0.9424,
[2025-01-14 01:49:42,620][       train.py][line: 264][    INFO] Epoch: [100/200]	Iter: [200/400]	Loss 0.67168 (0.70225)	
[2025-01-14 01:49:49,923][       train.py][line: 186][    INFO] (brainmri): Epoch: 100, image auroc: 0.9196,
[2025-01-14 01:49:49,924][       train.py][line: 201][    INFO] (brainmri best): image auroc: 0.9424,
[2025-01-14 01:50:02,414][       train.py][line: 186][    INFO] (brainmri): Epoch: 101, image auroc: 0.9162,
[2025-01-14 01:50:02,414][       train.py][line: 201][    INFO] (brainmri best): image auroc: 0.9424,
[2025-01-14 01:50:15,053][       train.py][line: 186][    INFO] (brainmri): Epoch: 102, image auroc: 0.9101,
[2025-01-14 01:50:15,053][       train.py][line: 201][    INFO] (brainmri best): image auroc: 0.9424,
[2025-01-14 01:50:27,510][       train.py][line: 186][    INFO] (brainmri): Epoch: 103, image auroc: 0.9148,
[2025-01-14 01:50:27,510][       train.py][line: 201][    INFO] (brainmri best): image auroc: 0.9424,
[2025-01-14 01:50:40,060][       train.py][line: 186][    INFO] (brainmri): Epoch: 104, image auroc: 0.9208,
[2025-01-14 01:50:40,060][       train.py][line: 201][    INFO] (brainmri best): image auroc: 0.9424,
[2025-01-14 01:50:45,324][       train.py][line: 264][    INFO] Epoch: [105/200]	Iter: [210/400]	Loss 0.75582 (0.73360)	
[2025-01-14 01:50:52,613][       train.py][line: 186][    INFO] (brainmri): Epoch: 105, image auroc: 0.9198,
[2025-01-14 01:50:52,613][       train.py][line: 201][    INFO] (brainmri best): image auroc: 0.9424,
[2025-01-14 01:51:05,137][       train.py][line: 186][    INFO] (brainmri): Epoch: 106, image auroc: 0.9235,
[2025-01-14 01:51:05,137][       train.py][line: 201][    INFO] (brainmri best): image auroc: 0.9424,
[2025-01-14 01:51:17,608][       train.py][line: 186][    INFO] (brainmri): Epoch: 107, image auroc: 0.9186,
[2025-01-14 01:51:17,608][       train.py][line: 201][    INFO] (brainmri best): image auroc: 0.9424,
[2025-01-14 01:51:30,168][       train.py][line: 186][    INFO] (brainmri): Epoch: 108, image auroc: 0.9110,
[2025-01-14 01:51:30,168][       train.py][line: 201][    INFO] (brainmri best): image auroc: 0.9424,
[2025-01-14 01:51:42,705][       train.py][line: 186][    INFO] (brainmri): Epoch: 109, image auroc: 0.9041,
[2025-01-14 01:51:42,705][       train.py][line: 201][    INFO] (brainmri best): image auroc: 0.9424,
[2025-01-14 01:51:47,986][       train.py][line: 264][    INFO] Epoch: [110/200]	Iter: [220/400]	Loss 0.89644 (0.83319)	
[2025-01-14 01:51:55,302][       train.py][line: 186][    INFO] (brainmri): Epoch: 110, image auroc: 0.9222,
[2025-01-14 01:51:55,303][       train.py][line: 201][    INFO] (brainmri best): image auroc: 0.9424,
[2025-01-14 01:52:07,896][       train.py][line: 186][    INFO] (brainmri): Epoch: 111, image auroc: 0.9024,
[2025-01-14 01:52:07,897][       train.py][line: 201][    INFO] (brainmri best): image auroc: 0.9424,
[2025-01-14 01:52:20,364][       train.py][line: 186][    INFO] (brainmri): Epoch: 112, image auroc: 0.8958,
[2025-01-14 01:52:20,365][       train.py][line: 201][    INFO] (brainmri best): image auroc: 0.9424,
[2025-01-14 01:52:32,996][       train.py][line: 186][    INFO] (brainmri): Epoch: 113, image auroc: 0.9085,
[2025-01-14 01:52:32,996][       train.py][line: 201][    INFO] (brainmri best): image auroc: 0.9424,
[2025-01-14 01:52:45,408][       train.py][line: 186][    INFO] (brainmri): Epoch: 114, image auroc: 0.9131,
[2025-01-14 01:52:45,408][       train.py][line: 201][    INFO] (brainmri best): image auroc: 0.9424,
[2025-01-14 01:52:50,681][       train.py][line: 264][    INFO] Epoch: [115/200]	Iter: [230/400]	Loss 0.74158 (0.76388)	
[2025-01-14 01:52:58,077][       train.py][line: 186][    INFO] (brainmri): Epoch: 115, image auroc: 0.9061,
[2025-01-14 01:52:58,077][       train.py][line: 201][    INFO] (brainmri best): image auroc: 0.9424,
[2025-01-14 01:53:10,603][       train.py][line: 186][    INFO] (brainmri): Epoch: 116, image auroc: 0.8838,
[2025-01-14 01:53:10,603][       train.py][line: 201][    INFO] (brainmri best): image auroc: 0.9424,
[2025-01-14 01:53:23,106][       train.py][line: 186][    INFO] (brainmri): Epoch: 117, image auroc: 0.8875,
[2025-01-14 01:53:23,106][       train.py][line: 201][    INFO] (brainmri best): image auroc: 0.9424,
[2025-01-14 01:53:35,662][       train.py][line: 186][    INFO] (brainmri): Epoch: 118, image auroc: 0.8971,
[2025-01-14 01:53:35,663][       train.py][line: 201][    INFO] (brainmri best): image auroc: 0.9424,
[2025-01-14 01:53:48,219][       train.py][line: 186][    INFO] (brainmri): Epoch: 119, image auroc: 0.9072,
[2025-01-14 01:53:48,219][       train.py][line: 201][    INFO] (brainmri best): image auroc: 0.9424,
[2025-01-14 01:53:53,408][       train.py][line: 264][    INFO] Epoch: [120/200]	Iter: [240/400]	Loss 0.76891 (0.72083)	
[2025-01-14 01:54:00,660][       train.py][line: 186][    INFO] (brainmri): Epoch: 120, image auroc: 0.8857,
[2025-01-14 01:54:00,660][       train.py][line: 201][    INFO] (brainmri best): image auroc: 0.9424,
[2025-01-14 01:54:13,115][       train.py][line: 186][    INFO] (brainmri): Epoch: 121, image auroc: 0.9185,
[2025-01-14 01:54:13,116][       train.py][line: 201][    INFO] (brainmri best): image auroc: 0.9424,
[2025-01-14 01:54:25,559][       train.py][line: 186][    INFO] (brainmri): Epoch: 122, image auroc: 0.9083,
[2025-01-14 01:54:25,560][       train.py][line: 201][    INFO] (brainmri best): image auroc: 0.9424,
[2025-01-14 01:54:38,048][       train.py][line: 186][    INFO] (brainmri): Epoch: 123, image auroc: 0.9096,
[2025-01-14 01:54:38,048][       train.py][line: 201][    INFO] (brainmri best): image auroc: 0.9424,
[2025-01-14 01:54:50,590][       train.py][line: 186][    INFO] (brainmri): Epoch: 124, image auroc: 0.9085,
[2025-01-14 01:54:50,591][       train.py][line: 201][    INFO] (brainmri best): image auroc: 0.9424,
[2025-01-14 01:54:55,843][       train.py][line: 264][    INFO] Epoch: [125/200]	Iter: [250/400]	Loss 0.66767 (0.69208)	
[2025-01-14 01:55:03,098][       train.py][line: 186][    INFO] (brainmri): Epoch: 125, image auroc: 0.9162,
[2025-01-14 01:55:03,098][       train.py][line: 201][    INFO] (brainmri best): image auroc: 0.9424,
[2025-01-14 01:55:15,603][       train.py][line: 186][    INFO] (brainmri): Epoch: 126, image auroc: 0.9144,
[2025-01-14 01:55:15,603][       train.py][line: 201][    INFO] (brainmri best): image auroc: 0.9424,
[2025-01-14 01:55:28,051][       train.py][line: 186][    INFO] (brainmri): Epoch: 127, image auroc: 0.9223,
[2025-01-14 01:55:28,051][       train.py][line: 201][    INFO] (brainmri best): image auroc: 0.9424,
[2025-01-14 01:55:40,621][       train.py][line: 186][    INFO] (brainmri): Epoch: 128, image auroc: 0.9204,
[2025-01-14 01:55:40,621][       train.py][line: 201][    INFO] (brainmri best): image auroc: 0.9424,
[2025-01-14 01:55:53,186][       train.py][line: 186][    INFO] (brainmri): Epoch: 129, image auroc: 0.9164,
[2025-01-14 01:55:53,186][       train.py][line: 201][    INFO] (brainmri best): image auroc: 0.9424,
[2025-01-14 01:55:58,488][       train.py][line: 264][    INFO] Epoch: [130/200]	Iter: [260/400]	Loss 0.76869 (0.74928)	
[2025-01-14 01:56:05,730][       train.py][line: 186][    INFO] (brainmri): Epoch: 130, image auroc: 0.8992,
[2025-01-14 01:56:05,730][       train.py][line: 201][    INFO] (brainmri best): image auroc: 0.9424,
[2025-01-14 01:56:18,355][       train.py][line: 186][    INFO] (brainmri): Epoch: 131, image auroc: 0.9056,
[2025-01-14 01:56:18,355][       train.py][line: 201][    INFO] (brainmri best): image auroc: 0.9424,
[2025-01-14 01:56:30,927][       train.py][line: 186][    INFO] (brainmri): Epoch: 132, image auroc: 0.9124,
[2025-01-14 01:56:30,927][       train.py][line: 201][    INFO] (brainmri best): image auroc: 0.9424,
[2025-01-14 01:56:43,440][       train.py][line: 186][    INFO] (brainmri): Epoch: 133, image auroc: 0.9213,
[2025-01-14 01:56:43,440][       train.py][line: 201][    INFO] (brainmri best): image auroc: 0.9424,
[2025-01-14 01:56:55,999][       train.py][line: 186][    INFO] (brainmri): Epoch: 134, image auroc: 0.9174,
[2025-01-14 01:56:55,999][       train.py][line: 201][    INFO] (brainmri best): image auroc: 0.9424,
[2025-01-14 01:57:01,297][       train.py][line: 264][    INFO] Epoch: [135/200]	Iter: [270/400]	Loss 0.62843 (0.77023)	
[2025-01-14 01:57:08,535][       train.py][line: 186][    INFO] (brainmri): Epoch: 135, image auroc: 0.9163,
[2025-01-14 01:57:08,535][       train.py][line: 201][    INFO] (brainmri best): image auroc: 0.9424,
[2025-01-14 01:57:21,089][       train.py][line: 186][    INFO] (brainmri): Epoch: 136, image auroc: 0.9062,
[2025-01-14 01:57:21,090][       train.py][line: 201][    INFO] (brainmri best): image auroc: 0.9424,
[2025-01-14 01:57:33,609][       train.py][line: 186][    INFO] (brainmri): Epoch: 137, image auroc: 0.9028,
[2025-01-14 01:57:33,610][       train.py][line: 201][    INFO] (brainmri best): image auroc: 0.9424,
[2025-01-14 01:57:46,192][       train.py][line: 186][    INFO] (brainmri): Epoch: 138, image auroc: 0.9141,
[2025-01-14 01:57:46,192][       train.py][line: 201][    INFO] (brainmri best): image auroc: 0.9424,
[2025-01-14 01:57:58,736][       train.py][line: 186][    INFO] (brainmri): Epoch: 139, image auroc: 0.9036,
[2025-01-14 01:57:58,736][       train.py][line: 201][    INFO] (brainmri best): image auroc: 0.9424,
[2025-01-14 01:58:03,986][       train.py][line: 264][    INFO] Epoch: [140/200]	Iter: [280/400]	Loss 0.70654 (0.71822)	
[2025-01-14 01:58:11,236][       train.py][line: 186][    INFO] (brainmri): Epoch: 140, image auroc: 0.9214,
[2025-01-14 01:58:11,236][       train.py][line: 201][    INFO] (brainmri best): image auroc: 0.9424,
[2025-01-14 01:58:23,864][       train.py][line: 186][    INFO] (brainmri): Epoch: 141, image auroc: 0.9022,
[2025-01-14 01:58:23,865][       train.py][line: 201][    INFO] (brainmri best): image auroc: 0.9424,
[2025-01-14 01:58:36,342][       train.py][line: 186][    INFO] (brainmri): Epoch: 142, image auroc: 0.8829,
[2025-01-14 01:58:36,342][       train.py][line: 201][    INFO] (brainmri best): image auroc: 0.9424,
[2025-01-14 01:58:48,890][       train.py][line: 186][    INFO] (brainmri): Epoch: 143, image auroc: 0.8721,
[2025-01-14 01:58:48,890][       train.py][line: 201][    INFO] (brainmri best): image auroc: 0.9424,
[2025-01-14 01:59:01,398][       train.py][line: 186][    INFO] (brainmri): Epoch: 144, image auroc: 0.8775,
[2025-01-14 01:59:01,399][       train.py][line: 201][    INFO] (brainmri best): image auroc: 0.9424,
[2025-01-14 01:59:06,710][       train.py][line: 264][    INFO] Epoch: [145/200]	Iter: [290/400]	Loss 0.80488 (0.71881)	
[2025-01-14 01:59:13,998][       train.py][line: 186][    INFO] (brainmri): Epoch: 145, image auroc: 0.8781,
[2025-01-14 01:59:13,998][       train.py][line: 201][    INFO] (brainmri best): image auroc: 0.9424,
[2025-01-14 01:59:26,522][       train.py][line: 186][    INFO] (brainmri): Epoch: 146, image auroc: 0.8800,
[2025-01-14 01:59:26,523][       train.py][line: 201][    INFO] (brainmri best): image auroc: 0.9424,
[2025-01-14 01:59:39,085][       train.py][line: 186][    INFO] (brainmri): Epoch: 147, image auroc: 0.8742,
[2025-01-14 01:59:39,085][       train.py][line: 201][    INFO] (brainmri best): image auroc: 0.9424,
[2025-01-14 01:59:51,606][       train.py][line: 186][    INFO] (brainmri): Epoch: 148, image auroc: 0.8821,
[2025-01-14 01:59:51,606][       train.py][line: 201][    INFO] (brainmri best): image auroc: 0.9424,
[2025-01-14 02:00:04,159][       train.py][line: 186][    INFO] (brainmri): Epoch: 149, image auroc: 0.8988,
[2025-01-14 02:00:04,159][       train.py][line: 201][    INFO] (brainmri best): image auroc: 0.9424,
[2025-01-14 02:00:09,429][       train.py][line: 264][    INFO] Epoch: [150/200]	Iter: [300/400]	Loss 0.79706 (0.74968)	
[2025-01-14 02:00:16,733][       train.py][line: 186][    INFO] (brainmri): Epoch: 150, image auroc: 0.8914,
[2025-01-14 02:00:16,734][       train.py][line: 201][    INFO] (brainmri best): image auroc: 0.9424,
[2025-01-14 02:00:29,303][       train.py][line: 186][    INFO] (brainmri): Epoch: 151, image auroc: 0.8895,
[2025-01-14 02:00:29,303][       train.py][line: 201][    INFO] (brainmri best): image auroc: 0.9424,
[2025-01-14 02:00:41,842][       train.py][line: 186][    INFO] (brainmri): Epoch: 152, image auroc: 0.8972,
[2025-01-14 02:00:41,843][       train.py][line: 201][    INFO] (brainmri best): image auroc: 0.9424,
[2025-01-14 02:00:54,346][       train.py][line: 186][    INFO] (brainmri): Epoch: 153, image auroc: 0.8870,
[2025-01-14 02:00:54,346][       train.py][line: 201][    INFO] (brainmri best): image auroc: 0.9424,
[2025-01-14 02:01:06,908][       train.py][line: 186][    INFO] (brainmri): Epoch: 154, image auroc: 0.9122,
[2025-01-14 02:01:06,908][       train.py][line: 201][    INFO] (brainmri best): image auroc: 0.9424,
[2025-01-14 02:01:12,188][       train.py][line: 264][    INFO] Epoch: [155/200]	Iter: [310/400]	Loss 0.63834 (0.69586)	
[2025-01-14 02:01:19,467][       train.py][line: 186][    INFO] (brainmri): Epoch: 155, image auroc: 0.8956,
[2025-01-14 02:01:19,467][       train.py][line: 201][    INFO] (brainmri best): image auroc: 0.9424,
[2025-01-14 02:01:31,979][       train.py][line: 186][    INFO] (brainmri): Epoch: 156, image auroc: 0.8809,
[2025-01-14 02:01:31,979][       train.py][line: 201][    INFO] (brainmri best): image auroc: 0.9424,
[2025-01-14 02:01:44,600][       train.py][line: 186][    INFO] (brainmri): Epoch: 157, image auroc: 0.8965,
[2025-01-14 02:01:44,600][       train.py][line: 201][    INFO] (brainmri best): image auroc: 0.9424,
[2025-01-14 02:01:57,123][       train.py][line: 186][    INFO] (brainmri): Epoch: 158, image auroc: 0.8892,
[2025-01-14 02:01:57,124][       train.py][line: 201][    INFO] (brainmri best): image auroc: 0.9424,
[2025-01-14 02:02:09,630][       train.py][line: 186][    INFO] (brainmri): Epoch: 159, image auroc: 0.8792,
[2025-01-14 02:02:09,631][       train.py][line: 201][    INFO] (brainmri best): image auroc: 0.9424,
[2025-01-14 02:02:14,916][       train.py][line: 264][    INFO] Epoch: [160/200]	Iter: [320/400]	Loss 0.73826 (0.76030)	
[2025-01-14 02:02:22,216][       train.py][line: 186][    INFO] (brainmri): Epoch: 160, image auroc: 0.8684,
[2025-01-14 02:02:22,217][       train.py][line: 201][    INFO] (brainmri best): image auroc: 0.9424,
[2025-01-14 02:02:34,725][       train.py][line: 186][    INFO] (brainmri): Epoch: 161, image auroc: 0.8699,
[2025-01-14 02:02:34,725][       train.py][line: 201][    INFO] (brainmri best): image auroc: 0.9424,
[2025-01-14 02:02:47,278][       train.py][line: 186][    INFO] (brainmri): Epoch: 162, image auroc: 0.8811,
[2025-01-14 02:02:47,279][       train.py][line: 201][    INFO] (brainmri best): image auroc: 0.9424,
[2025-01-14 02:02:59,758][       train.py][line: 186][    INFO] (brainmri): Epoch: 163, image auroc: 0.8813,
[2025-01-14 02:02:59,758][       train.py][line: 201][    INFO] (brainmri best): image auroc: 0.9424,
[2025-01-14 02:03:12,288][       train.py][line: 186][    INFO] (brainmri): Epoch: 164, image auroc: 0.8842,
[2025-01-14 02:03:12,289][       train.py][line: 201][    INFO] (brainmri best): image auroc: 0.9424,
[2025-01-14 02:03:17,575][       train.py][line: 264][    INFO] Epoch: [165/200]	Iter: [330/400]	Loss 0.74642 (0.78652)	
[2025-01-14 02:03:24,856][       train.py][line: 186][    INFO] (brainmri): Epoch: 165, image auroc: 0.9109,
[2025-01-14 02:03:24,856][       train.py][line: 201][    INFO] (brainmri best): image auroc: 0.9424,
[2025-01-14 02:03:37,305][       train.py][line: 186][    INFO] (brainmri): Epoch: 166, image auroc: 0.8946,
[2025-01-14 02:03:37,306][       train.py][line: 201][    INFO] (brainmri best): image auroc: 0.9424,
[2025-01-14 02:03:49,826][       train.py][line: 186][    INFO] (brainmri): Epoch: 167, image auroc: 0.8824,
[2025-01-14 02:03:49,826][       train.py][line: 201][    INFO] (brainmri best): image auroc: 0.9424,
[2025-01-14 02:04:02,284][       train.py][line: 186][    INFO] (brainmri): Epoch: 168, image auroc: 0.8802,
[2025-01-14 02:04:02,285][       train.py][line: 201][    INFO] (brainmri best): image auroc: 0.9424,
[2025-01-14 02:04:14,804][       train.py][line: 186][    INFO] (brainmri): Epoch: 169, image auroc: 0.8759,
[2025-01-14 02:04:14,805][       train.py][line: 201][    INFO] (brainmri best): image auroc: 0.9424,
[2025-01-14 02:04:20,042][       train.py][line: 264][    INFO] Epoch: [170/200]	Iter: [340/400]	Loss 0.75299 (0.73495)	
[2025-01-14 02:04:27,329][       train.py][line: 186][    INFO] (brainmri): Epoch: 170, image auroc: 0.8817,
[2025-01-14 02:04:27,330][       train.py][line: 201][    INFO] (brainmri best): image auroc: 0.9424,
[2025-01-14 02:04:39,886][       train.py][line: 186][    INFO] (brainmri): Epoch: 171, image auroc: 0.8827,
[2025-01-14 02:04:39,886][       train.py][line: 201][    INFO] (brainmri best): image auroc: 0.9424,
[2025-01-14 02:04:52,377][       train.py][line: 186][    INFO] (brainmri): Epoch: 172, image auroc: 0.8931,
[2025-01-14 02:04:52,377][       train.py][line: 201][    INFO] (brainmri best): image auroc: 0.9424,
[2025-01-14 02:05:04,879][       train.py][line: 186][    INFO] (brainmri): Epoch: 173, image auroc: 0.8967,
[2025-01-14 02:05:04,879][       train.py][line: 201][    INFO] (brainmri best): image auroc: 0.9424,
[2025-01-14 02:05:17,504][       train.py][line: 186][    INFO] (brainmri): Epoch: 174, image auroc: 0.9052,
[2025-01-14 02:05:17,505][       train.py][line: 201][    INFO] (brainmri best): image auroc: 0.9424,
[2025-01-14 02:05:22,805][       train.py][line: 264][    INFO] Epoch: [175/200]	Iter: [350/400]	Loss 0.79665 (0.74932)	
[2025-01-14 02:05:30,076][       train.py][line: 186][    INFO] (brainmri): Epoch: 175, image auroc: 0.9011,
[2025-01-14 02:05:30,077][       train.py][line: 201][    INFO] (brainmri best): image auroc: 0.9424,
[2025-01-14 02:05:42,578][       train.py][line: 186][    INFO] (brainmri): Epoch: 176, image auroc: 0.9047,
[2025-01-14 02:05:42,578][       train.py][line: 201][    INFO] (brainmri best): image auroc: 0.9424,
[2025-01-14 02:05:55,020][       train.py][line: 186][    INFO] (brainmri): Epoch: 177, image auroc: 0.9039,
[2025-01-14 02:05:55,020][       train.py][line: 201][    INFO] (brainmri best): image auroc: 0.9424,
[2025-01-14 02:06:07,580][       train.py][line: 186][    INFO] (brainmri): Epoch: 178, image auroc: 0.9118,
[2025-01-14 02:06:07,580][       train.py][line: 201][    INFO] (brainmri best): image auroc: 0.9424,
[2025-01-14 02:06:20,099][       train.py][line: 186][    INFO] (brainmri): Epoch: 179, image auroc: 0.9112,
[2025-01-14 02:06:20,099][       train.py][line: 201][    INFO] (brainmri best): image auroc: 0.9424,
[2025-01-14 02:06:25,328][       train.py][line: 264][    INFO] Epoch: [180/200]	Iter: [360/400]	Loss 0.77670 (0.72872)	
[2025-01-14 02:06:32,594][       train.py][line: 186][    INFO] (brainmri): Epoch: 180, image auroc: 0.9219,
[2025-01-14 02:06:32,594][       train.py][line: 201][    INFO] (brainmri best): image auroc: 0.9424,
[2025-01-14 02:06:45,138][       train.py][line: 186][    INFO] (brainmri): Epoch: 181, image auroc: 0.9162,
[2025-01-14 02:06:45,138][       train.py][line: 201][    INFO] (brainmri best): image auroc: 0.9424,
[2025-01-14 02:06:57,634][       train.py][line: 186][    INFO] (brainmri): Epoch: 182, image auroc: 0.9100,
[2025-01-14 02:06:57,634][       train.py][line: 201][    INFO] (brainmri best): image auroc: 0.9424,
[2025-01-14 02:07:10,216][       train.py][line: 186][    INFO] (brainmri): Epoch: 183, image auroc: 0.9032,
[2025-01-14 02:07:10,216][       train.py][line: 201][    INFO] (brainmri best): image auroc: 0.9424,
[2025-01-14 02:07:22,855][       train.py][line: 186][    INFO] (brainmri): Epoch: 184, image auroc: 0.8992,
[2025-01-14 02:07:22,855][       train.py][line: 201][    INFO] (brainmri best): image auroc: 0.9424,
[2025-01-14 02:07:28,063][       train.py][line: 264][    INFO] Epoch: [185/200]	Iter: [370/400]	Loss 0.68284 (0.73614)	
[2025-01-14 02:07:35,328][       train.py][line: 186][    INFO] (brainmri): Epoch: 185, image auroc: 0.8979,
[2025-01-14 02:07:35,328][       train.py][line: 201][    INFO] (brainmri best): image auroc: 0.9424,
[2025-01-14 02:07:47,835][       train.py][line: 186][    INFO] (brainmri): Epoch: 186, image auroc: 0.8924,
[2025-01-14 02:07:47,836][       train.py][line: 201][    INFO] (brainmri best): image auroc: 0.9424,
[2025-01-14 02:08:00,446][       train.py][line: 186][    INFO] (brainmri): Epoch: 187, image auroc: 0.8957,
[2025-01-14 02:08:00,446][       train.py][line: 201][    INFO] (brainmri best): image auroc: 0.9424,
[2025-01-14 02:08:12,989][       train.py][line: 186][    INFO] (brainmri): Epoch: 188, image auroc: 0.8821,
[2025-01-14 02:08:12,989][       train.py][line: 201][    INFO] (brainmri best): image auroc: 0.9424,
[2025-01-14 02:08:25,640][       train.py][line: 186][    INFO] (brainmri): Epoch: 189, image auroc: 0.8903,
[2025-01-14 02:08:25,640][       train.py][line: 201][    INFO] (brainmri best): image auroc: 0.9424,
[2025-01-14 02:08:30,920][       train.py][line: 264][    INFO] Epoch: [190/200]	Iter: [380/400]	Loss 0.57746 (0.64934)	
[2025-01-14 02:08:38,236][       train.py][line: 186][    INFO] (brainmri): Epoch: 190, image auroc: 0.8901,
[2025-01-14 02:08:38,237][       train.py][line: 201][    INFO] (brainmri best): image auroc: 0.9424,
[2025-01-14 02:08:50,754][       train.py][line: 186][    INFO] (brainmri): Epoch: 191, image auroc: 0.9129,
[2025-01-14 02:08:50,754][       train.py][line: 201][    INFO] (brainmri best): image auroc: 0.9424,
[2025-01-14 02:09:03,318][       train.py][line: 186][    INFO] (brainmri): Epoch: 192, image auroc: 0.9087,
[2025-01-14 02:09:03,318][       train.py][line: 201][    INFO] (brainmri best): image auroc: 0.9424,
[2025-01-14 02:09:15,800][       train.py][line: 186][    INFO] (brainmri): Epoch: 193, image auroc: 0.9015,
[2025-01-14 02:09:15,800][       train.py][line: 201][    INFO] (brainmri best): image auroc: 0.9424,
[2025-01-14 02:09:28,292][       train.py][line: 186][    INFO] (brainmri): Epoch: 194, image auroc: 0.9027,
[2025-01-14 02:09:28,292][       train.py][line: 201][    INFO] (brainmri best): image auroc: 0.9424,
[2025-01-14 02:09:33,553][       train.py][line: 264][    INFO] Epoch: [195/200]	Iter: [390/400]	Loss 0.75890 (0.69484)	
[2025-01-14 02:09:40,828][       train.py][line: 186][    INFO] (brainmri): Epoch: 195, image auroc: 0.9102,
[2025-01-14 02:09:40,828][       train.py][line: 201][    INFO] (brainmri best): image auroc: 0.9424,
[2025-01-14 02:09:53,290][       train.py][line: 186][    INFO] (brainmri): Epoch: 196, image auroc: 0.9128,
[2025-01-14 02:09:53,290][       train.py][line: 201][    INFO] (brainmri best): image auroc: 0.9424,
[2025-01-14 02:10:05,883][       train.py][line: 186][    INFO] (brainmri): Epoch: 197, image auroc: 0.9097,
[2025-01-14 02:10:05,883][       train.py][line: 201][    INFO] (brainmri best): image auroc: 0.9424,
[2025-01-14 02:10:18,350][       train.py][line: 186][    INFO] (brainmri): Epoch: 198, image auroc: 0.9004,
[2025-01-14 02:10:18,350][       train.py][line: 201][    INFO] (brainmri best): image auroc: 0.9424,
[2025-01-14 02:10:30,895][       train.py][line: 186][    INFO] (brainmri): Epoch: 199, image auroc: 0.9074,
[2025-01-14 02:10:30,895][       train.py][line: 201][    INFO] (brainmri best): image auroc: 0.9424,
[2025-01-14 02:10:36,210][       train.py][line: 264][    INFO] Epoch: [200/200]	Iter: [400/400]	Loss 0.62644 (0.71715)	
[2025-01-14 02:10:43,528][       train.py][line: 186][    INFO] (brainmri): Epoch: 200, image auroc: 0.9076,
[2025-01-14 02:10:43,528][       train.py][line: 201][    INFO] (brainmri best): image auroc: 0.9424,
