[2025-01-18 03:09:01,930][       train.py][line:  67][    INFO] config: Namespace(config_path='config/brainmri.yaml', k_shot=16, config={'version': 'v1.0.0', 'random_seed': 100, 'data_root': 'data', 'train_dataset': 'brainmri', 'test_datasets': ['brainmri'], 'epoch': 200, 'batch_size': 8, 'print_freq_step': 10, 'val_freq_epoch': 1, 'image_size': 224, 'model_name': 'ViT-L-14', 'layers_out': [12, 18, 24], 'anomaly_tasks': {'CutpasteTask': 0.2, 'GaussIntensityChangeTask': 0.3, 'SourceTask': 0.2, 'IdentityTask': 0.3}, 'prompt_maker': 'coop', 'n_learnable_token': 8, 'CSC': True, 'class_token_positions': ['end'], 'save_root': 'results/2025_01_18_03_09_01', 'prompts': {'normal': ['normal', 'healthy', 'negative', 'unremarkable', 'clear', 'asymptomatic', 'normal findings', 'no findings', 'in good health', 'no evidence of disease'], 'abnormal': ['abnormal', 'positive', 'symptomatic', 'disease', 'lesion', 'pathological', 'impaired', 'evidence of disease', 'abnormal finding', 'pathological condition', 'pathological abnormality']}, 'model_cfg': {'embed_dim': 768, 'vision_cfg': {'image_size': 224, 'layers': 24, 'width': 1024, 'patch_size': 14}, 'text_cfg': {'context_length': 77, 'vocab_size': 49408, 'width': 768, 'heads': 12, 'layers': 12}}})
[2025-01-18 03:09:01,947][       train.py][line:  74][    INFO] load CoOp
[2025-01-18 03:09:02,070][       train.py][line: 131][    INFO] train data (brainmri) len 16
[2025-01-18 03:09:02,070][       train.py][line: 134][    INFO] test data (brainmri) len 220
[2025-01-18 03:09:02,070][       train.py][line: 137][    INFO] anomaly syn task is CutpasteTask, sampling probability is 0.2
[2025-01-18 03:09:02,070][       train.py][line: 137][    INFO] anomaly syn task is GaussIntensityChangeTask, sampling probability is 0.3
[2025-01-18 03:09:02,070][       train.py][line: 137][    INFO] anomaly syn task is SourceTask, sampling probability is 0.2
[2025-01-18 03:09:02,070][       train.py][line: 137][    INFO] anomaly syn task is IdentityTask, sampling probability is 0.3
[2025-01-18 03:09:14,638][       train.py][line: 186][    INFO] (brainmri): Epoch: 1, image auroc: 0.4705,
[2025-01-18 03:09:14,638][       train.py][line: 201][    INFO] (brainmri best): image auroc: 0.4705,
[2025-01-18 03:09:14,638][       train.py][line: 208][    INFO] save checkpoints in epoch: 1
[2025-01-18 03:09:27,054][       train.py][line: 186][    INFO] (brainmri): Epoch: 2, image auroc: 0.5034,
[2025-01-18 03:09:27,054][       train.py][line: 201][    INFO] (brainmri best): image auroc: 0.5034,
[2025-01-18 03:09:27,054][       train.py][line: 208][    INFO] save checkpoints in epoch: 2
[2025-01-18 03:09:39,548][       train.py][line: 186][    INFO] (brainmri): Epoch: 3, image auroc: 0.6280,
[2025-01-18 03:09:39,548][       train.py][line: 201][    INFO] (brainmri best): image auroc: 0.6280,
[2025-01-18 03:09:39,549][       train.py][line: 208][    INFO] save checkpoints in epoch: 3
[2025-01-18 03:09:52,021][       train.py][line: 186][    INFO] (brainmri): Epoch: 4, image auroc: 0.8144,
[2025-01-18 03:09:52,021][       train.py][line: 201][    INFO] (brainmri best): image auroc: 0.8144,
[2025-01-18 03:09:52,021][       train.py][line: 208][    INFO] save checkpoints in epoch: 4
[2025-01-18 03:09:57,266][       train.py][line: 264][    INFO] Epoch: [5/200]	Iter: [10/400]	Loss 0.95549 (0.97030)	
[2025-01-18 03:10:04,529][       train.py][line: 186][    INFO] (brainmri): Epoch: 5, image auroc: 0.8716,
[2025-01-18 03:10:04,529][       train.py][line: 201][    INFO] (brainmri best): image auroc: 0.8716,
[2025-01-18 03:10:04,529][       train.py][line: 208][    INFO] save checkpoints in epoch: 5
[2025-01-18 03:10:17,023][       train.py][line: 186][    INFO] (brainmri): Epoch: 6, image auroc: 0.9141,
[2025-01-18 03:10:17,023][       train.py][line: 201][    INFO] (brainmri best): image auroc: 0.9141,
[2025-01-18 03:10:17,023][       train.py][line: 208][    INFO] save checkpoints in epoch: 6
[2025-01-18 03:10:29,525][       train.py][line: 186][    INFO] (brainmri): Epoch: 7, image auroc: 0.9229,
[2025-01-18 03:10:29,526][       train.py][line: 201][    INFO] (brainmri best): image auroc: 0.9229,
[2025-01-18 03:10:29,526][       train.py][line: 208][    INFO] save checkpoints in epoch: 7
[2025-01-18 03:10:42,103][       train.py][line: 186][    INFO] (brainmri): Epoch: 8, image auroc: 0.9231,
[2025-01-18 03:10:42,104][       train.py][line: 201][    INFO] (brainmri best): image auroc: 0.9231,
[2025-01-18 03:10:42,104][       train.py][line: 208][    INFO] save checkpoints in epoch: 8
[2025-01-18 03:10:54,564][       train.py][line: 186][    INFO] (brainmri): Epoch: 9, image auroc: 0.9214,
[2025-01-18 03:10:54,564][       train.py][line: 201][    INFO] (brainmri best): image auroc: 0.9231,
[2025-01-18 03:10:59,745][       train.py][line: 264][    INFO] Epoch: [10/200]	Iter: [20/400]	Loss 0.85741 (0.84921)	
[2025-01-18 03:11:06,972][       train.py][line: 186][    INFO] (brainmri): Epoch: 10, image auroc: 0.9254,
[2025-01-18 03:11:06,972][       train.py][line: 201][    INFO] (brainmri best): image auroc: 0.9254,
[2025-01-18 03:11:06,972][       train.py][line: 208][    INFO] save checkpoints in epoch: 10
[2025-01-18 03:11:19,440][       train.py][line: 186][    INFO] (brainmri): Epoch: 11, image auroc: 0.9339,
[2025-01-18 03:11:19,441][       train.py][line: 201][    INFO] (brainmri best): image auroc: 0.9339,
[2025-01-18 03:11:19,441][       train.py][line: 208][    INFO] save checkpoints in epoch: 11
[2025-01-18 03:11:31,916][       train.py][line: 186][    INFO] (brainmri): Epoch: 12, image auroc: 0.9379,
[2025-01-18 03:11:31,916][       train.py][line: 201][    INFO] (brainmri best): image auroc: 0.9379,
[2025-01-18 03:11:31,916][       train.py][line: 208][    INFO] save checkpoints in epoch: 12
[2025-01-18 03:11:44,444][       train.py][line: 186][    INFO] (brainmri): Epoch: 13, image auroc: 0.9400,
[2025-01-18 03:11:44,444][       train.py][line: 201][    INFO] (brainmri best): image auroc: 0.9400,
[2025-01-18 03:11:44,444][       train.py][line: 208][    INFO] save checkpoints in epoch: 13
[2025-01-18 03:11:56,961][       train.py][line: 186][    INFO] (brainmri): Epoch: 14, image auroc: 0.9384,
[2025-01-18 03:11:56,961][       train.py][line: 201][    INFO] (brainmri best): image auroc: 0.9400,
[2025-01-18 03:12:02,230][       train.py][line: 264][    INFO] Epoch: [15/200]	Iter: [30/400]	Loss 0.85616 (0.81365)	
[2025-01-18 03:12:09,524][       train.py][line: 186][    INFO] (brainmri): Epoch: 15, image auroc: 0.9374,
[2025-01-18 03:12:09,525][       train.py][line: 201][    INFO] (brainmri best): image auroc: 0.9400,
[2025-01-18 03:12:22,148][       train.py][line: 186][    INFO] (brainmri): Epoch: 16, image auroc: 0.9378,
[2025-01-18 03:12:22,148][       train.py][line: 201][    INFO] (brainmri best): image auroc: 0.9400,
[2025-01-18 03:12:34,773][       train.py][line: 186][    INFO] (brainmri): Epoch: 17, image auroc: 0.9341,
[2025-01-18 03:12:34,774][       train.py][line: 201][    INFO] (brainmri best): image auroc: 0.9400,
[2025-01-18 03:12:47,315][       train.py][line: 186][    INFO] (brainmri): Epoch: 18, image auroc: 0.9322,
[2025-01-18 03:12:47,315][       train.py][line: 201][    INFO] (brainmri best): image auroc: 0.9400,
[2025-01-18 03:12:59,773][       train.py][line: 186][    INFO] (brainmri): Epoch: 19, image auroc: 0.9343,
[2025-01-18 03:12:59,773][       train.py][line: 201][    INFO] (brainmri best): image auroc: 0.9400,
[2025-01-18 03:13:05,039][       train.py][line: 264][    INFO] Epoch: [20/200]	Iter: [40/400]	Loss 0.87477 (0.78442)	
[2025-01-18 03:13:12,334][       train.py][line: 186][    INFO] (brainmri): Epoch: 20, image auroc: 0.9273,
[2025-01-18 03:13:12,334][       train.py][line: 201][    INFO] (brainmri best): image auroc: 0.9400,
[2025-01-18 03:13:24,803][       train.py][line: 186][    INFO] (brainmri): Epoch: 21, image auroc: 0.9297,
[2025-01-18 03:13:24,803][       train.py][line: 201][    INFO] (brainmri best): image auroc: 0.9400,
[2025-01-18 03:13:37,254][       train.py][line: 186][    INFO] (brainmri): Epoch: 22, image auroc: 0.9310,
[2025-01-18 03:13:37,255][       train.py][line: 201][    INFO] (brainmri best): image auroc: 0.9400,
[2025-01-18 03:13:49,752][       train.py][line: 186][    INFO] (brainmri): Epoch: 23, image auroc: 0.9299,
[2025-01-18 03:13:49,752][       train.py][line: 201][    INFO] (brainmri best): image auroc: 0.9400,
[2025-01-18 03:14:02,257][       train.py][line: 186][    INFO] (brainmri): Epoch: 24, image auroc: 0.9278,
[2025-01-18 03:14:02,257][       train.py][line: 201][    INFO] (brainmri best): image auroc: 0.9400,
[2025-01-18 03:14:07,479][       train.py][line: 264][    INFO] Epoch: [25/200]	Iter: [50/400]	Loss 0.89231 (0.86712)	
[2025-01-18 03:14:14,760][       train.py][line: 186][    INFO] (brainmri): Epoch: 25, image auroc: 0.9298,
[2025-01-18 03:14:14,760][       train.py][line: 201][    INFO] (brainmri best): image auroc: 0.9400,
[2025-01-18 03:14:27,168][       train.py][line: 186][    INFO] (brainmri): Epoch: 26, image auroc: 0.9316,
[2025-01-18 03:14:27,168][       train.py][line: 201][    INFO] (brainmri best): image auroc: 0.9400,
[2025-01-18 03:14:39,619][       train.py][line: 186][    INFO] (brainmri): Epoch: 27, image auroc: 0.9342,
[2025-01-18 03:14:39,619][       train.py][line: 201][    INFO] (brainmri best): image auroc: 0.9400,
[2025-01-18 03:14:52,049][       train.py][line: 186][    INFO] (brainmri): Epoch: 28, image auroc: 0.9300,
[2025-01-18 03:14:52,049][       train.py][line: 201][    INFO] (brainmri best): image auroc: 0.9400,
[2025-01-18 03:15:04,540][       train.py][line: 186][    INFO] (brainmri): Epoch: 29, image auroc: 0.9291,
[2025-01-18 03:15:04,540][       train.py][line: 201][    INFO] (brainmri best): image auroc: 0.9400,
[2025-01-18 03:15:09,754][       train.py][line: 264][    INFO] Epoch: [30/200]	Iter: [60/400]	Loss 0.89105 (0.87466)	
[2025-01-18 03:15:17,071][       train.py][line: 186][    INFO] (brainmri): Epoch: 30, image auroc: 0.9305,
[2025-01-18 03:15:17,072][       train.py][line: 201][    INFO] (brainmri best): image auroc: 0.9400,
[2025-01-18 03:15:29,585][       train.py][line: 186][    INFO] (brainmri): Epoch: 31, image auroc: 0.9275,
[2025-01-18 03:15:29,585][       train.py][line: 201][    INFO] (brainmri best): image auroc: 0.9400,
[2025-01-18 03:15:42,092][       train.py][line: 186][    INFO] (brainmri): Epoch: 32, image auroc: 0.9088,
[2025-01-18 03:15:42,092][       train.py][line: 201][    INFO] (brainmri best): image auroc: 0.9400,
[2025-01-18 03:15:54,622][       train.py][line: 186][    INFO] (brainmri): Epoch: 33, image auroc: 0.9328,
[2025-01-18 03:15:54,622][       train.py][line: 201][    INFO] (brainmri best): image auroc: 0.9400,
[2025-01-18 03:16:07,044][       train.py][line: 186][    INFO] (brainmri): Epoch: 34, image auroc: 0.9304,
[2025-01-18 03:16:07,044][       train.py][line: 201][    INFO] (brainmri best): image auroc: 0.9400,
[2025-01-18 03:16:12,268][       train.py][line: 264][    INFO] Epoch: [35/200]	Iter: [70/400]	Loss 0.88706 (0.81361)	
[2025-01-18 03:16:19,481][       train.py][line: 186][    INFO] (brainmri): Epoch: 35, image auroc: 0.9219,
[2025-01-18 03:16:19,482][       train.py][line: 201][    INFO] (brainmri best): image auroc: 0.9400,
[2025-01-18 03:16:31,962][       train.py][line: 186][    INFO] (brainmri): Epoch: 36, image auroc: 0.9323,
[2025-01-18 03:16:31,963][       train.py][line: 201][    INFO] (brainmri best): image auroc: 0.9400,
[2025-01-18 03:16:44,395][       train.py][line: 186][    INFO] (brainmri): Epoch: 37, image auroc: 0.9271,
[2025-01-18 03:16:44,396][       train.py][line: 201][    INFO] (brainmri best): image auroc: 0.9400,
[2025-01-18 03:16:56,813][       train.py][line: 186][    INFO] (brainmri): Epoch: 38, image auroc: 0.9264,
[2025-01-18 03:16:56,813][       train.py][line: 201][    INFO] (brainmri best): image auroc: 0.9400,
[2025-01-18 03:17:09,343][       train.py][line: 186][    INFO] (brainmri): Epoch: 39, image auroc: 0.9325,
[2025-01-18 03:17:09,343][       train.py][line: 201][    INFO] (brainmri best): image auroc: 0.9400,
[2025-01-18 03:17:14,574][       train.py][line: 264][    INFO] Epoch: [40/200]	Iter: [80/400]	Loss 0.82169 (0.82217)	
[2025-01-18 03:17:21,848][       train.py][line: 186][    INFO] (brainmri): Epoch: 40, image auroc: 0.9326,
[2025-01-18 03:17:21,848][       train.py][line: 201][    INFO] (brainmri best): image auroc: 0.9400,
[2025-01-18 03:17:34,436][       train.py][line: 186][    INFO] (brainmri): Epoch: 41, image auroc: 0.9352,
[2025-01-18 03:17:34,436][       train.py][line: 201][    INFO] (brainmri best): image auroc: 0.9400,
[2025-01-18 03:17:47,094][       train.py][line: 186][    INFO] (brainmri): Epoch: 42, image auroc: 0.9404,
[2025-01-18 03:17:47,094][       train.py][line: 201][    INFO] (brainmri best): image auroc: 0.9404,
[2025-01-18 03:17:47,094][       train.py][line: 208][    INFO] save checkpoints in epoch: 42
[2025-01-18 03:17:59,652][       train.py][line: 186][    INFO] (brainmri): Epoch: 43, image auroc: 0.9427,
[2025-01-18 03:17:59,652][       train.py][line: 201][    INFO] (brainmri best): image auroc: 0.9427,
[2025-01-18 03:17:59,652][       train.py][line: 208][    INFO] save checkpoints in epoch: 43
[2025-01-18 03:18:12,176][       train.py][line: 186][    INFO] (brainmri): Epoch: 44, image auroc: 0.9321,
[2025-01-18 03:18:12,176][       train.py][line: 201][    INFO] (brainmri best): image auroc: 0.9427,
[2025-01-18 03:18:17,486][       train.py][line: 264][    INFO] Epoch: [45/200]	Iter: [90/400]	Loss 0.82626 (0.85169)	
[2025-01-18 03:18:24,756][       train.py][line: 186][    INFO] (brainmri): Epoch: 45, image auroc: 0.9370,
[2025-01-18 03:18:24,756][       train.py][line: 201][    INFO] (brainmri best): image auroc: 0.9427,
[2025-01-18 03:18:37,156][       train.py][line: 186][    INFO] (brainmri): Epoch: 46, image auroc: 0.9347,
[2025-01-18 03:18:37,156][       train.py][line: 201][    INFO] (brainmri best): image auroc: 0.9427,
[2025-01-18 03:18:49,762][       train.py][line: 186][    INFO] (brainmri): Epoch: 47, image auroc: 0.9265,
[2025-01-18 03:18:49,762][       train.py][line: 201][    INFO] (brainmri best): image auroc: 0.9427,
[2025-01-18 03:19:02,220][       train.py][line: 186][    INFO] (brainmri): Epoch: 48, image auroc: 0.9317,
[2025-01-18 03:19:02,220][       train.py][line: 201][    INFO] (brainmri best): image auroc: 0.9427,
[2025-01-18 03:19:14,759][       train.py][line: 186][    INFO] (brainmri): Epoch: 49, image auroc: 0.9263,
[2025-01-18 03:19:14,759][       train.py][line: 201][    INFO] (brainmri best): image auroc: 0.9427,
[2025-01-18 03:19:19,956][       train.py][line: 264][    INFO] Epoch: [50/200]	Iter: [100/400]	Loss 0.82478 (0.81543)	
[2025-01-18 03:19:27,243][       train.py][line: 186][    INFO] (brainmri): Epoch: 50, image auroc: 0.9397,
[2025-01-18 03:19:27,243][       train.py][line: 201][    INFO] (brainmri best): image auroc: 0.9427,
[2025-01-18 03:19:39,699][       train.py][line: 186][    INFO] (brainmri): Epoch: 51, image auroc: 0.9336,
[2025-01-18 03:19:39,699][       train.py][line: 201][    INFO] (brainmri best): image auroc: 0.9427,
[2025-01-18 03:19:52,165][       train.py][line: 186][    INFO] (brainmri): Epoch: 52, image auroc: 0.9364,
[2025-01-18 03:19:52,165][       train.py][line: 201][    INFO] (brainmri best): image auroc: 0.9427,
[2025-01-18 03:20:04,679][       train.py][line: 186][    INFO] (brainmri): Epoch: 53, image auroc: 0.9248,
[2025-01-18 03:20:04,679][       train.py][line: 201][    INFO] (brainmri best): image auroc: 0.9427,
[2025-01-18 03:20:17,150][       train.py][line: 186][    INFO] (brainmri): Epoch: 54, image auroc: 0.9249,
[2025-01-18 03:20:17,150][       train.py][line: 201][    INFO] (brainmri best): image auroc: 0.9427,
[2025-01-18 03:20:22,423][       train.py][line: 264][    INFO] Epoch: [55/200]	Iter: [110/400]	Loss 0.80792 (0.82517)	
[2025-01-18 03:20:29,671][       train.py][line: 186][    INFO] (brainmri): Epoch: 55, image auroc: 0.9293,
[2025-01-18 03:20:29,671][       train.py][line: 201][    INFO] (brainmri best): image auroc: 0.9427,
[2025-01-18 03:20:42,155][       train.py][line: 186][    INFO] (brainmri): Epoch: 56, image auroc: 0.9186,
[2025-01-18 03:20:42,155][       train.py][line: 201][    INFO] (brainmri best): image auroc: 0.9427,
[2025-01-18 03:20:54,634][       train.py][line: 186][    INFO] (brainmri): Epoch: 57, image auroc: 0.9358,
[2025-01-18 03:20:54,635][       train.py][line: 201][    INFO] (brainmri best): image auroc: 0.9427,
[2025-01-18 03:21:07,146][       train.py][line: 186][    INFO] (brainmri): Epoch: 58, image auroc: 0.9179,
[2025-01-18 03:21:07,147][       train.py][line: 201][    INFO] (brainmri best): image auroc: 0.9427,
[2025-01-18 03:21:19,662][       train.py][line: 186][    INFO] (brainmri): Epoch: 59, image auroc: 0.9234,
[2025-01-18 03:21:19,663][       train.py][line: 201][    INFO] (brainmri best): image auroc: 0.9427,
[2025-01-18 03:21:24,852][       train.py][line: 264][    INFO] Epoch: [60/200]	Iter: [120/400]	Loss 0.80933 (0.87176)	
[2025-01-18 03:21:32,138][       train.py][line: 186][    INFO] (brainmri): Epoch: 60, image auroc: 0.9226,
[2025-01-18 03:21:32,138][       train.py][line: 201][    INFO] (brainmri best): image auroc: 0.9427,
[2025-01-18 03:21:44,566][       train.py][line: 186][    INFO] (brainmri): Epoch: 61, image auroc: 0.9253,
[2025-01-18 03:21:44,567][       train.py][line: 201][    INFO] (brainmri best): image auroc: 0.9427,
[2025-01-18 03:21:57,014][       train.py][line: 186][    INFO] (brainmri): Epoch: 62, image auroc: 0.9254,
[2025-01-18 03:21:57,014][       train.py][line: 201][    INFO] (brainmri best): image auroc: 0.9427,
[2025-01-18 03:22:09,527][       train.py][line: 186][    INFO] (brainmri): Epoch: 63, image auroc: 0.9219,
[2025-01-18 03:22:09,528][       train.py][line: 201][    INFO] (brainmri best): image auroc: 0.9427,
[2025-01-18 03:22:22,023][       train.py][line: 186][    INFO] (brainmri): Epoch: 64, image auroc: 0.9256,
[2025-01-18 03:22:22,023][       train.py][line: 201][    INFO] (brainmri best): image auroc: 0.9427,
[2025-01-18 03:22:27,230][       train.py][line: 264][    INFO] Epoch: [65/200]	Iter: [130/400]	Loss 0.90221 (0.86215)	
[2025-01-18 03:22:34,486][       train.py][line: 186][    INFO] (brainmri): Epoch: 65, image auroc: 0.9298,
[2025-01-18 03:22:34,486][       train.py][line: 201][    INFO] (brainmri best): image auroc: 0.9427,
[2025-01-18 03:22:47,060][       train.py][line: 186][    INFO] (brainmri): Epoch: 66, image auroc: 0.9294,
[2025-01-18 03:22:47,061][       train.py][line: 201][    INFO] (brainmri best): image auroc: 0.9427,
[2025-01-18 03:22:59,505][       train.py][line: 186][    INFO] (brainmri): Epoch: 67, image auroc: 0.9349,
[2025-01-18 03:22:59,506][       train.py][line: 201][    INFO] (brainmri best): image auroc: 0.9427,
[2025-01-18 03:23:11,998][       train.py][line: 186][    INFO] (brainmri): Epoch: 68, image auroc: 0.9283,
[2025-01-18 03:23:11,999][       train.py][line: 201][    INFO] (brainmri best): image auroc: 0.9427,
[2025-01-18 03:23:24,429][       train.py][line: 186][    INFO] (brainmri): Epoch: 69, image auroc: 0.9348,
[2025-01-18 03:23:24,429][       train.py][line: 201][    INFO] (brainmri best): image auroc: 0.9427,
[2025-01-18 03:23:29,651][       train.py][line: 264][    INFO] Epoch: [70/200]	Iter: [140/400]	Loss 0.76323 (0.79253)	
[2025-01-18 03:23:36,911][       train.py][line: 186][    INFO] (brainmri): Epoch: 70, image auroc: 0.9337,
[2025-01-18 03:23:36,911][       train.py][line: 201][    INFO] (brainmri best): image auroc: 0.9427,
[2025-01-18 03:23:49,479][       train.py][line: 186][    INFO] (brainmri): Epoch: 71, image auroc: 0.9258,
[2025-01-18 03:23:49,479][       train.py][line: 201][    INFO] (brainmri best): image auroc: 0.9427,
[2025-01-18 03:24:01,983][       train.py][line: 186][    INFO] (brainmri): Epoch: 72, image auroc: 0.9217,
[2025-01-18 03:24:01,983][       train.py][line: 201][    INFO] (brainmri best): image auroc: 0.9427,
[2025-01-18 03:24:14,440][       train.py][line: 186][    INFO] (brainmri): Epoch: 73, image auroc: 0.9266,
[2025-01-18 03:24:14,440][       train.py][line: 201][    INFO] (brainmri best): image auroc: 0.9427,
[2025-01-18 03:24:26,892][       train.py][line: 186][    INFO] (brainmri): Epoch: 74, image auroc: 0.9337,
[2025-01-18 03:24:26,893][       train.py][line: 201][    INFO] (brainmri best): image auroc: 0.9427,
[2025-01-18 03:24:32,154][       train.py][line: 264][    INFO] Epoch: [75/200]	Iter: [150/400]	Loss 0.78892 (0.78424)	
[2025-01-18 03:24:39,410][       train.py][line: 186][    INFO] (brainmri): Epoch: 75, image auroc: 0.9298,
[2025-01-18 03:24:39,410][       train.py][line: 201][    INFO] (brainmri best): image auroc: 0.9427,
[2025-01-18 03:24:51,867][       train.py][line: 186][    INFO] (brainmri): Epoch: 76, image auroc: 0.9233,
[2025-01-18 03:24:51,867][       train.py][line: 201][    INFO] (brainmri best): image auroc: 0.9427,
[2025-01-18 03:25:04,373][       train.py][line: 186][    INFO] (brainmri): Epoch: 77, image auroc: 0.9171,
[2025-01-18 03:25:04,374][       train.py][line: 201][    INFO] (brainmri best): image auroc: 0.9427,
[2025-01-18 03:25:16,933][       train.py][line: 186][    INFO] (brainmri): Epoch: 78, image auroc: 0.9262,
[2025-01-18 03:25:16,933][       train.py][line: 201][    INFO] (brainmri best): image auroc: 0.9427,
[2025-01-18 03:25:29,472][       train.py][line: 186][    INFO] (brainmri): Epoch: 79, image auroc: 0.9334,
[2025-01-18 03:25:29,472][       train.py][line: 201][    INFO] (brainmri best): image auroc: 0.9427,
[2025-01-18 03:25:34,653][       train.py][line: 264][    INFO] Epoch: [80/200]	Iter: [160/400]	Loss 0.88071 (0.87001)	
[2025-01-18 03:25:41,878][       train.py][line: 186][    INFO] (brainmri): Epoch: 80, image auroc: 0.9314,
[2025-01-18 03:25:41,878][       train.py][line: 201][    INFO] (brainmri best): image auroc: 0.9427,
[2025-01-18 03:25:54,364][       train.py][line: 186][    INFO] (brainmri): Epoch: 81, image auroc: 0.9228,
[2025-01-18 03:25:54,365][       train.py][line: 201][    INFO] (brainmri best): image auroc: 0.9427,
[2025-01-18 03:26:06,864][       train.py][line: 186][    INFO] (brainmri): Epoch: 82, image auroc: 0.9150,
[2025-01-18 03:26:06,864][       train.py][line: 201][    INFO] (brainmri best): image auroc: 0.9427,
[2025-01-18 03:26:19,240][       train.py][line: 186][    INFO] (brainmri): Epoch: 83, image auroc: 0.9334,
[2025-01-18 03:26:19,241][       train.py][line: 201][    INFO] (brainmri best): image auroc: 0.9427,
[2025-01-18 03:26:31,789][       train.py][line: 186][    INFO] (brainmri): Epoch: 84, image auroc: 0.9320,
[2025-01-18 03:26:31,789][       train.py][line: 201][    INFO] (brainmri best): image auroc: 0.9427,
[2025-01-18 03:26:36,977][       train.py][line: 264][    INFO] Epoch: [85/200]	Iter: [170/400]	Loss 0.84479 (0.85185)	
[2025-01-18 03:26:44,242][       train.py][line: 186][    INFO] (brainmri): Epoch: 85, image auroc: 0.9382,
[2025-01-18 03:26:44,242][       train.py][line: 201][    INFO] (brainmri best): image auroc: 0.9427,
[2025-01-18 03:26:56,809][       train.py][line: 186][    INFO] (brainmri): Epoch: 86, image auroc: 0.9241,
[2025-01-18 03:26:56,809][       train.py][line: 201][    INFO] (brainmri best): image auroc: 0.9427,
[2025-01-18 03:27:09,367][       train.py][line: 186][    INFO] (brainmri): Epoch: 87, image auroc: 0.9257,
[2025-01-18 03:27:09,367][       train.py][line: 201][    INFO] (brainmri best): image auroc: 0.9427,
[2025-01-18 03:27:21,853][       train.py][line: 186][    INFO] (brainmri): Epoch: 88, image auroc: 0.9278,
[2025-01-18 03:27:21,853][       train.py][line: 201][    INFO] (brainmri best): image auroc: 0.9427,
[2025-01-18 03:27:34,396][       train.py][line: 186][    INFO] (brainmri): Epoch: 89, image auroc: 0.9157,
[2025-01-18 03:27:34,396][       train.py][line: 201][    INFO] (brainmri best): image auroc: 0.9427,
[2025-01-18 03:27:39,691][       train.py][line: 264][    INFO] Epoch: [90/200]	Iter: [180/400]	Loss 0.82556 (0.83251)	
[2025-01-18 03:27:47,003][       train.py][line: 186][    INFO] (brainmri): Epoch: 90, image auroc: 0.9270,
[2025-01-18 03:27:47,003][       train.py][line: 201][    INFO] (brainmri best): image auroc: 0.9427,
[2025-01-18 03:27:59,512][       train.py][line: 186][    INFO] (brainmri): Epoch: 91, image auroc: 0.9232,
[2025-01-18 03:27:59,512][       train.py][line: 201][    INFO] (brainmri best): image auroc: 0.9427,
[2025-01-18 03:28:11,989][       train.py][line: 186][    INFO] (brainmri): Epoch: 92, image auroc: 0.9304,
[2025-01-18 03:28:11,989][       train.py][line: 201][    INFO] (brainmri best): image auroc: 0.9427,
[2025-01-18 03:28:24,453][       train.py][line: 186][    INFO] (brainmri): Epoch: 93, image auroc: 0.9343,
[2025-01-18 03:28:24,453][       train.py][line: 201][    INFO] (brainmri best): image auroc: 0.9427,
[2025-01-18 03:28:36,959][       train.py][line: 186][    INFO] (brainmri): Epoch: 94, image auroc: 0.9293,
[2025-01-18 03:28:36,959][       train.py][line: 201][    INFO] (brainmri best): image auroc: 0.9427,
[2025-01-18 03:28:42,200][       train.py][line: 264][    INFO] Epoch: [95/200]	Iter: [190/400]	Loss 0.79962 (0.81091)	
[2025-01-18 03:28:49,479][       train.py][line: 186][    INFO] (brainmri): Epoch: 95, image auroc: 0.9169,
[2025-01-18 03:28:49,479][       train.py][line: 201][    INFO] (brainmri best): image auroc: 0.9427,
[2025-01-18 03:29:01,977][       train.py][line: 186][    INFO] (brainmri): Epoch: 96, image auroc: 0.9200,
[2025-01-18 03:29:01,977][       train.py][line: 201][    INFO] (brainmri best): image auroc: 0.9427,
[2025-01-18 03:29:14,572][       train.py][line: 186][    INFO] (brainmri): Epoch: 97, image auroc: 0.9311,
[2025-01-18 03:29:14,572][       train.py][line: 201][    INFO] (brainmri best): image auroc: 0.9427,
[2025-01-18 03:29:27,006][       train.py][line: 186][    INFO] (brainmri): Epoch: 98, image auroc: 0.9328,
[2025-01-18 03:29:27,007][       train.py][line: 201][    INFO] (brainmri best): image auroc: 0.9427,
[2025-01-18 03:29:39,512][       train.py][line: 186][    INFO] (brainmri): Epoch: 99, image auroc: 0.9072,
[2025-01-18 03:29:39,512][       train.py][line: 201][    INFO] (brainmri best): image auroc: 0.9427,
[2025-01-18 03:29:44,728][       train.py][line: 264][    INFO] Epoch: [100/200]	Iter: [200/400]	Loss 0.75177 (0.79258)	
[2025-01-18 03:29:52,028][       train.py][line: 186][    INFO] (brainmri): Epoch: 100, image auroc: 0.9025,
[2025-01-18 03:29:52,029][       train.py][line: 201][    INFO] (brainmri best): image auroc: 0.9427,
[2025-01-18 03:30:04,481][       train.py][line: 186][    INFO] (brainmri): Epoch: 101, image auroc: 0.8952,
[2025-01-18 03:30:04,481][       train.py][line: 201][    INFO] (brainmri best): image auroc: 0.9427,
[2025-01-18 03:30:16,985][       train.py][line: 186][    INFO] (brainmri): Epoch: 102, image auroc: 0.9186,
[2025-01-18 03:30:16,985][       train.py][line: 201][    INFO] (brainmri best): image auroc: 0.9427,
[2025-01-18 03:30:29,437][       train.py][line: 186][    INFO] (brainmri): Epoch: 103, image auroc: 0.9143,
[2025-01-18 03:30:29,437][       train.py][line: 201][    INFO] (brainmri best): image auroc: 0.9427,
[2025-01-18 03:30:41,963][       train.py][line: 186][    INFO] (brainmri): Epoch: 104, image auroc: 0.9249,
[2025-01-18 03:30:41,964][       train.py][line: 201][    INFO] (brainmri best): image auroc: 0.9427,
[2025-01-18 03:30:47,210][       train.py][line: 264][    INFO] Epoch: [105/200]	Iter: [210/400]	Loss 0.72772 (0.80481)	
[2025-01-18 03:30:54,491][       train.py][line: 186][    INFO] (brainmri): Epoch: 105, image auroc: 0.9167,
[2025-01-18 03:30:54,491][       train.py][line: 201][    INFO] (brainmri best): image auroc: 0.9427,
[2025-01-18 03:31:06,966][       train.py][line: 186][    INFO] (brainmri): Epoch: 106, image auroc: 0.9085,
[2025-01-18 03:31:06,966][       train.py][line: 201][    INFO] (brainmri best): image auroc: 0.9427,
[2025-01-18 03:31:19,506][       train.py][line: 186][    INFO] (brainmri): Epoch: 107, image auroc: 0.9148,
[2025-01-18 03:31:19,506][       train.py][line: 201][    INFO] (brainmri best): image auroc: 0.9427,
[2025-01-18 03:31:32,004][       train.py][line: 186][    INFO] (brainmri): Epoch: 108, image auroc: 0.9304,
[2025-01-18 03:31:32,004][       train.py][line: 201][    INFO] (brainmri best): image auroc: 0.9427,
[2025-01-18 03:31:44,485][       train.py][line: 186][    INFO] (brainmri): Epoch: 109, image auroc: 0.9141,
[2025-01-18 03:31:44,486][       train.py][line: 201][    INFO] (brainmri best): image auroc: 0.9427,
[2025-01-18 03:31:49,793][       train.py][line: 264][    INFO] Epoch: [110/200]	Iter: [220/400]	Loss 0.86438 (0.81479)	
[2025-01-18 03:31:57,080][       train.py][line: 186][    INFO] (brainmri): Epoch: 110, image auroc: 0.9164,
[2025-01-18 03:31:57,080][       train.py][line: 201][    INFO] (brainmri best): image auroc: 0.9427,
[2025-01-18 03:32:09,553][       train.py][line: 186][    INFO] (brainmri): Epoch: 111, image auroc: 0.9265,
[2025-01-18 03:32:09,553][       train.py][line: 201][    INFO] (brainmri best): image auroc: 0.9427,
[2025-01-18 03:32:22,061][       train.py][line: 186][    INFO] (brainmri): Epoch: 112, image auroc: 0.9230,
[2025-01-18 03:32:22,062][       train.py][line: 201][    INFO] (brainmri best): image auroc: 0.9427,
[2025-01-18 03:32:34,494][       train.py][line: 186][    INFO] (brainmri): Epoch: 113, image auroc: 0.9392,
[2025-01-18 03:32:34,494][       train.py][line: 201][    INFO] (brainmri best): image auroc: 0.9427,
[2025-01-18 03:32:47,148][       train.py][line: 186][    INFO] (brainmri): Epoch: 114, image auroc: 0.9345,
[2025-01-18 03:32:47,148][       train.py][line: 201][    INFO] (brainmri best): image auroc: 0.9427,
[2025-01-18 03:32:52,378][       train.py][line: 264][    INFO] Epoch: [115/200]	Iter: [230/400]	Loss 0.73244 (0.78517)	
[2025-01-18 03:32:59,634][       train.py][line: 186][    INFO] (brainmri): Epoch: 115, image auroc: 0.9163,
[2025-01-18 03:32:59,634][       train.py][line: 201][    INFO] (brainmri best): image auroc: 0.9427,
[2025-01-18 03:33:12,153][       train.py][line: 186][    INFO] (brainmri): Epoch: 116, image auroc: 0.9290,
[2025-01-18 03:33:12,153][       train.py][line: 201][    INFO] (brainmri best): image auroc: 0.9427,
[2025-01-18 03:33:24,737][       train.py][line: 186][    INFO] (brainmri): Epoch: 117, image auroc: 0.9251,
[2025-01-18 03:33:24,737][       train.py][line: 201][    INFO] (brainmri best): image auroc: 0.9427,
[2025-01-18 03:33:37,246][       train.py][line: 186][    INFO] (brainmri): Epoch: 118, image auroc: 0.9186,
[2025-01-18 03:33:37,246][       train.py][line: 201][    INFO] (brainmri best): image auroc: 0.9427,
[2025-01-18 03:33:49,842][       train.py][line: 186][    INFO] (brainmri): Epoch: 119, image auroc: 0.9195,
[2025-01-18 03:33:49,843][       train.py][line: 201][    INFO] (brainmri best): image auroc: 0.9427,
[2025-01-18 03:33:55,257][       train.py][line: 264][    INFO] Epoch: [120/200]	Iter: [240/400]	Loss 0.87540 (0.85304)	
[2025-01-18 03:34:02,581][       train.py][line: 186][    INFO] (brainmri): Epoch: 120, image auroc: 0.9090,
[2025-01-18 03:34:02,581][       train.py][line: 201][    INFO] (brainmri best): image auroc: 0.9427,
[2025-01-18 03:34:15,523][       train.py][line: 186][    INFO] (brainmri): Epoch: 121, image auroc: 0.9146,
[2025-01-18 03:34:15,523][       train.py][line: 201][    INFO] (brainmri best): image auroc: 0.9427,
[2025-01-18 03:34:28,578][       train.py][line: 186][    INFO] (brainmri): Epoch: 122, image auroc: 0.9109,
[2025-01-18 03:34:28,578][       train.py][line: 201][    INFO] (brainmri best): image auroc: 0.9427,
[2025-01-18 03:34:41,298][       train.py][line: 186][    INFO] (brainmri): Epoch: 123, image auroc: 0.9178,
[2025-01-18 03:34:41,299][       train.py][line: 201][    INFO] (brainmri best): image auroc: 0.9427,
[2025-01-18 03:34:53,881][       train.py][line: 186][    INFO] (brainmri): Epoch: 124, image auroc: 0.9200,
[2025-01-18 03:34:53,881][       train.py][line: 201][    INFO] (brainmri best): image auroc: 0.9427,
[2025-01-18 03:34:59,170][       train.py][line: 264][    INFO] Epoch: [125/200]	Iter: [250/400]	Loss 0.89640 (0.78593)	
[2025-01-18 03:35:06,474][       train.py][line: 186][    INFO] (brainmri): Epoch: 125, image auroc: 0.9085,
[2025-01-18 03:35:06,474][       train.py][line: 201][    INFO] (brainmri best): image auroc: 0.9427,
[2025-01-18 03:35:19,071][       train.py][line: 186][    INFO] (brainmri): Epoch: 126, image auroc: 0.9109,
[2025-01-18 03:35:19,071][       train.py][line: 201][    INFO] (brainmri best): image auroc: 0.9427,
[2025-01-18 03:35:31,913][       train.py][line: 186][    INFO] (brainmri): Epoch: 127, image auroc: 0.9073,
[2025-01-18 03:35:31,913][       train.py][line: 201][    INFO] (brainmri best): image auroc: 0.9427,
[2025-01-18 03:35:44,580][       train.py][line: 186][    INFO] (brainmri): Epoch: 128, image auroc: 0.9162,
[2025-01-18 03:35:44,581][       train.py][line: 201][    INFO] (brainmri best): image auroc: 0.9427,
[2025-01-18 03:35:57,351][       train.py][line: 186][    INFO] (brainmri): Epoch: 129, image auroc: 0.9212,
[2025-01-18 03:35:57,351][       train.py][line: 201][    INFO] (brainmri best): image auroc: 0.9427,
[2025-01-18 03:36:02,662][       train.py][line: 264][    INFO] Epoch: [130/200]	Iter: [260/400]	Loss 0.95716 (0.87721)	
[2025-01-18 03:36:10,048][       train.py][line: 186][    INFO] (brainmri): Epoch: 130, image auroc: 0.9249,
[2025-01-18 03:36:10,049][       train.py][line: 201][    INFO] (brainmri best): image auroc: 0.9427,
[2025-01-18 03:36:22,705][       train.py][line: 186][    INFO] (brainmri): Epoch: 131, image auroc: 0.9157,
[2025-01-18 03:36:22,705][       train.py][line: 201][    INFO] (brainmri best): image auroc: 0.9427,
[2025-01-18 03:36:35,349][       train.py][line: 186][    INFO] (brainmri): Epoch: 132, image auroc: 0.9267,
[2025-01-18 03:36:35,350][       train.py][line: 201][    INFO] (brainmri best): image auroc: 0.9427,
[2025-01-18 03:36:47,924][       train.py][line: 186][    INFO] (brainmri): Epoch: 133, image auroc: 0.9309,
[2025-01-18 03:36:47,924][       train.py][line: 201][    INFO] (brainmri best): image auroc: 0.9427,
[2025-01-18 03:37:00,472][       train.py][line: 186][    INFO] (brainmri): Epoch: 134, image auroc: 0.9246,
[2025-01-18 03:37:00,473][       train.py][line: 201][    INFO] (brainmri best): image auroc: 0.9427,
[2025-01-18 03:37:05,807][       train.py][line: 264][    INFO] Epoch: [135/200]	Iter: [270/400]	Loss 0.65645 (0.72717)	
[2025-01-18 03:37:13,084][       train.py][line: 186][    INFO] (brainmri): Epoch: 135, image auroc: 0.9255,
[2025-01-18 03:37:13,085][       train.py][line: 201][    INFO] (brainmri best): image auroc: 0.9427,
[2025-01-18 03:37:25,630][       train.py][line: 186][    INFO] (brainmri): Epoch: 136, image auroc: 0.9307,
[2025-01-18 03:37:25,630][       train.py][line: 201][    INFO] (brainmri best): image auroc: 0.9427,
[2025-01-18 03:37:38,652][       train.py][line: 186][    INFO] (brainmri): Epoch: 137, image auroc: 0.9348,
[2025-01-18 03:37:38,652][       train.py][line: 201][    INFO] (brainmri best): image auroc: 0.9427,
[2025-01-18 03:37:51,355][       train.py][line: 186][    INFO] (brainmri): Epoch: 138, image auroc: 0.9285,
[2025-01-18 03:37:51,355][       train.py][line: 201][    INFO] (brainmri best): image auroc: 0.9427,
[2025-01-18 03:38:03,992][       train.py][line: 186][    INFO] (brainmri): Epoch: 139, image auroc: 0.9259,
[2025-01-18 03:38:03,992][       train.py][line: 201][    INFO] (brainmri best): image auroc: 0.9427,
[2025-01-18 03:38:09,372][       train.py][line: 264][    INFO] Epoch: [140/200]	Iter: [280/400]	Loss 0.68823 (0.73260)	
[2025-01-18 03:38:16,888][       train.py][line: 186][    INFO] (brainmri): Epoch: 140, image auroc: 0.9259,
[2025-01-18 03:38:16,888][       train.py][line: 201][    INFO] (brainmri best): image auroc: 0.9427,
[2025-01-18 03:38:29,840][       train.py][line: 186][    INFO] (brainmri): Epoch: 141, image auroc: 0.9234,
[2025-01-18 03:38:29,841][       train.py][line: 201][    INFO] (brainmri best): image auroc: 0.9427,
[2025-01-18 03:38:42,631][       train.py][line: 186][    INFO] (brainmri): Epoch: 142, image auroc: 0.9134,
[2025-01-18 03:38:42,632][       train.py][line: 201][    INFO] (brainmri best): image auroc: 0.9427,
[2025-01-18 03:38:55,135][       train.py][line: 186][    INFO] (brainmri): Epoch: 143, image auroc: 0.9206,
[2025-01-18 03:38:55,135][       train.py][line: 201][    INFO] (brainmri best): image auroc: 0.9427,
[2025-01-18 03:39:07,625][       train.py][line: 186][    INFO] (brainmri): Epoch: 144, image auroc: 0.9244,
[2025-01-18 03:39:07,625][       train.py][line: 201][    INFO] (brainmri best): image auroc: 0.9427,
[2025-01-18 03:39:12,935][       train.py][line: 264][    INFO] Epoch: [145/200]	Iter: [290/400]	Loss 0.77646 (0.80416)	
[2025-01-18 03:39:20,223][       train.py][line: 186][    INFO] (brainmri): Epoch: 145, image auroc: 0.9173,
[2025-01-18 03:39:20,223][       train.py][line: 201][    INFO] (brainmri best): image auroc: 0.9427,
[2025-01-18 03:39:32,761][       train.py][line: 186][    INFO] (brainmri): Epoch: 146, image auroc: 0.9231,
[2025-01-18 03:39:32,761][       train.py][line: 201][    INFO] (brainmri best): image auroc: 0.9427,
[2025-01-18 03:39:45,315][       train.py][line: 186][    INFO] (brainmri): Epoch: 147, image auroc: 0.9229,
[2025-01-18 03:39:45,315][       train.py][line: 201][    INFO] (brainmri best): image auroc: 0.9427,
[2025-01-18 03:39:57,831][       train.py][line: 186][    INFO] (brainmri): Epoch: 148, image auroc: 0.9120,
[2025-01-18 03:39:57,831][       train.py][line: 201][    INFO] (brainmri best): image auroc: 0.9427,
[2025-01-18 03:40:10,337][       train.py][line: 186][    INFO] (brainmri): Epoch: 149, image auroc: 0.9239,
[2025-01-18 03:40:10,337][       train.py][line: 201][    INFO] (brainmri best): image auroc: 0.9427,
[2025-01-18 03:40:15,625][       train.py][line: 264][    INFO] Epoch: [150/200]	Iter: [300/400]	Loss 0.80891 (0.81262)	
[2025-01-18 03:40:22,906][       train.py][line: 186][    INFO] (brainmri): Epoch: 150, image auroc: 0.9258,
[2025-01-18 03:40:22,907][       train.py][line: 201][    INFO] (brainmri best): image auroc: 0.9427,
[2025-01-18 03:40:35,412][       train.py][line: 186][    INFO] (brainmri): Epoch: 151, image auroc: 0.9146,
[2025-01-18 03:40:35,412][       train.py][line: 201][    INFO] (brainmri best): image auroc: 0.9427,
[2025-01-18 03:40:47,865][       train.py][line: 186][    INFO] (brainmri): Epoch: 152, image auroc: 0.9179,
[2025-01-18 03:40:47,865][       train.py][line: 201][    INFO] (brainmri best): image auroc: 0.9427,
[2025-01-18 03:41:00,464][       train.py][line: 186][    INFO] (brainmri): Epoch: 153, image auroc: 0.9139,
[2025-01-18 03:41:00,464][       train.py][line: 201][    INFO] (brainmri best): image auroc: 0.9427,
[2025-01-18 03:41:12,912][       train.py][line: 186][    INFO] (brainmri): Epoch: 154, image auroc: 0.9138,
[2025-01-18 03:41:12,913][       train.py][line: 201][    INFO] (brainmri best): image auroc: 0.9427,
[2025-01-18 03:41:18,172][       train.py][line: 264][    INFO] Epoch: [155/200]	Iter: [310/400]	Loss 0.75879 (0.81056)	
[2025-01-18 03:41:25,457][       train.py][line: 186][    INFO] (brainmri): Epoch: 155, image auroc: 0.9215,
[2025-01-18 03:41:25,457][       train.py][line: 201][    INFO] (brainmri best): image auroc: 0.9427,
[2025-01-18 03:41:37,938][       train.py][line: 186][    INFO] (brainmri): Epoch: 156, image auroc: 0.9192,
[2025-01-18 03:41:37,938][       train.py][line: 201][    INFO] (brainmri best): image auroc: 0.9427,
[2025-01-18 03:41:50,542][       train.py][line: 186][    INFO] (brainmri): Epoch: 157, image auroc: 0.9207,
[2025-01-18 03:41:50,542][       train.py][line: 201][    INFO] (brainmri best): image auroc: 0.9427,
[2025-01-18 03:42:03,085][       train.py][line: 186][    INFO] (brainmri): Epoch: 158, image auroc: 0.9283,
[2025-01-18 03:42:03,085][       train.py][line: 201][    INFO] (brainmri best): image auroc: 0.9427,
[2025-01-18 03:42:15,551][       train.py][line: 186][    INFO] (brainmri): Epoch: 159, image auroc: 0.9289,
[2025-01-18 03:42:15,551][       train.py][line: 201][    INFO] (brainmri best): image auroc: 0.9427,
[2025-01-18 03:42:20,919][       train.py][line: 264][    INFO] Epoch: [160/200]	Iter: [320/400]	Loss 0.70663 (0.72072)	
[2025-01-18 03:42:28,329][       train.py][line: 186][    INFO] (brainmri): Epoch: 160, image auroc: 0.9217,
[2025-01-18 03:42:28,329][       train.py][line: 201][    INFO] (brainmri best): image auroc: 0.9427,
[2025-01-18 03:42:40,910][       train.py][line: 186][    INFO] (brainmri): Epoch: 161, image auroc: 0.9007,
[2025-01-18 03:42:40,910][       train.py][line: 201][    INFO] (brainmri best): image auroc: 0.9427,
[2025-01-18 03:42:53,468][       train.py][line: 186][    INFO] (brainmri): Epoch: 162, image auroc: 0.9205,
[2025-01-18 03:42:53,469][       train.py][line: 201][    INFO] (brainmri best): image auroc: 0.9427,
[2025-01-18 03:43:06,034][       train.py][line: 186][    INFO] (brainmri): Epoch: 163, image auroc: 0.9295,
[2025-01-18 03:43:06,035][       train.py][line: 201][    INFO] (brainmri best): image auroc: 0.9427,
[2025-01-18 03:43:18,604][       train.py][line: 186][    INFO] (brainmri): Epoch: 164, image auroc: 0.9275,
[2025-01-18 03:43:18,605][       train.py][line: 201][    INFO] (brainmri best): image auroc: 0.9427,
[2025-01-18 03:43:23,816][       train.py][line: 264][    INFO] Epoch: [165/200]	Iter: [330/400]	Loss 0.77997 (0.81867)	
[2025-01-18 03:43:31,067][       train.py][line: 186][    INFO] (brainmri): Epoch: 165, image auroc: 0.9261,
[2025-01-18 03:43:31,067][       train.py][line: 201][    INFO] (brainmri best): image auroc: 0.9427,
[2025-01-18 03:43:43,542][       train.py][line: 186][    INFO] (brainmri): Epoch: 166, image auroc: 0.9225,
[2025-01-18 03:43:43,542][       train.py][line: 201][    INFO] (brainmri best): image auroc: 0.9427,
[2025-01-18 03:43:56,144][       train.py][line: 186][    INFO] (brainmri): Epoch: 167, image auroc: 0.9209,
[2025-01-18 03:43:56,144][       train.py][line: 201][    INFO] (brainmri best): image auroc: 0.9427,
[2025-01-18 03:44:08,609][       train.py][line: 186][    INFO] (brainmri): Epoch: 168, image auroc: 0.9262,
[2025-01-18 03:44:08,609][       train.py][line: 201][    INFO] (brainmri best): image auroc: 0.9427,
[2025-01-18 03:44:21,152][       train.py][line: 186][    INFO] (brainmri): Epoch: 169, image auroc: 0.9267,
[2025-01-18 03:44:21,152][       train.py][line: 201][    INFO] (brainmri best): image auroc: 0.9427,
[2025-01-18 03:44:26,422][       train.py][line: 264][    INFO] Epoch: [170/200]	Iter: [340/400]	Loss 0.79528 (0.80349)	
[2025-01-18 03:44:33,726][       train.py][line: 186][    INFO] (brainmri): Epoch: 170, image auroc: 0.9200,
[2025-01-18 03:44:33,726][       train.py][line: 201][    INFO] (brainmri best): image auroc: 0.9427,
[2025-01-18 03:44:46,204][       train.py][line: 186][    INFO] (brainmri): Epoch: 171, image auroc: 0.9205,
[2025-01-18 03:44:46,204][       train.py][line: 201][    INFO] (brainmri best): image auroc: 0.9427,
[2025-01-18 03:44:58,793][       train.py][line: 186][    INFO] (brainmri): Epoch: 172, image auroc: 0.9220,
[2025-01-18 03:44:58,793][       train.py][line: 201][    INFO] (brainmri best): image auroc: 0.9427,
[2025-01-18 03:45:11,306][       train.py][line: 186][    INFO] (brainmri): Epoch: 173, image auroc: 0.9217,
[2025-01-18 03:45:11,306][       train.py][line: 201][    INFO] (brainmri best): image auroc: 0.9427,
[2025-01-18 03:45:23,848][       train.py][line: 186][    INFO] (brainmri): Epoch: 174, image auroc: 0.9210,
[2025-01-18 03:45:23,848][       train.py][line: 201][    INFO] (brainmri best): image auroc: 0.9427,
[2025-01-18 03:45:29,128][       train.py][line: 264][    INFO] Epoch: [175/200]	Iter: [350/400]	Loss 0.87934 (0.79892)	
[2025-01-18 03:45:36,419][       train.py][line: 186][    INFO] (brainmri): Epoch: 175, image auroc: 0.9237,
[2025-01-18 03:45:36,420][       train.py][line: 201][    INFO] (brainmri best): image auroc: 0.9427,
[2025-01-18 03:45:48,843][       train.py][line: 186][    INFO] (brainmri): Epoch: 176, image auroc: 0.9181,
[2025-01-18 03:45:48,843][       train.py][line: 201][    INFO] (brainmri best): image auroc: 0.9427,
[2025-01-18 03:46:01,473][       train.py][line: 186][    INFO] (brainmri): Epoch: 177, image auroc: 0.9067,
[2025-01-18 03:46:01,474][       train.py][line: 201][    INFO] (brainmri best): image auroc: 0.9427,
[2025-01-18 03:46:14,013][       train.py][line: 186][    INFO] (brainmri): Epoch: 178, image auroc: 0.9074,
[2025-01-18 03:46:14,013][       train.py][line: 201][    INFO] (brainmri best): image auroc: 0.9427,
[2025-01-18 03:46:26,611][       train.py][line: 186][    INFO] (brainmri): Epoch: 179, image auroc: 0.9217,
[2025-01-18 03:46:26,611][       train.py][line: 201][    INFO] (brainmri best): image auroc: 0.9427,
[2025-01-18 03:46:31,874][       train.py][line: 264][    INFO] Epoch: [180/200]	Iter: [360/400]	Loss 0.74002 (0.79261)	
[2025-01-18 03:46:39,191][       train.py][line: 186][    INFO] (brainmri): Epoch: 180, image auroc: 0.9178,
[2025-01-18 03:46:39,191][       train.py][line: 201][    INFO] (brainmri best): image auroc: 0.9427,
[2025-01-18 03:46:51,716][       train.py][line: 186][    INFO] (brainmri): Epoch: 181, image auroc: 0.9220,
[2025-01-18 03:46:51,717][       train.py][line: 201][    INFO] (brainmri best): image auroc: 0.9427,
[2025-01-18 03:47:04,189][       train.py][line: 186][    INFO] (brainmri): Epoch: 182, image auroc: 0.9231,
[2025-01-18 03:47:04,189][       train.py][line: 201][    INFO] (brainmri best): image auroc: 0.9427,
[2025-01-18 03:47:16,791][       train.py][line: 186][    INFO] (brainmri): Epoch: 183, image auroc: 0.9251,
[2025-01-18 03:47:16,791][       train.py][line: 201][    INFO] (brainmri best): image auroc: 0.9427,
[2025-01-18 03:47:29,365][       train.py][line: 186][    INFO] (brainmri): Epoch: 184, image auroc: 0.9248,
[2025-01-18 03:47:29,365][       train.py][line: 201][    INFO] (brainmri best): image auroc: 0.9427,
[2025-01-18 03:47:34,598][       train.py][line: 264][    INFO] Epoch: [185/200]	Iter: [370/400]	Loss 0.79854 (0.83062)	
[2025-01-18 03:47:41,899][       train.py][line: 186][    INFO] (brainmri): Epoch: 185, image auroc: 0.9184,
[2025-01-18 03:47:41,899][       train.py][line: 201][    INFO] (brainmri best): image auroc: 0.9427,
[2025-01-18 03:47:54,433][       train.py][line: 186][    INFO] (brainmri): Epoch: 186, image auroc: 0.9113,
[2025-01-18 03:47:54,433][       train.py][line: 201][    INFO] (brainmri best): image auroc: 0.9427,
[2025-01-18 03:48:07,062][       train.py][line: 186][    INFO] (brainmri): Epoch: 187, image auroc: 0.9175,
[2025-01-18 03:48:07,062][       train.py][line: 201][    INFO] (brainmri best): image auroc: 0.9427,
[2025-01-18 03:48:19,609][       train.py][line: 186][    INFO] (brainmri): Epoch: 188, image auroc: 0.9197,
[2025-01-18 03:48:19,609][       train.py][line: 201][    INFO] (brainmri best): image auroc: 0.9427,
[2025-01-18 03:48:32,127][       train.py][line: 186][    INFO] (brainmri): Epoch: 189, image auroc: 0.9218,
[2025-01-18 03:48:32,127][       train.py][line: 201][    INFO] (brainmri best): image auroc: 0.9427,
[2025-01-18 03:48:37,444][       train.py][line: 264][    INFO] Epoch: [190/200]	Iter: [380/400]	Loss 0.83638 (0.77036)	
[2025-01-18 03:48:44,703][       train.py][line: 186][    INFO] (brainmri): Epoch: 190, image auroc: 0.9228,
[2025-01-18 03:48:44,703][       train.py][line: 201][    INFO] (brainmri best): image auroc: 0.9427,
[2025-01-18 03:48:57,145][       train.py][line: 186][    INFO] (brainmri): Epoch: 191, image auroc: 0.9186,
[2025-01-18 03:48:57,145][       train.py][line: 201][    INFO] (brainmri best): image auroc: 0.9427,
[2025-01-18 03:49:09,827][       train.py][line: 186][    INFO] (brainmri): Epoch: 192, image auroc: 0.9179,
[2025-01-18 03:49:09,827][       train.py][line: 201][    INFO] (brainmri best): image auroc: 0.9427,
[2025-01-18 03:49:22,412][       train.py][line: 186][    INFO] (brainmri): Epoch: 193, image auroc: 0.9261,
[2025-01-18 03:49:22,412][       train.py][line: 201][    INFO] (brainmri best): image auroc: 0.9427,
[2025-01-18 03:49:35,050][       train.py][line: 186][    INFO] (brainmri): Epoch: 194, image auroc: 0.9234,
[2025-01-18 03:49:35,051][       train.py][line: 201][    INFO] (brainmri best): image auroc: 0.9427,
[2025-01-18 03:49:40,364][       train.py][line: 264][    INFO] Epoch: [195/200]	Iter: [390/400]	Loss 0.75929 (0.80617)	
[2025-01-18 03:49:47,663][       train.py][line: 186][    INFO] (brainmri): Epoch: 195, image auroc: 0.9200,
[2025-01-18 03:49:47,663][       train.py][line: 201][    INFO] (brainmri best): image auroc: 0.9427,
[2025-01-18 03:50:00,275][       train.py][line: 186][    INFO] (brainmri): Epoch: 196, image auroc: 0.9205,
[2025-01-18 03:50:00,275][       train.py][line: 201][    INFO] (brainmri best): image auroc: 0.9427,
[2025-01-18 03:50:13,015][       train.py][line: 186][    INFO] (brainmri): Epoch: 197, image auroc: 0.9083,
[2025-01-18 03:50:13,015][       train.py][line: 201][    INFO] (brainmri best): image auroc: 0.9427,
[2025-01-18 03:50:26,193][       train.py][line: 186][    INFO] (brainmri): Epoch: 198, image auroc: 0.9132,
[2025-01-18 03:50:26,194][       train.py][line: 201][    INFO] (brainmri best): image auroc: 0.9427,
[2025-01-18 03:50:39,185][       train.py][line: 186][    INFO] (brainmri): Epoch: 199, image auroc: 0.9162,
[2025-01-18 03:50:39,185][       train.py][line: 201][    INFO] (brainmri best): image auroc: 0.9427,
[2025-01-18 03:50:44,769][       train.py][line: 264][    INFO] Epoch: [200/200]	Iter: [400/400]	Loss 0.73734 (0.76158)	
[2025-01-18 03:50:52,165][       train.py][line: 186][    INFO] (brainmri): Epoch: 200, image auroc: 0.9215,
[2025-01-18 03:50:52,166][       train.py][line: 201][    INFO] (brainmri best): image auroc: 0.9427,
