[2025-01-23 17:23:40,346][       train.py][line:  74][    INFO] config: Namespace(config_path='config/brainmri.yaml', k_shot=16, config={'version': 'v1.0.0', 'random_seed': 100, 'data_root': 'data', 'train_dataset': 'brainmri', 'test_datasets': ['brainmri'], 'epoch': 200, 'batch_size': 8, 'print_freq_step': 10, 'val_freq_epoch': 1, 'image_size': 224, 'model_name': 'RN50', 'layers_out': [1, 2, 3, 4], 'anomaly_tasks': {'CutpasteTask': 0.25, 'GaussIntensityChangeTask': 0.25, 'SourceTask': 0.25, 'IdentityTask': 0.25}, 'prompt_maker': 'coop', 'n_learnable_token': 8, 'CSC': True, 'class_token_positions': ['end'], 'save_root': 'results/2025_01_23_17_23_40', 'prompts': {'normal': ['normal', 'healthy', 'negative', 'unremarkable', 'clear', 'asymptomatic', 'normal findings', 'no findings', 'in good health', 'no evidence of disease'], 'abnormal': ['abnormal', 'positive', 'symptomatic', 'disease', 'lesion', 'pathological', 'impaired', 'evidence of disease', 'abnormal finding', 'pathological condition', 'pathological abnormality']}, 'model_cfg': {'embed_dim': 1024, 'vision_cfg': {'image_size': 224, 'layers': [3, 4, 6, 3], 'width': 64, 'patch_size': None}, 'text_cfg': {'context_length': 77, 'vocab_size': 49408, 'width': 512, 'heads': 8, 'layers': 12}}})
[2025-01-23 17:23:40,381][       train.py][line:  81][    INFO] load CoOp
[2025-01-23 17:23:40,514][       train.py][line: 138][    INFO] train data (brainmri) len 16
[2025-01-23 17:23:40,514][       train.py][line: 141][    INFO] test data (brainmri) len 220
[2025-01-23 17:23:40,514][       train.py][line: 144][    INFO] anomaly syn task is CutpasteTask, sampling probability is 0.25
[2025-01-23 17:23:40,514][       train.py][line: 144][    INFO] anomaly syn task is GaussIntensityChangeTask, sampling probability is 0.25
[2025-01-23 17:23:40,514][       train.py][line: 144][    INFO] anomaly syn task is SourceTask, sampling probability is 0.25
[2025-01-23 17:23:40,514][       train.py][line: 144][    INFO] anomaly syn task is IdentityTask, sampling probability is 0.25
[2025-01-23 17:23:50,928][       train.py][line: 193][    INFO] (brainmri): Epoch: 1, image auroc: 0.6519,
[2025-01-23 17:23:50,928][       train.py][line: 208][    INFO] (brainmri best): image auroc: 0.6519,
[2025-01-23 17:23:50,928][       train.py][line: 215][    INFO] save checkpoints in epoch: 1
[2025-01-23 17:24:01,365][       train.py][line: 193][    INFO] (brainmri): Epoch: 2, image auroc: 0.6209,
[2025-01-23 17:24:01,365][       train.py][line: 208][    INFO] (brainmri best): image auroc: 0.6519,
[2025-01-23 17:24:11,746][       train.py][line: 193][    INFO] (brainmri): Epoch: 3, image auroc: 0.6088,
[2025-01-23 17:24:11,746][       train.py][line: 208][    INFO] (brainmri best): image auroc: 0.6519,
[2025-01-23 17:24:22,195][       train.py][line: 193][    INFO] (brainmri): Epoch: 4, image auroc: 0.6467,
[2025-01-23 17:24:22,195][       train.py][line: 208][    INFO] (brainmri best): image auroc: 0.6519,
[2025-01-23 17:24:27,344][       train.py][line: 271][    INFO] Epoch: [5/200]	Iter: [10/400]	Loss 0.98795 (0.96986)	
[2025-01-23 17:24:32,508][       train.py][line: 193][    INFO] (brainmri): Epoch: 5, image auroc: 0.6443,
[2025-01-23 17:24:32,509][       train.py][line: 208][    INFO] (brainmri best): image auroc: 0.6519,
[2025-01-23 17:24:42,968][       train.py][line: 193][    INFO] (brainmri): Epoch: 6, image auroc: 0.6823,
[2025-01-23 17:24:42,968][       train.py][line: 208][    INFO] (brainmri best): image auroc: 0.6823,
[2025-01-23 17:24:42,968][       train.py][line: 215][    INFO] save checkpoints in epoch: 6
[2025-01-23 17:24:53,314][       train.py][line: 193][    INFO] (brainmri): Epoch: 7, image auroc: 0.7208,
[2025-01-23 17:24:53,314][       train.py][line: 208][    INFO] (brainmri best): image auroc: 0.7208,
[2025-01-23 17:24:53,314][       train.py][line: 215][    INFO] save checkpoints in epoch: 7
[2025-01-23 17:25:04,024][       train.py][line: 193][    INFO] (brainmri): Epoch: 8, image auroc: 0.7894,
[2025-01-23 17:25:04,025][       train.py][line: 208][    INFO] (brainmri best): image auroc: 0.7894,
[2025-01-23 17:25:04,025][       train.py][line: 215][    INFO] save checkpoints in epoch: 8
[2025-01-23 17:25:14,500][       train.py][line: 193][    INFO] (brainmri): Epoch: 9, image auroc: 0.7462,
[2025-01-23 17:25:14,500][       train.py][line: 208][    INFO] (brainmri best): image auroc: 0.7894,
[2025-01-23 17:25:19,743][       train.py][line: 271][    INFO] Epoch: [10/200]	Iter: [20/400]	Loss 0.92450 (0.92915)	
[2025-01-23 17:25:24,886][       train.py][line: 193][    INFO] (brainmri): Epoch: 10, image auroc: 0.8240,
[2025-01-23 17:25:24,887][       train.py][line: 208][    INFO] (brainmri best): image auroc: 0.8240,
[2025-01-23 17:25:24,887][       train.py][line: 215][    INFO] save checkpoints in epoch: 10
[2025-01-23 17:25:35,244][       train.py][line: 193][    INFO] (brainmri): Epoch: 11, image auroc: 0.8101,
[2025-01-23 17:25:35,245][       train.py][line: 208][    INFO] (brainmri best): image auroc: 0.8240,
[2025-01-23 17:25:45,465][       train.py][line: 193][    INFO] (brainmri): Epoch: 12, image auroc: 0.8057,
[2025-01-23 17:25:45,466][       train.py][line: 208][    INFO] (brainmri best): image auroc: 0.8240,
[2025-01-23 17:25:55,660][       train.py][line: 193][    INFO] (brainmri): Epoch: 13, image auroc: 0.8308,
[2025-01-23 17:25:55,660][       train.py][line: 208][    INFO] (brainmri best): image auroc: 0.8308,
[2025-01-23 17:25:55,660][       train.py][line: 215][    INFO] save checkpoints in epoch: 13
[2025-01-23 17:26:05,926][       train.py][line: 193][    INFO] (brainmri): Epoch: 14, image auroc: 0.8304,
[2025-01-23 17:26:05,926][       train.py][line: 208][    INFO] (brainmri best): image auroc: 0.8308,
[2025-01-23 17:26:11,139][       train.py][line: 271][    INFO] Epoch: [15/200]	Iter: [30/400]	Loss 0.91543 (0.92472)	
[2025-01-23 17:26:16,349][       train.py][line: 193][    INFO] (brainmri): Epoch: 15, image auroc: 0.8406,
[2025-01-23 17:26:16,349][       train.py][line: 208][    INFO] (brainmri best): image auroc: 0.8406,
[2025-01-23 17:26:16,349][       train.py][line: 215][    INFO] save checkpoints in epoch: 15
[2025-01-23 17:26:26,859][       train.py][line: 193][    INFO] (brainmri): Epoch: 16, image auroc: 0.8514,
[2025-01-23 17:26:26,859][       train.py][line: 208][    INFO] (brainmri best): image auroc: 0.8514,
[2025-01-23 17:26:26,859][       train.py][line: 215][    INFO] save checkpoints in epoch: 16
[2025-01-23 17:26:37,302][       train.py][line: 193][    INFO] (brainmri): Epoch: 17, image auroc: 0.8329,
[2025-01-23 17:26:37,302][       train.py][line: 208][    INFO] (brainmri best): image auroc: 0.8514,
[2025-01-23 17:26:47,699][       train.py][line: 193][    INFO] (brainmri): Epoch: 18, image auroc: 0.8594,
[2025-01-23 17:26:47,700][       train.py][line: 208][    INFO] (brainmri best): image auroc: 0.8594,
[2025-01-23 17:26:47,700][       train.py][line: 215][    INFO] save checkpoints in epoch: 18
[2025-01-23 17:26:58,080][       train.py][line: 193][    INFO] (brainmri): Epoch: 19, image auroc: 0.8592,
[2025-01-23 17:26:58,080][       train.py][line: 208][    INFO] (brainmri best): image auroc: 0.8594,
[2025-01-23 17:27:03,325][       train.py][line: 271][    INFO] Epoch: [20/200]	Iter: [40/400]	Loss 0.83846 (0.82226)	
[2025-01-23 17:27:08,625][       train.py][line: 193][    INFO] (brainmri): Epoch: 20, image auroc: 0.8531,
[2025-01-23 17:27:08,625][       train.py][line: 208][    INFO] (brainmri best): image auroc: 0.8594,
[2025-01-23 17:27:19,018][       train.py][line: 193][    INFO] (brainmri): Epoch: 21, image auroc: 0.8474,
[2025-01-23 17:27:19,019][       train.py][line: 208][    INFO] (brainmri best): image auroc: 0.8594,
[2025-01-23 17:27:29,385][       train.py][line: 193][    INFO] (brainmri): Epoch: 22, image auroc: 0.8337,
[2025-01-23 17:27:29,385][       train.py][line: 208][    INFO] (brainmri best): image auroc: 0.8594,
[2025-01-23 17:27:39,837][       train.py][line: 193][    INFO] (brainmri): Epoch: 23, image auroc: 0.8200,
[2025-01-23 17:27:39,838][       train.py][line: 208][    INFO] (brainmri best): image auroc: 0.8594,
[2025-01-23 17:27:50,565][       train.py][line: 193][    INFO] (brainmri): Epoch: 24, image auroc: 0.7808,
[2025-01-23 17:27:50,565][       train.py][line: 208][    INFO] (brainmri best): image auroc: 0.8594,
[2025-01-23 17:27:55,807][       train.py][line: 271][    INFO] Epoch: [25/200]	Iter: [50/400]	Loss 0.95062 (0.90658)	
[2025-01-23 17:28:01,007][       train.py][line: 193][    INFO] (brainmri): Epoch: 25, image auroc: 0.8048,
[2025-01-23 17:28:01,007][       train.py][line: 208][    INFO] (brainmri best): image auroc: 0.8594,
[2025-01-23 17:28:11,795][       train.py][line: 193][    INFO] (brainmri): Epoch: 26, image auroc: 0.7895,
[2025-01-23 17:28:11,796][       train.py][line: 208][    INFO] (brainmri best): image auroc: 0.8594,
[2025-01-23 17:28:21,969][       train.py][line: 193][    INFO] (brainmri): Epoch: 27, image auroc: 0.7805,
[2025-01-23 17:28:21,969][       train.py][line: 208][    INFO] (brainmri best): image auroc: 0.8594,
[2025-01-23 17:28:32,144][       train.py][line: 193][    INFO] (brainmri): Epoch: 28, image auroc: 0.7830,
[2025-01-23 17:28:32,144][       train.py][line: 208][    INFO] (brainmri best): image auroc: 0.8594,
[2025-01-23 17:28:42,416][       train.py][line: 193][    INFO] (brainmri): Epoch: 29, image auroc: 0.7610,
[2025-01-23 17:28:42,416][       train.py][line: 208][    INFO] (brainmri best): image auroc: 0.8594,
[2025-01-23 17:28:47,526][       train.py][line: 271][    INFO] Epoch: [30/200]	Iter: [60/400]	Loss 0.84699 (0.88953)	
[2025-01-23 17:28:52,599][       train.py][line: 193][    INFO] (brainmri): Epoch: 30, image auroc: 0.7733,
[2025-01-23 17:28:52,599][       train.py][line: 208][    INFO] (brainmri best): image auroc: 0.8594,
[2025-01-23 17:29:02,730][       train.py][line: 193][    INFO] (brainmri): Epoch: 31, image auroc: 0.7869,
[2025-01-23 17:29:02,730][       train.py][line: 208][    INFO] (brainmri best): image auroc: 0.8594,
[2025-01-23 17:29:13,047][       train.py][line: 193][    INFO] (brainmri): Epoch: 32, image auroc: 0.7830,
[2025-01-23 17:29:13,048][       train.py][line: 208][    INFO] (brainmri best): image auroc: 0.8594,
[2025-01-23 17:29:23,367][       train.py][line: 193][    INFO] (brainmri): Epoch: 33, image auroc: 0.7877,
[2025-01-23 17:29:23,367][       train.py][line: 208][    INFO] (brainmri best): image auroc: 0.8594,
[2025-01-23 17:29:33,682][       train.py][line: 193][    INFO] (brainmri): Epoch: 34, image auroc: 0.8250,
[2025-01-23 17:29:33,682][       train.py][line: 208][    INFO] (brainmri best): image auroc: 0.8594,
[2025-01-23 17:29:38,788][       train.py][line: 271][    INFO] Epoch: [35/200]	Iter: [70/400]	Loss 0.91259 (0.86537)	
[2025-01-23 17:29:43,842][       train.py][line: 193][    INFO] (brainmri): Epoch: 35, image auroc: 0.8416,
[2025-01-23 17:29:43,842][       train.py][line: 208][    INFO] (brainmri best): image auroc: 0.8594,
[2025-01-23 17:29:54,013][       train.py][line: 193][    INFO] (brainmri): Epoch: 36, image auroc: 0.8411,
[2025-01-23 17:29:54,013][       train.py][line: 208][    INFO] (brainmri best): image auroc: 0.8594,
[2025-01-23 17:30:04,421][       train.py][line: 193][    INFO] (brainmri): Epoch: 37, image auroc: 0.8388,
[2025-01-23 17:30:04,421][       train.py][line: 208][    INFO] (brainmri best): image auroc: 0.8594,
[2025-01-23 17:30:14,730][       train.py][line: 193][    INFO] (brainmri): Epoch: 38, image auroc: 0.8216,
[2025-01-23 17:30:14,730][       train.py][line: 208][    INFO] (brainmri best): image auroc: 0.8594,
[2025-01-23 17:30:25,054][       train.py][line: 193][    INFO] (brainmri): Epoch: 39, image auroc: 0.8082,
[2025-01-23 17:30:25,054][       train.py][line: 208][    INFO] (brainmri best): image auroc: 0.8594,
[2025-01-23 17:30:30,160][       train.py][line: 271][    INFO] Epoch: [40/200]	Iter: [80/400]	Loss 0.96300 (0.92206)	
[2025-01-23 17:30:35,357][       train.py][line: 193][    INFO] (brainmri): Epoch: 40, image auroc: 0.8141,
[2025-01-23 17:30:35,357][       train.py][line: 208][    INFO] (brainmri best): image auroc: 0.8594,
[2025-01-23 17:30:45,600][       train.py][line: 193][    INFO] (brainmri): Epoch: 41, image auroc: 0.7776,
[2025-01-23 17:30:45,600][       train.py][line: 208][    INFO] (brainmri best): image auroc: 0.8594,
[2025-01-23 17:30:55,936][       train.py][line: 193][    INFO] (brainmri): Epoch: 42, image auroc: 0.8064,
[2025-01-23 17:30:55,936][       train.py][line: 208][    INFO] (brainmri best): image auroc: 0.8594,
[2025-01-23 17:31:06,285][       train.py][line: 193][    INFO] (brainmri): Epoch: 43, image auroc: 0.8283,
[2025-01-23 17:31:06,286][       train.py][line: 208][    INFO] (brainmri best): image auroc: 0.8594,
[2025-01-23 17:31:16,525][       train.py][line: 193][    INFO] (brainmri): Epoch: 44, image auroc: 0.8204,
[2025-01-23 17:31:16,525][       train.py][line: 208][    INFO] (brainmri best): image auroc: 0.8594,
[2025-01-23 17:31:21,637][       train.py][line: 271][    INFO] Epoch: [45/200]	Iter: [90/400]	Loss 0.93583 (0.91177)	
[2025-01-23 17:31:26,757][       train.py][line: 193][    INFO] (brainmri): Epoch: 45, image auroc: 0.8269,
[2025-01-23 17:31:26,757][       train.py][line: 208][    INFO] (brainmri best): image auroc: 0.8594,
[2025-01-23 17:31:36,940][       train.py][line: 193][    INFO] (brainmri): Epoch: 46, image auroc: 0.8389,
[2025-01-23 17:31:36,940][       train.py][line: 208][    INFO] (brainmri best): image auroc: 0.8594,
[2025-01-23 17:31:47,105][       train.py][line: 193][    INFO] (brainmri): Epoch: 47, image auroc: 0.7895,
[2025-01-23 17:31:47,105][       train.py][line: 208][    INFO] (brainmri best): image auroc: 0.8594,
[2025-01-23 17:31:57,363][       train.py][line: 193][    INFO] (brainmri): Epoch: 48, image auroc: 0.8140,
[2025-01-23 17:31:57,363][       train.py][line: 208][    INFO] (brainmri best): image auroc: 0.8594,
[2025-01-23 17:32:07,603][       train.py][line: 193][    INFO] (brainmri): Epoch: 49, image auroc: 0.8209,
[2025-01-23 17:32:07,603][       train.py][line: 208][    INFO] (brainmri best): image auroc: 0.8594,
[2025-01-23 17:32:12,731][       train.py][line: 271][    INFO] Epoch: [50/200]	Iter: [100/400]	Loss 0.90275 (0.92711)	
[2025-01-23 17:32:17,861][       train.py][line: 193][    INFO] (brainmri): Epoch: 50, image auroc: 0.8045,
[2025-01-23 17:32:17,861][       train.py][line: 208][    INFO] (brainmri best): image auroc: 0.8594,
[2025-01-23 17:32:28,236][       train.py][line: 193][    INFO] (brainmri): Epoch: 51, image auroc: 0.8188,
[2025-01-23 17:32:28,236][       train.py][line: 208][    INFO] (brainmri best): image auroc: 0.8594,
[2025-01-23 17:32:38,471][       train.py][line: 193][    INFO] (brainmri): Epoch: 52, image auroc: 0.8333,
[2025-01-23 17:32:38,471][       train.py][line: 208][    INFO] (brainmri best): image auroc: 0.8594,
[2025-01-23 17:32:48,668][       train.py][line: 193][    INFO] (brainmri): Epoch: 53, image auroc: 0.8382,
[2025-01-23 17:32:48,668][       train.py][line: 208][    INFO] (brainmri best): image auroc: 0.8594,
[2025-01-23 17:32:59,033][       train.py][line: 193][    INFO] (brainmri): Epoch: 54, image auroc: 0.8078,
[2025-01-23 17:32:59,033][       train.py][line: 208][    INFO] (brainmri best): image auroc: 0.8594,
[2025-01-23 17:33:04,272][       train.py][line: 271][    INFO] Epoch: [55/200]	Iter: [110/400]	Loss 0.75867 (0.80241)	
[2025-01-23 17:33:09,426][       train.py][line: 193][    INFO] (brainmri): Epoch: 55, image auroc: 0.8022,
[2025-01-23 17:33:09,427][       train.py][line: 208][    INFO] (brainmri best): image auroc: 0.8594,
[2025-01-23 17:33:19,791][       train.py][line: 193][    INFO] (brainmri): Epoch: 56, image auroc: 0.7422,
[2025-01-23 17:33:19,791][       train.py][line: 208][    INFO] (brainmri best): image auroc: 0.8594,
[2025-01-23 17:33:30,050][       train.py][line: 193][    INFO] (brainmri): Epoch: 57, image auroc: 0.7546,
[2025-01-23 17:33:30,051][       train.py][line: 208][    INFO] (brainmri best): image auroc: 0.8594,
[2025-01-23 17:33:40,383][       train.py][line: 193][    INFO] (brainmri): Epoch: 58, image auroc: 0.7722,
[2025-01-23 17:33:40,384][       train.py][line: 208][    INFO] (brainmri best): image auroc: 0.8594,
[2025-01-23 17:33:50,594][       train.py][line: 193][    INFO] (brainmri): Epoch: 59, image auroc: 0.7850,
[2025-01-23 17:33:50,595][       train.py][line: 208][    INFO] (brainmri best): image auroc: 0.8594,
[2025-01-23 17:33:55,725][       train.py][line: 271][    INFO] Epoch: [60/200]	Iter: [120/400]	Loss 0.88895 (0.82156)	
[2025-01-23 17:34:00,841][       train.py][line: 193][    INFO] (brainmri): Epoch: 60, image auroc: 0.8024,
[2025-01-23 17:34:00,841][       train.py][line: 208][    INFO] (brainmri best): image auroc: 0.8594,
[2025-01-23 17:34:11,050][       train.py][line: 193][    INFO] (brainmri): Epoch: 61, image auroc: 0.8317,
[2025-01-23 17:34:11,050][       train.py][line: 208][    INFO] (brainmri best): image auroc: 0.8594,
[2025-01-23 17:34:21,338][       train.py][line: 193][    INFO] (brainmri): Epoch: 62, image auroc: 0.8304,
[2025-01-23 17:34:21,338][       train.py][line: 208][    INFO] (brainmri best): image auroc: 0.8594,
[2025-01-23 17:34:31,723][       train.py][line: 193][    INFO] (brainmri): Epoch: 63, image auroc: 0.8329,
[2025-01-23 17:34:31,723][       train.py][line: 208][    INFO] (brainmri best): image auroc: 0.8594,
[2025-01-23 17:34:41,980][       train.py][line: 193][    INFO] (brainmri): Epoch: 64, image auroc: 0.8456,
[2025-01-23 17:34:41,980][       train.py][line: 208][    INFO] (brainmri best): image auroc: 0.8594,
[2025-01-23 17:34:47,143][       train.py][line: 271][    INFO] Epoch: [65/200]	Iter: [130/400]	Loss 0.89337 (0.88543)	
[2025-01-23 17:34:52,251][       train.py][line: 193][    INFO] (brainmri): Epoch: 65, image auroc: 0.8488,
[2025-01-23 17:34:52,251][       train.py][line: 208][    INFO] (brainmri best): image auroc: 0.8594,
[2025-01-23 17:35:02,398][       train.py][line: 193][    INFO] (brainmri): Epoch: 66, image auroc: 0.8517,
[2025-01-23 17:35:02,399][       train.py][line: 208][    INFO] (brainmri best): image auroc: 0.8594,
[2025-01-23 17:35:12,621][       train.py][line: 193][    INFO] (brainmri): Epoch: 67, image auroc: 0.8012,
[2025-01-23 17:35:12,622][       train.py][line: 208][    INFO] (brainmri best): image auroc: 0.8594,
[2025-01-23 17:35:22,849][       train.py][line: 193][    INFO] (brainmri): Epoch: 68, image auroc: 0.7389,
[2025-01-23 17:35:22,849][       train.py][line: 208][    INFO] (brainmri best): image auroc: 0.8594,
[2025-01-23 17:35:33,046][       train.py][line: 193][    INFO] (brainmri): Epoch: 69, image auroc: 0.7872,
[2025-01-23 17:35:33,046][       train.py][line: 208][    INFO] (brainmri best): image auroc: 0.8594,
[2025-01-23 17:35:38,186][       train.py][line: 271][    INFO] Epoch: [70/200]	Iter: [140/400]	Loss 0.82411 (0.86603)	
[2025-01-23 17:35:43,296][       train.py][line: 193][    INFO] (brainmri): Epoch: 70, image auroc: 0.7831,
[2025-01-23 17:35:43,296][       train.py][line: 208][    INFO] (brainmri best): image auroc: 0.8594,
[2025-01-23 17:35:53,567][       train.py][line: 193][    INFO] (brainmri): Epoch: 71, image auroc: 0.7805,
[2025-01-23 17:35:53,568][       train.py][line: 208][    INFO] (brainmri best): image auroc: 0.8594,
[2025-01-23 17:36:03,964][       train.py][line: 193][    INFO] (brainmri): Epoch: 72, image auroc: 0.7613,
[2025-01-23 17:36:03,965][       train.py][line: 208][    INFO] (brainmri best): image auroc: 0.8594,
[2025-01-23 17:36:14,551][       train.py][line: 193][    INFO] (brainmri): Epoch: 73, image auroc: 0.7190,
[2025-01-23 17:36:14,552][       train.py][line: 208][    INFO] (brainmri best): image auroc: 0.8594,
[2025-01-23 17:36:24,780][       train.py][line: 193][    INFO] (brainmri): Epoch: 74, image auroc: 0.7754,
[2025-01-23 17:36:24,780][       train.py][line: 208][    INFO] (brainmri best): image auroc: 0.8594,
[2025-01-23 17:36:29,977][       train.py][line: 271][    INFO] Epoch: [75/200]	Iter: [150/400]	Loss 0.79338 (0.81752)	
[2025-01-23 17:36:35,184][       train.py][line: 193][    INFO] (brainmri): Epoch: 75, image auroc: 0.7930,
[2025-01-23 17:36:35,184][       train.py][line: 208][    INFO] (brainmri best): image auroc: 0.8594,
[2025-01-23 17:36:45,474][       train.py][line: 193][    INFO] (brainmri): Epoch: 76, image auroc: 0.8270,
[2025-01-23 17:36:45,474][       train.py][line: 208][    INFO] (brainmri best): image auroc: 0.8594,
[2025-01-23 17:36:55,760][       train.py][line: 193][    INFO] (brainmri): Epoch: 77, image auroc: 0.8399,
[2025-01-23 17:36:55,760][       train.py][line: 208][    INFO] (brainmri best): image auroc: 0.8594,
[2025-01-23 17:37:06,162][       train.py][line: 193][    INFO] (brainmri): Epoch: 78, image auroc: 0.8547,
[2025-01-23 17:37:06,162][       train.py][line: 208][    INFO] (brainmri best): image auroc: 0.8594,
[2025-01-23 17:37:16,393][       train.py][line: 193][    INFO] (brainmri): Epoch: 79, image auroc: 0.8145,
[2025-01-23 17:37:16,393][       train.py][line: 208][    INFO] (brainmri best): image auroc: 0.8594,
[2025-01-23 17:37:21,467][       train.py][line: 271][    INFO] Epoch: [80/200]	Iter: [160/400]	Loss 0.89649 (0.88760)	
[2025-01-23 17:37:26,665][       train.py][line: 193][    INFO] (brainmri): Epoch: 80, image auroc: 0.8095,
[2025-01-23 17:37:26,665][       train.py][line: 208][    INFO] (brainmri best): image auroc: 0.8594,
[2025-01-23 17:37:37,378][       train.py][line: 193][    INFO] (brainmri): Epoch: 81, image auroc: 0.8069,
[2025-01-23 17:37:37,378][       train.py][line: 208][    INFO] (brainmri best): image auroc: 0.8594,
[2025-01-23 17:37:47,960][       train.py][line: 193][    INFO] (brainmri): Epoch: 82, image auroc: 0.8100,
[2025-01-23 17:37:47,960][       train.py][line: 208][    INFO] (brainmri best): image auroc: 0.8594,
[2025-01-23 17:37:58,337][       train.py][line: 193][    INFO] (brainmri): Epoch: 83, image auroc: 0.8236,
[2025-01-23 17:37:58,337][       train.py][line: 208][    INFO] (brainmri best): image auroc: 0.8594,
[2025-01-23 17:38:08,842][       train.py][line: 193][    INFO] (brainmri): Epoch: 84, image auroc: 0.8344,
[2025-01-23 17:38:08,842][       train.py][line: 208][    INFO] (brainmri best): image auroc: 0.8594,
[2025-01-23 17:38:14,292][       train.py][line: 271][    INFO] Epoch: [85/200]	Iter: [170/400]	Loss 0.80394 (0.84621)	
[2025-01-23 17:38:19,614][       train.py][line: 193][    INFO] (brainmri): Epoch: 85, image auroc: 0.8383,
[2025-01-23 17:38:19,615][       train.py][line: 208][    INFO] (brainmri best): image auroc: 0.8594,
[2025-01-23 17:38:30,155][       train.py][line: 193][    INFO] (brainmri): Epoch: 86, image auroc: 0.8407,
[2025-01-23 17:38:30,155][       train.py][line: 208][    INFO] (brainmri best): image auroc: 0.8594,
[2025-01-23 17:38:40,638][       train.py][line: 193][    INFO] (brainmri): Epoch: 87, image auroc: 0.8380,
[2025-01-23 17:38:40,639][       train.py][line: 208][    INFO] (brainmri best): image auroc: 0.8594,
[2025-01-23 17:38:50,953][       train.py][line: 193][    INFO] (brainmri): Epoch: 88, image auroc: 0.8085,
[2025-01-23 17:38:50,954][       train.py][line: 208][    INFO] (brainmri best): image auroc: 0.8594,
[2025-01-23 17:39:01,517][       train.py][line: 193][    INFO] (brainmri): Epoch: 89, image auroc: 0.8537,
[2025-01-23 17:39:01,518][       train.py][line: 208][    INFO] (brainmri best): image auroc: 0.8594,
[2025-01-23 17:39:06,791][       train.py][line: 271][    INFO] Epoch: [90/200]	Iter: [180/400]	Loss 0.81035 (0.80726)	
[2025-01-23 17:39:12,109][       train.py][line: 193][    INFO] (brainmri): Epoch: 90, image auroc: 0.8011,
[2025-01-23 17:39:12,109][       train.py][line: 208][    INFO] (brainmri best): image auroc: 0.8594,
[2025-01-23 17:39:22,638][       train.py][line: 193][    INFO] (brainmri): Epoch: 91, image auroc: 0.7619,
[2025-01-23 17:39:22,639][       train.py][line: 208][    INFO] (brainmri best): image auroc: 0.8594,
[2025-01-23 17:39:32,776][       train.py][line: 193][    INFO] (brainmri): Epoch: 92, image auroc: 0.7272,
[2025-01-23 17:39:32,776][       train.py][line: 208][    INFO] (brainmri best): image auroc: 0.8594,
[2025-01-23 17:39:43,028][       train.py][line: 193][    INFO] (brainmri): Epoch: 93, image auroc: 0.8274,
[2025-01-23 17:39:43,028][       train.py][line: 208][    INFO] (brainmri best): image auroc: 0.8594,
[2025-01-23 17:39:53,339][       train.py][line: 193][    INFO] (brainmri): Epoch: 94, image auroc: 0.8544,
[2025-01-23 17:39:53,339][       train.py][line: 208][    INFO] (brainmri best): image auroc: 0.8594,
[2025-01-23 17:39:58,751][       train.py][line: 271][    INFO] Epoch: [95/200]	Iter: [190/400]	Loss 0.86643 (0.83342)	
[2025-01-23 17:40:03,880][       train.py][line: 193][    INFO] (brainmri): Epoch: 95, image auroc: 0.8293,
[2025-01-23 17:40:03,880][       train.py][line: 208][    INFO] (brainmri best): image auroc: 0.8594,
[2025-01-23 17:40:14,176][       train.py][line: 193][    INFO] (brainmri): Epoch: 96, image auroc: 0.8297,
[2025-01-23 17:40:14,176][       train.py][line: 208][    INFO] (brainmri best): image auroc: 0.8594,
[2025-01-23 17:40:24,483][       train.py][line: 193][    INFO] (brainmri): Epoch: 97, image auroc: 0.8394,
[2025-01-23 17:40:24,483][       train.py][line: 208][    INFO] (brainmri best): image auroc: 0.8594,
[2025-01-23 17:40:34,801][       train.py][line: 193][    INFO] (brainmri): Epoch: 98, image auroc: 0.8508,
[2025-01-23 17:40:34,802][       train.py][line: 208][    INFO] (brainmri best): image auroc: 0.8594,
[2025-01-23 17:40:45,204][       train.py][line: 193][    INFO] (brainmri): Epoch: 99, image auroc: 0.8421,
[2025-01-23 17:40:45,204][       train.py][line: 208][    INFO] (brainmri best): image auroc: 0.8594,
[2025-01-23 17:40:50,267][       train.py][line: 271][    INFO] Epoch: [100/200]	Iter: [200/400]	Loss 0.88627 (0.84206)	
[2025-01-23 17:40:55,406][       train.py][line: 193][    INFO] (brainmri): Epoch: 100, image auroc: 0.8207,
[2025-01-23 17:40:55,406][       train.py][line: 208][    INFO] (brainmri best): image auroc: 0.8594,
[2025-01-23 17:41:05,661][       train.py][line: 193][    INFO] (brainmri): Epoch: 101, image auroc: 0.8172,
[2025-01-23 17:41:05,661][       train.py][line: 208][    INFO] (brainmri best): image auroc: 0.8594,
[2025-01-23 17:41:15,893][       train.py][line: 193][    INFO] (brainmri): Epoch: 102, image auroc: 0.8064,
[2025-01-23 17:41:15,893][       train.py][line: 208][    INFO] (brainmri best): image auroc: 0.8594,
[2025-01-23 17:41:26,202][       train.py][line: 193][    INFO] (brainmri): Epoch: 103, image auroc: 0.7914,
[2025-01-23 17:41:26,202][       train.py][line: 208][    INFO] (brainmri best): image auroc: 0.8594,
[2025-01-23 17:41:36,416][       train.py][line: 193][    INFO] (brainmri): Epoch: 104, image auroc: 0.7826,
[2025-01-23 17:41:36,416][       train.py][line: 208][    INFO] (brainmri best): image auroc: 0.8594,
[2025-01-23 17:41:41,643][       train.py][line: 271][    INFO] Epoch: [105/200]	Iter: [210/400]	Loss 0.78480 (0.79149)	
[2025-01-23 17:41:46,817][       train.py][line: 193][    INFO] (brainmri): Epoch: 105, image auroc: 0.7591,
[2025-01-23 17:41:46,817][       train.py][line: 208][    INFO] (brainmri best): image auroc: 0.8594,
[2025-01-23 17:41:57,055][       train.py][line: 193][    INFO] (brainmri): Epoch: 106, image auroc: 0.7918,
[2025-01-23 17:41:57,055][       train.py][line: 208][    INFO] (brainmri best): image auroc: 0.8594,
[2025-01-23 17:42:07,483][       train.py][line: 193][    INFO] (brainmri): Epoch: 107, image auroc: 0.7798,
[2025-01-23 17:42:07,483][       train.py][line: 208][    INFO] (brainmri best): image auroc: 0.8594,
[2025-01-23 17:42:17,714][       train.py][line: 193][    INFO] (brainmri): Epoch: 108, image auroc: 0.7754,
[2025-01-23 17:42:17,715][       train.py][line: 208][    INFO] (brainmri best): image auroc: 0.8594,
[2025-01-23 17:42:28,191][       train.py][line: 193][    INFO] (brainmri): Epoch: 109, image auroc: 0.8148,
[2025-01-23 17:42:28,192][       train.py][line: 208][    INFO] (brainmri best): image auroc: 0.8594,
[2025-01-23 17:42:33,398][       train.py][line: 271][    INFO] Epoch: [110/200]	Iter: [220/400]	Loss 0.81979 (0.84767)	
[2025-01-23 17:42:38,561][       train.py][line: 193][    INFO] (brainmri): Epoch: 110, image auroc: 0.8161,
[2025-01-23 17:42:38,562][       train.py][line: 208][    INFO] (brainmri best): image auroc: 0.8594,
[2025-01-23 17:42:48,849][       train.py][line: 193][    INFO] (brainmri): Epoch: 111, image auroc: 0.7878,
[2025-01-23 17:42:48,850][       train.py][line: 208][    INFO] (brainmri best): image auroc: 0.8594,
[2025-01-23 17:42:59,137][       train.py][line: 193][    INFO] (brainmri): Epoch: 112, image auroc: 0.7921,
[2025-01-23 17:42:59,138][       train.py][line: 208][    INFO] (brainmri best): image auroc: 0.8594,
[2025-01-23 17:43:09,476][       train.py][line: 193][    INFO] (brainmri): Epoch: 113, image auroc: 0.7938,
[2025-01-23 17:43:09,476][       train.py][line: 208][    INFO] (brainmri best): image auroc: 0.8594,
[2025-01-23 17:43:19,905][       train.py][line: 193][    INFO] (brainmri): Epoch: 114, image auroc: 0.8223,
[2025-01-23 17:43:19,905][       train.py][line: 208][    INFO] (brainmri best): image auroc: 0.8594,
[2025-01-23 17:43:25,331][       train.py][line: 271][    INFO] Epoch: [115/200]	Iter: [230/400]	Loss 0.84599 (0.84414)	
[2025-01-23 17:43:30,442][       train.py][line: 193][    INFO] (brainmri): Epoch: 115, image auroc: 0.8237,
[2025-01-23 17:43:30,443][       train.py][line: 208][    INFO] (brainmri best): image auroc: 0.8594,
[2025-01-23 17:43:40,889][       train.py][line: 193][    INFO] (brainmri): Epoch: 116, image auroc: 0.7944,
[2025-01-23 17:43:40,889][       train.py][line: 208][    INFO] (brainmri best): image auroc: 0.8594,
[2025-01-23 17:43:51,562][       train.py][line: 193][    INFO] (brainmri): Epoch: 117, image auroc: 0.8121,
[2025-01-23 17:43:51,562][       train.py][line: 208][    INFO] (brainmri best): image auroc: 0.8594,
[2025-01-23 17:44:02,385][       train.py][line: 193][    INFO] (brainmri): Epoch: 118, image auroc: 0.8145,
[2025-01-23 17:44:02,385][       train.py][line: 208][    INFO] (brainmri best): image auroc: 0.8594,
[2025-01-23 17:44:12,763][       train.py][line: 193][    INFO] (brainmri): Epoch: 119, image auroc: 0.8417,
[2025-01-23 17:44:12,763][       train.py][line: 208][    INFO] (brainmri best): image auroc: 0.8594,
[2025-01-23 17:44:17,879][       train.py][line: 271][    INFO] Epoch: [120/200]	Iter: [240/400]	Loss 0.88212 (0.86673)	
[2025-01-23 17:44:23,047][       train.py][line: 193][    INFO] (brainmri): Epoch: 120, image auroc: 0.8309,
[2025-01-23 17:44:23,047][       train.py][line: 208][    INFO] (brainmri best): image auroc: 0.8594,
[2025-01-23 17:44:33,310][       train.py][line: 193][    INFO] (brainmri): Epoch: 121, image auroc: 0.8176,
[2025-01-23 17:44:33,310][       train.py][line: 208][    INFO] (brainmri best): image auroc: 0.8594,
[2025-01-23 17:44:43,578][       train.py][line: 193][    INFO] (brainmri): Epoch: 122, image auroc: 0.8393,
[2025-01-23 17:44:43,578][       train.py][line: 208][    INFO] (brainmri best): image auroc: 0.8594,
[2025-01-23 17:44:54,055][       train.py][line: 193][    INFO] (brainmri): Epoch: 123, image auroc: 0.8589,
[2025-01-23 17:44:54,055][       train.py][line: 208][    INFO] (brainmri best): image auroc: 0.8594,
[2025-01-23 17:45:04,509][       train.py][line: 193][    INFO] (brainmri): Epoch: 124, image auroc: 0.8490,
[2025-01-23 17:45:04,509][       train.py][line: 208][    INFO] (brainmri best): image auroc: 0.8594,
[2025-01-23 17:45:09,796][       train.py][line: 271][    INFO] Epoch: [125/200]	Iter: [250/400]	Loss 0.79201 (0.85030)	
[2025-01-23 17:45:14,985][       train.py][line: 193][    INFO] (brainmri): Epoch: 125, image auroc: 0.8430,
[2025-01-23 17:45:14,985][       train.py][line: 208][    INFO] (brainmri best): image auroc: 0.8594,
[2025-01-23 17:45:25,620][       train.py][line: 193][    INFO] (brainmri): Epoch: 126, image auroc: 0.8244,
[2025-01-23 17:45:25,620][       train.py][line: 208][    INFO] (brainmri best): image auroc: 0.8594,
[2025-01-23 17:45:36,093][       train.py][line: 193][    INFO] (brainmri): Epoch: 127, image auroc: 0.8252,
[2025-01-23 17:45:36,093][       train.py][line: 208][    INFO] (brainmri best): image auroc: 0.8594,
[2025-01-23 17:45:46,542][       train.py][line: 193][    INFO] (brainmri): Epoch: 128, image auroc: 0.8357,
[2025-01-23 17:45:46,542][       train.py][line: 208][    INFO] (brainmri best): image auroc: 0.8594,
[2025-01-23 17:45:56,971][       train.py][line: 193][    INFO] (brainmri): Epoch: 129, image auroc: 0.8537,
[2025-01-23 17:45:56,972][       train.py][line: 208][    INFO] (brainmri best): image auroc: 0.8594,
[2025-01-23 17:46:02,389][       train.py][line: 271][    INFO] Epoch: [130/200]	Iter: [260/400]	Loss 0.82404 (0.78178)	
[2025-01-23 17:46:07,554][       train.py][line: 193][    INFO] (brainmri): Epoch: 130, image auroc: 0.8170,
[2025-01-23 17:46:07,554][       train.py][line: 208][    INFO] (brainmri best): image auroc: 0.8594,
[2025-01-23 17:46:17,857][       train.py][line: 193][    INFO] (brainmri): Epoch: 131, image auroc: 0.8281,
[2025-01-23 17:46:17,857][       train.py][line: 208][    INFO] (brainmri best): image auroc: 0.8594,
[2025-01-23 17:46:28,145][       train.py][line: 193][    INFO] (brainmri): Epoch: 132, image auroc: 0.8618,
[2025-01-23 17:46:28,145][       train.py][line: 208][    INFO] (brainmri best): image auroc: 0.8618,
[2025-01-23 17:46:28,145][       train.py][line: 215][    INFO] save checkpoints in epoch: 132
[2025-01-23 17:46:38,497][       train.py][line: 193][    INFO] (brainmri): Epoch: 133, image auroc: 0.8687,
[2025-01-23 17:46:38,497][       train.py][line: 208][    INFO] (brainmri best): image auroc: 0.8687,
[2025-01-23 17:46:38,497][       train.py][line: 215][    INFO] save checkpoints in epoch: 133
[2025-01-23 17:46:48,933][       train.py][line: 193][    INFO] (brainmri): Epoch: 134, image auroc: 0.8448,
[2025-01-23 17:46:48,933][       train.py][line: 208][    INFO] (brainmri best): image auroc: 0.8687,
[2025-01-23 17:46:54,199][       train.py][line: 271][    INFO] Epoch: [135/200]	Iter: [270/400]	Loss 0.83674 (0.84327)	
[2025-01-23 17:46:59,471][       train.py][line: 193][    INFO] (brainmri): Epoch: 135, image auroc: 0.8278,
[2025-01-23 17:46:59,472][       train.py][line: 208][    INFO] (brainmri best): image auroc: 0.8687,
[2025-01-23 17:47:09,709][       train.py][line: 193][    INFO] (brainmri): Epoch: 136, image auroc: 0.8176,
[2025-01-23 17:47:09,709][       train.py][line: 208][    INFO] (brainmri best): image auroc: 0.8687,
[2025-01-23 17:47:20,016][       train.py][line: 193][    INFO] (brainmri): Epoch: 137, image auroc: 0.8303,
[2025-01-23 17:47:20,017][       train.py][line: 208][    INFO] (brainmri best): image auroc: 0.8687,
[2025-01-23 17:47:30,394][       train.py][line: 193][    INFO] (brainmri): Epoch: 138, image auroc: 0.8610,
[2025-01-23 17:47:30,394][       train.py][line: 208][    INFO] (brainmri best): image auroc: 0.8687,
[2025-01-23 17:47:40,704][       train.py][line: 193][    INFO] (brainmri): Epoch: 139, image auroc: 0.8399,
[2025-01-23 17:47:40,705][       train.py][line: 208][    INFO] (brainmri best): image auroc: 0.8687,
[2025-01-23 17:47:45,875][       train.py][line: 271][    INFO] Epoch: [140/200]	Iter: [280/400]	Loss 0.75290 (0.75537)	
[2025-01-23 17:47:50,992][       train.py][line: 193][    INFO] (brainmri): Epoch: 140, image auroc: 0.8342,
[2025-01-23 17:47:50,992][       train.py][line: 208][    INFO] (brainmri best): image auroc: 0.8687,
[2025-01-23 17:48:01,138][       train.py][line: 193][    INFO] (brainmri): Epoch: 141, image auroc: 0.8322,
[2025-01-23 17:48:01,138][       train.py][line: 208][    INFO] (brainmri best): image auroc: 0.8687,
[2025-01-23 17:48:11,439][       train.py][line: 193][    INFO] (brainmri): Epoch: 142, image auroc: 0.8217,
[2025-01-23 17:48:11,439][       train.py][line: 208][    INFO] (brainmri best): image auroc: 0.8687,
[2025-01-23 17:48:21,644][       train.py][line: 193][    INFO] (brainmri): Epoch: 143, image auroc: 0.8288,
[2025-01-23 17:48:21,644][       train.py][line: 208][    INFO] (brainmri best): image auroc: 0.8687,
[2025-01-23 17:48:31,955][       train.py][line: 193][    INFO] (brainmri): Epoch: 144, image auroc: 0.8170,
[2025-01-23 17:48:31,955][       train.py][line: 208][    INFO] (brainmri best): image auroc: 0.8687,
[2025-01-23 17:48:37,347][       train.py][line: 271][    INFO] Epoch: [145/200]	Iter: [290/400]	Loss 0.84617 (0.82657)	
[2025-01-23 17:48:42,532][       train.py][line: 193][    INFO] (brainmri): Epoch: 145, image auroc: 0.7632,
[2025-01-23 17:48:42,532][       train.py][line: 208][    INFO] (brainmri best): image auroc: 0.8687,
[2025-01-23 17:48:52,800][       train.py][line: 193][    INFO] (brainmri): Epoch: 146, image auroc: 0.8396,
[2025-01-23 17:48:52,800][       train.py][line: 208][    INFO] (brainmri best): image auroc: 0.8687,
[2025-01-23 17:49:03,104][       train.py][line: 193][    INFO] (brainmri): Epoch: 147, image auroc: 0.8414,
[2025-01-23 17:49:03,104][       train.py][line: 208][    INFO] (brainmri best): image auroc: 0.8687,
[2025-01-23 17:49:13,568][       train.py][line: 193][    INFO] (brainmri): Epoch: 148, image auroc: 0.8345,
[2025-01-23 17:49:13,568][       train.py][line: 208][    INFO] (brainmri best): image auroc: 0.8687,
[2025-01-23 17:49:23,868][       train.py][line: 193][    INFO] (brainmri): Epoch: 149, image auroc: 0.8207,
[2025-01-23 17:49:23,869][       train.py][line: 208][    INFO] (brainmri best): image auroc: 0.8687,
[2025-01-23 17:49:29,056][       train.py][line: 271][    INFO] Epoch: [150/200]	Iter: [300/400]	Loss 0.76122 (0.78169)	
[2025-01-23 17:49:34,178][       train.py][line: 193][    INFO] (brainmri): Epoch: 150, image auroc: 0.8417,
[2025-01-23 17:49:34,178][       train.py][line: 208][    INFO] (brainmri best): image auroc: 0.8687,
[2025-01-23 17:49:44,377][       train.py][line: 193][    INFO] (brainmri): Epoch: 151, image auroc: 0.8424,
[2025-01-23 17:49:44,378][       train.py][line: 208][    INFO] (brainmri best): image auroc: 0.8687,
[2025-01-23 17:49:54,672][       train.py][line: 193][    INFO] (brainmri): Epoch: 152, image auroc: 0.8423,
[2025-01-23 17:49:54,673][       train.py][line: 208][    INFO] (brainmri best): image auroc: 0.8687,
[2025-01-23 17:50:05,099][       train.py][line: 193][    INFO] (brainmri): Epoch: 153, image auroc: 0.8433,
[2025-01-23 17:50:05,099][       train.py][line: 208][    INFO] (brainmri best): image auroc: 0.8687,
[2025-01-23 17:50:15,453][       train.py][line: 193][    INFO] (brainmri): Epoch: 154, image auroc: 0.8073,
[2025-01-23 17:50:15,453][       train.py][line: 208][    INFO] (brainmri best): image auroc: 0.8687,
[2025-01-23 17:50:20,507][       train.py][line: 271][    INFO] Epoch: [155/200]	Iter: [310/400]	Loss 0.92187 (0.91212)	
[2025-01-23 17:50:25,583][       train.py][line: 193][    INFO] (brainmri): Epoch: 155, image auroc: 0.8345,
[2025-01-23 17:50:25,583][       train.py][line: 208][    INFO] (brainmri best): image auroc: 0.8687,
[2025-01-23 17:50:35,824][       train.py][line: 193][    INFO] (brainmri): Epoch: 156, image auroc: 0.8233,
[2025-01-23 17:50:35,824][       train.py][line: 208][    INFO] (brainmri best): image auroc: 0.8687,
[2025-01-23 17:50:46,128][       train.py][line: 193][    INFO] (brainmri): Epoch: 157, image auroc: 0.8208,
[2025-01-23 17:50:46,128][       train.py][line: 208][    INFO] (brainmri best): image auroc: 0.8687,
[2025-01-23 17:50:56,246][       train.py][line: 193][    INFO] (brainmri): Epoch: 158, image auroc: 0.8177,
[2025-01-23 17:50:56,247][       train.py][line: 208][    INFO] (brainmri best): image auroc: 0.8687,
[2025-01-23 17:51:06,555][       train.py][line: 193][    INFO] (brainmri): Epoch: 159, image auroc: 0.8116,
[2025-01-23 17:51:06,555][       train.py][line: 208][    INFO] (brainmri best): image auroc: 0.8687,
[2025-01-23 17:51:11,701][       train.py][line: 271][    INFO] Epoch: [160/200]	Iter: [320/400]	Loss 0.80365 (0.79178)	
[2025-01-23 17:51:16,760][       train.py][line: 193][    INFO] (brainmri): Epoch: 160, image auroc: 0.8068,
[2025-01-23 17:51:16,760][       train.py][line: 208][    INFO] (brainmri best): image auroc: 0.8687,
[2025-01-23 17:51:27,043][       train.py][line: 193][    INFO] (brainmri): Epoch: 161, image auroc: 0.8167,
[2025-01-23 17:51:27,043][       train.py][line: 208][    INFO] (brainmri best): image auroc: 0.8687,
[2025-01-23 17:51:37,131][       train.py][line: 193][    INFO] (brainmri): Epoch: 162, image auroc: 0.8284,
[2025-01-23 17:51:37,132][       train.py][line: 208][    INFO] (brainmri best): image auroc: 0.8687,
[2025-01-23 17:51:47,428][       train.py][line: 193][    INFO] (brainmri): Epoch: 163, image auroc: 0.7989,
[2025-01-23 17:51:47,428][       train.py][line: 208][    INFO] (brainmri best): image auroc: 0.8687,
[2025-01-23 17:51:57,743][       train.py][line: 193][    INFO] (brainmri): Epoch: 164, image auroc: 0.7932,
[2025-01-23 17:51:57,743][       train.py][line: 208][    INFO] (brainmri best): image auroc: 0.8687,
[2025-01-23 17:52:02,868][       train.py][line: 271][    INFO] Epoch: [165/200]	Iter: [330/400]	Loss 0.74294 (0.74336)	
[2025-01-23 17:52:07,947][       train.py][line: 193][    INFO] (brainmri): Epoch: 165, image auroc: 0.7656,
[2025-01-23 17:52:07,947][       train.py][line: 208][    INFO] (brainmri best): image auroc: 0.8687,
[2025-01-23 17:52:18,235][       train.py][line: 193][    INFO] (brainmri): Epoch: 166, image auroc: 0.8042,
[2025-01-23 17:52:18,235][       train.py][line: 208][    INFO] (brainmri best): image auroc: 0.8687,
[2025-01-23 17:52:28,448][       train.py][line: 193][    INFO] (brainmri): Epoch: 167, image auroc: 0.8113,
[2025-01-23 17:52:28,448][       train.py][line: 208][    INFO] (brainmri best): image auroc: 0.8687,
[2025-01-23 17:52:38,644][       train.py][line: 193][    INFO] (brainmri): Epoch: 168, image auroc: 0.8170,
[2025-01-23 17:52:38,644][       train.py][line: 208][    INFO] (brainmri best): image auroc: 0.8687,
[2025-01-23 17:52:49,024][       train.py][line: 193][    INFO] (brainmri): Epoch: 169, image auroc: 0.8098,
[2025-01-23 17:52:49,024][       train.py][line: 208][    INFO] (brainmri best): image auroc: 0.8687,
[2025-01-23 17:52:54,214][       train.py][line: 271][    INFO] Epoch: [170/200]	Iter: [340/400]	Loss 0.87300 (0.81933)	
[2025-01-23 17:52:59,312][       train.py][line: 193][    INFO] (brainmri): Epoch: 170, image auroc: 0.8240,
[2025-01-23 17:52:59,312][       train.py][line: 208][    INFO] (brainmri best): image auroc: 0.8687,
[2025-01-23 17:53:09,690][       train.py][line: 193][    INFO] (brainmri): Epoch: 171, image auroc: 0.7995,
[2025-01-23 17:53:09,690][       train.py][line: 208][    INFO] (brainmri best): image auroc: 0.8687,
[2025-01-23 17:53:19,828][       train.py][line: 193][    INFO] (brainmri): Epoch: 172, image auroc: 0.8060,
[2025-01-23 17:53:19,828][       train.py][line: 208][    INFO] (brainmri best): image auroc: 0.8687,
