[2025-01-29 20:59:36,565][       train.py][line:  67][    INFO] config: Namespace(config_path='config/brainmri.yaml', k_shot=16, config={'version': 'v1.0.0', 'random_seed': 100, 'data_root': 'data', 'train_dataset': 'brainmri', 'test_datasets': ['brainmri'], 'epoch': 200, 'batch_size': 8, 'print_freq_step': 10, 'val_freq_epoch': 1, 'image_size': 224, 'model_name': 'RN101', 'layers_out': [1, 2, 3, 4], 'anomaly_tasks': {'CutpasteTask': 0.25, 'GaussIntensityChangeTask': 0.25, 'SourceTask': 0.25, 'IdentityTask': 0.25}, 'prompt_maker': 'coop', 'n_learnable_token': 8, 'CSC': True, 'class_token_positions': ['end'], 'save_root': 'results/2025_01_29_20_59_36', 'prompts': {'normal': ['normal', 'healthy', 'negative', 'unremarkable', 'clear', 'asymptomatic', 'normal findings', 'no findings', 'in good health', 'no evidence of disease'], 'abnormal': ['abnormal', 'positive', 'symptomatic', 'disease', 'lesion', 'pathological', 'impaired', 'evidence of disease', 'abnormal finding', 'pathological condition', 'pathological abnormality']}, 'model_cfg': {'embed_dim': 512, 'vision_cfg': {'image_size': 224, 'layers': [3, 4, 23, 3], 'width': 64, 'patch_size': None}, 'text_cfg': {'context_length': 77, 'vocab_size': 49408, 'width': 512, 'heads': 8, 'layers': 12}}})
[2025-01-29 20:59:36,570][       train.py][line:  73][    INFO] load CoOp
[2025-01-29 20:59:36,702][       train.py][line: 130][    INFO] train data (brainmri) len 16
[2025-01-29 20:59:36,702][       train.py][line: 133][    INFO] test data (brainmri) len 220
[2025-01-29 20:59:36,702][       train.py][line: 136][    INFO] anomaly syn task is CutpasteTask, sampling probability is 0.25
[2025-01-29 20:59:36,703][       train.py][line: 136][    INFO] anomaly syn task is GaussIntensityChangeTask, sampling probability is 0.25
[2025-01-29 20:59:36,703][       train.py][line: 136][    INFO] anomaly syn task is SourceTask, sampling probability is 0.25
[2025-01-29 20:59:36,703][       train.py][line: 136][    INFO] anomaly syn task is IdentityTask, sampling probability is 0.25
[2025-01-29 20:59:47,121][       train.py][line: 184][    INFO] (brainmri): Epoch: 1, image auroc: 0.4411,
[2025-01-29 20:59:47,121][       train.py][line: 199][    INFO] (brainmri best): image auroc: 0.4411,
[2025-01-29 20:59:47,121][       train.py][line: 206][    INFO] save checkpoints in epoch: 1
[2025-01-29 20:59:57,190][       train.py][line: 184][    INFO] (brainmri): Epoch: 2, image auroc: 0.5479,
[2025-01-29 20:59:57,191][       train.py][line: 199][    INFO] (brainmri best): image auroc: 0.5479,
[2025-01-29 20:59:57,191][       train.py][line: 206][    INFO] save checkpoints in epoch: 2
[2025-01-29 21:00:07,608][       train.py][line: 184][    INFO] (brainmri): Epoch: 3, image auroc: 0.6273,
[2025-01-29 21:00:07,608][       train.py][line: 199][    INFO] (brainmri best): image auroc: 0.6273,
[2025-01-29 21:00:07,608][       train.py][line: 206][    INFO] save checkpoints in epoch: 3
[2025-01-29 21:00:17,845][       train.py][line: 184][    INFO] (brainmri): Epoch: 4, image auroc: 0.6249,
[2025-01-29 21:00:17,845][       train.py][line: 199][    INFO] (brainmri best): image auroc: 0.6273,
[2025-01-29 21:00:23,084][       train.py][line: 266][    INFO] Epoch: [5/200]	Iter: [10/400]	Loss 0.98407 (0.95509)	
[2025-01-29 21:00:28,013][       train.py][line: 184][    INFO] (brainmri): Epoch: 5, image auroc: 0.6180,
[2025-01-29 21:00:28,014][       train.py][line: 199][    INFO] (brainmri best): image auroc: 0.6273,
[2025-01-29 21:00:38,304][       train.py][line: 184][    INFO] (brainmri): Epoch: 6, image auroc: 0.6027,
[2025-01-29 21:00:38,304][       train.py][line: 199][    INFO] (brainmri best): image auroc: 0.6273,
[2025-01-29 21:00:48,398][       train.py][line: 184][    INFO] (brainmri): Epoch: 7, image auroc: 0.6254,
[2025-01-29 21:00:48,398][       train.py][line: 199][    INFO] (brainmri best): image auroc: 0.6273,
[2025-01-29 21:00:58,596][       train.py][line: 184][    INFO] (brainmri): Epoch: 8, image auroc: 0.6187,
[2025-01-29 21:00:58,596][       train.py][line: 199][    INFO] (brainmri best): image auroc: 0.6273,
[2025-01-29 21:01:08,743][       train.py][line: 184][    INFO] (brainmri): Epoch: 9, image auroc: 0.6097,
[2025-01-29 21:01:08,743][       train.py][line: 199][    INFO] (brainmri best): image auroc: 0.6273,
[2025-01-29 21:01:13,907][       train.py][line: 266][    INFO] Epoch: [10/200]	Iter: [20/400]	Loss 0.90041 (0.90038)	
[2025-01-29 21:01:18,881][       train.py][line: 184][    INFO] (brainmri): Epoch: 10, image auroc: 0.6061,
[2025-01-29 21:01:18,882][       train.py][line: 199][    INFO] (brainmri best): image auroc: 0.6273,
[2025-01-29 21:01:28,903][       train.py][line: 184][    INFO] (brainmri): Epoch: 11, image auroc: 0.6010,
[2025-01-29 21:01:28,904][       train.py][line: 199][    INFO] (brainmri best): image auroc: 0.6273,
[2025-01-29 21:01:39,079][       train.py][line: 184][    INFO] (brainmri): Epoch: 12, image auroc: 0.6124,
[2025-01-29 21:01:39,080][       train.py][line: 199][    INFO] (brainmri best): image auroc: 0.6273,
[2025-01-29 21:01:49,046][       train.py][line: 184][    INFO] (brainmri): Epoch: 13, image auroc: 0.5992,
[2025-01-29 21:01:49,047][       train.py][line: 199][    INFO] (brainmri best): image auroc: 0.6273,
[2025-01-29 21:01:59,434][       train.py][line: 184][    INFO] (brainmri): Epoch: 14, image auroc: 0.6164,
[2025-01-29 21:01:59,435][       train.py][line: 199][    INFO] (brainmri best): image auroc: 0.6273,
[2025-01-29 21:02:04,540][       train.py][line: 266][    INFO] Epoch: [15/200]	Iter: [30/400]	Loss 0.88989 (0.89110)	
[2025-01-29 21:02:09,483][       train.py][line: 184][    INFO] (brainmri): Epoch: 15, image auroc: 0.6531,
[2025-01-29 21:02:09,484][       train.py][line: 199][    INFO] (brainmri best): image auroc: 0.6531,
[2025-01-29 21:02:09,484][       train.py][line: 206][    INFO] save checkpoints in epoch: 15
[2025-01-29 21:02:19,650][       train.py][line: 184][    INFO] (brainmri): Epoch: 16, image auroc: 0.6472,
[2025-01-29 21:02:19,651][       train.py][line: 199][    INFO] (brainmri best): image auroc: 0.6531,
[2025-01-29 21:02:29,854][       train.py][line: 184][    INFO] (brainmri): Epoch: 17, image auroc: 0.6528,
[2025-01-29 21:02:29,854][       train.py][line: 199][    INFO] (brainmri best): image auroc: 0.6531,
[2025-01-29 21:02:39,916][       train.py][line: 184][    INFO] (brainmri): Epoch: 18, image auroc: 0.6639,
[2025-01-29 21:02:39,916][       train.py][line: 199][    INFO] (brainmri best): image auroc: 0.6639,
[2025-01-29 21:02:39,916][       train.py][line: 206][    INFO] save checkpoints in epoch: 18
[2025-01-29 21:02:50,209][       train.py][line: 184][    INFO] (brainmri): Epoch: 19, image auroc: 0.6650,
[2025-01-29 21:02:50,209][       train.py][line: 199][    INFO] (brainmri best): image auroc: 0.6650,
[2025-01-29 21:02:50,209][       train.py][line: 206][    INFO] save checkpoints in epoch: 19
[2025-01-29 21:02:55,400][       train.py][line: 266][    INFO] Epoch: [20/200]	Iter: [40/400]	Loss 0.95528 (0.88131)	
[2025-01-29 21:03:00,378][       train.py][line: 184][    INFO] (brainmri): Epoch: 20, image auroc: 0.6658,
[2025-01-29 21:03:00,378][       train.py][line: 199][    INFO] (brainmri best): image auroc: 0.6658,
[2025-01-29 21:03:00,378][       train.py][line: 206][    INFO] save checkpoints in epoch: 20
[2025-01-29 21:03:10,641][       train.py][line: 184][    INFO] (brainmri): Epoch: 21, image auroc: 0.6651,
[2025-01-29 21:03:10,641][       train.py][line: 199][    INFO] (brainmri best): image auroc: 0.6658,
[2025-01-29 21:03:20,775][       train.py][line: 184][    INFO] (brainmri): Epoch: 22, image auroc: 0.6728,
[2025-01-29 21:03:20,775][       train.py][line: 199][    INFO] (brainmri best): image auroc: 0.6728,
[2025-01-29 21:03:20,775][       train.py][line: 206][    INFO] save checkpoints in epoch: 22
[2025-01-29 21:03:30,958][       train.py][line: 184][    INFO] (brainmri): Epoch: 23, image auroc: 0.6688,
[2025-01-29 21:03:30,958][       train.py][line: 199][    INFO] (brainmri best): image auroc: 0.6728,
[2025-01-29 21:03:41,148][       train.py][line: 184][    INFO] (brainmri): Epoch: 24, image auroc: 0.6700,
[2025-01-29 21:03:41,148][       train.py][line: 199][    INFO] (brainmri best): image auroc: 0.6728,
[2025-01-29 21:03:46,248][       train.py][line: 266][    INFO] Epoch: [25/200]	Iter: [50/400]	Loss 0.81801 (0.80554)	
[2025-01-29 21:03:51,315][       train.py][line: 184][    INFO] (brainmri): Epoch: 25, image auroc: 0.7005,
[2025-01-29 21:03:51,316][       train.py][line: 199][    INFO] (brainmri best): image auroc: 0.7005,
[2025-01-29 21:03:51,316][       train.py][line: 206][    INFO] save checkpoints in epoch: 25
[2025-01-29 21:04:01,543][       train.py][line: 184][    INFO] (brainmri): Epoch: 26, image auroc: 0.7040,
[2025-01-29 21:04:01,543][       train.py][line: 199][    INFO] (brainmri best): image auroc: 0.7040,
[2025-01-29 21:04:01,543][       train.py][line: 206][    INFO] save checkpoints in epoch: 26
[2025-01-29 21:04:11,626][       train.py][line: 184][    INFO] (brainmri): Epoch: 27, image auroc: 0.7171,
[2025-01-29 21:04:11,626][       train.py][line: 199][    INFO] (brainmri best): image auroc: 0.7171,
[2025-01-29 21:04:11,626][       train.py][line: 206][    INFO] save checkpoints in epoch: 27
[2025-01-29 21:04:21,763][       train.py][line: 184][    INFO] (brainmri): Epoch: 28, image auroc: 0.7149,
[2025-01-29 21:04:21,763][       train.py][line: 199][    INFO] (brainmri best): image auroc: 0.7171,
[2025-01-29 21:04:31,985][       train.py][line: 184][    INFO] (brainmri): Epoch: 29, image auroc: 0.7025,
[2025-01-29 21:04:31,985][       train.py][line: 199][    INFO] (brainmri best): image auroc: 0.7171,
[2025-01-29 21:04:37,180][       train.py][line: 266][    INFO] Epoch: [30/200]	Iter: [60/400]	Loss 0.83193 (0.85021)	
[2025-01-29 21:04:42,216][       train.py][line: 184][    INFO] (brainmri): Epoch: 30, image auroc: 0.6898,
[2025-01-29 21:04:42,216][       train.py][line: 199][    INFO] (brainmri best): image auroc: 0.7171,
[2025-01-29 21:04:52,231][       train.py][line: 184][    INFO] (brainmri): Epoch: 31, image auroc: 0.6904,
[2025-01-29 21:04:52,231][       train.py][line: 199][    INFO] (brainmri best): image auroc: 0.7171,
[2025-01-29 21:05:02,359][       train.py][line: 184][    INFO] (brainmri): Epoch: 32, image auroc: 0.6903,
[2025-01-29 21:05:02,359][       train.py][line: 199][    INFO] (brainmri best): image auroc: 0.7171,
[2025-01-29 21:05:12,421][       train.py][line: 184][    INFO] (brainmri): Epoch: 33, image auroc: 0.6923,
[2025-01-29 21:05:12,421][       train.py][line: 199][    INFO] (brainmri best): image auroc: 0.7171,
[2025-01-29 21:05:22,439][       train.py][line: 184][    INFO] (brainmri): Epoch: 34, image auroc: 0.6981,
[2025-01-29 21:05:22,439][       train.py][line: 199][    INFO] (brainmri best): image auroc: 0.7171,
[2025-01-29 21:05:27,576][       train.py][line: 266][    INFO] Epoch: [35/200]	Iter: [70/400]	Loss 0.91781 (0.84678)	
[2025-01-29 21:05:32,674][       train.py][line: 184][    INFO] (brainmri): Epoch: 35, image auroc: 0.6929,
[2025-01-29 21:05:32,674][       train.py][line: 199][    INFO] (brainmri best): image auroc: 0.7171,
[2025-01-29 21:05:42,703][       train.py][line: 184][    INFO] (brainmri): Epoch: 36, image auroc: 0.6942,
[2025-01-29 21:05:42,703][       train.py][line: 199][    INFO] (brainmri best): image auroc: 0.7171,
[2025-01-29 21:05:52,866][       train.py][line: 184][    INFO] (brainmri): Epoch: 37, image auroc: 0.7134,
[2025-01-29 21:05:52,866][       train.py][line: 199][    INFO] (brainmri best): image auroc: 0.7171,
[2025-01-29 21:06:02,950][       train.py][line: 184][    INFO] (brainmri): Epoch: 38, image auroc: 0.7504,
[2025-01-29 21:06:02,950][       train.py][line: 199][    INFO] (brainmri best): image auroc: 0.7504,
[2025-01-29 21:06:02,951][       train.py][line: 206][    INFO] save checkpoints in epoch: 38
[2025-01-29 21:06:13,073][       train.py][line: 184][    INFO] (brainmri): Epoch: 39, image auroc: 0.7494,
[2025-01-29 21:06:13,073][       train.py][line: 199][    INFO] (brainmri best): image auroc: 0.7504,
[2025-01-29 21:06:18,305][       train.py][line: 266][    INFO] Epoch: [40/200]	Iter: [80/400]	Loss 0.72583 (0.81315)	
[2025-01-29 21:06:23,268][       train.py][line: 184][    INFO] (brainmri): Epoch: 40, image auroc: 0.7402,
[2025-01-29 21:06:23,268][       train.py][line: 199][    INFO] (brainmri best): image auroc: 0.7504,
[2025-01-29 21:06:33,534][       train.py][line: 184][    INFO] (brainmri): Epoch: 41, image auroc: 0.7518,
[2025-01-29 21:06:33,534][       train.py][line: 199][    INFO] (brainmri best): image auroc: 0.7518,
[2025-01-29 21:06:33,534][       train.py][line: 206][    INFO] save checkpoints in epoch: 41
[2025-01-29 21:06:43,675][       train.py][line: 184][    INFO] (brainmri): Epoch: 42, image auroc: 0.7518,
[2025-01-29 21:06:43,675][       train.py][line: 199][    INFO] (brainmri best): image auroc: 0.7518,
[2025-01-29 21:06:53,838][       train.py][line: 184][    INFO] (brainmri): Epoch: 43, image auroc: 0.7538,
[2025-01-29 21:06:53,839][       train.py][line: 199][    INFO] (brainmri best): image auroc: 0.7538,
[2025-01-29 21:06:53,839][       train.py][line: 206][    INFO] save checkpoints in epoch: 43
[2025-01-29 21:07:04,015][       train.py][line: 184][    INFO] (brainmri): Epoch: 44, image auroc: 0.7638,
[2025-01-29 21:07:04,015][       train.py][line: 199][    INFO] (brainmri best): image auroc: 0.7638,
[2025-01-29 21:07:04,015][       train.py][line: 206][    INFO] save checkpoints in epoch: 44
[2025-01-29 21:07:09,219][       train.py][line: 266][    INFO] Epoch: [45/200]	Iter: [90/400]	Loss 0.88948 (0.81719)	
[2025-01-29 21:07:14,266][       train.py][line: 184][    INFO] (brainmri): Epoch: 45, image auroc: 0.7685,
[2025-01-29 21:07:14,266][       train.py][line: 199][    INFO] (brainmri best): image auroc: 0.7685,
[2025-01-29 21:07:14,266][       train.py][line: 206][    INFO] save checkpoints in epoch: 45
[2025-01-29 21:07:24,321][       train.py][line: 184][    INFO] (brainmri): Epoch: 46, image auroc: 0.7733,
[2025-01-29 21:07:24,322][       train.py][line: 199][    INFO] (brainmri best): image auroc: 0.7733,
[2025-01-29 21:07:24,322][       train.py][line: 206][    INFO] save checkpoints in epoch: 46
[2025-01-29 21:07:34,328][       train.py][line: 184][    INFO] (brainmri): Epoch: 47, image auroc: 0.7660,
[2025-01-29 21:07:34,328][       train.py][line: 199][    INFO] (brainmri best): image auroc: 0.7733,
[2025-01-29 21:07:44,386][       train.py][line: 184][    INFO] (brainmri): Epoch: 48, image auroc: 0.7687,
[2025-01-29 21:07:44,387][       train.py][line: 199][    INFO] (brainmri best): image auroc: 0.7733,
[2025-01-29 21:07:54,487][       train.py][line: 184][    INFO] (brainmri): Epoch: 49, image auroc: 0.7638,
[2025-01-29 21:07:54,488][       train.py][line: 199][    INFO] (brainmri best): image auroc: 0.7733,
[2025-01-29 21:07:59,585][       train.py][line: 266][    INFO] Epoch: [50/200]	Iter: [100/400]	Loss 0.81159 (0.78573)	
[2025-01-29 21:08:04,542][       train.py][line: 184][    INFO] (brainmri): Epoch: 50, image auroc: 0.7654,
[2025-01-29 21:08:04,542][       train.py][line: 199][    INFO] (brainmri best): image auroc: 0.7733,
[2025-01-29 21:08:14,661][       train.py][line: 184][    INFO] (brainmri): Epoch: 51, image auroc: 0.7745,
[2025-01-29 21:08:14,661][       train.py][line: 199][    INFO] (brainmri best): image auroc: 0.7745,
[2025-01-29 21:08:14,661][       train.py][line: 206][    INFO] save checkpoints in epoch: 51
[2025-01-29 21:08:24,807][       train.py][line: 184][    INFO] (brainmri): Epoch: 52, image auroc: 0.7779,
[2025-01-29 21:08:24,807][       train.py][line: 199][    INFO] (brainmri best): image auroc: 0.7779,
[2025-01-29 21:08:24,807][       train.py][line: 206][    INFO] save checkpoints in epoch: 52
[2025-01-29 21:08:35,067][       train.py][line: 184][    INFO] (brainmri): Epoch: 53, image auroc: 0.7859,
[2025-01-29 21:08:35,067][       train.py][line: 199][    INFO] (brainmri best): image auroc: 0.7859,
[2025-01-29 21:08:35,067][       train.py][line: 206][    INFO] save checkpoints in epoch: 53
[2025-01-29 21:08:45,025][       train.py][line: 184][    INFO] (brainmri): Epoch: 54, image auroc: 0.7625,
[2025-01-29 21:08:45,025][       train.py][line: 199][    INFO] (brainmri best): image auroc: 0.7859,
[2025-01-29 21:08:50,179][       train.py][line: 266][    INFO] Epoch: [55/200]	Iter: [110/400]	Loss 0.69730 (0.77673)	
[2025-01-29 21:08:55,103][       train.py][line: 184][    INFO] (brainmri): Epoch: 55, image auroc: 0.7615,
[2025-01-29 21:08:55,103][       train.py][line: 199][    INFO] (brainmri best): image auroc: 0.7859,
[2025-01-29 21:09:05,320][       train.py][line: 184][    INFO] (brainmri): Epoch: 56, image auroc: 0.7680,
[2025-01-29 21:09:05,321][       train.py][line: 199][    INFO] (brainmri best): image auroc: 0.7859,
[2025-01-29 21:09:15,555][       train.py][line: 184][    INFO] (brainmri): Epoch: 57, image auroc: 0.7881,
[2025-01-29 21:09:15,555][       train.py][line: 199][    INFO] (brainmri best): image auroc: 0.7881,
[2025-01-29 21:09:15,555][       train.py][line: 206][    INFO] save checkpoints in epoch: 57
[2025-01-29 21:09:25,848][       train.py][line: 184][    INFO] (brainmri): Epoch: 58, image auroc: 0.8100,
[2025-01-29 21:09:25,848][       train.py][line: 199][    INFO] (brainmri best): image auroc: 0.8100,
[2025-01-29 21:09:25,848][       train.py][line: 206][    INFO] save checkpoints in epoch: 58
[2025-01-29 21:09:35,931][       train.py][line: 184][    INFO] (brainmri): Epoch: 59, image auroc: 0.8209,
[2025-01-29 21:09:35,931][       train.py][line: 199][    INFO] (brainmri best): image auroc: 0.8209,
[2025-01-29 21:09:35,931][       train.py][line: 206][    INFO] save checkpoints in epoch: 59
[2025-01-29 21:09:41,086][       train.py][line: 266][    INFO] Epoch: [60/200]	Iter: [120/400]	Loss 0.74881 (0.82901)	
[2025-01-29 21:09:46,149][       train.py][line: 184][    INFO] (brainmri): Epoch: 60, image auroc: 0.8156,
[2025-01-29 21:09:46,149][       train.py][line: 199][    INFO] (brainmri best): image auroc: 0.8209,
[2025-01-29 21:09:56,401][       train.py][line: 184][    INFO] (brainmri): Epoch: 61, image auroc: 0.8109,
[2025-01-29 21:09:56,401][       train.py][line: 199][    INFO] (brainmri best): image auroc: 0.8209,
[2025-01-29 21:10:06,523][       train.py][line: 184][    INFO] (brainmri): Epoch: 62, image auroc: 0.8165,
[2025-01-29 21:10:06,523][       train.py][line: 199][    INFO] (brainmri best): image auroc: 0.8209,
[2025-01-29 21:10:16,792][       train.py][line: 184][    INFO] (brainmri): Epoch: 63, image auroc: 0.8260,
[2025-01-29 21:10:16,792][       train.py][line: 199][    INFO] (brainmri best): image auroc: 0.8260,
[2025-01-29 21:10:16,792][       train.py][line: 206][    INFO] save checkpoints in epoch: 63
[2025-01-29 21:10:27,162][       train.py][line: 184][    INFO] (brainmri): Epoch: 64, image auroc: 0.8212,
[2025-01-29 21:10:27,162][       train.py][line: 199][    INFO] (brainmri best): image auroc: 0.8260,
[2025-01-29 21:10:32,374][       train.py][line: 266][    INFO] Epoch: [65/200]	Iter: [130/400]	Loss 0.70561 (0.73966)	
[2025-01-29 21:10:37,410][       train.py][line: 184][    INFO] (brainmri): Epoch: 65, image auroc: 0.8272,
[2025-01-29 21:10:37,410][       train.py][line: 199][    INFO] (brainmri best): image auroc: 0.8272,
[2025-01-29 21:10:37,410][       train.py][line: 206][    INFO] save checkpoints in epoch: 65
[2025-01-29 21:10:47,620][       train.py][line: 184][    INFO] (brainmri): Epoch: 66, image auroc: 0.8400,
[2025-01-29 21:10:47,620][       train.py][line: 199][    INFO] (brainmri best): image auroc: 0.8400,
[2025-01-29 21:10:47,620][       train.py][line: 206][    INFO] save checkpoints in epoch: 66
[2025-01-29 21:10:57,688][       train.py][line: 184][    INFO] (brainmri): Epoch: 67, image auroc: 0.8271,
[2025-01-29 21:10:57,688][       train.py][line: 199][    INFO] (brainmri best): image auroc: 0.8400,
[2025-01-29 21:11:07,902][       train.py][line: 184][    INFO] (brainmri): Epoch: 68, image auroc: 0.8160,
[2025-01-29 21:11:07,903][       train.py][line: 199][    INFO] (brainmri best): image auroc: 0.8400,
[2025-01-29 21:11:18,102][       train.py][line: 184][    INFO] (brainmri): Epoch: 69, image auroc: 0.8114,
[2025-01-29 21:11:18,102][       train.py][line: 199][    INFO] (brainmri best): image auroc: 0.8400,
[2025-01-29 21:11:23,388][       train.py][line: 266][    INFO] Epoch: [70/200]	Iter: [140/400]	Loss 0.78028 (0.81543)	
[2025-01-29 21:11:28,422][       train.py][line: 184][    INFO] (brainmri): Epoch: 70, image auroc: 0.8109,
[2025-01-29 21:11:28,422][       train.py][line: 199][    INFO] (brainmri best): image auroc: 0.8400,
[2025-01-29 21:11:38,755][       train.py][line: 184][    INFO] (brainmri): Epoch: 71, image auroc: 0.8005,
[2025-01-29 21:11:38,755][       train.py][line: 199][    INFO] (brainmri best): image auroc: 0.8400,
[2025-01-29 21:11:48,953][       train.py][line: 184][    INFO] (brainmri): Epoch: 72, image auroc: 0.8054,
[2025-01-29 21:11:48,953][       train.py][line: 199][    INFO] (brainmri best): image auroc: 0.8400,
[2025-01-29 21:11:58,999][       train.py][line: 184][    INFO] (brainmri): Epoch: 73, image auroc: 0.8125,
[2025-01-29 21:11:58,999][       train.py][line: 199][    INFO] (brainmri best): image auroc: 0.8400,
[2025-01-29 21:12:09,053][       train.py][line: 184][    INFO] (brainmri): Epoch: 74, image auroc: 0.8185,
[2025-01-29 21:12:09,053][       train.py][line: 199][    INFO] (brainmri best): image auroc: 0.8400,
[2025-01-29 21:12:14,202][       train.py][line: 266][    INFO] Epoch: [75/200]	Iter: [150/400]	Loss 0.81331 (0.77518)	
[2025-01-29 21:12:19,327][       train.py][line: 184][    INFO] (brainmri): Epoch: 75, image auroc: 0.8200,
[2025-01-29 21:12:19,327][       train.py][line: 199][    INFO] (brainmri best): image auroc: 0.8400,
[2025-01-29 21:12:29,493][       train.py][line: 184][    INFO] (brainmri): Epoch: 76, image auroc: 0.8123,
[2025-01-29 21:12:29,493][       train.py][line: 199][    INFO] (brainmri best): image auroc: 0.8400,
[2025-01-29 21:12:39,611][       train.py][line: 184][    INFO] (brainmri): Epoch: 77, image auroc: 0.7926,
[2025-01-29 21:12:39,611][       train.py][line: 199][    INFO] (brainmri best): image auroc: 0.8400,
[2025-01-29 21:12:49,560][       train.py][line: 184][    INFO] (brainmri): Epoch: 78, image auroc: 0.7906,
[2025-01-29 21:12:49,560][       train.py][line: 199][    INFO] (brainmri best): image auroc: 0.8400,
[2025-01-29 21:12:59,786][       train.py][line: 184][    INFO] (brainmri): Epoch: 79, image auroc: 0.7962,
[2025-01-29 21:12:59,786][       train.py][line: 199][    INFO] (brainmri best): image auroc: 0.8400,
[2025-01-29 21:13:04,996][       train.py][line: 266][    INFO] Epoch: [80/200]	Iter: [160/400]	Loss 0.86934 (0.81435)	
[2025-01-29 21:13:10,197][       train.py][line: 184][    INFO] (brainmri): Epoch: 80, image auroc: 0.8060,
[2025-01-29 21:13:10,197][       train.py][line: 199][    INFO] (brainmri best): image auroc: 0.8400,
[2025-01-29 21:13:20,289][       train.py][line: 184][    INFO] (brainmri): Epoch: 81, image auroc: 0.8018,
[2025-01-29 21:13:20,290][       train.py][line: 199][    INFO] (brainmri best): image auroc: 0.8400,
[2025-01-29 21:13:30,497][       train.py][line: 184][    INFO] (brainmri): Epoch: 82, image auroc: 0.8006,
[2025-01-29 21:13:30,497][       train.py][line: 199][    INFO] (brainmri best): image auroc: 0.8400,
[2025-01-29 21:13:40,586][       train.py][line: 184][    INFO] (brainmri): Epoch: 83, image auroc: 0.7959,
[2025-01-29 21:13:40,586][       train.py][line: 199][    INFO] (brainmri best): image auroc: 0.8400,
[2025-01-29 21:13:50,927][       train.py][line: 184][    INFO] (brainmri): Epoch: 84, image auroc: 0.8005,
[2025-01-29 21:13:50,927][       train.py][line: 199][    INFO] (brainmri best): image auroc: 0.8400,
[2025-01-29 21:13:56,081][       train.py][line: 266][    INFO] Epoch: [85/200]	Iter: [170/400]	Loss 0.93103 (0.88730)	
[2025-01-29 21:14:01,102][       train.py][line: 184][    INFO] (brainmri): Epoch: 85, image auroc: 0.8147,
[2025-01-29 21:14:01,102][       train.py][line: 199][    INFO] (brainmri best): image auroc: 0.8400,
[2025-01-29 21:14:11,317][       train.py][line: 184][    INFO] (brainmri): Epoch: 86, image auroc: 0.8266,
[2025-01-29 21:14:11,317][       train.py][line: 199][    INFO] (brainmri best): image auroc: 0.8400,
[2025-01-29 21:14:21,558][       train.py][line: 184][    INFO] (brainmri): Epoch: 87, image auroc: 0.8342,
[2025-01-29 21:14:21,558][       train.py][line: 199][    INFO] (brainmri best): image auroc: 0.8400,
[2025-01-29 21:14:31,829][       train.py][line: 184][    INFO] (brainmri): Epoch: 88, image auroc: 0.8329,
[2025-01-29 21:14:31,829][       train.py][line: 199][    INFO] (brainmri best): image auroc: 0.8400,
[2025-01-29 21:14:41,960][       train.py][line: 184][    INFO] (brainmri): Epoch: 89, image auroc: 0.8375,
[2025-01-29 21:14:41,960][       train.py][line: 199][    INFO] (brainmri best): image auroc: 0.8400,
[2025-01-29 21:14:47,140][       train.py][line: 266][    INFO] Epoch: [90/200]	Iter: [180/400]	Loss 0.74017 (0.77393)	
[2025-01-29 21:14:52,116][       train.py][line: 184][    INFO] (brainmri): Epoch: 90, image auroc: 0.8328,
[2025-01-29 21:14:52,116][       train.py][line: 199][    INFO] (brainmri best): image auroc: 0.8400,
[2025-01-29 21:15:02,169][       train.py][line: 184][    INFO] (brainmri): Epoch: 91, image auroc: 0.8407,
[2025-01-29 21:15:02,169][       train.py][line: 199][    INFO] (brainmri best): image auroc: 0.8407,
[2025-01-29 21:15:02,169][       train.py][line: 206][    INFO] save checkpoints in epoch: 91
[2025-01-29 21:15:12,330][       train.py][line: 184][    INFO] (brainmri): Epoch: 92, image auroc: 0.8370,
[2025-01-29 21:15:12,330][       train.py][line: 199][    INFO] (brainmri best): image auroc: 0.8407,
[2025-01-29 21:15:22,427][       train.py][line: 184][    INFO] (brainmri): Epoch: 93, image auroc: 0.8402,
[2025-01-29 21:15:22,427][       train.py][line: 199][    INFO] (brainmri best): image auroc: 0.8407,
[2025-01-29 21:15:32,622][       train.py][line: 184][    INFO] (brainmri): Epoch: 94, image auroc: 0.8467,
[2025-01-29 21:15:32,622][       train.py][line: 199][    INFO] (brainmri best): image auroc: 0.8467,
[2025-01-29 21:15:32,623][       train.py][line: 206][    INFO] save checkpoints in epoch: 94
[2025-01-29 21:15:37,821][       train.py][line: 266][    INFO] Epoch: [95/200]	Iter: [190/400]	Loss 0.87944 (0.80694)	
[2025-01-29 21:15:42,863][       train.py][line: 184][    INFO] (brainmri): Epoch: 95, image auroc: 0.8472,
[2025-01-29 21:15:42,864][       train.py][line: 199][    INFO] (brainmri best): image auroc: 0.8472,
[2025-01-29 21:15:42,864][       train.py][line: 206][    INFO] save checkpoints in epoch: 95
[2025-01-29 21:15:53,071][       train.py][line: 184][    INFO] (brainmri): Epoch: 96, image auroc: 0.8505,
[2025-01-29 21:15:53,072][       train.py][line: 199][    INFO] (brainmri best): image auroc: 0.8505,
[2025-01-29 21:15:53,072][       train.py][line: 206][    INFO] save checkpoints in epoch: 96
[2025-01-29 21:16:03,251][       train.py][line: 184][    INFO] (brainmri): Epoch: 97, image auroc: 0.8452,
[2025-01-29 21:16:03,252][       train.py][line: 199][    INFO] (brainmri best): image auroc: 0.8505,
[2025-01-29 21:16:13,463][       train.py][line: 184][    INFO] (brainmri): Epoch: 98, image auroc: 0.8443,
[2025-01-29 21:16:13,463][       train.py][line: 199][    INFO] (brainmri best): image auroc: 0.8505,
[2025-01-29 21:16:23,469][       train.py][line: 184][    INFO] (brainmri): Epoch: 99, image auroc: 0.8404,
[2025-01-29 21:16:23,469][       train.py][line: 199][    INFO] (brainmri best): image auroc: 0.8505,
[2025-01-29 21:16:28,636][       train.py][line: 266][    INFO] Epoch: [100/200]	Iter: [200/400]	Loss 0.74431 (0.82078)	
[2025-01-29 21:16:33,614][       train.py][line: 184][    INFO] (brainmri): Epoch: 100, image auroc: 0.8333,
[2025-01-29 21:16:33,614][       train.py][line: 199][    INFO] (brainmri best): image auroc: 0.8505,
[2025-01-29 21:16:43,712][       train.py][line: 184][    INFO] (brainmri): Epoch: 101, image auroc: 0.8346,
[2025-01-29 21:16:43,712][       train.py][line: 199][    INFO] (brainmri best): image auroc: 0.8505,
[2025-01-29 21:16:53,836][       train.py][line: 184][    INFO] (brainmri): Epoch: 102, image auroc: 0.8364,
[2025-01-29 21:16:53,836][       train.py][line: 199][    INFO] (brainmri best): image auroc: 0.8505,
[2025-01-29 21:17:04,103][       train.py][line: 184][    INFO] (brainmri): Epoch: 103, image auroc: 0.8272,
[2025-01-29 21:17:04,103][       train.py][line: 199][    INFO] (brainmri best): image auroc: 0.8505,
[2025-01-29 21:17:14,268][       train.py][line: 184][    INFO] (brainmri): Epoch: 104, image auroc: 0.8257,
[2025-01-29 21:17:14,268][       train.py][line: 199][    INFO] (brainmri best): image auroc: 0.8505,
[2025-01-29 21:17:19,436][       train.py][line: 266][    INFO] Epoch: [105/200]	Iter: [210/400]	Loss 0.65553 (0.68907)	
[2025-01-29 21:17:24,540][       train.py][line: 184][    INFO] (brainmri): Epoch: 105, image auroc: 0.8211,
[2025-01-29 21:17:24,541][       train.py][line: 199][    INFO] (brainmri best): image auroc: 0.8505,
[2025-01-29 21:17:34,688][       train.py][line: 184][    INFO] (brainmri): Epoch: 106, image auroc: 0.8293,
[2025-01-29 21:17:34,688][       train.py][line: 199][    INFO] (brainmri best): image auroc: 0.8505,
[2025-01-29 21:17:44,833][       train.py][line: 184][    INFO] (brainmri): Epoch: 107, image auroc: 0.8322,
[2025-01-29 21:17:44,833][       train.py][line: 199][    INFO] (brainmri best): image auroc: 0.8505,
[2025-01-29 21:17:55,030][       train.py][line: 184][    INFO] (brainmri): Epoch: 108, image auroc: 0.8360,
[2025-01-29 21:17:55,030][       train.py][line: 199][    INFO] (brainmri best): image auroc: 0.8505,
[2025-01-29 21:18:05,269][       train.py][line: 184][    INFO] (brainmri): Epoch: 109, image auroc: 0.8376,
[2025-01-29 21:18:05,269][       train.py][line: 199][    INFO] (brainmri best): image auroc: 0.8505,
[2025-01-29 21:18:10,407][       train.py][line: 266][    INFO] Epoch: [110/200]	Iter: [220/400]	Loss 0.82062 (0.82596)	
[2025-01-29 21:18:15,533][       train.py][line: 184][    INFO] (brainmri): Epoch: 110, image auroc: 0.8365,
[2025-01-29 21:18:15,533][       train.py][line: 199][    INFO] (brainmri best): image auroc: 0.8505,
[2025-01-29 21:18:25,579][       train.py][line: 184][    INFO] (brainmri): Epoch: 111, image auroc: 0.8326,
[2025-01-29 21:18:25,580][       train.py][line: 199][    INFO] (brainmri best): image auroc: 0.8505,
[2025-01-29 21:18:35,606][       train.py][line: 184][    INFO] (brainmri): Epoch: 112, image auroc: 0.8387,
[2025-01-29 21:18:35,606][       train.py][line: 199][    INFO] (brainmri best): image auroc: 0.8505,
[2025-01-29 21:18:45,808][       train.py][line: 184][    INFO] (brainmri): Epoch: 113, image auroc: 0.8268,
[2025-01-29 21:18:45,808][       train.py][line: 199][    INFO] (brainmri best): image auroc: 0.8505,
[2025-01-29 21:18:56,039][       train.py][line: 184][    INFO] (brainmri): Epoch: 114, image auroc: 0.8244,
[2025-01-29 21:18:56,039][       train.py][line: 199][    INFO] (brainmri best): image auroc: 0.8505,
[2025-01-29 21:19:01,146][       train.py][line: 266][    INFO] Epoch: [115/200]	Iter: [230/400]	Loss 0.74827 (0.71900)	
[2025-01-29 21:19:06,025][       train.py][line: 184][    INFO] (brainmri): Epoch: 115, image auroc: 0.8237,
[2025-01-29 21:19:06,025][       train.py][line: 199][    INFO] (brainmri best): image auroc: 0.8505,
[2025-01-29 21:19:16,264][       train.py][line: 184][    INFO] (brainmri): Epoch: 116, image auroc: 0.8190,
[2025-01-29 21:19:16,264][       train.py][line: 199][    INFO] (brainmri best): image auroc: 0.8505,
[2025-01-29 21:19:26,308][       train.py][line: 184][    INFO] (brainmri): Epoch: 117, image auroc: 0.8191,
[2025-01-29 21:19:26,309][       train.py][line: 199][    INFO] (brainmri best): image auroc: 0.8505,
[2025-01-29 21:19:36,499][       train.py][line: 184][    INFO] (brainmri): Epoch: 118, image auroc: 0.8197,
[2025-01-29 21:19:36,499][       train.py][line: 199][    INFO] (brainmri best): image auroc: 0.8505,
[2025-01-29 21:19:46,677][       train.py][line: 184][    INFO] (brainmri): Epoch: 119, image auroc: 0.8224,
[2025-01-29 21:19:46,677][       train.py][line: 199][    INFO] (brainmri best): image auroc: 0.8505,
[2025-01-29 21:19:51,973][       train.py][line: 266][    INFO] Epoch: [120/200]	Iter: [240/400]	Loss 0.74220 (0.72633)	
[2025-01-29 21:19:57,071][       train.py][line: 184][    INFO] (brainmri): Epoch: 120, image auroc: 0.8200,
[2025-01-29 21:19:57,071][       train.py][line: 199][    INFO] (brainmri best): image auroc: 0.8505,
[2025-01-29 21:20:07,310][       train.py][line: 184][    INFO] (brainmri): Epoch: 121, image auroc: 0.8276,
[2025-01-29 21:20:07,310][       train.py][line: 199][    INFO] (brainmri best): image auroc: 0.8505,
[2025-01-29 21:20:17,444][       train.py][line: 184][    INFO] (brainmri): Epoch: 122, image auroc: 0.8316,
[2025-01-29 21:20:17,444][       train.py][line: 199][    INFO] (brainmri best): image auroc: 0.8505,
[2025-01-29 21:20:27,474][       train.py][line: 184][    INFO] (brainmri): Epoch: 123, image auroc: 0.8348,
[2025-01-29 21:20:27,474][       train.py][line: 199][    INFO] (brainmri best): image auroc: 0.8505,
[2025-01-29 21:20:37,551][       train.py][line: 184][    INFO] (brainmri): Epoch: 124, image auroc: 0.8428,
[2025-01-29 21:20:37,552][       train.py][line: 199][    INFO] (brainmri best): image auroc: 0.8505,
[2025-01-29 21:20:42,694][       train.py][line: 266][    INFO] Epoch: [125/200]	Iter: [250/400]	Loss 0.76712 (0.84858)	
[2025-01-29 21:20:47,654][       train.py][line: 184][    INFO] (brainmri): Epoch: 125, image auroc: 0.8445,
[2025-01-29 21:20:47,655][       train.py][line: 199][    INFO] (brainmri best): image auroc: 0.8505,
[2025-01-29 21:20:57,671][       train.py][line: 184][    INFO] (brainmri): Epoch: 126, image auroc: 0.8517,
[2025-01-29 21:20:57,671][       train.py][line: 199][    INFO] (brainmri best): image auroc: 0.8517,
[2025-01-29 21:20:57,672][       train.py][line: 206][    INFO] save checkpoints in epoch: 126
[2025-01-29 21:21:07,839][       train.py][line: 184][    INFO] (brainmri): Epoch: 127, image auroc: 0.8526,
[2025-01-29 21:21:07,839][       train.py][line: 199][    INFO] (brainmri best): image auroc: 0.8526,
[2025-01-29 21:21:07,839][       train.py][line: 206][    INFO] save checkpoints in epoch: 127
[2025-01-29 21:21:17,909][       train.py][line: 184][    INFO] (brainmri): Epoch: 128, image auroc: 0.8413,
[2025-01-29 21:21:17,909][       train.py][line: 199][    INFO] (brainmri best): image auroc: 0.8526,
[2025-01-29 21:21:28,126][       train.py][line: 184][    INFO] (brainmri): Epoch: 129, image auroc: 0.8343,
[2025-01-29 21:21:28,126][       train.py][line: 199][    INFO] (brainmri best): image auroc: 0.8526,
[2025-01-29 21:21:33,296][       train.py][line: 266][    INFO] Epoch: [130/200]	Iter: [260/400]	Loss 0.83945 (0.78299)	
[2025-01-29 21:21:38,311][       train.py][line: 184][    INFO] (brainmri): Epoch: 130, image auroc: 0.8374,
[2025-01-29 21:21:38,311][       train.py][line: 199][    INFO] (brainmri best): image auroc: 0.8526,
[2025-01-29 21:21:48,390][       train.py][line: 184][    INFO] (brainmri): Epoch: 131, image auroc: 0.8431,
[2025-01-29 21:21:48,390][       train.py][line: 199][    INFO] (brainmri best): image auroc: 0.8526,
[2025-01-29 21:21:58,401][       train.py][line: 184][    INFO] (brainmri): Epoch: 132, image auroc: 0.8445,
[2025-01-29 21:21:58,402][       train.py][line: 199][    INFO] (brainmri best): image auroc: 0.8526,
[2025-01-29 21:22:08,601][       train.py][line: 184][    INFO] (brainmri): Epoch: 133, image auroc: 0.8414,
[2025-01-29 21:22:08,601][       train.py][line: 199][    INFO] (brainmri best): image auroc: 0.8526,
[2025-01-29 21:22:18,867][       train.py][line: 184][    INFO] (brainmri): Epoch: 134, image auroc: 0.8419,
[2025-01-29 21:22:18,867][       train.py][line: 199][    INFO] (brainmri best): image auroc: 0.8526,
[2025-01-29 21:22:24,097][       train.py][line: 266][    INFO] Epoch: [135/200]	Iter: [270/400]	Loss 0.69841 (0.71596)	
[2025-01-29 21:22:29,153][       train.py][line: 184][    INFO] (brainmri): Epoch: 135, image auroc: 0.8441,
[2025-01-29 21:22:29,153][       train.py][line: 199][    INFO] (brainmri best): image auroc: 0.8526,
[2025-01-29 21:22:39,359][       train.py][line: 184][    INFO] (brainmri): Epoch: 136, image auroc: 0.8525,
[2025-01-29 21:22:39,359][       train.py][line: 199][    INFO] (brainmri best): image auroc: 0.8526,
[2025-01-29 21:22:49,545][       train.py][line: 184][    INFO] (brainmri): Epoch: 137, image auroc: 0.8549,
[2025-01-29 21:22:49,546][       train.py][line: 199][    INFO] (brainmri best): image auroc: 0.8549,
[2025-01-29 21:22:49,546][       train.py][line: 206][    INFO] save checkpoints in epoch: 137
[2025-01-29 21:22:59,742][       train.py][line: 184][    INFO] (brainmri): Epoch: 138, image auroc: 0.8653,
[2025-01-29 21:22:59,742][       train.py][line: 199][    INFO] (brainmri best): image auroc: 0.8653,
[2025-01-29 21:22:59,742][       train.py][line: 206][    INFO] save checkpoints in epoch: 138
[2025-01-29 21:23:09,949][       train.py][line: 184][    INFO] (brainmri): Epoch: 139, image auroc: 0.8477,
[2025-01-29 21:23:09,949][       train.py][line: 199][    INFO] (brainmri best): image auroc: 0.8653,
[2025-01-29 21:23:15,180][       train.py][line: 266][    INFO] Epoch: [140/200]	Iter: [280/400]	Loss 0.75463 (0.78537)	
[2025-01-29 21:23:20,139][       train.py][line: 184][    INFO] (brainmri): Epoch: 140, image auroc: 0.8546,
[2025-01-29 21:23:20,139][       train.py][line: 199][    INFO] (brainmri best): image auroc: 0.8653,
[2025-01-29 21:23:30,267][       train.py][line: 184][    INFO] (brainmri): Epoch: 141, image auroc: 0.8598,
[2025-01-29 21:23:30,268][       train.py][line: 199][    INFO] (brainmri best): image auroc: 0.8653,
[2025-01-29 21:23:40,304][       train.py][line: 184][    INFO] (brainmri): Epoch: 142, image auroc: 0.8634,
[2025-01-29 21:23:40,304][       train.py][line: 199][    INFO] (brainmri best): image auroc: 0.8653,
[2025-01-29 21:23:50,443][       train.py][line: 184][    INFO] (brainmri): Epoch: 143, image auroc: 0.8673,
[2025-01-29 21:23:50,443][       train.py][line: 199][    INFO] (brainmri best): image auroc: 0.8673,
[2025-01-29 21:23:50,443][       train.py][line: 206][    INFO] save checkpoints in epoch: 143
[2025-01-29 21:24:00,603][       train.py][line: 184][    INFO] (brainmri): Epoch: 144, image auroc: 0.8585,
[2025-01-29 21:24:00,603][       train.py][line: 199][    INFO] (brainmri best): image auroc: 0.8673,
[2025-01-29 21:24:05,709][       train.py][line: 266][    INFO] Epoch: [145/200]	Iter: [290/400]	Loss 0.74711 (0.69514)	
[2025-01-29 21:24:10,616][       train.py][line: 184][    INFO] (brainmri): Epoch: 145, image auroc: 0.8540,
[2025-01-29 21:24:10,616][       train.py][line: 199][    INFO] (brainmri best): image auroc: 0.8673,
[2025-01-29 21:24:20,923][       train.py][line: 184][    INFO] (brainmri): Epoch: 146, image auroc: 0.8473,
[2025-01-29 21:24:20,923][       train.py][line: 199][    INFO] (brainmri best): image auroc: 0.8673,
[2025-01-29 21:24:31,037][       train.py][line: 184][    INFO] (brainmri): Epoch: 147, image auroc: 0.8386,
[2025-01-29 21:24:31,038][       train.py][line: 199][    INFO] (brainmri best): image auroc: 0.8673,
[2025-01-29 21:24:41,100][       train.py][line: 184][    INFO] (brainmri): Epoch: 148, image auroc: 0.8265,
[2025-01-29 21:24:41,100][       train.py][line: 199][    INFO] (brainmri best): image auroc: 0.8673,
[2025-01-29 21:24:51,367][       train.py][line: 184][    INFO] (brainmri): Epoch: 149, image auroc: 0.8299,
[2025-01-29 21:24:51,367][       train.py][line: 199][    INFO] (brainmri best): image auroc: 0.8673,
[2025-01-29 21:24:56,562][       train.py][line: 266][    INFO] Epoch: [150/200]	Iter: [300/400]	Loss 0.68464 (0.69353)	
[2025-01-29 21:25:01,504][       train.py][line: 184][    INFO] (brainmri): Epoch: 150, image auroc: 0.8210,
[2025-01-29 21:25:01,505][       train.py][line: 199][    INFO] (brainmri best): image auroc: 0.8673,
[2025-01-29 21:25:11,723][       train.py][line: 184][    INFO] (brainmri): Epoch: 151, image auroc: 0.8205,
[2025-01-29 21:25:11,723][       train.py][line: 199][    INFO] (brainmri best): image auroc: 0.8673,
[2025-01-29 21:25:21,933][       train.py][line: 184][    INFO] (brainmri): Epoch: 152, image auroc: 0.8288,
[2025-01-29 21:25:21,933][       train.py][line: 199][    INFO] (brainmri best): image auroc: 0.8673,
[2025-01-29 21:25:31,985][       train.py][line: 184][    INFO] (brainmri): Epoch: 153, image auroc: 0.8306,
[2025-01-29 21:25:31,986][       train.py][line: 199][    INFO] (brainmri best): image auroc: 0.8673,
[2025-01-29 21:25:42,097][       train.py][line: 184][    INFO] (brainmri): Epoch: 154, image auroc: 0.8336,
[2025-01-29 21:25:42,097][       train.py][line: 199][    INFO] (brainmri best): image auroc: 0.8673,
[2025-01-29 21:25:47,186][       train.py][line: 266][    INFO] Epoch: [155/200]	Iter: [310/400]	Loss 0.81441 (0.82071)	
[2025-01-29 21:25:52,104][       train.py][line: 184][    INFO] (brainmri): Epoch: 155, image auroc: 0.8379,
[2025-01-29 21:25:52,104][       train.py][line: 199][    INFO] (brainmri best): image auroc: 0.8673,
[2025-01-29 21:26:02,234][       train.py][line: 184][    INFO] (brainmri): Epoch: 156, image auroc: 0.8423,
[2025-01-29 21:26:02,235][       train.py][line: 199][    INFO] (brainmri best): image auroc: 0.8673,
[2025-01-29 21:26:12,460][       train.py][line: 184][    INFO] (brainmri): Epoch: 157, image auroc: 0.8449,
[2025-01-29 21:26:12,460][       train.py][line: 199][    INFO] (brainmri best): image auroc: 0.8673,
[2025-01-29 21:26:22,578][       train.py][line: 184][    INFO] (brainmri): Epoch: 158, image auroc: 0.8436,
[2025-01-29 21:26:22,578][       train.py][line: 199][    INFO] (brainmri best): image auroc: 0.8673,
[2025-01-29 21:26:32,743][       train.py][line: 184][    INFO] (brainmri): Epoch: 159, image auroc: 0.8401,
[2025-01-29 21:26:32,743][       train.py][line: 199][    INFO] (brainmri best): image auroc: 0.8673,
[2025-01-29 21:26:37,882][       train.py][line: 266][    INFO] Epoch: [160/200]	Iter: [320/400]	Loss 0.73206 (0.71212)	
[2025-01-29 21:26:42,809][       train.py][line: 184][    INFO] (brainmri): Epoch: 160, image auroc: 0.8367,
[2025-01-29 21:26:42,809][       train.py][line: 199][    INFO] (brainmri best): image auroc: 0.8673,
[2025-01-29 21:26:53,164][       train.py][line: 184][    INFO] (brainmri): Epoch: 161, image auroc: 0.8317,
[2025-01-29 21:26:53,164][       train.py][line: 199][    INFO] (brainmri best): image auroc: 0.8673,
[2025-01-29 21:27:03,271][       train.py][line: 184][    INFO] (brainmri): Epoch: 162, image auroc: 0.8306,
[2025-01-29 21:27:03,272][       train.py][line: 199][    INFO] (brainmri best): image auroc: 0.8673,
[2025-01-29 21:27:13,392][       train.py][line: 184][    INFO] (brainmri): Epoch: 163, image auroc: 0.8295,
[2025-01-29 21:27:13,392][       train.py][line: 199][    INFO] (brainmri best): image auroc: 0.8673,
[2025-01-29 21:27:23,485][       train.py][line: 184][    INFO] (brainmri): Epoch: 164, image auroc: 0.8294,
[2025-01-29 21:27:23,485][       train.py][line: 199][    INFO] (brainmri best): image auroc: 0.8673,
[2025-01-29 21:27:28,590][       train.py][line: 266][    INFO] Epoch: [165/200]	Iter: [330/400]	Loss 0.70701 (0.67925)	
[2025-01-29 21:27:33,532][       train.py][line: 184][    INFO] (brainmri): Epoch: 165, image auroc: 0.8218,
[2025-01-29 21:27:33,532][       train.py][line: 199][    INFO] (brainmri best): image auroc: 0.8673,
[2025-01-29 21:27:43,739][       train.py][line: 184][    INFO] (brainmri): Epoch: 166, image auroc: 0.8178,
[2025-01-29 21:27:43,739][       train.py][line: 199][    INFO] (brainmri best): image auroc: 0.8673,
[2025-01-29 21:27:53,896][       train.py][line: 184][    INFO] (brainmri): Epoch: 167, image auroc: 0.8213,
[2025-01-29 21:27:53,896][       train.py][line: 199][    INFO] (brainmri best): image auroc: 0.8673,
[2025-01-29 21:28:04,106][       train.py][line: 184][    INFO] (brainmri): Epoch: 168, image auroc: 0.8181,
[2025-01-29 21:28:04,106][       train.py][line: 199][    INFO] (brainmri best): image auroc: 0.8673,
[2025-01-29 21:28:14,148][       train.py][line: 184][    INFO] (brainmri): Epoch: 169, image auroc: 0.8227,
[2025-01-29 21:28:14,149][       train.py][line: 199][    INFO] (brainmri best): image auroc: 0.8673,
[2025-01-29 21:28:19,259][       train.py][line: 266][    INFO] Epoch: [170/200]	Iter: [340/400]	Loss 0.77987 (0.81853)	
[2025-01-29 21:28:24,191][       train.py][line: 184][    INFO] (brainmri): Epoch: 170, image auroc: 0.8313,
[2025-01-29 21:28:24,191][       train.py][line: 199][    INFO] (brainmri best): image auroc: 0.8673,
[2025-01-29 21:28:34,273][       train.py][line: 184][    INFO] (brainmri): Epoch: 171, image auroc: 0.8342,
[2025-01-29 21:28:34,273][       train.py][line: 199][    INFO] (brainmri best): image auroc: 0.8673,
[2025-01-29 21:28:44,503][       train.py][line: 184][    INFO] (brainmri): Epoch: 172, image auroc: 0.8383,
[2025-01-29 21:28:44,504][       train.py][line: 199][    INFO] (brainmri best): image auroc: 0.8673,
[2025-01-29 21:28:54,610][       train.py][line: 184][    INFO] (brainmri): Epoch: 173, image auroc: 0.8377,
[2025-01-29 21:28:54,610][       train.py][line: 199][    INFO] (brainmri best): image auroc: 0.8673,
[2025-01-29 21:29:04,836][       train.py][line: 184][    INFO] (brainmri): Epoch: 174, image auroc: 0.8370,
[2025-01-29 21:29:04,836][       train.py][line: 199][    INFO] (brainmri best): image auroc: 0.8673,
[2025-01-29 21:29:10,022][       train.py][line: 266][    INFO] Epoch: [175/200]	Iter: [350/400]	Loss 0.65524 (0.71690)	
[2025-01-29 21:29:15,059][       train.py][line: 184][    INFO] (brainmri): Epoch: 175, image auroc: 0.8291,
[2025-01-29 21:29:15,059][       train.py][line: 199][    INFO] (brainmri best): image auroc: 0.8673,
[2025-01-29 21:29:25,152][       train.py][line: 184][    INFO] (brainmri): Epoch: 176, image auroc: 0.8264,
[2025-01-29 21:29:25,153][       train.py][line: 199][    INFO] (brainmri best): image auroc: 0.8673,
[2025-01-29 21:29:35,189][       train.py][line: 184][    INFO] (brainmri): Epoch: 177, image auroc: 0.8274,
[2025-01-29 21:29:35,189][       train.py][line: 199][    INFO] (brainmri best): image auroc: 0.8673,
[2025-01-29 21:29:45,261][       train.py][line: 184][    INFO] (brainmri): Epoch: 178, image auroc: 0.8207,
[2025-01-29 21:29:45,261][       train.py][line: 199][    INFO] (brainmri best): image auroc: 0.8673,
[2025-01-29 21:29:55,413][       train.py][line: 184][    INFO] (brainmri): Epoch: 179, image auroc: 0.8108,
[2025-01-29 21:29:55,413][       train.py][line: 199][    INFO] (brainmri best): image auroc: 0.8673,
[2025-01-29 21:30:00,586][       train.py][line: 266][    INFO] Epoch: [180/200]	Iter: [360/400]	Loss 0.62755 (0.68841)	
[2025-01-29 21:30:05,662][       train.py][line: 184][    INFO] (brainmri): Epoch: 180, image auroc: 0.8192,
[2025-01-29 21:30:05,663][       train.py][line: 199][    INFO] (brainmri best): image auroc: 0.8673,
[2025-01-29 21:30:15,686][       train.py][line: 184][    INFO] (brainmri): Epoch: 181, image auroc: 0.8216,
[2025-01-29 21:30:15,686][       train.py][line: 199][    INFO] (brainmri best): image auroc: 0.8673,
[2025-01-29 21:30:25,831][       train.py][line: 184][    INFO] (brainmri): Epoch: 182, image auroc: 0.8291,
[2025-01-29 21:30:25,831][       train.py][line: 199][    INFO] (brainmri best): image auroc: 0.8673,
[2025-01-29 21:30:35,958][       train.py][line: 184][    INFO] (brainmri): Epoch: 183, image auroc: 0.8300,
[2025-01-29 21:30:35,958][       train.py][line: 199][    INFO] (brainmri best): image auroc: 0.8673,
[2025-01-29 21:30:45,993][       train.py][line: 184][    INFO] (brainmri): Epoch: 184, image auroc: 0.8300,
[2025-01-29 21:30:45,993][       train.py][line: 199][    INFO] (brainmri best): image auroc: 0.8673,
[2025-01-29 21:30:51,131][       train.py][line: 266][    INFO] Epoch: [185/200]	Iter: [370/400]	Loss 0.82878 (0.77140)	
[2025-01-29 21:30:56,128][       train.py][line: 184][    INFO] (brainmri): Epoch: 185, image auroc: 0.8297,
[2025-01-29 21:30:56,128][       train.py][line: 199][    INFO] (brainmri best): image auroc: 0.8673,
[2025-01-29 21:31:06,315][       train.py][line: 184][    INFO] (brainmri): Epoch: 186, image auroc: 0.8336,
[2025-01-29 21:31:06,315][       train.py][line: 199][    INFO] (brainmri best): image auroc: 0.8673,
[2025-01-29 21:31:16,477][       train.py][line: 184][    INFO] (brainmri): Epoch: 187, image auroc: 0.8341,
[2025-01-29 21:31:16,477][       train.py][line: 199][    INFO] (brainmri best): image auroc: 0.8673,
[2025-01-29 21:31:26,677][       train.py][line: 184][    INFO] (brainmri): Epoch: 188, image auroc: 0.8307,
[2025-01-29 21:31:26,677][       train.py][line: 199][    INFO] (brainmri best): image auroc: 0.8673,
[2025-01-29 21:31:36,947][       train.py][line: 184][    INFO] (brainmri): Epoch: 189, image auroc: 0.8369,
[2025-01-29 21:31:36,947][       train.py][line: 199][    INFO] (brainmri best): image auroc: 0.8673,
[2025-01-29 21:31:42,052][       train.py][line: 266][    INFO] Epoch: [190/200]	Iter: [380/400]	Loss 0.59848 (0.72326)	
[2025-01-29 21:31:47,012][       train.py][line: 184][    INFO] (brainmri): Epoch: 190, image auroc: 0.8361,
[2025-01-29 21:31:47,013][       train.py][line: 199][    INFO] (brainmri best): image auroc: 0.8673,
[2025-01-29 21:31:57,265][       train.py][line: 184][    INFO] (brainmri): Epoch: 191, image auroc: 0.8254,
[2025-01-29 21:31:57,265][       train.py][line: 199][    INFO] (brainmri best): image auroc: 0.8673,
[2025-01-29 21:32:07,377][       train.py][line: 184][    INFO] (brainmri): Epoch: 192, image auroc: 0.8255,
[2025-01-29 21:32:07,377][       train.py][line: 199][    INFO] (brainmri best): image auroc: 0.8673,
[2025-01-29 21:32:17,509][       train.py][line: 184][    INFO] (brainmri): Epoch: 193, image auroc: 0.8244,
[2025-01-29 21:32:17,509][       train.py][line: 199][    INFO] (brainmri best): image auroc: 0.8673,
[2025-01-29 21:32:27,433][       train.py][line: 184][    INFO] (brainmri): Epoch: 194, image auroc: 0.8219,
[2025-01-29 21:32:27,433][       train.py][line: 199][    INFO] (brainmri best): image auroc: 0.8673,
[2025-01-29 21:32:32,578][       train.py][line: 266][    INFO] Epoch: [195/200]	Iter: [390/400]	Loss 0.81893 (0.85978)	
[2025-01-29 21:32:37,522][       train.py][line: 184][    INFO] (brainmri): Epoch: 195, image auroc: 0.8276,
[2025-01-29 21:32:37,522][       train.py][line: 199][    INFO] (brainmri best): image auroc: 0.8673,
[2025-01-29 21:32:47,863][       train.py][line: 184][    INFO] (brainmri): Epoch: 196, image auroc: 0.8346,
[2025-01-29 21:32:47,864][       train.py][line: 199][    INFO] (brainmri best): image auroc: 0.8673,
[2025-01-29 21:32:58,058][       train.py][line: 184][    INFO] (brainmri): Epoch: 197, image auroc: 0.8423,
[2025-01-29 21:32:58,058][       train.py][line: 199][    INFO] (brainmri best): image auroc: 0.8673,
[2025-01-29 21:33:08,295][       train.py][line: 184][    INFO] (brainmri): Epoch: 198, image auroc: 0.8397,
[2025-01-29 21:33:08,295][       train.py][line: 199][    INFO] (brainmri best): image auroc: 0.8673,
[2025-01-29 21:33:18,514][       train.py][line: 184][    INFO] (brainmri): Epoch: 199, image auroc: 0.8448,
[2025-01-29 21:33:18,515][       train.py][line: 199][    INFO] (brainmri best): image auroc: 0.8673,
[2025-01-29 21:33:23,631][       train.py][line: 266][    INFO] Epoch: [200/200]	Iter: [400/400]	Loss 0.69998 (0.71192)	
[2025-01-29 21:33:28,583][       train.py][line: 184][    INFO] (brainmri): Epoch: 200, image auroc: 0.8483,
[2025-01-29 21:33:28,583][       train.py][line: 199][    INFO] (brainmri best): image auroc: 0.8673,
