[2025-01-18 06:38:23,004][       train.py][line:  67][    INFO] config: Namespace(config_path='config/brainmri.yaml', k_shot=16, config={'version': 'v1.0.0', 'random_seed': 100, 'data_root': 'data', 'train_dataset': 'brainmri', 'test_datasets': ['brainmri'], 'epoch': 200, 'batch_size': 8, 'print_freq_step': 10, 'val_freq_epoch': 1, 'image_size': 224, 'model_name': 'ViT-B-16', 'layers_out': [12, 18, 24], 'anomaly_tasks': {'CutpasteTask': 0.25, 'GaussIntensityChangeTask': 0.25, 'SourceTask': 0.25, 'IdentityTask': 0.25}, 'prompt_maker': 'coop', 'n_learnable_token': 8, 'CSC': True, 'class_token_positions': ['end'], 'save_root': 'results/2025_01_18_06_38_23', 'prompts': {'normal': ['normal', 'healthy', 'negative', 'unremarkable', 'clear', 'asymptomatic', 'normal findings', 'no findings', 'in good health', 'no evidence of disease'], 'abnormal': ['abnormal', 'positive', 'symptomatic', 'disease', 'lesion', 'pathological', 'impaired', 'evidence of disease', 'abnormal finding', 'pathological condition', 'pathological abnormality']}, 'model_cfg': {'embed_dim': 512, 'vision_cfg': {'image_size': 224, 'layers': 12, 'width': 768, 'patch_size': 16}, 'text_cfg': {'context_length': 77, 'vocab_size': 49408, 'width': 512, 'heads': 8, 'layers': 12}}})
[2025-01-18 06:38:23,011][       train.py][line:  74][    INFO] load CoOp
[2025-01-18 06:38:23,259][       train.py][line: 131][    INFO] train data (brainmri) len 16
[2025-01-18 06:38:23,259][       train.py][line: 134][    INFO] test data (brainmri) len 220
[2025-01-18 06:38:23,259][       train.py][line: 137][    INFO] anomaly syn task is CutpasteTask, sampling probability is 0.25
[2025-01-18 06:38:23,259][       train.py][line: 137][    INFO] anomaly syn task is GaussIntensityChangeTask, sampling probability is 0.25
[2025-01-18 06:38:23,259][       train.py][line: 137][    INFO] anomaly syn task is SourceTask, sampling probability is 0.25
[2025-01-18 06:38:23,259][       train.py][line: 137][    INFO] anomaly syn task is IdentityTask, sampling probability is 0.25
[2025-01-18 06:38:33,272][       train.py][line: 186][    INFO] (brainmri): Epoch: 1, image auroc: 0.6179,
[2025-01-18 06:38:33,272][       train.py][line: 201][    INFO] (brainmri best): image auroc: 0.6179,
[2025-01-18 06:38:33,272][       train.py][line: 208][    INFO] save checkpoints in epoch: 1
[2025-01-18 06:38:43,350][       train.py][line: 186][    INFO] (brainmri): Epoch: 2, image auroc: 0.6403,
[2025-01-18 06:38:43,350][       train.py][line: 201][    INFO] (brainmri best): image auroc: 0.6403,
[2025-01-18 06:38:43,350][       train.py][line: 208][    INFO] save checkpoints in epoch: 2
[2025-01-18 06:38:53,492][       train.py][line: 186][    INFO] (brainmri): Epoch: 3, image auroc: 0.7039,
[2025-01-18 06:38:53,492][       train.py][line: 201][    INFO] (brainmri best): image auroc: 0.7039,
[2025-01-18 06:38:53,492][       train.py][line: 208][    INFO] save checkpoints in epoch: 3
[2025-01-18 06:39:03,514][       train.py][line: 186][    INFO] (brainmri): Epoch: 4, image auroc: 0.7168,
[2025-01-18 06:39:03,515][       train.py][line: 201][    INFO] (brainmri best): image auroc: 0.7168,
[2025-01-18 06:39:03,515][       train.py][line: 208][    INFO] save checkpoints in epoch: 4
[2025-01-18 06:39:08,641][       train.py][line: 264][    INFO] Epoch: [5/200]	Iter: [10/400]	Loss 0.93509 (0.93438)	
[2025-01-18 06:39:13,588][       train.py][line: 186][    INFO] (brainmri): Epoch: 5, image auroc: 0.7230,
[2025-01-18 06:39:13,589][       train.py][line: 201][    INFO] (brainmri best): image auroc: 0.7230,
[2025-01-18 06:39:13,589][       train.py][line: 208][    INFO] save checkpoints in epoch: 5
[2025-01-18 06:39:23,888][       train.py][line: 186][    INFO] (brainmri): Epoch: 6, image auroc: 0.7991,
[2025-01-18 06:39:23,888][       train.py][line: 201][    INFO] (brainmri best): image auroc: 0.7991,
[2025-01-18 06:39:23,888][       train.py][line: 208][    INFO] save checkpoints in epoch: 6
[2025-01-18 06:39:34,008][       train.py][line: 186][    INFO] (brainmri): Epoch: 7, image auroc: 0.8268,
[2025-01-18 06:39:34,008][       train.py][line: 201][    INFO] (brainmri best): image auroc: 0.8268,
[2025-01-18 06:39:34,008][       train.py][line: 208][    INFO] save checkpoints in epoch: 7
[2025-01-18 06:39:44,095][       train.py][line: 186][    INFO] (brainmri): Epoch: 8, image auroc: 0.8237,
[2025-01-18 06:39:44,095][       train.py][line: 201][    INFO] (brainmri best): image auroc: 0.8268,
[2025-01-18 06:39:54,408][       train.py][line: 186][    INFO] (brainmri): Epoch: 9, image auroc: 0.8318,
[2025-01-18 06:39:54,408][       train.py][line: 201][    INFO] (brainmri best): image auroc: 0.8318,
[2025-01-18 06:39:54,408][       train.py][line: 208][    INFO] save checkpoints in epoch: 9
[2025-01-18 06:39:59,589][       train.py][line: 264][    INFO] Epoch: [10/200]	Iter: [20/400]	Loss 0.88177 (0.91452)	
[2025-01-18 06:40:04,483][       train.py][line: 186][    INFO] (brainmri): Epoch: 10, image auroc: 0.8471,
[2025-01-18 06:40:04,484][       train.py][line: 201][    INFO] (brainmri best): image auroc: 0.8471,
[2025-01-18 06:40:04,484][       train.py][line: 208][    INFO] save checkpoints in epoch: 10
[2025-01-18 06:40:14,573][       train.py][line: 186][    INFO] (brainmri): Epoch: 11, image auroc: 0.8598,
[2025-01-18 06:40:14,573][       train.py][line: 201][    INFO] (brainmri best): image auroc: 0.8598,
[2025-01-18 06:40:14,573][       train.py][line: 208][    INFO] save checkpoints in epoch: 11
[2025-01-18 06:40:24,580][       train.py][line: 186][    INFO] (brainmri): Epoch: 12, image auroc: 0.8604,
[2025-01-18 06:40:24,581][       train.py][line: 201][    INFO] (brainmri best): image auroc: 0.8604,
[2025-01-18 06:40:24,581][       train.py][line: 208][    INFO] save checkpoints in epoch: 12
[2025-01-18 06:40:34,733][       train.py][line: 186][    INFO] (brainmri): Epoch: 13, image auroc: 0.8619,
[2025-01-18 06:40:34,733][       train.py][line: 201][    INFO] (brainmri best): image auroc: 0.8619,
[2025-01-18 06:40:34,733][       train.py][line: 208][    INFO] save checkpoints in epoch: 13
[2025-01-18 06:40:44,911][       train.py][line: 186][    INFO] (brainmri): Epoch: 14, image auroc: 0.8625,
[2025-01-18 06:40:44,911][       train.py][line: 201][    INFO] (brainmri best): image auroc: 0.8625,
[2025-01-18 06:40:44,911][       train.py][line: 208][    INFO] save checkpoints in epoch: 14
[2025-01-18 06:40:50,009][       train.py][line: 264][    INFO] Epoch: [15/200]	Iter: [30/400]	Loss 0.91663 (0.91708)	
[2025-01-18 06:40:54,927][       train.py][line: 186][    INFO] (brainmri): Epoch: 15, image auroc: 0.8669,
[2025-01-18 06:40:54,927][       train.py][line: 201][    INFO] (brainmri best): image auroc: 0.8669,
[2025-01-18 06:40:54,927][       train.py][line: 208][    INFO] save checkpoints in epoch: 15
[2025-01-18 06:41:05,019][       train.py][line: 186][    INFO] (brainmri): Epoch: 16, image auroc: 0.8581,
[2025-01-18 06:41:05,019][       train.py][line: 201][    INFO] (brainmri best): image auroc: 0.8669,
[2025-01-18 06:41:15,362][       train.py][line: 186][    INFO] (brainmri): Epoch: 17, image auroc: 0.8654,
[2025-01-18 06:41:15,362][       train.py][line: 201][    INFO] (brainmri best): image auroc: 0.8669,
[2025-01-18 06:41:25,534][       train.py][line: 186][    INFO] (brainmri): Epoch: 18, image auroc: 0.8647,
[2025-01-18 06:41:25,534][       train.py][line: 201][    INFO] (brainmri best): image auroc: 0.8669,
[2025-01-18 06:41:35,673][       train.py][line: 186][    INFO] (brainmri): Epoch: 19, image auroc: 0.8805,
[2025-01-18 06:41:35,673][       train.py][line: 201][    INFO] (brainmri best): image auroc: 0.8805,
[2025-01-18 06:41:35,673][       train.py][line: 208][    INFO] save checkpoints in epoch: 19
[2025-01-18 06:41:40,746][       train.py][line: 264][    INFO] Epoch: [20/200]	Iter: [40/400]	Loss 0.93911 (0.95091)	
[2025-01-18 06:41:45,751][       train.py][line: 186][    INFO] (brainmri): Epoch: 20, image auroc: 0.8994,
[2025-01-18 06:41:45,751][       train.py][line: 201][    INFO] (brainmri best): image auroc: 0.8994,
[2025-01-18 06:41:45,751][       train.py][line: 208][    INFO] save checkpoints in epoch: 20
[2025-01-18 06:41:56,108][       train.py][line: 186][    INFO] (brainmri): Epoch: 21, image auroc: 0.8941,
[2025-01-18 06:41:56,109][       train.py][line: 201][    INFO] (brainmri best): image auroc: 0.8994,
[2025-01-18 06:42:06,166][       train.py][line: 186][    INFO] (brainmri): Epoch: 22, image auroc: 0.8859,
[2025-01-18 06:42:06,166][       train.py][line: 201][    INFO] (brainmri best): image auroc: 0.8994,
[2025-01-18 06:42:16,181][       train.py][line: 186][    INFO] (brainmri): Epoch: 23, image auroc: 0.8836,
[2025-01-18 06:42:16,181][       train.py][line: 201][    INFO] (brainmri best): image auroc: 0.8994,
[2025-01-18 06:42:26,362][       train.py][line: 186][    INFO] (brainmri): Epoch: 24, image auroc: 0.8837,
[2025-01-18 06:42:26,363][       train.py][line: 201][    INFO] (brainmri best): image auroc: 0.8994,
[2025-01-18 06:42:31,531][       train.py][line: 264][    INFO] Epoch: [25/200]	Iter: [50/400]	Loss 0.78331 (0.82560)	
[2025-01-18 06:42:36,543][       train.py][line: 186][    INFO] (brainmri): Epoch: 25, image auroc: 0.8874,
[2025-01-18 06:42:36,543][       train.py][line: 201][    INFO] (brainmri best): image auroc: 0.8994,
[2025-01-18 06:42:46,743][       train.py][line: 186][    INFO] (brainmri): Epoch: 26, image auroc: 0.8710,
[2025-01-18 06:42:46,744][       train.py][line: 201][    INFO] (brainmri best): image auroc: 0.8994,
[2025-01-18 06:42:56,890][       train.py][line: 186][    INFO] (brainmri): Epoch: 27, image auroc: 0.8698,
[2025-01-18 06:42:56,890][       train.py][line: 201][    INFO] (brainmri best): image auroc: 0.8994,
[2025-01-18 06:43:06,907][       train.py][line: 186][    INFO] (brainmri): Epoch: 28, image auroc: 0.8716,
[2025-01-18 06:43:06,907][       train.py][line: 201][    INFO] (brainmri best): image auroc: 0.8994,
[2025-01-18 06:43:17,054][       train.py][line: 186][    INFO] (brainmri): Epoch: 29, image auroc: 0.8739,
[2025-01-18 06:43:17,054][       train.py][line: 201][    INFO] (brainmri best): image auroc: 0.8994,
[2025-01-18 06:43:22,221][       train.py][line: 264][    INFO] Epoch: [30/200]	Iter: [60/400]	Loss 0.94425 (0.91630)	
[2025-01-18 06:43:27,131][       train.py][line: 186][    INFO] (brainmri): Epoch: 30, image auroc: 0.8715,
[2025-01-18 06:43:27,131][       train.py][line: 201][    INFO] (brainmri best): image auroc: 0.8994,
[2025-01-18 06:43:37,125][       train.py][line: 186][    INFO] (brainmri): Epoch: 31, image auroc: 0.8785,
[2025-01-18 06:43:37,126][       train.py][line: 201][    INFO] (brainmri best): image auroc: 0.8994,
[2025-01-18 06:43:47,211][       train.py][line: 186][    INFO] (brainmri): Epoch: 32, image auroc: 0.8779,
[2025-01-18 06:43:47,211][       train.py][line: 201][    INFO] (brainmri best): image auroc: 0.8994,
[2025-01-18 06:43:57,341][       train.py][line: 186][    INFO] (brainmri): Epoch: 33, image auroc: 0.8792,
[2025-01-18 06:43:57,341][       train.py][line: 201][    INFO] (brainmri best): image auroc: 0.8994,
[2025-01-18 06:44:07,433][       train.py][line: 186][    INFO] (brainmri): Epoch: 34, image auroc: 0.8718,
[2025-01-18 06:44:07,433][       train.py][line: 201][    INFO] (brainmri best): image auroc: 0.8994,
[2025-01-18 06:44:12,621][       train.py][line: 264][    INFO] Epoch: [35/200]	Iter: [70/400]	Loss 0.82124 (0.81729)	
[2025-01-18 06:44:17,510][       train.py][line: 186][    INFO] (brainmri): Epoch: 35, image auroc: 0.8739,
[2025-01-18 06:44:17,510][       train.py][line: 201][    INFO] (brainmri best): image auroc: 0.8994,
[2025-01-18 06:44:27,657][       train.py][line: 186][    INFO] (brainmri): Epoch: 36, image auroc: 0.8799,
[2025-01-18 06:44:27,657][       train.py][line: 201][    INFO] (brainmri best): image auroc: 0.8994,
[2025-01-18 06:44:37,541][       train.py][line: 186][    INFO] (brainmri): Epoch: 37, image auroc: 0.8767,
[2025-01-18 06:44:37,541][       train.py][line: 201][    INFO] (brainmri best): image auroc: 0.8994,
[2025-01-18 06:44:47,473][       train.py][line: 186][    INFO] (brainmri): Epoch: 38, image auroc: 0.8732,
[2025-01-18 06:44:47,473][       train.py][line: 201][    INFO] (brainmri best): image auroc: 0.8994,
[2025-01-18 06:44:57,508][       train.py][line: 186][    INFO] (brainmri): Epoch: 39, image auroc: 0.8897,
[2025-01-18 06:44:57,508][       train.py][line: 201][    INFO] (brainmri best): image auroc: 0.8994,
[2025-01-18 06:45:02,614][       train.py][line: 264][    INFO] Epoch: [40/200]	Iter: [80/400]	Loss 0.78520 (0.85445)	
[2025-01-18 06:45:07,505][       train.py][line: 186][    INFO] (brainmri): Epoch: 40, image auroc: 0.8834,
[2025-01-18 06:45:07,506][       train.py][line: 201][    INFO] (brainmri best): image auroc: 0.8994,
[2025-01-18 06:45:17,605][       train.py][line: 186][    INFO] (brainmri): Epoch: 41, image auroc: 0.8859,
[2025-01-18 06:45:17,605][       train.py][line: 201][    INFO] (brainmri best): image auroc: 0.8994,
[2025-01-18 06:45:27,899][       train.py][line: 186][    INFO] (brainmri): Epoch: 42, image auroc: 0.8927,
[2025-01-18 06:45:27,899][       train.py][line: 201][    INFO] (brainmri best): image auroc: 0.8994,
[2025-01-18 06:45:38,302][       train.py][line: 186][    INFO] (brainmri): Epoch: 43, image auroc: 0.9005,
[2025-01-18 06:45:38,302][       train.py][line: 201][    INFO] (brainmri best): image auroc: 0.9005,
[2025-01-18 06:45:38,302][       train.py][line: 208][    INFO] save checkpoints in epoch: 43
[2025-01-18 06:45:48,558][       train.py][line: 186][    INFO] (brainmri): Epoch: 44, image auroc: 0.8969,
[2025-01-18 06:45:48,558][       train.py][line: 201][    INFO] (brainmri best): image auroc: 0.9005,
[2025-01-18 06:45:54,084][       train.py][line: 264][    INFO] Epoch: [45/200]	Iter: [90/400]	Loss 0.75351 (0.79621)	
[2025-01-18 06:45:59,078][       train.py][line: 186][    INFO] (brainmri): Epoch: 45, image auroc: 0.9018,
[2025-01-18 06:45:59,078][       train.py][line: 201][    INFO] (brainmri best): image auroc: 0.9018,
[2025-01-18 06:45:59,078][       train.py][line: 208][    INFO] save checkpoints in epoch: 45
[2025-01-18 06:46:09,288][       train.py][line: 186][    INFO] (brainmri): Epoch: 46, image auroc: 0.8956,
[2025-01-18 06:46:09,288][       train.py][line: 201][    INFO] (brainmri best): image auroc: 0.9018,
[2025-01-18 06:46:19,693][       train.py][line: 186][    INFO] (brainmri): Epoch: 47, image auroc: 0.9004,
[2025-01-18 06:46:19,693][       train.py][line: 201][    INFO] (brainmri best): image auroc: 0.9018,
[2025-01-18 06:46:30,031][       train.py][line: 186][    INFO] (brainmri): Epoch: 48, image auroc: 0.9095,
[2025-01-18 06:46:30,032][       train.py][line: 201][    INFO] (brainmri best): image auroc: 0.9095,
[2025-01-18 06:46:30,032][       train.py][line: 208][    INFO] save checkpoints in epoch: 48
[2025-01-18 06:46:40,435][       train.py][line: 186][    INFO] (brainmri): Epoch: 49, image auroc: 0.9013,
[2025-01-18 06:46:40,435][       train.py][line: 201][    INFO] (brainmri best): image auroc: 0.9095,
[2025-01-18 06:46:45,748][       train.py][line: 264][    INFO] Epoch: [50/200]	Iter: [100/400]	Loss 0.82518 (0.81354)	
[2025-01-18 06:46:50,741][       train.py][line: 186][    INFO] (brainmri): Epoch: 50, image auroc: 0.9073,
[2025-01-18 06:46:50,741][       train.py][line: 201][    INFO] (brainmri best): image auroc: 0.9095,
[2025-01-18 06:47:01,023][       train.py][line: 186][    INFO] (brainmri): Epoch: 51, image auroc: 0.9039,
[2025-01-18 06:47:01,023][       train.py][line: 201][    INFO] (brainmri best): image auroc: 0.9095,
[2025-01-18 06:47:11,164][       train.py][line: 186][    INFO] (brainmri): Epoch: 52, image auroc: 0.9075,
[2025-01-18 06:47:11,164][       train.py][line: 201][    INFO] (brainmri best): image auroc: 0.9095,
[2025-01-18 06:47:21,244][       train.py][line: 186][    INFO] (brainmri): Epoch: 53, image auroc: 0.9093,
[2025-01-18 06:47:21,244][       train.py][line: 201][    INFO] (brainmri best): image auroc: 0.9095,
[2025-01-18 06:47:31,160][       train.py][line: 186][    INFO] (brainmri): Epoch: 54, image auroc: 0.9141,
[2025-01-18 06:47:31,160][       train.py][line: 201][    INFO] (brainmri best): image auroc: 0.9141,
[2025-01-18 06:47:31,160][       train.py][line: 208][    INFO] save checkpoints in epoch: 54
[2025-01-18 06:47:36,401][       train.py][line: 264][    INFO] Epoch: [55/200]	Iter: [110/400]	Loss 0.82841 (0.85334)	
[2025-01-18 06:47:41,336][       train.py][line: 186][    INFO] (brainmri): Epoch: 55, image auroc: 0.9085,
[2025-01-18 06:47:41,336][       train.py][line: 201][    INFO] (brainmri best): image auroc: 0.9141,
[2025-01-18 06:47:51,431][       train.py][line: 186][    INFO] (brainmri): Epoch: 56, image auroc: 0.9003,
[2025-01-18 06:47:51,431][       train.py][line: 201][    INFO] (brainmri best): image auroc: 0.9141,
[2025-01-18 06:48:01,406][       train.py][line: 186][    INFO] (brainmri): Epoch: 57, image auroc: 0.9099,
[2025-01-18 06:48:01,406][       train.py][line: 201][    INFO] (brainmri best): image auroc: 0.9141,
[2025-01-18 06:48:11,467][       train.py][line: 186][    INFO] (brainmri): Epoch: 58, image auroc: 0.9044,
[2025-01-18 06:48:11,467][       train.py][line: 201][    INFO] (brainmri best): image auroc: 0.9141,
[2025-01-18 06:48:21,675][       train.py][line: 186][    INFO] (brainmri): Epoch: 59, image auroc: 0.8978,
[2025-01-18 06:48:21,676][       train.py][line: 201][    INFO] (brainmri best): image auroc: 0.9141,
[2025-01-18 06:48:26,887][       train.py][line: 264][    INFO] Epoch: [60/200]	Iter: [120/400]	Loss 0.79372 (0.76331)	
[2025-01-18 06:48:31,810][       train.py][line: 186][    INFO] (brainmri): Epoch: 60, image auroc: 0.8836,
[2025-01-18 06:48:31,810][       train.py][line: 201][    INFO] (brainmri best): image auroc: 0.9141,
[2025-01-18 06:48:41,931][       train.py][line: 186][    INFO] (brainmri): Epoch: 61, image auroc: 0.8794,
[2025-01-18 06:48:41,931][       train.py][line: 201][    INFO] (brainmri best): image auroc: 0.9141,
[2025-01-18 06:48:52,044][       train.py][line: 186][    INFO] (brainmri): Epoch: 62, image auroc: 0.8809,
[2025-01-18 06:48:52,045][       train.py][line: 201][    INFO] (brainmri best): image auroc: 0.9141,
[2025-01-18 06:49:01,997][       train.py][line: 186][    INFO] (brainmri): Epoch: 63, image auroc: 0.8926,
[2025-01-18 06:49:01,997][       train.py][line: 201][    INFO] (brainmri best): image auroc: 0.9141,
[2025-01-18 06:49:12,028][       train.py][line: 186][    INFO] (brainmri): Epoch: 64, image auroc: 0.8877,
[2025-01-18 06:49:12,028][       train.py][line: 201][    INFO] (brainmri best): image auroc: 0.9141,
[2025-01-18 06:49:17,174][       train.py][line: 264][    INFO] Epoch: [65/200]	Iter: [130/400]	Loss 0.78676 (0.79759)	
[2025-01-18 06:49:22,126][       train.py][line: 186][    INFO] (brainmri): Epoch: 65, image auroc: 0.8911,
[2025-01-18 06:49:22,126][       train.py][line: 201][    INFO] (brainmri best): image auroc: 0.9141,
[2025-01-18 06:49:32,755][       train.py][line: 186][    INFO] (brainmri): Epoch: 66, image auroc: 0.9014,
[2025-01-18 06:49:32,755][       train.py][line: 201][    INFO] (brainmri best): image auroc: 0.9141,
[2025-01-18 06:49:42,730][       train.py][line: 186][    INFO] (brainmri): Epoch: 67, image auroc: 0.9033,
[2025-01-18 06:49:42,730][       train.py][line: 201][    INFO] (brainmri best): image auroc: 0.9141,
[2025-01-18 06:49:52,690][       train.py][line: 186][    INFO] (brainmri): Epoch: 68, image auroc: 0.9162,
[2025-01-18 06:49:52,690][       train.py][line: 201][    INFO] (brainmri best): image auroc: 0.9162,
[2025-01-18 06:49:52,690][       train.py][line: 208][    INFO] save checkpoints in epoch: 68
[2025-01-18 06:50:02,593][       train.py][line: 186][    INFO] (brainmri): Epoch: 69, image auroc: 0.9065,
[2025-01-18 06:50:02,593][       train.py][line: 201][    INFO] (brainmri best): image auroc: 0.9162,
[2025-01-18 06:50:07,647][       train.py][line: 264][    INFO] Epoch: [70/200]	Iter: [140/400]	Loss 0.76406 (0.77445)	
[2025-01-18 06:50:12,521][       train.py][line: 186][    INFO] (brainmri): Epoch: 70, image auroc: 0.9081,
[2025-01-18 06:50:12,522][       train.py][line: 201][    INFO] (brainmri best): image auroc: 0.9162,
[2025-01-18 06:50:22,469][       train.py][line: 186][    INFO] (brainmri): Epoch: 71, image auroc: 0.9128,
[2025-01-18 06:50:22,469][       train.py][line: 201][    INFO] (brainmri best): image auroc: 0.9162,
[2025-01-18 06:50:32,551][       train.py][line: 186][    INFO] (brainmri): Epoch: 72, image auroc: 0.9095,
[2025-01-18 06:50:32,551][       train.py][line: 201][    INFO] (brainmri best): image auroc: 0.9162,
[2025-01-18 06:50:42,758][       train.py][line: 186][    INFO] (brainmri): Epoch: 73, image auroc: 0.9151,
[2025-01-18 06:50:42,758][       train.py][line: 201][    INFO] (brainmri best): image auroc: 0.9162,
[2025-01-18 06:50:52,788][       train.py][line: 186][    INFO] (brainmri): Epoch: 74, image auroc: 0.9041,
[2025-01-18 06:50:52,788][       train.py][line: 201][    INFO] (brainmri best): image auroc: 0.9162,
[2025-01-18 06:50:57,868][       train.py][line: 264][    INFO] Epoch: [75/200]	Iter: [150/400]	Loss 0.87972 (0.88745)	
[2025-01-18 06:51:02,785][       train.py][line: 186][    INFO] (brainmri): Epoch: 75, image auroc: 0.9100,
[2025-01-18 06:51:02,785][       train.py][line: 201][    INFO] (brainmri best): image auroc: 0.9162,
[2025-01-18 06:51:12,764][       train.py][line: 186][    INFO] (brainmri): Epoch: 76, image auroc: 0.9090,
[2025-01-18 06:51:12,764][       train.py][line: 201][    INFO] (brainmri best): image auroc: 0.9162,
[2025-01-18 06:51:22,774][       train.py][line: 186][    INFO] (brainmri): Epoch: 77, image auroc: 0.8977,
[2025-01-18 06:51:22,774][       train.py][line: 201][    INFO] (brainmri best): image auroc: 0.9162,
[2025-01-18 06:51:32,868][       train.py][line: 186][    INFO] (brainmri): Epoch: 78, image auroc: 0.8957,
[2025-01-18 06:51:32,868][       train.py][line: 201][    INFO] (brainmri best): image auroc: 0.9162,
[2025-01-18 06:51:42,761][       train.py][line: 186][    INFO] (brainmri): Epoch: 79, image auroc: 0.8951,
[2025-01-18 06:51:42,761][       train.py][line: 201][    INFO] (brainmri best): image auroc: 0.9162,
[2025-01-18 06:51:47,843][       train.py][line: 264][    INFO] Epoch: [80/200]	Iter: [160/400]	Loss 0.86944 (0.81038)	
[2025-01-18 06:51:52,686][       train.py][line: 186][    INFO] (brainmri): Epoch: 80, image auroc: 0.9035,
[2025-01-18 06:51:52,686][       train.py][line: 201][    INFO] (brainmri best): image auroc: 0.9162,
[2025-01-18 06:52:02,669][       train.py][line: 186][    INFO] (brainmri): Epoch: 81, image auroc: 0.8948,
[2025-01-18 06:52:02,669][       train.py][line: 201][    INFO] (brainmri best): image auroc: 0.9162,
[2025-01-18 06:52:12,817][       train.py][line: 186][    INFO] (brainmri): Epoch: 82, image auroc: 0.8801,
[2025-01-18 06:52:12,817][       train.py][line: 201][    INFO] (brainmri best): image auroc: 0.9162,
[2025-01-18 06:52:22,875][       train.py][line: 186][    INFO] (brainmri): Epoch: 83, image auroc: 0.8945,
[2025-01-18 06:52:22,875][       train.py][line: 201][    INFO] (brainmri best): image auroc: 0.9162,
[2025-01-18 06:52:32,805][       train.py][line: 186][    INFO] (brainmri): Epoch: 84, image auroc: 0.8870,
[2025-01-18 06:52:32,805][       train.py][line: 201][    INFO] (brainmri best): image auroc: 0.9162,
[2025-01-18 06:52:38,043][       train.py][line: 264][    INFO] Epoch: [85/200]	Iter: [170/400]	Loss 0.73575 (0.71697)	
[2025-01-18 06:52:42,995][       train.py][line: 186][    INFO] (brainmri): Epoch: 85, image auroc: 0.8831,
[2025-01-18 06:52:42,996][       train.py][line: 201][    INFO] (brainmri best): image auroc: 0.9162,
[2025-01-18 06:52:53,173][       train.py][line: 186][    INFO] (brainmri): Epoch: 86, image auroc: 0.8850,
[2025-01-18 06:52:53,173][       train.py][line: 201][    INFO] (brainmri best): image auroc: 0.9162,
[2025-01-18 06:53:03,265][       train.py][line: 186][    INFO] (brainmri): Epoch: 87, image auroc: 0.8805,
[2025-01-18 06:53:03,265][       train.py][line: 201][    INFO] (brainmri best): image auroc: 0.9162,
[2025-01-18 06:53:13,410][       train.py][line: 186][    INFO] (brainmri): Epoch: 88, image auroc: 0.8902,
[2025-01-18 06:53:13,410][       train.py][line: 201][    INFO] (brainmri best): image auroc: 0.9162,
[2025-01-18 06:53:23,564][       train.py][line: 186][    INFO] (brainmri): Epoch: 89, image auroc: 0.8951,
[2025-01-18 06:53:23,564][       train.py][line: 201][    INFO] (brainmri best): image auroc: 0.9162,
[2025-01-18 06:53:28,711][       train.py][line: 264][    INFO] Epoch: [90/200]	Iter: [180/400]	Loss 0.88004 (0.83375)	
[2025-01-18 06:53:33,572][       train.py][line: 186][    INFO] (brainmri): Epoch: 90, image auroc: 0.9062,
[2025-01-18 06:53:33,572][       train.py][line: 201][    INFO] (brainmri best): image auroc: 0.9162,
[2025-01-18 06:53:43,811][       train.py][line: 186][    INFO] (brainmri): Epoch: 91, image auroc: 0.9043,
[2025-01-18 06:53:43,812][       train.py][line: 201][    INFO] (brainmri best): image auroc: 0.9162,
[2025-01-18 06:53:53,998][       train.py][line: 186][    INFO] (brainmri): Epoch: 92, image auroc: 0.9055,
[2025-01-18 06:53:53,998][       train.py][line: 201][    INFO] (brainmri best): image auroc: 0.9162,
[2025-01-18 06:54:04,514][       train.py][line: 186][    INFO] (brainmri): Epoch: 93, image auroc: 0.9078,
[2025-01-18 06:54:04,514][       train.py][line: 201][    INFO] (brainmri best): image auroc: 0.9162,
[2025-01-18 06:54:14,523][       train.py][line: 186][    INFO] (brainmri): Epoch: 94, image auroc: 0.9101,
[2025-01-18 06:54:14,523][       train.py][line: 201][    INFO] (brainmri best): image auroc: 0.9162,
[2025-01-18 06:54:19,615][       train.py][line: 264][    INFO] Epoch: [95/200]	Iter: [190/400]	Loss 0.79032 (0.80461)	
[2025-01-18 06:54:24,490][       train.py][line: 186][    INFO] (brainmri): Epoch: 95, image auroc: 0.9076,
[2025-01-18 06:54:24,491][       train.py][line: 201][    INFO] (brainmri best): image auroc: 0.9162,
[2025-01-18 06:54:34,716][       train.py][line: 186][    INFO] (brainmri): Epoch: 96, image auroc: 0.9015,
[2025-01-18 06:54:34,716][       train.py][line: 201][    INFO] (brainmri best): image auroc: 0.9162,
[2025-01-18 06:54:44,810][       train.py][line: 186][    INFO] (brainmri): Epoch: 97, image auroc: 0.9057,
[2025-01-18 06:54:44,810][       train.py][line: 201][    INFO] (brainmri best): image auroc: 0.9162,
[2025-01-18 06:54:55,039][       train.py][line: 186][    INFO] (brainmri): Epoch: 98, image auroc: 0.9055,
[2025-01-18 06:54:55,040][       train.py][line: 201][    INFO] (brainmri best): image auroc: 0.9162,
[2025-01-18 06:55:05,089][       train.py][line: 186][    INFO] (brainmri): Epoch: 99, image auroc: 0.8904,
[2025-01-18 06:55:05,090][       train.py][line: 201][    INFO] (brainmri best): image auroc: 0.9162,
[2025-01-18 06:55:10,677][       train.py][line: 264][    INFO] Epoch: [100/200]	Iter: [200/400]	Loss 0.76297 (0.77302)	
[2025-01-18 06:55:15,594][       train.py][line: 186][    INFO] (brainmri): Epoch: 100, image auroc: 0.9005,
[2025-01-18 06:55:15,594][       train.py][line: 201][    INFO] (brainmri best): image auroc: 0.9162,
[2025-01-18 06:55:25,724][       train.py][line: 186][    INFO] (brainmri): Epoch: 101, image auroc: 0.8975,
[2025-01-18 06:55:25,724][       train.py][line: 201][    INFO] (brainmri best): image auroc: 0.9162,
[2025-01-18 06:55:36,061][       train.py][line: 186][    INFO] (brainmri): Epoch: 102, image auroc: 0.8988,
[2025-01-18 06:55:36,061][       train.py][line: 201][    INFO] (brainmri best): image auroc: 0.9162,
[2025-01-18 06:55:46,096][       train.py][line: 186][    INFO] (brainmri): Epoch: 103, image auroc: 0.8947,
[2025-01-18 06:55:46,096][       train.py][line: 201][    INFO] (brainmri best): image auroc: 0.9162,
[2025-01-18 06:55:56,149][       train.py][line: 186][    INFO] (brainmri): Epoch: 104, image auroc: 0.8860,
[2025-01-18 06:55:56,149][       train.py][line: 201][    INFO] (brainmri best): image auroc: 0.9162,
[2025-01-18 06:56:01,434][       train.py][line: 264][    INFO] Epoch: [105/200]	Iter: [210/400]	Loss 0.73538 (0.79584)	
[2025-01-18 06:56:06,439][       train.py][line: 186][    INFO] (brainmri): Epoch: 105, image auroc: 0.8889,
[2025-01-18 06:56:06,439][       train.py][line: 201][    INFO] (brainmri best): image auroc: 0.9162,
[2025-01-18 06:56:16,584][       train.py][line: 186][    INFO] (brainmri): Epoch: 106, image auroc: 0.8925,
[2025-01-18 06:56:16,585][       train.py][line: 201][    INFO] (brainmri best): image auroc: 0.9162,
[2025-01-18 06:56:26,489][       train.py][line: 186][    INFO] (brainmri): Epoch: 107, image auroc: 0.8864,
[2025-01-18 06:56:26,489][       train.py][line: 201][    INFO] (brainmri best): image auroc: 0.9162,
[2025-01-18 06:56:36,641][       train.py][line: 186][    INFO] (brainmri): Epoch: 108, image auroc: 0.8931,
[2025-01-18 06:56:36,641][       train.py][line: 201][    INFO] (brainmri best): image auroc: 0.9162,
[2025-01-18 06:56:46,595][       train.py][line: 186][    INFO] (brainmri): Epoch: 109, image auroc: 0.8901,
[2025-01-18 06:56:46,595][       train.py][line: 201][    INFO] (brainmri best): image auroc: 0.9162,
[2025-01-18 06:56:51,771][       train.py][line: 264][    INFO] Epoch: [110/200]	Iter: [220/400]	Loss 0.79905 (0.80741)	
[2025-01-18 06:56:56,735][       train.py][line: 186][    INFO] (brainmri): Epoch: 110, image auroc: 0.8972,
[2025-01-18 06:56:56,735][       train.py][line: 201][    INFO] (brainmri best): image auroc: 0.9162,
[2025-01-18 06:57:07,195][       train.py][line: 186][    INFO] (brainmri): Epoch: 111, image auroc: 0.8942,
[2025-01-18 06:57:07,195][       train.py][line: 201][    INFO] (brainmri best): image auroc: 0.9162,
[2025-01-18 06:57:17,333][       train.py][line: 186][    INFO] (brainmri): Epoch: 112, image auroc: 0.8964,
[2025-01-18 06:57:17,334][       train.py][line: 201][    INFO] (brainmri best): image auroc: 0.9162,
[2025-01-18 06:57:27,375][       train.py][line: 186][    INFO] (brainmri): Epoch: 113, image auroc: 0.8977,
[2025-01-18 06:57:27,375][       train.py][line: 201][    INFO] (brainmri best): image auroc: 0.9162,
[2025-01-18 06:57:37,286][       train.py][line: 186][    INFO] (brainmri): Epoch: 114, image auroc: 0.8955,
[2025-01-18 06:57:37,287][       train.py][line: 201][    INFO] (brainmri best): image auroc: 0.9162,
[2025-01-18 06:57:42,301][       train.py][line: 264][    INFO] Epoch: [115/200]	Iter: [230/400]	Loss 0.79083 (0.75581)	
[2025-01-18 06:57:47,221][       train.py][line: 186][    INFO] (brainmri): Epoch: 115, image auroc: 0.8888,
[2025-01-18 06:57:47,222][       train.py][line: 201][    INFO] (brainmri best): image auroc: 0.9162,
[2025-01-18 06:57:57,177][       train.py][line: 186][    INFO] (brainmri): Epoch: 116, image auroc: 0.9014,
[2025-01-18 06:57:57,177][       train.py][line: 201][    INFO] (brainmri best): image auroc: 0.9162,
[2025-01-18 06:58:07,150][       train.py][line: 186][    INFO] (brainmri): Epoch: 117, image auroc: 0.9002,
[2025-01-18 06:58:07,150][       train.py][line: 201][    INFO] (brainmri best): image auroc: 0.9162,
[2025-01-18 06:58:17,063][       train.py][line: 186][    INFO] (brainmri): Epoch: 118, image auroc: 0.9007,
[2025-01-18 06:58:17,063][       train.py][line: 201][    INFO] (brainmri best): image auroc: 0.9162,
[2025-01-18 06:58:26,931][       train.py][line: 186][    INFO] (brainmri): Epoch: 119, image auroc: 0.9102,
[2025-01-18 06:58:26,931][       train.py][line: 201][    INFO] (brainmri best): image auroc: 0.9162,
[2025-01-18 06:58:32,076][       train.py][line: 264][    INFO] Epoch: [120/200]	Iter: [240/400]	Loss 0.75514 (0.73103)	
[2025-01-18 06:58:37,018][       train.py][line: 186][    INFO] (brainmri): Epoch: 120, image auroc: 0.9185,
[2025-01-18 06:58:37,019][       train.py][line: 201][    INFO] (brainmri best): image auroc: 0.9185,
[2025-01-18 06:58:37,019][       train.py][line: 208][    INFO] save checkpoints in epoch: 120
[2025-01-18 06:58:46,931][       train.py][line: 186][    INFO] (brainmri): Epoch: 121, image auroc: 0.9029,
[2025-01-18 06:58:46,931][       train.py][line: 201][    INFO] (brainmri best): image auroc: 0.9185,
[2025-01-18 06:58:56,866][       train.py][line: 186][    INFO] (brainmri): Epoch: 122, image auroc: 0.9069,
[2025-01-18 06:58:56,866][       train.py][line: 201][    INFO] (brainmri best): image auroc: 0.9185,
[2025-01-18 06:59:07,014][       train.py][line: 186][    INFO] (brainmri): Epoch: 123, image auroc: 0.8905,
[2025-01-18 06:59:07,015][       train.py][line: 201][    INFO] (brainmri best): image auroc: 0.9185,
[2025-01-18 06:59:17,049][       train.py][line: 186][    INFO] (brainmri): Epoch: 124, image auroc: 0.8985,
[2025-01-18 06:59:17,049][       train.py][line: 201][    INFO] (brainmri best): image auroc: 0.9185,
[2025-01-18 06:59:22,210][       train.py][line: 264][    INFO] Epoch: [125/200]	Iter: [250/400]	Loss 0.89999 (0.82235)	
[2025-01-18 06:59:27,063][       train.py][line: 186][    INFO] (brainmri): Epoch: 125, image auroc: 0.9067,
[2025-01-18 06:59:27,063][       train.py][line: 201][    INFO] (brainmri best): image auroc: 0.9185,
[2025-01-18 06:59:37,032][       train.py][line: 186][    INFO] (brainmri): Epoch: 126, image auroc: 0.9052,
[2025-01-18 06:59:37,032][       train.py][line: 201][    INFO] (brainmri best): image auroc: 0.9185,
[2025-01-18 06:59:47,038][       train.py][line: 186][    INFO] (brainmri): Epoch: 127, image auroc: 0.8916,
[2025-01-18 06:59:47,039][       train.py][line: 201][    INFO] (brainmri best): image auroc: 0.9185,
[2025-01-18 06:59:57,080][       train.py][line: 186][    INFO] (brainmri): Epoch: 128, image auroc: 0.8947,
[2025-01-18 06:59:57,080][       train.py][line: 201][    INFO] (brainmri best): image auroc: 0.9185,
[2025-01-18 07:00:07,007][       train.py][line: 186][    INFO] (brainmri): Epoch: 129, image auroc: 0.8949,
[2025-01-18 07:00:07,007][       train.py][line: 201][    INFO] (brainmri best): image auroc: 0.9185,
[2025-01-18 07:00:12,153][       train.py][line: 264][    INFO] Epoch: [130/200]	Iter: [260/400]	Loss 0.79635 (0.80197)	
[2025-01-18 07:00:17,068][       train.py][line: 186][    INFO] (brainmri): Epoch: 130, image auroc: 0.8804,
[2025-01-18 07:00:17,068][       train.py][line: 201][    INFO] (brainmri best): image auroc: 0.9185,
[2025-01-18 07:00:27,055][       train.py][line: 186][    INFO] (brainmri): Epoch: 131, image auroc: 0.8896,
[2025-01-18 07:00:27,055][       train.py][line: 201][    INFO] (brainmri best): image auroc: 0.9185,
[2025-01-18 07:00:37,023][       train.py][line: 186][    INFO] (brainmri): Epoch: 132, image auroc: 0.8952,
[2025-01-18 07:00:37,023][       train.py][line: 201][    INFO] (brainmri best): image auroc: 0.9185,
[2025-01-18 07:00:47,063][       train.py][line: 186][    INFO] (brainmri): Epoch: 133, image auroc: 0.9017,
[2025-01-18 07:00:47,064][       train.py][line: 201][    INFO] (brainmri best): image auroc: 0.9185,
[2025-01-18 07:00:57,116][       train.py][line: 186][    INFO] (brainmri): Epoch: 134, image auroc: 0.9011,
[2025-01-18 07:00:57,117][       train.py][line: 201][    INFO] (brainmri best): image auroc: 0.9185,
[2025-01-18 07:01:02,205][       train.py][line: 264][    INFO] Epoch: [135/200]	Iter: [270/400]	Loss 0.76094 (0.77112)	
[2025-01-18 07:01:07,129][       train.py][line: 186][    INFO] (brainmri): Epoch: 135, image auroc: 0.8953,
[2025-01-18 07:01:07,129][       train.py][line: 201][    INFO] (brainmri best): image auroc: 0.9185,
[2025-01-18 07:01:17,201][       train.py][line: 186][    INFO] (brainmri): Epoch: 136, image auroc: 0.9052,
[2025-01-18 07:01:17,201][       train.py][line: 201][    INFO] (brainmri best): image auroc: 0.9185,
[2025-01-18 07:01:27,191][       train.py][line: 186][    INFO] (brainmri): Epoch: 137, image auroc: 0.8991,
[2025-01-18 07:01:27,191][       train.py][line: 201][    INFO] (brainmri best): image auroc: 0.9185,
[2025-01-18 07:01:37,266][       train.py][line: 186][    INFO] (brainmri): Epoch: 138, image auroc: 0.8991,
[2025-01-18 07:01:37,266][       train.py][line: 201][    INFO] (brainmri best): image auroc: 0.9185,
[2025-01-18 07:01:47,211][       train.py][line: 186][    INFO] (brainmri): Epoch: 139, image auroc: 0.9087,
[2025-01-18 07:01:47,211][       train.py][line: 201][    INFO] (brainmri best): image auroc: 0.9185,
[2025-01-18 07:01:52,374][       train.py][line: 264][    INFO] Epoch: [140/200]	Iter: [280/400]	Loss 0.82126 (0.83913)	
[2025-01-18 07:01:57,241][       train.py][line: 186][    INFO] (brainmri): Epoch: 140, image auroc: 0.9101,
[2025-01-18 07:01:57,241][       train.py][line: 201][    INFO] (brainmri best): image auroc: 0.9185,
[2025-01-18 07:02:07,151][       train.py][line: 186][    INFO] (brainmri): Epoch: 141, image auroc: 0.9172,
[2025-01-18 07:02:07,151][       train.py][line: 201][    INFO] (brainmri best): image auroc: 0.9185,
[2025-01-18 07:02:17,082][       train.py][line: 186][    INFO] (brainmri): Epoch: 142, image auroc: 0.9096,
[2025-01-18 07:02:17,082][       train.py][line: 201][    INFO] (brainmri best): image auroc: 0.9185,
[2025-01-18 07:02:27,023][       train.py][line: 186][    INFO] (brainmri): Epoch: 143, image auroc: 0.9059,
[2025-01-18 07:02:27,024][       train.py][line: 201][    INFO] (brainmri best): image auroc: 0.9185,
[2025-01-18 07:02:37,118][       train.py][line: 186][    INFO] (brainmri): Epoch: 144, image auroc: 0.9112,
[2025-01-18 07:02:37,119][       train.py][line: 201][    INFO] (brainmri best): image auroc: 0.9185,
[2025-01-18 07:02:42,320][       train.py][line: 264][    INFO] Epoch: [145/200]	Iter: [290/400]	Loss 0.90251 (0.83133)	
[2025-01-18 07:02:47,273][       train.py][line: 186][    INFO] (brainmri): Epoch: 145, image auroc: 0.9089,
[2025-01-18 07:02:47,274][       train.py][line: 201][    INFO] (brainmri best): image auroc: 0.9185,
[2025-01-18 07:02:57,289][       train.py][line: 186][    INFO] (brainmri): Epoch: 146, image auroc: 0.9081,
[2025-01-18 07:02:57,289][       train.py][line: 201][    INFO] (brainmri best): image auroc: 0.9185,
[2025-01-18 07:03:07,281][       train.py][line: 186][    INFO] (brainmri): Epoch: 147, image auroc: 0.9091,
[2025-01-18 07:03:07,282][       train.py][line: 201][    INFO] (brainmri best): image auroc: 0.9185,
[2025-01-18 07:03:17,245][       train.py][line: 186][    INFO] (brainmri): Epoch: 148, image auroc: 0.9128,
[2025-01-18 07:03:17,245][       train.py][line: 201][    INFO] (brainmri best): image auroc: 0.9185,
[2025-01-18 07:03:27,247][       train.py][line: 186][    INFO] (brainmri): Epoch: 149, image auroc: 0.9115,
[2025-01-18 07:03:27,247][       train.py][line: 201][    INFO] (brainmri best): image auroc: 0.9185,
[2025-01-18 07:03:32,320][       train.py][line: 264][    INFO] Epoch: [150/200]	Iter: [300/400]	Loss 0.84636 (0.86857)	
[2025-01-18 07:03:37,214][       train.py][line: 186][    INFO] (brainmri): Epoch: 150, image auroc: 0.9146,
[2025-01-18 07:03:37,215][       train.py][line: 201][    INFO] (brainmri best): image auroc: 0.9185,
[2025-01-18 07:03:47,163][       train.py][line: 186][    INFO] (brainmri): Epoch: 151, image auroc: 0.9153,
[2025-01-18 07:03:47,164][       train.py][line: 201][    INFO] (brainmri best): image auroc: 0.9185,
[2025-01-18 07:03:57,100][       train.py][line: 186][    INFO] (brainmri): Epoch: 152, image auroc: 0.9135,
[2025-01-18 07:03:57,100][       train.py][line: 201][    INFO] (brainmri best): image auroc: 0.9185,
[2025-01-18 07:04:06,988][       train.py][line: 186][    INFO] (brainmri): Epoch: 153, image auroc: 0.9157,
[2025-01-18 07:04:06,988][       train.py][line: 201][    INFO] (brainmri best): image auroc: 0.9185,
[2025-01-18 07:04:16,943][       train.py][line: 186][    INFO] (brainmri): Epoch: 154, image auroc: 0.9167,
[2025-01-18 07:04:16,943][       train.py][line: 201][    INFO] (brainmri best): image auroc: 0.9185,
[2025-01-18 07:04:22,075][       train.py][line: 264][    INFO] Epoch: [155/200]	Iter: [310/400]	Loss 0.77414 (0.80248)	
[2025-01-18 07:04:26,938][       train.py][line: 186][    INFO] (brainmri): Epoch: 155, image auroc: 0.9147,
[2025-01-18 07:04:26,939][       train.py][line: 201][    INFO] (brainmri best): image auroc: 0.9185,
[2025-01-18 07:04:36,859][       train.py][line: 186][    INFO] (brainmri): Epoch: 156, image auroc: 0.9179,
[2025-01-18 07:04:36,859][       train.py][line: 201][    INFO] (brainmri best): image auroc: 0.9185,
[2025-01-18 07:04:46,875][       train.py][line: 186][    INFO] (brainmri): Epoch: 157, image auroc: 0.9223,
[2025-01-18 07:04:46,875][       train.py][line: 201][    INFO] (brainmri best): image auroc: 0.9223,
[2025-01-18 07:04:46,875][       train.py][line: 208][    INFO] save checkpoints in epoch: 157
[2025-01-18 07:04:56,762][       train.py][line: 186][    INFO] (brainmri): Epoch: 158, image auroc: 0.9179,
[2025-01-18 07:04:56,762][       train.py][line: 201][    INFO] (brainmri best): image auroc: 0.9223,
[2025-01-18 07:05:06,783][       train.py][line: 186][    INFO] (brainmri): Epoch: 159, image auroc: 0.9171,
[2025-01-18 07:05:06,784][       train.py][line: 201][    INFO] (brainmri best): image auroc: 0.9223,
[2025-01-18 07:05:11,908][       train.py][line: 264][    INFO] Epoch: [160/200]	Iter: [320/400]	Loss 0.83408 (0.80953)	
[2025-01-18 07:05:16,789][       train.py][line: 186][    INFO] (brainmri): Epoch: 160, image auroc: 0.9187,
[2025-01-18 07:05:16,789][       train.py][line: 201][    INFO] (brainmri best): image auroc: 0.9223,
[2025-01-18 07:05:26,753][       train.py][line: 186][    INFO] (brainmri): Epoch: 161, image auroc: 0.9091,
[2025-01-18 07:05:26,753][       train.py][line: 201][    INFO] (brainmri best): image auroc: 0.9223,
[2025-01-18 07:05:36,813][       train.py][line: 186][    INFO] (brainmri): Epoch: 162, image auroc: 0.8770,
[2025-01-18 07:05:36,814][       train.py][line: 201][    INFO] (brainmri best): image auroc: 0.9223,
[2025-01-18 07:05:46,792][       train.py][line: 186][    INFO] (brainmri): Epoch: 163, image auroc: 0.8994,
[2025-01-18 07:05:46,792][       train.py][line: 201][    INFO] (brainmri best): image auroc: 0.9223,
[2025-01-18 07:05:56,887][       train.py][line: 186][    INFO] (brainmri): Epoch: 164, image auroc: 0.8951,
[2025-01-18 07:05:56,887][       train.py][line: 201][    INFO] (brainmri best): image auroc: 0.9223,
[2025-01-18 07:06:01,934][       train.py][line: 264][    INFO] Epoch: [165/200]	Iter: [330/400]	Loss 0.78683 (0.78388)	
[2025-01-18 07:06:06,792][       train.py][line: 186][    INFO] (brainmri): Epoch: 165, image auroc: 0.9028,
[2025-01-18 07:06:06,792][       train.py][line: 201][    INFO] (brainmri best): image auroc: 0.9223,
[2025-01-18 07:06:16,740][       train.py][line: 186][    INFO] (brainmri): Epoch: 166, image auroc: 0.9063,
[2025-01-18 07:06:16,740][       train.py][line: 201][    INFO] (brainmri best): image auroc: 0.9223,
[2025-01-18 07:06:26,685][       train.py][line: 186][    INFO] (brainmri): Epoch: 167, image auroc: 0.9079,
[2025-01-18 07:06:26,685][       train.py][line: 201][    INFO] (brainmri best): image auroc: 0.9223,
[2025-01-18 07:06:36,663][       train.py][line: 186][    INFO] (brainmri): Epoch: 168, image auroc: 0.8972,
[2025-01-18 07:06:36,663][       train.py][line: 201][    INFO] (brainmri best): image auroc: 0.9223,
[2025-01-18 07:06:46,630][       train.py][line: 186][    INFO] (brainmri): Epoch: 169, image auroc: 0.9002,
[2025-01-18 07:06:46,630][       train.py][line: 201][    INFO] (brainmri best): image auroc: 0.9223,
[2025-01-18 07:06:51,703][       train.py][line: 264][    INFO] Epoch: [170/200]	Iter: [340/400]	Loss 0.77091 (0.75447)	
[2025-01-18 07:06:56,624][       train.py][line: 186][    INFO] (brainmri): Epoch: 170, image auroc: 0.8962,
[2025-01-18 07:06:56,624][       train.py][line: 201][    INFO] (brainmri best): image auroc: 0.9223,
[2025-01-18 07:07:06,668][       train.py][line: 186][    INFO] (brainmri): Epoch: 171, image auroc: 0.9022,
[2025-01-18 07:07:06,668][       train.py][line: 201][    INFO] (brainmri best): image auroc: 0.9223,
[2025-01-18 07:07:16,670][       train.py][line: 186][    INFO] (brainmri): Epoch: 172, image auroc: 0.9102,
[2025-01-18 07:07:16,671][       train.py][line: 201][    INFO] (brainmri best): image auroc: 0.9223,
[2025-01-18 07:07:26,642][       train.py][line: 186][    INFO] (brainmri): Epoch: 173, image auroc: 0.9131,
[2025-01-18 07:07:26,642][       train.py][line: 201][    INFO] (brainmri best): image auroc: 0.9223,
[2025-01-18 07:07:36,497][       train.py][line: 186][    INFO] (brainmri): Epoch: 174, image auroc: 0.9169,
[2025-01-18 07:07:36,497][       train.py][line: 201][    INFO] (brainmri best): image auroc: 0.9223,
[2025-01-18 07:07:41,547][       train.py][line: 264][    INFO] Epoch: [175/200]	Iter: [350/400]	Loss 0.76205 (0.78527)	
[2025-01-18 07:07:46,434][       train.py][line: 186][    INFO] (brainmri): Epoch: 175, image auroc: 0.9106,
[2025-01-18 07:07:46,434][       train.py][line: 201][    INFO] (brainmri best): image auroc: 0.9223,
[2025-01-18 07:07:56,462][       train.py][line: 186][    INFO] (brainmri): Epoch: 176, image auroc: 0.9110,
[2025-01-18 07:07:56,462][       train.py][line: 201][    INFO] (brainmri best): image auroc: 0.9223,
[2025-01-18 07:08:06,349][       train.py][line: 186][    INFO] (brainmri): Epoch: 177, image auroc: 0.9071,
[2025-01-18 07:08:06,349][       train.py][line: 201][    INFO] (brainmri best): image auroc: 0.9223,
[2025-01-18 07:08:16,262][       train.py][line: 186][    INFO] (brainmri): Epoch: 178, image auroc: 0.9041,
[2025-01-18 07:08:16,262][       train.py][line: 201][    INFO] (brainmri best): image auroc: 0.9223,
[2025-01-18 07:08:26,273][       train.py][line: 186][    INFO] (brainmri): Epoch: 179, image auroc: 0.9033,
[2025-01-18 07:08:26,274][       train.py][line: 201][    INFO] (brainmri best): image auroc: 0.9223,
[2025-01-18 07:08:31,302][       train.py][line: 264][    INFO] Epoch: [180/200]	Iter: [360/400]	Loss 0.86155 (0.86763)	
[2025-01-18 07:08:36,167][       train.py][line: 186][    INFO] (brainmri): Epoch: 180, image auroc: 0.9093,
[2025-01-18 07:08:36,167][       train.py][line: 201][    INFO] (brainmri best): image auroc: 0.9223,
[2025-01-18 07:08:46,142][       train.py][line: 186][    INFO] (brainmri): Epoch: 181, image auroc: 0.9091,
[2025-01-18 07:08:46,142][       train.py][line: 201][    INFO] (brainmri best): image auroc: 0.9223,
[2025-01-18 07:08:55,954][       train.py][line: 186][    INFO] (brainmri): Epoch: 182, image auroc: 0.9035,
[2025-01-18 07:08:55,954][       train.py][line: 201][    INFO] (brainmri best): image auroc: 0.9223,
[2025-01-18 07:09:05,953][       train.py][line: 186][    INFO] (brainmri): Epoch: 183, image auroc: 0.9011,
[2025-01-18 07:09:05,953][       train.py][line: 201][    INFO] (brainmri best): image auroc: 0.9223,
[2025-01-18 07:09:15,814][       train.py][line: 186][    INFO] (brainmri): Epoch: 184, image auroc: 0.9000,
[2025-01-18 07:09:15,814][       train.py][line: 201][    INFO] (brainmri best): image auroc: 0.9223,
[2025-01-18 07:09:20,942][       train.py][line: 264][    INFO] Epoch: [185/200]	Iter: [370/400]	Loss 0.77277 (0.76035)	
[2025-01-18 07:09:25,859][       train.py][line: 186][    INFO] (brainmri): Epoch: 185, image auroc: 0.9028,
[2025-01-18 07:09:25,859][       train.py][line: 201][    INFO] (brainmri best): image auroc: 0.9223,
[2025-01-18 07:09:35,813][       train.py][line: 186][    INFO] (brainmri): Epoch: 186, image auroc: 0.9008,
[2025-01-18 07:09:35,813][       train.py][line: 201][    INFO] (brainmri best): image auroc: 0.9223,
[2025-01-18 07:09:45,802][       train.py][line: 186][    INFO] (brainmri): Epoch: 187, image auroc: 0.8995,
[2025-01-18 07:09:45,802][       train.py][line: 201][    INFO] (brainmri best): image auroc: 0.9223,
[2025-01-18 07:09:55,749][       train.py][line: 186][    INFO] (brainmri): Epoch: 188, image auroc: 0.9014,
[2025-01-18 07:09:55,749][       train.py][line: 201][    INFO] (brainmri best): image auroc: 0.9223,
[2025-01-18 07:10:05,723][       train.py][line: 186][    INFO] (brainmri): Epoch: 189, image auroc: 0.8996,
[2025-01-18 07:10:05,723][       train.py][line: 201][    INFO] (brainmri best): image auroc: 0.9223,
[2025-01-18 07:10:10,875][       train.py][line: 264][    INFO] Epoch: [190/200]	Iter: [380/400]	Loss 0.88046 (0.81103)	
[2025-01-18 07:10:15,770][       train.py][line: 186][    INFO] (brainmri): Epoch: 190, image auroc: 0.9037,
[2025-01-18 07:10:15,770][       train.py][line: 201][    INFO] (brainmri best): image auroc: 0.9223,
[2025-01-18 07:10:25,801][       train.py][line: 186][    INFO] (brainmri): Epoch: 191, image auroc: 0.9065,
[2025-01-18 07:10:25,801][       train.py][line: 201][    INFO] (brainmri best): image auroc: 0.9223,
[2025-01-18 07:10:35,805][       train.py][line: 186][    INFO] (brainmri): Epoch: 192, image auroc: 0.9127,
[2025-01-18 07:10:35,805][       train.py][line: 201][    INFO] (brainmri best): image auroc: 0.9223,
[2025-01-18 07:10:45,730][       train.py][line: 186][    INFO] (brainmri): Epoch: 193, image auroc: 0.9131,
[2025-01-18 07:10:45,730][       train.py][line: 201][    INFO] (brainmri best): image auroc: 0.9223,
[2025-01-18 07:10:55,743][       train.py][line: 186][    INFO] (brainmri): Epoch: 194, image auroc: 0.9072,
[2025-01-18 07:10:55,744][       train.py][line: 201][    INFO] (brainmri best): image auroc: 0.9223,
[2025-01-18 07:11:00,759][       train.py][line: 264][    INFO] Epoch: [195/200]	Iter: [390/400]	Loss 0.91548 (0.85853)	
[2025-01-18 07:11:05,636][       train.py][line: 186][    INFO] (brainmri): Epoch: 195, image auroc: 0.9015,
[2025-01-18 07:11:05,636][       train.py][line: 201][    INFO] (brainmri best): image auroc: 0.9223,
[2025-01-18 07:11:15,582][       train.py][line: 186][    INFO] (brainmri): Epoch: 196, image auroc: 0.9045,
[2025-01-18 07:11:15,582][       train.py][line: 201][    INFO] (brainmri best): image auroc: 0.9223,
[2025-01-18 07:11:25,600][       train.py][line: 186][    INFO] (brainmri): Epoch: 197, image auroc: 0.9035,
[2025-01-18 07:11:25,601][       train.py][line: 201][    INFO] (brainmri best): image auroc: 0.9223,
[2025-01-18 07:11:35,560][       train.py][line: 186][    INFO] (brainmri): Epoch: 198, image auroc: 0.9044,
[2025-01-18 07:11:35,560][       train.py][line: 201][    INFO] (brainmri best): image auroc: 0.9223,
[2025-01-18 07:11:45,569][       train.py][line: 186][    INFO] (brainmri): Epoch: 199, image auroc: 0.9121,
[2025-01-18 07:11:45,569][       train.py][line: 201][    INFO] (brainmri best): image auroc: 0.9223,
[2025-01-18 07:11:50,668][       train.py][line: 264][    INFO] Epoch: [200/200]	Iter: [400/400]	Loss 0.78924 (0.82535)	
[2025-01-18 07:11:55,584][       train.py][line: 186][    INFO] (brainmri): Epoch: 200, image auroc: 0.9076,
[2025-01-18 07:11:55,584][       train.py][line: 201][    INFO] (brainmri best): image auroc: 0.9223,
