[2025-01-18 04:40:16,289][       train.py][line:  67][    INFO] config: Namespace(config_path='config/brainmri.yaml', k_shot=16, config={'version': 'v1.0.0', 'random_seed': 100, 'data_root': 'data', 'train_dataset': 'brainmri', 'test_datasets': ['brainmri'], 'epoch': 200, 'batch_size': 8, 'print_freq_step': 10, 'val_freq_epoch': 1, 'image_size': 224, 'model_name': 'ViT-L-14', 'layers_out': [14, 20, 26], 'anomaly_tasks': {'CutpasteTask': 0.25, 'GaussIntensityChangeTask': 0.25, 'SourceTask': 0.25, 'IdentityTask': 0.25}, 'prompt_maker': 'coop', 'n_learnable_token': 8, 'CSC': True, 'class_token_positions': ['end'], 'save_root': 'results/2025_01_18_04_40_16', 'prompts': {'normal': ['normal', 'healthy', 'negative', 'unremarkable', 'clear', 'asymptomatic', 'normal findings', 'no findings', 'in good health', 'no evidence of disease'], 'abnormal': ['abnormal', 'positive', 'symptomatic', 'disease', 'lesion', 'pathological', 'impaired', 'evidence of disease', 'abnormal finding', 'pathological condition', 'pathological abnormality']}, 'model_cfg': {'embed_dim': 768, 'vision_cfg': {'image_size': 224, 'layers': 24, 'width': 1024, 'patch_size': 14}, 'text_cfg': {'context_length': 77, 'vocab_size': 49408, 'width': 768, 'heads': 12, 'layers': 12}}})
[2025-01-18 04:40:16,305][       train.py][line:  74][    INFO] load CoOp
[2025-01-18 04:40:16,430][       train.py][line: 131][    INFO] train data (brainmri) len 16
[2025-01-18 04:40:16,430][       train.py][line: 134][    INFO] test data (brainmri) len 220
[2025-01-18 04:40:16,430][       train.py][line: 137][    INFO] anomaly syn task is CutpasteTask, sampling probability is 0.25
[2025-01-18 04:40:16,430][       train.py][line: 137][    INFO] anomaly syn task is GaussIntensityChangeTask, sampling probability is 0.25
[2025-01-18 04:40:16,430][       train.py][line: 137][    INFO] anomaly syn task is SourceTask, sampling probability is 0.25
[2025-01-18 04:40:16,430][       train.py][line: 137][    INFO] anomaly syn task is IdentityTask, sampling probability is 0.25
[2025-01-18 04:40:29,090][       train.py][line: 186][    INFO] (brainmri): Epoch: 1, image auroc: 0.5390,
[2025-01-18 04:40:29,090][       train.py][line: 201][    INFO] (brainmri best): image auroc: 0.5390,
[2025-01-18 04:40:29,090][       train.py][line: 208][    INFO] save checkpoints in epoch: 1
[2025-01-18 04:40:41,649][       train.py][line: 186][    INFO] (brainmri): Epoch: 2, image auroc: 0.7129,
[2025-01-18 04:40:41,650][       train.py][line: 201][    INFO] (brainmri best): image auroc: 0.7129,
[2025-01-18 04:40:41,650][       train.py][line: 208][    INFO] save checkpoints in epoch: 2
[2025-01-18 04:40:54,235][       train.py][line: 186][    INFO] (brainmri): Epoch: 3, image auroc: 0.8910,
[2025-01-18 04:40:54,235][       train.py][line: 201][    INFO] (brainmri best): image auroc: 0.8910,
[2025-01-18 04:40:54,235][       train.py][line: 208][    INFO] save checkpoints in epoch: 3
[2025-01-18 04:41:06,837][       train.py][line: 186][    INFO] (brainmri): Epoch: 4, image auroc: 0.8982,
[2025-01-18 04:41:06,837][       train.py][line: 201][    INFO] (brainmri best): image auroc: 0.8982,
[2025-01-18 04:41:06,837][       train.py][line: 208][    INFO] save checkpoints in epoch: 4
[2025-01-18 04:41:12,259][       train.py][line: 264][    INFO] Epoch: [5/200]	Iter: [10/400]	Loss 0.90444 (0.87562)	
[2025-01-18 04:41:19,474][       train.py][line: 186][    INFO] (brainmri): Epoch: 5, image auroc: 0.9067,
[2025-01-18 04:41:19,475][       train.py][line: 201][    INFO] (brainmri best): image auroc: 0.9067,
[2025-01-18 04:41:19,475][       train.py][line: 208][    INFO] save checkpoints in epoch: 5
[2025-01-18 04:41:31,973][       train.py][line: 186][    INFO] (brainmri): Epoch: 6, image auroc: 0.9172,
[2025-01-18 04:41:31,973][       train.py][line: 201][    INFO] (brainmri best): image auroc: 0.9172,
[2025-01-18 04:41:31,973][       train.py][line: 208][    INFO] save checkpoints in epoch: 6
[2025-01-18 04:41:44,453][       train.py][line: 186][    INFO] (brainmri): Epoch: 7, image auroc: 0.9109,
[2025-01-18 04:41:44,453][       train.py][line: 201][    INFO] (brainmri best): image auroc: 0.9172,
[2025-01-18 04:41:56,994][       train.py][line: 186][    INFO] (brainmri): Epoch: 8, image auroc: 0.9149,
[2025-01-18 04:41:56,995][       train.py][line: 201][    INFO] (brainmri best): image auroc: 0.9172,
[2025-01-18 04:42:09,478][       train.py][line: 186][    INFO] (brainmri): Epoch: 9, image auroc: 0.9114,
[2025-01-18 04:42:09,479][       train.py][line: 201][    INFO] (brainmri best): image auroc: 0.9172,
[2025-01-18 04:42:14,760][       train.py][line: 264][    INFO] Epoch: [10/200]	Iter: [20/400]	Loss 0.85420 (0.86851)	
[2025-01-18 04:42:22,001][       train.py][line: 186][    INFO] (brainmri): Epoch: 10, image auroc: 0.9169,
[2025-01-18 04:42:22,001][       train.py][line: 201][    INFO] (brainmri best): image auroc: 0.9172,
[2025-01-18 04:42:34,403][       train.py][line: 186][    INFO] (brainmri): Epoch: 11, image auroc: 0.9205,
[2025-01-18 04:42:34,403][       train.py][line: 201][    INFO] (brainmri best): image auroc: 0.9205,
[2025-01-18 04:42:34,403][       train.py][line: 208][    INFO] save checkpoints in epoch: 11
[2025-01-18 04:42:46,953][       train.py][line: 186][    INFO] (brainmri): Epoch: 12, image auroc: 0.9227,
[2025-01-18 04:42:46,954][       train.py][line: 201][    INFO] (brainmri best): image auroc: 0.9227,
[2025-01-18 04:42:46,954][       train.py][line: 208][    INFO] save checkpoints in epoch: 12
[2025-01-18 04:42:59,369][       train.py][line: 186][    INFO] (brainmri): Epoch: 13, image auroc: 0.9264,
[2025-01-18 04:42:59,370][       train.py][line: 201][    INFO] (brainmri best): image auroc: 0.9264,
[2025-01-18 04:42:59,370][       train.py][line: 208][    INFO] save checkpoints in epoch: 13
[2025-01-18 04:43:11,829][       train.py][line: 186][    INFO] (brainmri): Epoch: 14, image auroc: 0.9276,
[2025-01-18 04:43:11,829][       train.py][line: 201][    INFO] (brainmri best): image auroc: 0.9276,
[2025-01-18 04:43:11,829][       train.py][line: 208][    INFO] save checkpoints in epoch: 14
[2025-01-18 04:43:17,101][       train.py][line: 264][    INFO] Epoch: [15/200]	Iter: [30/400]	Loss 0.85511 (0.79959)	
[2025-01-18 04:43:24,368][       train.py][line: 186][    INFO] (brainmri): Epoch: 15, image auroc: 0.9341,
[2025-01-18 04:43:24,369][       train.py][line: 201][    INFO] (brainmri best): image auroc: 0.9341,
[2025-01-18 04:43:24,369][       train.py][line: 208][    INFO] save checkpoints in epoch: 15
[2025-01-18 04:43:36,888][       train.py][line: 186][    INFO] (brainmri): Epoch: 16, image auroc: 0.9329,
[2025-01-18 04:43:36,888][       train.py][line: 201][    INFO] (brainmri best): image auroc: 0.9341,
[2025-01-18 04:43:49,444][       train.py][line: 186][    INFO] (brainmri): Epoch: 17, image auroc: 0.9357,
[2025-01-18 04:43:49,444][       train.py][line: 201][    INFO] (brainmri best): image auroc: 0.9357,
[2025-01-18 04:43:49,444][       train.py][line: 208][    INFO] save checkpoints in epoch: 17
[2025-01-18 04:44:02,017][       train.py][line: 186][    INFO] (brainmri): Epoch: 18, image auroc: 0.9372,
[2025-01-18 04:44:02,018][       train.py][line: 201][    INFO] (brainmri best): image auroc: 0.9372,
[2025-01-18 04:44:02,018][       train.py][line: 208][    INFO] save checkpoints in epoch: 18
[2025-01-18 04:44:14,473][       train.py][line: 186][    INFO] (brainmri): Epoch: 19, image auroc: 0.9346,
[2025-01-18 04:44:14,473][       train.py][line: 201][    INFO] (brainmri best): image auroc: 0.9372,
[2025-01-18 04:44:19,753][       train.py][line: 264][    INFO] Epoch: [20/200]	Iter: [40/400]	Loss 0.78683 (0.77606)	
[2025-01-18 04:44:27,006][       train.py][line: 186][    INFO] (brainmri): Epoch: 20, image auroc: 0.9381,
[2025-01-18 04:44:27,006][       train.py][line: 201][    INFO] (brainmri best): image auroc: 0.9381,
[2025-01-18 04:44:27,006][       train.py][line: 208][    INFO] save checkpoints in epoch: 20
[2025-01-18 04:44:39,435][       train.py][line: 186][    INFO] (brainmri): Epoch: 21, image auroc: 0.9382,
[2025-01-18 04:44:39,436][       train.py][line: 201][    INFO] (brainmri best): image auroc: 0.9382,
[2025-01-18 04:44:39,436][       train.py][line: 208][    INFO] save checkpoints in epoch: 21
[2025-01-18 04:44:51,947][       train.py][line: 186][    INFO] (brainmri): Epoch: 22, image auroc: 0.9426,
[2025-01-18 04:44:51,947][       train.py][line: 201][    INFO] (brainmri best): image auroc: 0.9426,
[2025-01-18 04:44:51,947][       train.py][line: 208][    INFO] save checkpoints in epoch: 22
[2025-01-18 04:45:04,483][       train.py][line: 186][    INFO] (brainmri): Epoch: 23, image auroc: 0.9423,
[2025-01-18 04:45:04,483][       train.py][line: 201][    INFO] (brainmri best): image auroc: 0.9426,
[2025-01-18 04:45:17,036][       train.py][line: 186][    INFO] (brainmri): Epoch: 24, image auroc: 0.9414,
[2025-01-18 04:45:17,036][       train.py][line: 201][    INFO] (brainmri best): image auroc: 0.9426,
[2025-01-18 04:45:22,283][       train.py][line: 264][    INFO] Epoch: [25/200]	Iter: [50/400]	Loss 0.92333 (0.83821)	
[2025-01-18 04:45:29,564][       train.py][line: 186][    INFO] (brainmri): Epoch: 25, image auroc: 0.9402,
[2025-01-18 04:45:29,564][       train.py][line: 201][    INFO] (brainmri best): image auroc: 0.9426,
[2025-01-18 04:45:42,077][       train.py][line: 186][    INFO] (brainmri): Epoch: 26, image auroc: 0.9414,
[2025-01-18 04:45:42,077][       train.py][line: 201][    INFO] (brainmri best): image auroc: 0.9426,
[2025-01-18 04:45:54,578][       train.py][line: 186][    INFO] (brainmri): Epoch: 27, image auroc: 0.9447,
[2025-01-18 04:45:54,578][       train.py][line: 201][    INFO] (brainmri best): image auroc: 0.9447,
[2025-01-18 04:45:54,578][       train.py][line: 208][    INFO] save checkpoints in epoch: 27
[2025-01-18 04:46:07,284][       train.py][line: 186][    INFO] (brainmri): Epoch: 28, image auroc: 0.9435,
[2025-01-18 04:46:07,284][       train.py][line: 201][    INFO] (brainmri best): image auroc: 0.9447,
[2025-01-18 04:46:20,115][       train.py][line: 186][    INFO] (brainmri): Epoch: 29, image auroc: 0.9401,
[2025-01-18 04:46:20,115][       train.py][line: 201][    INFO] (brainmri best): image auroc: 0.9447,
[2025-01-18 04:46:25,391][       train.py][line: 264][    INFO] Epoch: [30/200]	Iter: [60/400]	Loss 0.80373 (0.78315)	
[2025-01-18 04:46:32,640][       train.py][line: 186][    INFO] (brainmri): Epoch: 30, image auroc: 0.9391,
[2025-01-18 04:46:32,641][       train.py][line: 201][    INFO] (brainmri best): image auroc: 0.9447,
[2025-01-18 04:46:45,103][       train.py][line: 186][    INFO] (brainmri): Epoch: 31, image auroc: 0.9397,
[2025-01-18 04:46:45,104][       train.py][line: 201][    INFO] (brainmri best): image auroc: 0.9447,
[2025-01-18 04:46:57,574][       train.py][line: 186][    INFO] (brainmri): Epoch: 32, image auroc: 0.9409,
[2025-01-18 04:46:57,574][       train.py][line: 201][    INFO] (brainmri best): image auroc: 0.9447,
[2025-01-18 04:47:10,057][       train.py][line: 186][    INFO] (brainmri): Epoch: 33, image auroc: 0.9401,
[2025-01-18 04:47:10,057][       train.py][line: 201][    INFO] (brainmri best): image auroc: 0.9447,
[2025-01-18 04:47:22,608][       train.py][line: 186][    INFO] (brainmri): Epoch: 34, image auroc: 0.9418,
[2025-01-18 04:47:22,608][       train.py][line: 201][    INFO] (brainmri best): image auroc: 0.9447,
[2025-01-18 04:47:27,866][       train.py][line: 264][    INFO] Epoch: [35/200]	Iter: [70/400]	Loss 0.86578 (0.83807)	
[2025-01-18 04:47:35,075][       train.py][line: 186][    INFO] (brainmri): Epoch: 35, image auroc: 0.9365,
[2025-01-18 04:47:35,076][       train.py][line: 201][    INFO] (brainmri best): image auroc: 0.9447,
[2025-01-18 04:47:47,528][       train.py][line: 186][    INFO] (brainmri): Epoch: 36, image auroc: 0.9397,
[2025-01-18 04:47:47,528][       train.py][line: 201][    INFO] (brainmri best): image auroc: 0.9447,
[2025-01-18 04:48:00,071][       train.py][line: 186][    INFO] (brainmri): Epoch: 37, image auroc: 0.9384,
[2025-01-18 04:48:00,071][       train.py][line: 201][    INFO] (brainmri best): image auroc: 0.9447,
[2025-01-18 04:48:12,660][       train.py][line: 186][    INFO] (brainmri): Epoch: 38, image auroc: 0.9450,
[2025-01-18 04:48:12,660][       train.py][line: 201][    INFO] (brainmri best): image auroc: 0.9450,
[2025-01-18 04:48:12,661][       train.py][line: 208][    INFO] save checkpoints in epoch: 38
[2025-01-18 04:48:25,179][       train.py][line: 186][    INFO] (brainmri): Epoch: 39, image auroc: 0.9460,
[2025-01-18 04:48:25,180][       train.py][line: 201][    INFO] (brainmri best): image auroc: 0.9460,
[2025-01-18 04:48:25,180][       train.py][line: 208][    INFO] save checkpoints in epoch: 39
[2025-01-18 04:48:30,492][       train.py][line: 264][    INFO] Epoch: [40/200]	Iter: [80/400]	Loss 0.78859 (0.77059)	
[2025-01-18 04:48:37,777][       train.py][line: 186][    INFO] (brainmri): Epoch: 40, image auroc: 0.9438,
[2025-01-18 04:48:37,778][       train.py][line: 201][    INFO] (brainmri best): image auroc: 0.9460,
[2025-01-18 04:48:50,326][       train.py][line: 186][    INFO] (brainmri): Epoch: 41, image auroc: 0.9420,
[2025-01-18 04:48:50,326][       train.py][line: 201][    INFO] (brainmri best): image auroc: 0.9460,
[2025-01-18 04:49:02,818][       train.py][line: 186][    INFO] (brainmri): Epoch: 42, image auroc: 0.9383,
[2025-01-18 04:49:02,818][       train.py][line: 201][    INFO] (brainmri best): image auroc: 0.9460,
[2025-01-18 04:49:15,333][       train.py][line: 186][    INFO] (brainmri): Epoch: 43, image auroc: 0.9355,
[2025-01-18 04:49:15,333][       train.py][line: 201][    INFO] (brainmri best): image auroc: 0.9460,
[2025-01-18 04:49:27,796][       train.py][line: 186][    INFO] (brainmri): Epoch: 44, image auroc: 0.9325,
[2025-01-18 04:49:27,796][       train.py][line: 201][    INFO] (brainmri best): image auroc: 0.9460,
[2025-01-18 04:49:33,000][       train.py][line: 264][    INFO] Epoch: [45/200]	Iter: [90/400]	Loss 0.82822 (0.80813)	
[2025-01-18 04:49:40,237][       train.py][line: 186][    INFO] (brainmri): Epoch: 45, image auroc: 0.9393,
[2025-01-18 04:49:40,237][       train.py][line: 201][    INFO] (brainmri best): image auroc: 0.9460,
[2025-01-18 04:49:52,707][       train.py][line: 186][    INFO] (brainmri): Epoch: 46, image auroc: 0.9414,
[2025-01-18 04:49:52,707][       train.py][line: 201][    INFO] (brainmri best): image auroc: 0.9460,
[2025-01-18 04:50:05,304][       train.py][line: 186][    INFO] (brainmri): Epoch: 47, image auroc: 0.9374,
[2025-01-18 04:50:05,305][       train.py][line: 201][    INFO] (brainmri best): image auroc: 0.9460,
[2025-01-18 04:50:17,826][       train.py][line: 186][    INFO] (brainmri): Epoch: 48, image auroc: 0.9385,
[2025-01-18 04:50:17,826][       train.py][line: 201][    INFO] (brainmri best): image auroc: 0.9460,
[2025-01-18 04:50:30,339][       train.py][line: 186][    INFO] (brainmri): Epoch: 49, image auroc: 0.9388,
[2025-01-18 04:50:30,339][       train.py][line: 201][    INFO] (brainmri best): image auroc: 0.9460,
[2025-01-18 04:50:35,597][       train.py][line: 264][    INFO] Epoch: [50/200]	Iter: [100/400]	Loss 0.86109 (0.79128)	
[2025-01-18 04:50:42,849][       train.py][line: 186][    INFO] (brainmri): Epoch: 50, image auroc: 0.9369,
[2025-01-18 04:50:42,849][       train.py][line: 201][    INFO] (brainmri best): image auroc: 0.9460,
[2025-01-18 04:50:55,252][       train.py][line: 186][    INFO] (brainmri): Epoch: 51, image auroc: 0.9386,
[2025-01-18 04:50:55,252][       train.py][line: 201][    INFO] (brainmri best): image auroc: 0.9460,
[2025-01-18 04:51:07,748][       train.py][line: 186][    INFO] (brainmri): Epoch: 52, image auroc: 0.9353,
[2025-01-18 04:51:07,748][       train.py][line: 201][    INFO] (brainmri best): image auroc: 0.9460,
[2025-01-18 04:51:20,224][       train.py][line: 186][    INFO] (brainmri): Epoch: 53, image auroc: 0.9371,
[2025-01-18 04:51:20,224][       train.py][line: 201][    INFO] (brainmri best): image auroc: 0.9460,
[2025-01-18 04:51:32,801][       train.py][line: 186][    INFO] (brainmri): Epoch: 54, image auroc: 0.9371,
[2025-01-18 04:51:32,802][       train.py][line: 201][    INFO] (brainmri best): image auroc: 0.9460,
[2025-01-18 04:51:37,997][       train.py][line: 264][    INFO] Epoch: [55/200]	Iter: [110/400]	Loss 0.86231 (0.80028)	
[2025-01-18 04:51:45,222][       train.py][line: 186][    INFO] (brainmri): Epoch: 55, image auroc: 0.9376,
[2025-01-18 04:51:45,222][       train.py][line: 201][    INFO] (brainmri best): image auroc: 0.9460,
[2025-01-18 04:51:57,762][       train.py][line: 186][    INFO] (brainmri): Epoch: 56, image auroc: 0.9393,
[2025-01-18 04:51:57,762][       train.py][line: 201][    INFO] (brainmri best): image auroc: 0.9460,
[2025-01-18 04:52:10,269][       train.py][line: 186][    INFO] (brainmri): Epoch: 57, image auroc: 0.9388,
[2025-01-18 04:52:10,269][       train.py][line: 201][    INFO] (brainmri best): image auroc: 0.9460,
[2025-01-18 04:52:22,857][       train.py][line: 186][    INFO] (brainmri): Epoch: 58, image auroc: 0.9419,
[2025-01-18 04:52:22,857][       train.py][line: 201][    INFO] (brainmri best): image auroc: 0.9460,
[2025-01-18 04:52:35,374][       train.py][line: 186][    INFO] (brainmri): Epoch: 59, image auroc: 0.9422,
[2025-01-18 04:52:35,374][       train.py][line: 201][    INFO] (brainmri best): image auroc: 0.9460,
[2025-01-18 04:52:40,565][       train.py][line: 264][    INFO] Epoch: [60/200]	Iter: [120/400]	Loss 0.78839 (0.78093)	
[2025-01-18 04:52:47,824][       train.py][line: 186][    INFO] (brainmri): Epoch: 60, image auroc: 0.9337,
[2025-01-18 04:52:47,824][       train.py][line: 201][    INFO] (brainmri best): image auroc: 0.9460,
[2025-01-18 04:53:00,299][       train.py][line: 186][    INFO] (brainmri): Epoch: 61, image auroc: 0.9383,
[2025-01-18 04:53:00,299][       train.py][line: 201][    INFO] (brainmri best): image auroc: 0.9460,
[2025-01-18 04:53:12,775][       train.py][line: 186][    INFO] (brainmri): Epoch: 62, image auroc: 0.9387,
[2025-01-18 04:53:12,775][       train.py][line: 201][    INFO] (brainmri best): image auroc: 0.9460,
[2025-01-18 04:53:25,261][       train.py][line: 186][    INFO] (brainmri): Epoch: 63, image auroc: 0.9372,
[2025-01-18 04:53:25,261][       train.py][line: 201][    INFO] (brainmri best): image auroc: 0.9460,
[2025-01-18 04:53:37,881][       train.py][line: 186][    INFO] (brainmri): Epoch: 64, image auroc: 0.9358,
[2025-01-18 04:53:37,882][       train.py][line: 201][    INFO] (brainmri best): image auroc: 0.9460,
[2025-01-18 04:53:43,183][       train.py][line: 264][    INFO] Epoch: [65/200]	Iter: [130/400]	Loss 0.79041 (0.81231)	
[2025-01-18 04:53:50,455][       train.py][line: 186][    INFO] (brainmri): Epoch: 65, image auroc: 0.9352,
[2025-01-18 04:53:50,456][       train.py][line: 201][    INFO] (brainmri best): image auroc: 0.9460,
[2025-01-18 04:54:02,866][       train.py][line: 186][    INFO] (brainmri): Epoch: 66, image auroc: 0.9368,
[2025-01-18 04:54:02,866][       train.py][line: 201][    INFO] (brainmri best): image auroc: 0.9460,
[2025-01-18 04:54:15,287][       train.py][line: 186][    INFO] (brainmri): Epoch: 67, image auroc: 0.9357,
[2025-01-18 04:54:15,287][       train.py][line: 201][    INFO] (brainmri best): image auroc: 0.9460,
[2025-01-18 04:54:27,774][       train.py][line: 186][    INFO] (brainmri): Epoch: 68, image auroc: 0.9332,
[2025-01-18 04:54:27,774][       train.py][line: 201][    INFO] (brainmri best): image auroc: 0.9460,
[2025-01-18 04:54:40,257][       train.py][line: 186][    INFO] (brainmri): Epoch: 69, image auroc: 0.9333,
[2025-01-18 04:54:40,257][       train.py][line: 201][    INFO] (brainmri best): image auroc: 0.9460,
[2025-01-18 04:54:45,509][       train.py][line: 264][    INFO] Epoch: [70/200]	Iter: [140/400]	Loss 0.79053 (0.79944)	
[2025-01-18 04:54:52,802][       train.py][line: 186][    INFO] (brainmri): Epoch: 70, image auroc: 0.9312,
[2025-01-18 04:54:52,802][       train.py][line: 201][    INFO] (brainmri best): image auroc: 0.9460,
[2025-01-18 04:55:05,247][       train.py][line: 186][    INFO] (brainmri): Epoch: 71, image auroc: 0.9294,
[2025-01-18 04:55:05,247][       train.py][line: 201][    INFO] (brainmri best): image auroc: 0.9460,
[2025-01-18 04:55:17,692][       train.py][line: 186][    INFO] (brainmri): Epoch: 72, image auroc: 0.9269,
[2025-01-18 04:55:17,692][       train.py][line: 201][    INFO] (brainmri best): image auroc: 0.9460,
[2025-01-18 04:55:30,252][       train.py][line: 186][    INFO] (brainmri): Epoch: 73, image auroc: 0.9198,
[2025-01-18 04:55:30,252][       train.py][line: 201][    INFO] (brainmri best): image auroc: 0.9460,
[2025-01-18 04:55:42,750][       train.py][line: 186][    INFO] (brainmri): Epoch: 74, image auroc: 0.9194,
[2025-01-18 04:55:42,750][       train.py][line: 201][    INFO] (brainmri best): image auroc: 0.9460,
[2025-01-18 04:55:47,994][       train.py][line: 264][    INFO] Epoch: [75/200]	Iter: [150/400]	Loss 0.89555 (0.85629)	
[2025-01-18 04:55:55,256][       train.py][line: 186][    INFO] (brainmri): Epoch: 75, image auroc: 0.9224,
[2025-01-18 04:55:55,257][       train.py][line: 201][    INFO] (brainmri best): image auroc: 0.9460,
[2025-01-18 04:56:07,759][       train.py][line: 186][    INFO] (brainmri): Epoch: 76, image auroc: 0.9246,
[2025-01-18 04:56:07,759][       train.py][line: 201][    INFO] (brainmri best): image auroc: 0.9460,
[2025-01-18 04:56:20,318][       train.py][line: 186][    INFO] (brainmri): Epoch: 77, image auroc: 0.9249,
[2025-01-18 04:56:20,319][       train.py][line: 201][    INFO] (brainmri best): image auroc: 0.9460,
[2025-01-18 04:56:32,803][       train.py][line: 186][    INFO] (brainmri): Epoch: 78, image auroc: 0.9244,
[2025-01-18 04:56:32,803][       train.py][line: 201][    INFO] (brainmri best): image auroc: 0.9460,
[2025-01-18 04:56:45,271][       train.py][line: 186][    INFO] (brainmri): Epoch: 79, image auroc: 0.9260,
[2025-01-18 04:56:45,271][       train.py][line: 201][    INFO] (brainmri best): image auroc: 0.9460,
[2025-01-18 04:56:50,465][       train.py][line: 264][    INFO] Epoch: [80/200]	Iter: [160/400]	Loss 0.83007 (0.84225)	
[2025-01-18 04:56:57,709][       train.py][line: 186][    INFO] (brainmri): Epoch: 80, image auroc: 0.9253,
[2025-01-18 04:56:57,709][       train.py][line: 201][    INFO] (brainmri best): image auroc: 0.9460,
[2025-01-18 04:57:10,280][       train.py][line: 186][    INFO] (brainmri): Epoch: 81, image auroc: 0.9277,
[2025-01-18 04:57:10,280][       train.py][line: 201][    INFO] (brainmri best): image auroc: 0.9460,
[2025-01-18 04:57:22,815][       train.py][line: 186][    INFO] (brainmri): Epoch: 82, image auroc: 0.9282,
[2025-01-18 04:57:22,815][       train.py][line: 201][    INFO] (brainmri best): image auroc: 0.9460,
[2025-01-18 04:57:35,281][       train.py][line: 186][    INFO] (brainmri): Epoch: 83, image auroc: 0.9313,
[2025-01-18 04:57:35,282][       train.py][line: 201][    INFO] (brainmri best): image auroc: 0.9460,
[2025-01-18 04:57:47,916][       train.py][line: 186][    INFO] (brainmri): Epoch: 84, image auroc: 0.9356,
[2025-01-18 04:57:47,917][       train.py][line: 201][    INFO] (brainmri best): image auroc: 0.9460,
[2025-01-18 04:57:53,182][       train.py][line: 264][    INFO] Epoch: [85/200]	Iter: [170/400]	Loss 0.87547 (0.84128)	
[2025-01-18 04:58:00,434][       train.py][line: 186][    INFO] (brainmri): Epoch: 85, image auroc: 0.9324,
[2025-01-18 04:58:00,434][       train.py][line: 201][    INFO] (brainmri best): image auroc: 0.9460,
[2025-01-18 04:58:12,914][       train.py][line: 186][    INFO] (brainmri): Epoch: 86, image auroc: 0.9327,
[2025-01-18 04:58:12,914][       train.py][line: 201][    INFO] (brainmri best): image auroc: 0.9460,
[2025-01-18 04:58:25,426][       train.py][line: 186][    INFO] (brainmri): Epoch: 87, image auroc: 0.9269,
[2025-01-18 04:58:25,426][       train.py][line: 201][    INFO] (brainmri best): image auroc: 0.9460,
[2025-01-18 04:58:37,915][       train.py][line: 186][    INFO] (brainmri): Epoch: 88, image auroc: 0.9293,
[2025-01-18 04:58:37,915][       train.py][line: 201][    INFO] (brainmri best): image auroc: 0.9460,
[2025-01-18 04:58:50,453][       train.py][line: 186][    INFO] (brainmri): Epoch: 89, image auroc: 0.9241,
[2025-01-18 04:58:50,453][       train.py][line: 201][    INFO] (brainmri best): image auroc: 0.9460,
[2025-01-18 04:58:55,629][       train.py][line: 264][    INFO] Epoch: [90/200]	Iter: [180/400]	Loss 0.76487 (0.77878)	
[2025-01-18 04:59:02,844][       train.py][line: 186][    INFO] (brainmri): Epoch: 90, image auroc: 0.9245,
[2025-01-18 04:59:02,844][       train.py][line: 201][    INFO] (brainmri best): image auroc: 0.9460,
[2025-01-18 04:59:15,289][       train.py][line: 186][    INFO] (brainmri): Epoch: 91, image auroc: 0.9341,
[2025-01-18 04:59:15,290][       train.py][line: 201][    INFO] (brainmri best): image auroc: 0.9460,
[2025-01-18 04:59:27,728][       train.py][line: 186][    INFO] (brainmri): Epoch: 92, image auroc: 0.9356,
[2025-01-18 04:59:27,729][       train.py][line: 201][    INFO] (brainmri best): image auroc: 0.9460,
[2025-01-18 04:59:40,145][       train.py][line: 186][    INFO] (brainmri): Epoch: 93, image auroc: 0.9406,
[2025-01-18 04:59:40,146][       train.py][line: 201][    INFO] (brainmri best): image auroc: 0.9460,
[2025-01-18 04:59:52,631][       train.py][line: 186][    INFO] (brainmri): Epoch: 94, image auroc: 0.9400,
[2025-01-18 04:59:52,631][       train.py][line: 201][    INFO] (brainmri best): image auroc: 0.9460,
[2025-01-18 04:59:57,905][       train.py][line: 264][    INFO] Epoch: [95/200]	Iter: [190/400]	Loss 0.84340 (0.76895)	
[2025-01-18 05:00:05,145][       train.py][line: 186][    INFO] (brainmri): Epoch: 95, image auroc: 0.9391,
[2025-01-18 05:00:05,146][       train.py][line: 201][    INFO] (brainmri best): image auroc: 0.9460,
[2025-01-18 05:00:17,585][       train.py][line: 186][    INFO] (brainmri): Epoch: 96, image auroc: 0.9386,
[2025-01-18 05:00:17,586][       train.py][line: 201][    INFO] (brainmri best): image auroc: 0.9460,
[2025-01-18 05:00:30,013][       train.py][line: 186][    INFO] (brainmri): Epoch: 97, image auroc: 0.9393,
[2025-01-18 05:00:30,013][       train.py][line: 201][    INFO] (brainmri best): image auroc: 0.9460,
[2025-01-18 05:00:42,523][       train.py][line: 186][    INFO] (brainmri): Epoch: 98, image auroc: 0.9402,
[2025-01-18 05:00:42,524][       train.py][line: 201][    INFO] (brainmri best): image auroc: 0.9460,
[2025-01-18 05:00:54,972][       train.py][line: 186][    INFO] (brainmri): Epoch: 99, image auroc: 0.9378,
[2025-01-18 05:00:54,972][       train.py][line: 201][    INFO] (brainmri best): image auroc: 0.9460,
[2025-01-18 05:01:00,256][       train.py][line: 264][    INFO] Epoch: [100/200]	Iter: [200/400]	Loss 0.75879 (0.74576)	
[2025-01-18 05:01:07,496][       train.py][line: 186][    INFO] (brainmri): Epoch: 100, image auroc: 0.9374,
[2025-01-18 05:01:07,496][       train.py][line: 201][    INFO] (brainmri best): image auroc: 0.9460,
[2025-01-18 05:01:19,988][       train.py][line: 186][    INFO] (brainmri): Epoch: 101, image auroc: 0.9348,
[2025-01-18 05:01:19,988][       train.py][line: 201][    INFO] (brainmri best): image auroc: 0.9460,
[2025-01-18 05:01:32,483][       train.py][line: 186][    INFO] (brainmri): Epoch: 102, image auroc: 0.9304,
[2025-01-18 05:01:32,484][       train.py][line: 201][    INFO] (brainmri best): image auroc: 0.9460,
[2025-01-18 05:01:44,985][       train.py][line: 186][    INFO] (brainmri): Epoch: 103, image auroc: 0.9326,
[2025-01-18 05:01:44,985][       train.py][line: 201][    INFO] (brainmri best): image auroc: 0.9460,
[2025-01-18 05:01:57,462][       train.py][line: 186][    INFO] (brainmri): Epoch: 104, image auroc: 0.9281,
[2025-01-18 05:01:57,462][       train.py][line: 201][    INFO] (brainmri best): image auroc: 0.9460,
[2025-01-18 05:02:02,649][       train.py][line: 264][    INFO] Epoch: [105/200]	Iter: [210/400]	Loss 0.77868 (0.75081)	
[2025-01-18 05:02:09,947][       train.py][line: 186][    INFO] (brainmri): Epoch: 105, image auroc: 0.9216,
[2025-01-18 05:02:09,947][       train.py][line: 201][    INFO] (brainmri best): image auroc: 0.9460,
[2025-01-18 05:02:22,399][       train.py][line: 186][    INFO] (brainmri): Epoch: 106, image auroc: 0.9263,
[2025-01-18 05:02:22,399][       train.py][line: 201][    INFO] (brainmri best): image auroc: 0.9460,
[2025-01-18 05:02:34,876][       train.py][line: 186][    INFO] (brainmri): Epoch: 107, image auroc: 0.9298,
[2025-01-18 05:02:34,876][       train.py][line: 201][    INFO] (brainmri best): image auroc: 0.9460,
[2025-01-18 05:02:47,456][       train.py][line: 186][    INFO] (brainmri): Epoch: 108, image auroc: 0.9277,
[2025-01-18 05:02:47,456][       train.py][line: 201][    INFO] (brainmri best): image auroc: 0.9460,
[2025-01-18 05:02:59,910][       train.py][line: 186][    INFO] (brainmri): Epoch: 109, image auroc: 0.9319,
[2025-01-18 05:02:59,911][       train.py][line: 201][    INFO] (brainmri best): image auroc: 0.9460,
[2025-01-18 05:03:05,135][       train.py][line: 264][    INFO] Epoch: [110/200]	Iter: [220/400]	Loss 0.74460 (0.71155)	
[2025-01-18 05:03:12,410][       train.py][line: 186][    INFO] (brainmri): Epoch: 110, image auroc: 0.9331,
[2025-01-18 05:03:12,410][       train.py][line: 201][    INFO] (brainmri best): image auroc: 0.9460,
[2025-01-18 05:03:24,896][       train.py][line: 186][    INFO] (brainmri): Epoch: 111, image auroc: 0.9348,
[2025-01-18 05:03:24,896][       train.py][line: 201][    INFO] (brainmri best): image auroc: 0.9460,
[2025-01-18 05:03:37,382][       train.py][line: 186][    INFO] (brainmri): Epoch: 112, image auroc: 0.9376,
[2025-01-18 05:03:37,382][       train.py][line: 201][    INFO] (brainmri best): image auroc: 0.9460,
[2025-01-18 05:03:50,000][       train.py][line: 186][    INFO] (brainmri): Epoch: 113, image auroc: 0.9390,
[2025-01-18 05:03:50,000][       train.py][line: 201][    INFO] (brainmri best): image auroc: 0.9460,
[2025-01-18 05:04:02,474][       train.py][line: 186][    INFO] (brainmri): Epoch: 114, image auroc: 0.9361,
[2025-01-18 05:04:02,474][       train.py][line: 201][    INFO] (brainmri best): image auroc: 0.9460,
[2025-01-18 05:04:07,746][       train.py][line: 264][    INFO] Epoch: [115/200]	Iter: [230/400]	Loss 0.84843 (0.78055)	
[2025-01-18 05:04:15,028][       train.py][line: 186][    INFO] (brainmri): Epoch: 115, image auroc: 0.9323,
[2025-01-18 05:04:15,028][       train.py][line: 201][    INFO] (brainmri best): image auroc: 0.9460,
[2025-01-18 05:04:27,499][       train.py][line: 186][    INFO] (brainmri): Epoch: 116, image auroc: 0.9357,
[2025-01-18 05:04:27,500][       train.py][line: 201][    INFO] (brainmri best): image auroc: 0.9460,
[2025-01-18 05:04:40,035][       train.py][line: 186][    INFO] (brainmri): Epoch: 117, image auroc: 0.9344,
[2025-01-18 05:04:40,036][       train.py][line: 201][    INFO] (brainmri best): image auroc: 0.9460,
[2025-01-18 05:04:52,541][       train.py][line: 186][    INFO] (brainmri): Epoch: 118, image auroc: 0.9325,
[2025-01-18 05:04:52,542][       train.py][line: 201][    INFO] (brainmri best): image auroc: 0.9460,
[2025-01-18 05:05:05,087][       train.py][line: 186][    INFO] (brainmri): Epoch: 119, image auroc: 0.9319,
[2025-01-18 05:05:05,088][       train.py][line: 201][    INFO] (brainmri best): image auroc: 0.9460,
[2025-01-18 05:05:10,418][       train.py][line: 264][    INFO] Epoch: [120/200]	Iter: [240/400]	Loss 0.77692 (0.78779)	
[2025-01-18 05:05:17,651][       train.py][line: 186][    INFO] (brainmri): Epoch: 120, image auroc: 0.9320,
[2025-01-18 05:05:17,651][       train.py][line: 201][    INFO] (brainmri best): image auroc: 0.9460,
[2025-01-18 05:05:30,178][       train.py][line: 186][    INFO] (brainmri): Epoch: 121, image auroc: 0.9259,
[2025-01-18 05:05:30,178][       train.py][line: 201][    INFO] (brainmri best): image auroc: 0.9460,
[2025-01-18 05:05:42,726][       train.py][line: 186][    INFO] (brainmri): Epoch: 122, image auroc: 0.9329,
[2025-01-18 05:05:42,726][       train.py][line: 201][    INFO] (brainmri best): image auroc: 0.9460,
[2025-01-18 05:05:55,169][       train.py][line: 186][    INFO] (brainmri): Epoch: 123, image auroc: 0.9325,
[2025-01-18 05:05:55,169][       train.py][line: 201][    INFO] (brainmri best): image auroc: 0.9460,
[2025-01-18 05:06:07,730][       train.py][line: 186][    INFO] (brainmri): Epoch: 124, image auroc: 0.9293,
[2025-01-18 05:06:07,730][       train.py][line: 201][    INFO] (brainmri best): image auroc: 0.9460,
[2025-01-18 05:06:13,017][       train.py][line: 264][    INFO] Epoch: [125/200]	Iter: [250/400]	Loss 0.74389 (0.73033)	
[2025-01-18 05:06:20,248][       train.py][line: 186][    INFO] (brainmri): Epoch: 125, image auroc: 0.9284,
[2025-01-18 05:06:20,249][       train.py][line: 201][    INFO] (brainmri best): image auroc: 0.9460,
[2025-01-18 05:06:32,691][       train.py][line: 186][    INFO] (brainmri): Epoch: 126, image auroc: 0.9281,
[2025-01-18 05:06:32,692][       train.py][line: 201][    INFO] (brainmri best): image auroc: 0.9460,
[2025-01-18 05:06:45,177][       train.py][line: 186][    INFO] (brainmri): Epoch: 127, image auroc: 0.9258,
[2025-01-18 05:06:45,177][       train.py][line: 201][    INFO] (brainmri best): image auroc: 0.9460,
[2025-01-18 05:06:57,670][       train.py][line: 186][    INFO] (brainmri): Epoch: 128, image auroc: 0.9270,
[2025-01-18 05:06:57,670][       train.py][line: 201][    INFO] (brainmri best): image auroc: 0.9460,
[2025-01-18 05:07:10,260][       train.py][line: 186][    INFO] (brainmri): Epoch: 129, image auroc: 0.9260,
[2025-01-18 05:07:10,260][       train.py][line: 201][    INFO] (brainmri best): image auroc: 0.9460,
[2025-01-18 05:07:15,572][       train.py][line: 264][    INFO] Epoch: [130/200]	Iter: [260/400]	Loss 0.76575 (0.70989)	
[2025-01-18 05:07:22,883][       train.py][line: 186][    INFO] (brainmri): Epoch: 130, image auroc: 0.9220,
[2025-01-18 05:07:22,883][       train.py][line: 201][    INFO] (brainmri best): image auroc: 0.9460,
[2025-01-18 05:07:35,534][       train.py][line: 186][    INFO] (brainmri): Epoch: 131, image auroc: 0.9214,
[2025-01-18 05:07:35,534][       train.py][line: 201][    INFO] (brainmri best): image auroc: 0.9460,
[2025-01-18 05:07:48,092][       train.py][line: 186][    INFO] (brainmri): Epoch: 132, image auroc: 0.9255,
[2025-01-18 05:07:48,092][       train.py][line: 201][    INFO] (brainmri best): image auroc: 0.9460,
[2025-01-18 05:08:00,520][       train.py][line: 186][    INFO] (brainmri): Epoch: 133, image auroc: 0.9174,
[2025-01-18 05:08:00,520][       train.py][line: 201][    INFO] (brainmri best): image auroc: 0.9460,
[2025-01-18 05:08:12,970][       train.py][line: 186][    INFO] (brainmri): Epoch: 134, image auroc: 0.9200,
[2025-01-18 05:08:12,970][       train.py][line: 201][    INFO] (brainmri best): image auroc: 0.9460,
[2025-01-18 05:08:18,229][       train.py][line: 264][    INFO] Epoch: [135/200]	Iter: [270/400]	Loss 0.81991 (0.77774)	
[2025-01-18 05:08:25,519][       train.py][line: 186][    INFO] (brainmri): Epoch: 135, image auroc: 0.9265,
[2025-01-18 05:08:25,519][       train.py][line: 201][    INFO] (brainmri best): image auroc: 0.9460,
[2025-01-18 05:08:38,067][       train.py][line: 186][    INFO] (brainmri): Epoch: 136, image auroc: 0.9266,
[2025-01-18 05:08:38,067][       train.py][line: 201][    INFO] (brainmri best): image auroc: 0.9460,
[2025-01-18 05:08:50,570][       train.py][line: 186][    INFO] (brainmri): Epoch: 137, image auroc: 0.9287,
[2025-01-18 05:08:50,570][       train.py][line: 201][    INFO] (brainmri best): image auroc: 0.9460,
[2025-01-18 05:09:03,127][       train.py][line: 186][    INFO] (brainmri): Epoch: 138, image auroc: 0.9299,
[2025-01-18 05:09:03,127][       train.py][line: 201][    INFO] (brainmri best): image auroc: 0.9460,
[2025-01-18 05:09:15,617][       train.py][line: 186][    INFO] (brainmri): Epoch: 139, image auroc: 0.9278,
[2025-01-18 05:09:15,617][       train.py][line: 201][    INFO] (brainmri best): image auroc: 0.9460,
[2025-01-18 05:09:20,817][       train.py][line: 264][    INFO] Epoch: [140/200]	Iter: [280/400]	Loss 0.76957 (0.77249)	
[2025-01-18 05:09:28,060][       train.py][line: 186][    INFO] (brainmri): Epoch: 140, image auroc: 0.9251,
[2025-01-18 05:09:28,060][       train.py][line: 201][    INFO] (brainmri best): image auroc: 0.9460,
[2025-01-18 05:09:40,489][       train.py][line: 186][    INFO] (brainmri): Epoch: 141, image auroc: 0.9299,
[2025-01-18 05:09:40,489][       train.py][line: 201][    INFO] (brainmri best): image auroc: 0.9460,
[2025-01-18 05:09:52,985][       train.py][line: 186][    INFO] (brainmri): Epoch: 142, image auroc: 0.9322,
[2025-01-18 05:09:52,985][       train.py][line: 201][    INFO] (brainmri best): image auroc: 0.9460,
[2025-01-18 05:10:05,521][       train.py][line: 186][    INFO] (brainmri): Epoch: 143, image auroc: 0.9301,
[2025-01-18 05:10:05,521][       train.py][line: 201][    INFO] (brainmri best): image auroc: 0.9460,
[2025-01-18 05:10:18,175][       train.py][line: 186][    INFO] (brainmri): Epoch: 144, image auroc: 0.9317,
[2025-01-18 05:10:18,175][       train.py][line: 201][    INFO] (brainmri best): image auroc: 0.9460,
[2025-01-18 05:10:23,378][       train.py][line: 264][    INFO] Epoch: [145/200]	Iter: [290/400]	Loss 0.79290 (0.80672)	
[2025-01-18 05:10:30,656][       train.py][line: 186][    INFO] (brainmri): Epoch: 145, image auroc: 0.9292,
[2025-01-18 05:10:30,656][       train.py][line: 201][    INFO] (brainmri best): image auroc: 0.9460,
[2025-01-18 05:10:43,158][       train.py][line: 186][    INFO] (brainmri): Epoch: 146, image auroc: 0.9299,
[2025-01-18 05:10:43,158][       train.py][line: 201][    INFO] (brainmri best): image auroc: 0.9460,
[2025-01-18 05:10:55,645][       train.py][line: 186][    INFO] (brainmri): Epoch: 147, image auroc: 0.9346,
[2025-01-18 05:10:55,646][       train.py][line: 201][    INFO] (brainmri best): image auroc: 0.9460,
[2025-01-18 05:11:08,178][       train.py][line: 186][    INFO] (brainmri): Epoch: 148, image auroc: 0.9345,
[2025-01-18 05:11:08,178][       train.py][line: 201][    INFO] (brainmri best): image auroc: 0.9460,
[2025-01-18 05:11:20,693][       train.py][line: 186][    INFO] (brainmri): Epoch: 149, image auroc: 0.9336,
[2025-01-18 05:11:20,693][       train.py][line: 201][    INFO] (brainmri best): image auroc: 0.9460,
[2025-01-18 05:11:25,921][       train.py][line: 264][    INFO] Epoch: [150/200]	Iter: [300/400]	Loss 0.77367 (0.77938)	
[2025-01-18 05:11:33,164][       train.py][line: 186][    INFO] (brainmri): Epoch: 150, image auroc: 0.9315,
[2025-01-18 05:11:33,164][       train.py][line: 201][    INFO] (brainmri best): image auroc: 0.9460,
[2025-01-18 05:11:45,731][       train.py][line: 186][    INFO] (brainmri): Epoch: 151, image auroc: 0.9368,
[2025-01-18 05:11:45,731][       train.py][line: 201][    INFO] (brainmri best): image auroc: 0.9460,
[2025-01-18 05:11:58,319][       train.py][line: 186][    INFO] (brainmri): Epoch: 152, image auroc: 0.9342,
[2025-01-18 05:11:58,320][       train.py][line: 201][    INFO] (brainmri best): image auroc: 0.9460,
[2025-01-18 05:12:10,926][       train.py][line: 186][    INFO] (brainmri): Epoch: 153, image auroc: 0.9381,
[2025-01-18 05:12:10,926][       train.py][line: 201][    INFO] (brainmri best): image auroc: 0.9460,
[2025-01-18 05:12:23,450][       train.py][line: 186][    INFO] (brainmri): Epoch: 154, image auroc: 0.9393,
[2025-01-18 05:12:23,450][       train.py][line: 201][    INFO] (brainmri best): image auroc: 0.9460,
[2025-01-18 05:12:28,622][       train.py][line: 264][    INFO] Epoch: [155/200]	Iter: [310/400]	Loss 0.73385 (0.82212)	
[2025-01-18 05:12:35,858][       train.py][line: 186][    INFO] (brainmri): Epoch: 155, image auroc: 0.9405,
[2025-01-18 05:12:35,858][       train.py][line: 201][    INFO] (brainmri best): image auroc: 0.9460,
[2025-01-18 05:12:48,431][       train.py][line: 186][    INFO] (brainmri): Epoch: 156, image auroc: 0.9351,
[2025-01-18 05:12:48,432][       train.py][line: 201][    INFO] (brainmri best): image auroc: 0.9460,
[2025-01-18 05:13:00,942][       train.py][line: 186][    INFO] (brainmri): Epoch: 157, image auroc: 0.9347,
[2025-01-18 05:13:00,942][       train.py][line: 201][    INFO] (brainmri best): image auroc: 0.9460,
[2025-01-18 05:13:13,438][       train.py][line: 186][    INFO] (brainmri): Epoch: 158, image auroc: 0.9350,
[2025-01-18 05:13:13,438][       train.py][line: 201][    INFO] (brainmri best): image auroc: 0.9460,
[2025-01-18 05:13:26,001][       train.py][line: 186][    INFO] (brainmri): Epoch: 159, image auroc: 0.9325,
[2025-01-18 05:13:26,001][       train.py][line: 201][    INFO] (brainmri best): image auroc: 0.9460,
[2025-01-18 05:13:31,208][       train.py][line: 264][    INFO] Epoch: [160/200]	Iter: [320/400]	Loss 0.70371 (0.73612)	
[2025-01-18 05:13:38,452][       train.py][line: 186][    INFO] (brainmri): Epoch: 160, image auroc: 0.9336,
[2025-01-18 05:13:38,452][       train.py][line: 201][    INFO] (brainmri best): image auroc: 0.9460,
[2025-01-18 05:13:50,891][       train.py][line: 186][    INFO] (brainmri): Epoch: 161, image auroc: 0.9284,
[2025-01-18 05:13:50,892][       train.py][line: 201][    INFO] (brainmri best): image auroc: 0.9460,
[2025-01-18 05:14:03,383][       train.py][line: 186][    INFO] (brainmri): Epoch: 162, image auroc: 0.9350,
[2025-01-18 05:14:03,384][       train.py][line: 201][    INFO] (brainmri best): image auroc: 0.9460,
[2025-01-18 05:14:15,904][       train.py][line: 186][    INFO] (brainmri): Epoch: 163, image auroc: 0.9373,
[2025-01-18 05:14:15,904][       train.py][line: 201][    INFO] (brainmri best): image auroc: 0.9460,
[2025-01-18 05:14:28,271][       train.py][line: 186][    INFO] (brainmri): Epoch: 164, image auroc: 0.9348,
[2025-01-18 05:14:28,271][       train.py][line: 201][    INFO] (brainmri best): image auroc: 0.9460,
[2025-01-18 05:14:33,459][       train.py][line: 264][    INFO] Epoch: [165/200]	Iter: [330/400]	Loss 0.68808 (0.71735)	
[2025-01-18 05:14:40,742][       train.py][line: 186][    INFO] (brainmri): Epoch: 165, image auroc: 0.9317,
[2025-01-18 05:14:40,742][       train.py][line: 201][    INFO] (brainmri best): image auroc: 0.9460,
[2025-01-18 05:14:53,216][       train.py][line: 186][    INFO] (brainmri): Epoch: 166, image auroc: 0.9299,
[2025-01-18 05:14:53,217][       train.py][line: 201][    INFO] (brainmri best): image auroc: 0.9460,
[2025-01-18 05:15:05,714][       train.py][line: 186][    INFO] (brainmri): Epoch: 167, image auroc: 0.9362,
[2025-01-18 05:15:05,715][       train.py][line: 201][    INFO] (brainmri best): image auroc: 0.9460,
[2025-01-18 05:15:18,184][       train.py][line: 186][    INFO] (brainmri): Epoch: 168, image auroc: 0.9378,
[2025-01-18 05:15:18,184][       train.py][line: 201][    INFO] (brainmri best): image auroc: 0.9460,
[2025-01-18 05:15:30,638][       train.py][line: 186][    INFO] (brainmri): Epoch: 169, image auroc: 0.9400,
[2025-01-18 05:15:30,638][       train.py][line: 201][    INFO] (brainmri best): image auroc: 0.9460,
[2025-01-18 05:15:35,913][       train.py][line: 264][    INFO] Epoch: [170/200]	Iter: [340/400]	Loss 0.86320 (0.84272)	
[2025-01-18 05:15:43,176][       train.py][line: 186][    INFO] (brainmri): Epoch: 170, image auroc: 0.9397,
[2025-01-18 05:15:43,176][       train.py][line: 201][    INFO] (brainmri best): image auroc: 0.9460,
[2025-01-18 05:15:55,765][       train.py][line: 186][    INFO] (brainmri): Epoch: 171, image auroc: 0.9321,
[2025-01-18 05:15:55,765][       train.py][line: 201][    INFO] (brainmri best): image auroc: 0.9460,
[2025-01-18 05:16:08,262][       train.py][line: 186][    INFO] (brainmri): Epoch: 172, image auroc: 0.9324,
[2025-01-18 05:16:08,262][       train.py][line: 201][    INFO] (brainmri best): image auroc: 0.9460,
[2025-01-18 05:16:20,885][       train.py][line: 186][    INFO] (brainmri): Epoch: 173, image auroc: 0.9390,
[2025-01-18 05:16:20,885][       train.py][line: 201][    INFO] (brainmri best): image auroc: 0.9460,
[2025-01-18 05:16:33,315][       train.py][line: 186][    INFO] (brainmri): Epoch: 174, image auroc: 0.9367,
[2025-01-18 05:16:33,315][       train.py][line: 201][    INFO] (brainmri best): image auroc: 0.9460,
[2025-01-18 05:16:38,678][       train.py][line: 264][    INFO] Epoch: [175/200]	Iter: [350/400]	Loss 0.86519 (0.77326)	
[2025-01-18 05:16:45,926][       train.py][line: 186][    INFO] (brainmri): Epoch: 175, image auroc: 0.9347,
[2025-01-18 05:16:45,926][       train.py][line: 201][    INFO] (brainmri best): image auroc: 0.9460,
[2025-01-18 05:16:58,504][       train.py][line: 186][    INFO] (brainmri): Epoch: 176, image auroc: 0.9370,
[2025-01-18 05:16:58,505][       train.py][line: 201][    INFO] (brainmri best): image auroc: 0.9460,
[2025-01-18 05:17:11,074][       train.py][line: 186][    INFO] (brainmri): Epoch: 177, image auroc: 0.9252,
[2025-01-18 05:17:11,074][       train.py][line: 201][    INFO] (brainmri best): image auroc: 0.9460,
[2025-01-18 05:17:23,546][       train.py][line: 186][    INFO] (brainmri): Epoch: 178, image auroc: 0.9318,
[2025-01-18 05:17:23,546][       train.py][line: 201][    INFO] (brainmri best): image auroc: 0.9460,
[2025-01-18 05:17:36,127][       train.py][line: 186][    INFO] (brainmri): Epoch: 179, image auroc: 0.9298,
[2025-01-18 05:17:36,127][       train.py][line: 201][    INFO] (brainmri best): image auroc: 0.9460,
[2025-01-18 05:17:41,443][       train.py][line: 264][    INFO] Epoch: [180/200]	Iter: [360/400]	Loss 0.73343 (0.73112)	
[2025-01-18 05:17:48,700][       train.py][line: 186][    INFO] (brainmri): Epoch: 180, image auroc: 0.9293,
[2025-01-18 05:17:48,700][       train.py][line: 201][    INFO] (brainmri best): image auroc: 0.9460,
[2025-01-18 05:18:01,214][       train.py][line: 186][    INFO] (brainmri): Epoch: 181, image auroc: 0.9378,
[2025-01-18 05:18:01,214][       train.py][line: 201][    INFO] (brainmri best): image auroc: 0.9460,
[2025-01-18 05:18:13,675][       train.py][line: 186][    INFO] (brainmri): Epoch: 182, image auroc: 0.9274,
[2025-01-18 05:18:13,675][       train.py][line: 201][    INFO] (brainmri best): image auroc: 0.9460,
[2025-01-18 05:18:26,303][       train.py][line: 186][    INFO] (brainmri): Epoch: 183, image auroc: 0.9249,
[2025-01-18 05:18:26,303][       train.py][line: 201][    INFO] (brainmri best): image auroc: 0.9460,
[2025-01-18 05:18:38,713][       train.py][line: 186][    INFO] (brainmri): Epoch: 184, image auroc: 0.9277,
[2025-01-18 05:18:38,714][       train.py][line: 201][    INFO] (brainmri best): image auroc: 0.9460,
[2025-01-18 05:18:44,057][       train.py][line: 264][    INFO] Epoch: [185/200]	Iter: [370/400]	Loss 0.80120 (0.76829)	
[2025-01-18 05:18:51,303][       train.py][line: 186][    INFO] (brainmri): Epoch: 185, image auroc: 0.9279,
[2025-01-18 05:18:51,304][       train.py][line: 201][    INFO] (brainmri best): image auroc: 0.9460,
[2025-01-18 05:19:03,818][       train.py][line: 186][    INFO] (brainmri): Epoch: 186, image auroc: 0.9286,
[2025-01-18 05:19:03,819][       train.py][line: 201][    INFO] (brainmri best): image auroc: 0.9460,
[2025-01-18 05:19:16,304][       train.py][line: 186][    INFO] (brainmri): Epoch: 187, image auroc: 0.9230,
[2025-01-18 05:19:16,305][       train.py][line: 201][    INFO] (brainmri best): image auroc: 0.9460,
[2025-01-18 05:19:28,879][       train.py][line: 186][    INFO] (brainmri): Epoch: 188, image auroc: 0.9316,
[2025-01-18 05:19:28,880][       train.py][line: 201][    INFO] (brainmri best): image auroc: 0.9460,
[2025-01-18 05:19:41,352][       train.py][line: 186][    INFO] (brainmri): Epoch: 189, image auroc: 0.9283,
[2025-01-18 05:19:41,352][       train.py][line: 201][    INFO] (brainmri best): image auroc: 0.9460,
[2025-01-18 05:19:46,636][       train.py][line: 264][    INFO] Epoch: [190/200]	Iter: [380/400]	Loss 0.79313 (0.80201)	
[2025-01-18 05:19:53,904][       train.py][line: 186][    INFO] (brainmri): Epoch: 190, image auroc: 0.9261,
[2025-01-18 05:19:53,904][       train.py][line: 201][    INFO] (brainmri best): image auroc: 0.9460,
[2025-01-18 05:20:06,509][       train.py][line: 186][    INFO] (brainmri): Epoch: 191, image auroc: 0.9247,
[2025-01-18 05:20:06,509][       train.py][line: 201][    INFO] (brainmri best): image auroc: 0.9460,
[2025-01-18 05:20:19,140][       train.py][line: 186][    INFO] (brainmri): Epoch: 192, image auroc: 0.9329,
[2025-01-18 05:20:19,140][       train.py][line: 201][    INFO] (brainmri best): image auroc: 0.9460,
[2025-01-18 05:20:31,685][       train.py][line: 186][    INFO] (brainmri): Epoch: 193, image auroc: 0.9328,
[2025-01-18 05:20:31,685][       train.py][line: 201][    INFO] (brainmri best): image auroc: 0.9460,
[2025-01-18 05:20:44,159][       train.py][line: 186][    INFO] (brainmri): Epoch: 194, image auroc: 0.9331,
[2025-01-18 05:20:44,159][       train.py][line: 201][    INFO] (brainmri best): image auroc: 0.9460,
[2025-01-18 05:20:49,416][       train.py][line: 264][    INFO] Epoch: [195/200]	Iter: [390/400]	Loss 0.71974 (0.75117)	
[2025-01-18 05:20:56,690][       train.py][line: 186][    INFO] (brainmri): Epoch: 195, image auroc: 0.9323,
[2025-01-18 05:20:56,690][       train.py][line: 201][    INFO] (brainmri best): image auroc: 0.9460,
[2025-01-18 05:21:09,247][       train.py][line: 186][    INFO] (brainmri): Epoch: 196, image auroc: 0.9383,
[2025-01-18 05:21:09,248][       train.py][line: 201][    INFO] (brainmri best): image auroc: 0.9460,
[2025-01-18 05:21:21,826][       train.py][line: 186][    INFO] (brainmri): Epoch: 197, image auroc: 0.9323,
[2025-01-18 05:21:21,826][       train.py][line: 201][    INFO] (brainmri best): image auroc: 0.9460,
[2025-01-18 05:21:34,382][       train.py][line: 186][    INFO] (brainmri): Epoch: 198, image auroc: 0.9337,
[2025-01-18 05:21:34,382][       train.py][line: 201][    INFO] (brainmri best): image auroc: 0.9460,
[2025-01-18 05:21:46,988][       train.py][line: 186][    INFO] (brainmri): Epoch: 199, image auroc: 0.9330,
[2025-01-18 05:21:46,989][       train.py][line: 201][    INFO] (brainmri best): image auroc: 0.9460,
[2025-01-18 05:21:52,328][       train.py][line: 264][    INFO] Epoch: [200/200]	Iter: [400/400]	Loss 0.75958 (0.77920)	
[2025-01-18 05:21:59,599][       train.py][line: 186][    INFO] (brainmri): Epoch: 200, image auroc: 0.9325,
[2025-01-18 05:21:59,599][       train.py][line: 201][    INFO] (brainmri best): image auroc: 0.9460,
