[2025-01-18 05:42:59,746][       train.py][line:  67][    INFO] config: Namespace(config_path='config/brainmri.yaml', k_shot=16, config={'version': 'v1.0.0', 'random_seed': 100, 'data_root': 'data', 'train_dataset': 'brainmri', 'test_datasets': ['brainmri'], 'epoch': 200, 'batch_size': 8, 'print_freq_step': 10, 'val_freq_epoch': 1, 'image_size': 224, 'model_name': 'ViT-B-32', 'layers_out': [12, 18, 24], 'anomaly_tasks': {'CutpasteTask': 0.25, 'GaussIntensityChangeTask': 0.25, 'SourceTask': 0.25, 'IdentityTask': 0.25}, 'prompt_maker': 'coop', 'n_learnable_token': 8, 'CSC': True, 'class_token_positions': ['end'], 'save_root': 'results/2025_01_18_05_42_59', 'prompts': {'normal': ['normal', 'healthy', 'negative', 'unremarkable', 'clear', 'asymptomatic', 'normal findings', 'no findings', 'in good health', 'no evidence of disease'], 'abnormal': ['abnormal', 'positive', 'symptomatic', 'disease', 'lesion', 'pathological', 'impaired', 'evidence of disease', 'abnormal finding', 'pathological condition', 'pathological abnormality']}, 'model_cfg': {'embed_dim': 512, 'vision_cfg': {'image_size': 224, 'layers': 12, 'width': 768, 'patch_size': 32}, 'text_cfg': {'context_length': 77, 'vocab_size': 49408, 'width': 512, 'heads': 8, 'layers': 12}}})
[2025-01-18 05:42:59,751][       train.py][line:  74][    INFO] load CoOp
[2025-01-18 05:42:59,982][       train.py][line: 131][    INFO] train data (brainmri) len 16
[2025-01-18 05:42:59,982][       train.py][line: 134][    INFO] test data (brainmri) len 220
[2025-01-18 05:42:59,982][       train.py][line: 137][    INFO] anomaly syn task is CutpasteTask, sampling probability is 0.25
[2025-01-18 05:42:59,982][       train.py][line: 137][    INFO] anomaly syn task is GaussIntensityChangeTask, sampling probability is 0.25
[2025-01-18 05:42:59,982][       train.py][line: 137][    INFO] anomaly syn task is SourceTask, sampling probability is 0.25
[2025-01-18 05:42:59,982][       train.py][line: 137][    INFO] anomaly syn task is IdentityTask, sampling probability is 0.25
[2025-01-18 05:43:09,784][       train.py][line: 186][    INFO] (brainmri): Epoch: 1, image auroc: 0.3268,
[2025-01-18 05:43:09,784][       train.py][line: 201][    INFO] (brainmri best): image auroc: 0.3268,
[2025-01-18 05:43:09,784][       train.py][line: 208][    INFO] save checkpoints in epoch: 1
[2025-01-18 05:43:19,391][       train.py][line: 186][    INFO] (brainmri): Epoch: 2, image auroc: 0.3504,
[2025-01-18 05:43:19,391][       train.py][line: 201][    INFO] (brainmri best): image auroc: 0.3504,
[2025-01-18 05:43:19,391][       train.py][line: 208][    INFO] save checkpoints in epoch: 2
[2025-01-18 05:43:29,165][       train.py][line: 186][    INFO] (brainmri): Epoch: 3, image auroc: 0.5221,
[2025-01-18 05:43:29,166][       train.py][line: 201][    INFO] (brainmri best): image auroc: 0.5221,
[2025-01-18 05:43:29,166][       train.py][line: 208][    INFO] save checkpoints in epoch: 3
[2025-01-18 05:43:38,762][       train.py][line: 186][    INFO] (brainmri): Epoch: 4, image auroc: 0.8759,
[2025-01-18 05:43:38,762][       train.py][line: 201][    INFO] (brainmri best): image auroc: 0.8759,
[2025-01-18 05:43:38,762][       train.py][line: 208][    INFO] save checkpoints in epoch: 4
[2025-01-18 05:43:43,900][       train.py][line: 264][    INFO] Epoch: [5/200]	Iter: [10/400]	Loss 1.00329 (0.95970)	
[2025-01-18 05:43:48,519][       train.py][line: 186][    INFO] (brainmri): Epoch: 5, image auroc: 0.8763,
[2025-01-18 05:43:48,519][       train.py][line: 201][    INFO] (brainmri best): image auroc: 0.8763,
[2025-01-18 05:43:48,519][       train.py][line: 208][    INFO] save checkpoints in epoch: 5
[2025-01-18 05:43:58,141][       train.py][line: 186][    INFO] (brainmri): Epoch: 6, image auroc: 0.8882,
[2025-01-18 05:43:58,141][       train.py][line: 201][    INFO] (brainmri best): image auroc: 0.8882,
[2025-01-18 05:43:58,141][       train.py][line: 208][    INFO] save checkpoints in epoch: 6
[2025-01-18 05:44:07,780][       train.py][line: 186][    INFO] (brainmri): Epoch: 7, image auroc: 0.9025,
[2025-01-18 05:44:07,781][       train.py][line: 201][    INFO] (brainmri best): image auroc: 0.9025,
[2025-01-18 05:44:07,781][       train.py][line: 208][    INFO] save checkpoints in epoch: 7
[2025-01-18 05:44:17,323][       train.py][line: 186][    INFO] (brainmri): Epoch: 8, image auroc: 0.9089,
[2025-01-18 05:44:17,323][       train.py][line: 201][    INFO] (brainmri best): image auroc: 0.9089,
[2025-01-18 05:44:17,323][       train.py][line: 208][    INFO] save checkpoints in epoch: 8
[2025-01-18 05:44:26,867][       train.py][line: 186][    INFO] (brainmri): Epoch: 9, image auroc: 0.9137,
[2025-01-18 05:44:26,867][       train.py][line: 201][    INFO] (brainmri best): image auroc: 0.9137,
[2025-01-18 05:44:26,868][       train.py][line: 208][    INFO] save checkpoints in epoch: 9
[2025-01-18 05:44:31,981][       train.py][line: 264][    INFO] Epoch: [10/200]	Iter: [20/400]	Loss 0.87775 (0.92207)	
[2025-01-18 05:44:36,642][       train.py][line: 186][    INFO] (brainmri): Epoch: 10, image auroc: 0.9153,
[2025-01-18 05:44:36,642][       train.py][line: 201][    INFO] (brainmri best): image auroc: 0.9153,
[2025-01-18 05:44:36,642][       train.py][line: 208][    INFO] save checkpoints in epoch: 10
[2025-01-18 05:44:46,410][       train.py][line: 186][    INFO] (brainmri): Epoch: 11, image auroc: 0.9225,
[2025-01-18 05:44:46,410][       train.py][line: 201][    INFO] (brainmri best): image auroc: 0.9225,
[2025-01-18 05:44:46,410][       train.py][line: 208][    INFO] save checkpoints in epoch: 11
[2025-01-18 05:44:56,028][       train.py][line: 186][    INFO] (brainmri): Epoch: 12, image auroc: 0.9269,
[2025-01-18 05:44:56,029][       train.py][line: 201][    INFO] (brainmri best): image auroc: 0.9269,
[2025-01-18 05:44:56,029][       train.py][line: 208][    INFO] save checkpoints in epoch: 12
[2025-01-18 05:45:05,813][       train.py][line: 186][    INFO] (brainmri): Epoch: 13, image auroc: 0.9267,
[2025-01-18 05:45:05,813][       train.py][line: 201][    INFO] (brainmri best): image auroc: 0.9269,
[2025-01-18 05:45:15,454][       train.py][line: 186][    INFO] (brainmri): Epoch: 14, image auroc: 0.9270,
[2025-01-18 05:45:15,455][       train.py][line: 201][    INFO] (brainmri best): image auroc: 0.9270,
[2025-01-18 05:45:15,455][       train.py][line: 208][    INFO] save checkpoints in epoch: 14
[2025-01-18 05:45:20,560][       train.py][line: 264][    INFO] Epoch: [15/200]	Iter: [30/400]	Loss 0.88369 (0.85843)	
[2025-01-18 05:45:24,980][       train.py][line: 186][    INFO] (brainmri): Epoch: 15, image auroc: 0.9232,
[2025-01-18 05:45:24,980][       train.py][line: 201][    INFO] (brainmri best): image auroc: 0.9270,
[2025-01-18 05:45:34,786][       train.py][line: 186][    INFO] (brainmri): Epoch: 16, image auroc: 0.9259,
[2025-01-18 05:45:34,786][       train.py][line: 201][    INFO] (brainmri best): image auroc: 0.9270,
[2025-01-18 05:45:44,379][       train.py][line: 186][    INFO] (brainmri): Epoch: 17, image auroc: 0.9295,
[2025-01-18 05:45:44,379][       train.py][line: 201][    INFO] (brainmri best): image auroc: 0.9295,
[2025-01-18 05:45:44,379][       train.py][line: 208][    INFO] save checkpoints in epoch: 17
[2025-01-18 05:45:53,925][       train.py][line: 186][    INFO] (brainmri): Epoch: 18, image auroc: 0.9258,
[2025-01-18 05:45:53,925][       train.py][line: 201][    INFO] (brainmri best): image auroc: 0.9295,
[2025-01-18 05:46:03,643][       train.py][line: 186][    INFO] (brainmri): Epoch: 19, image auroc: 0.9312,
[2025-01-18 05:46:03,644][       train.py][line: 201][    INFO] (brainmri best): image auroc: 0.9312,
[2025-01-18 05:46:03,644][       train.py][line: 208][    INFO] save checkpoints in epoch: 19
[2025-01-18 05:46:08,710][       train.py][line: 264][    INFO] Epoch: [20/200]	Iter: [40/400]	Loss 0.80784 (0.84099)	
[2025-01-18 05:46:13,252][       train.py][line: 186][    INFO] (brainmri): Epoch: 20, image auroc: 0.9267,
[2025-01-18 05:46:13,252][       train.py][line: 201][    INFO] (brainmri best): image auroc: 0.9312,
[2025-01-18 05:46:22,776][       train.py][line: 186][    INFO] (brainmri): Epoch: 21, image auroc: 0.9306,
[2025-01-18 05:46:22,777][       train.py][line: 201][    INFO] (brainmri best): image auroc: 0.9312,
[2025-01-18 05:46:32,512][       train.py][line: 186][    INFO] (brainmri): Epoch: 22, image auroc: 0.9242,
[2025-01-18 05:46:32,512][       train.py][line: 201][    INFO] (brainmri best): image auroc: 0.9312,
[2025-01-18 05:46:42,149][       train.py][line: 186][    INFO] (brainmri): Epoch: 23, image auroc: 0.9327,
[2025-01-18 05:46:42,150][       train.py][line: 201][    INFO] (brainmri best): image auroc: 0.9327,
[2025-01-18 05:46:42,150][       train.py][line: 208][    INFO] save checkpoints in epoch: 23
[2025-01-18 05:46:51,629][       train.py][line: 186][    INFO] (brainmri): Epoch: 24, image auroc: 0.9263,
[2025-01-18 05:46:51,630][       train.py][line: 201][    INFO] (brainmri best): image auroc: 0.9327,
[2025-01-18 05:46:56,707][       train.py][line: 264][    INFO] Epoch: [25/200]	Iter: [50/400]	Loss 0.89238 (0.89211)	
[2025-01-18 05:47:01,185][       train.py][line: 186][    INFO] (brainmri): Epoch: 25, image auroc: 0.9355,
[2025-01-18 05:47:01,185][       train.py][line: 201][    INFO] (brainmri best): image auroc: 0.9355,
[2025-01-18 05:47:01,186][       train.py][line: 208][    INFO] save checkpoints in epoch: 25
[2025-01-18 05:47:10,898][       train.py][line: 186][    INFO] (brainmri): Epoch: 26, image auroc: 0.9401,
[2025-01-18 05:47:10,898][       train.py][line: 201][    INFO] (brainmri best): image auroc: 0.9401,
[2025-01-18 05:47:10,898][       train.py][line: 208][    INFO] save checkpoints in epoch: 26
[2025-01-18 05:47:20,586][       train.py][line: 186][    INFO] (brainmri): Epoch: 27, image auroc: 0.9369,
[2025-01-18 05:47:20,587][       train.py][line: 201][    INFO] (brainmri best): image auroc: 0.9401,
[2025-01-18 05:47:30,426][       train.py][line: 186][    INFO] (brainmri): Epoch: 28, image auroc: 0.9403,
[2025-01-18 05:47:30,426][       train.py][line: 201][    INFO] (brainmri best): image auroc: 0.9403,
[2025-01-18 05:47:30,426][       train.py][line: 208][    INFO] save checkpoints in epoch: 28
[2025-01-18 05:47:40,131][       train.py][line: 186][    INFO] (brainmri): Epoch: 29, image auroc: 0.9392,
[2025-01-18 05:47:40,131][       train.py][line: 201][    INFO] (brainmri best): image auroc: 0.9403,
[2025-01-18 05:47:45,215][       train.py][line: 264][    INFO] Epoch: [30/200]	Iter: [60/400]	Loss 0.72340 (0.80781)	
[2025-01-18 05:47:49,863][       train.py][line: 186][    INFO] (brainmri): Epoch: 30, image auroc: 0.9356,
[2025-01-18 05:47:49,863][       train.py][line: 201][    INFO] (brainmri best): image auroc: 0.9403,
[2025-01-18 05:47:59,434][       train.py][line: 186][    INFO] (brainmri): Epoch: 31, image auroc: 0.9319,
[2025-01-18 05:47:59,434][       train.py][line: 201][    INFO] (brainmri best): image auroc: 0.9403,
[2025-01-18 05:48:09,147][       train.py][line: 186][    INFO] (brainmri): Epoch: 32, image auroc: 0.9301,
[2025-01-18 05:48:09,147][       train.py][line: 201][    INFO] (brainmri best): image auroc: 0.9403,
[2025-01-18 05:48:18,610][       train.py][line: 186][    INFO] (brainmri): Epoch: 33, image auroc: 0.9315,
[2025-01-18 05:48:18,610][       train.py][line: 201][    INFO] (brainmri best): image auroc: 0.9403,
[2025-01-18 05:48:28,258][       train.py][line: 186][    INFO] (brainmri): Epoch: 34, image auroc: 0.9350,
[2025-01-18 05:48:28,258][       train.py][line: 201][    INFO] (brainmri best): image auroc: 0.9403,
[2025-01-18 05:48:33,362][       train.py][line: 264][    INFO] Epoch: [35/200]	Iter: [70/400]	Loss 0.85494 (0.83576)	
[2025-01-18 05:48:37,948][       train.py][line: 186][    INFO] (brainmri): Epoch: 35, image auroc: 0.9402,
[2025-01-18 05:48:37,948][       train.py][line: 201][    INFO] (brainmri best): image auroc: 0.9403,
[2025-01-18 05:48:47,501][       train.py][line: 186][    INFO] (brainmri): Epoch: 36, image auroc: 0.9320,
[2025-01-18 05:48:47,501][       train.py][line: 201][    INFO] (brainmri best): image auroc: 0.9403,
[2025-01-18 05:48:57,190][       train.py][line: 186][    INFO] (brainmri): Epoch: 37, image auroc: 0.9275,
[2025-01-18 05:48:57,190][       train.py][line: 201][    INFO] (brainmri best): image auroc: 0.9403,
[2025-01-18 05:49:06,892][       train.py][line: 186][    INFO] (brainmri): Epoch: 38, image auroc: 0.9344,
[2025-01-18 05:49:06,892][       train.py][line: 201][    INFO] (brainmri best): image auroc: 0.9403,
[2025-01-18 05:49:16,534][       train.py][line: 186][    INFO] (brainmri): Epoch: 39, image auroc: 0.9366,
[2025-01-18 05:49:16,534][       train.py][line: 201][    INFO] (brainmri best): image auroc: 0.9403,
[2025-01-18 05:49:21,602][       train.py][line: 264][    INFO] Epoch: [40/200]	Iter: [80/400]	Loss 0.86990 (0.86019)	
[2025-01-18 05:49:26,115][       train.py][line: 186][    INFO] (brainmri): Epoch: 40, image auroc: 0.9231,
[2025-01-18 05:49:26,115][       train.py][line: 201][    INFO] (brainmri best): image auroc: 0.9403,
[2025-01-18 05:49:35,536][       train.py][line: 186][    INFO] (brainmri): Epoch: 41, image auroc: 0.9243,
[2025-01-18 05:49:35,536][       train.py][line: 201][    INFO] (brainmri best): image auroc: 0.9403,
[2025-01-18 05:49:45,176][       train.py][line: 186][    INFO] (brainmri): Epoch: 42, image auroc: 0.9375,
[2025-01-18 05:49:45,176][       train.py][line: 201][    INFO] (brainmri best): image auroc: 0.9403,
[2025-01-18 05:49:54,730][       train.py][line: 186][    INFO] (brainmri): Epoch: 43, image auroc: 0.9417,
[2025-01-18 05:49:54,730][       train.py][line: 201][    INFO] (brainmri best): image auroc: 0.9417,
[2025-01-18 05:49:54,730][       train.py][line: 208][    INFO] save checkpoints in epoch: 43
[2025-01-18 05:50:04,353][       train.py][line: 186][    INFO] (brainmri): Epoch: 44, image auroc: 0.9405,
[2025-01-18 05:50:04,354][       train.py][line: 201][    INFO] (brainmri best): image auroc: 0.9417,
[2025-01-18 05:50:09,366][       train.py][line: 264][    INFO] Epoch: [45/200]	Iter: [90/400]	Loss 0.94104 (0.91367)	
[2025-01-18 05:50:14,032][       train.py][line: 186][    INFO] (brainmri): Epoch: 45, image auroc: 0.9390,
[2025-01-18 05:50:14,032][       train.py][line: 201][    INFO] (brainmri best): image auroc: 0.9417,
[2025-01-18 05:50:23,749][       train.py][line: 186][    INFO] (brainmri): Epoch: 46, image auroc: 0.9382,
[2025-01-18 05:50:23,750][       train.py][line: 201][    INFO] (brainmri best): image auroc: 0.9417,
[2025-01-18 05:50:33,387][       train.py][line: 186][    INFO] (brainmri): Epoch: 47, image auroc: 0.9379,
[2025-01-18 05:50:33,387][       train.py][line: 201][    INFO] (brainmri best): image auroc: 0.9417,
[2025-01-18 05:50:43,037][       train.py][line: 186][    INFO] (brainmri): Epoch: 48, image auroc: 0.9365,
[2025-01-18 05:50:43,038][       train.py][line: 201][    INFO] (brainmri best): image auroc: 0.9417,
[2025-01-18 05:50:52,650][       train.py][line: 186][    INFO] (brainmri): Epoch: 49, image auroc: 0.9393,
[2025-01-18 05:50:52,651][       train.py][line: 201][    INFO] (brainmri best): image auroc: 0.9417,
[2025-01-18 05:50:57,710][       train.py][line: 264][    INFO] Epoch: [50/200]	Iter: [100/400]	Loss 0.79473 (0.82560)	
[2025-01-18 05:51:02,221][       train.py][line: 186][    INFO] (brainmri): Epoch: 50, image auroc: 0.9368,
[2025-01-18 05:51:02,222][       train.py][line: 201][    INFO] (brainmri best): image auroc: 0.9417,
[2025-01-18 05:51:12,020][       train.py][line: 186][    INFO] (brainmri): Epoch: 51, image auroc: 0.9359,
[2025-01-18 05:51:12,020][       train.py][line: 201][    INFO] (brainmri best): image auroc: 0.9417,
[2025-01-18 05:51:21,818][       train.py][line: 186][    INFO] (brainmri): Epoch: 52, image auroc: 0.9294,
[2025-01-18 05:51:21,818][       train.py][line: 201][    INFO] (brainmri best): image auroc: 0.9417,
[2025-01-18 05:51:31,456][       train.py][line: 186][    INFO] (brainmri): Epoch: 53, image auroc: 0.9292,
[2025-01-18 05:51:31,456][       train.py][line: 201][    INFO] (brainmri best): image auroc: 0.9417,
[2025-01-18 05:51:41,112][       train.py][line: 186][    INFO] (brainmri): Epoch: 54, image auroc: 0.9351,
[2025-01-18 05:51:41,113][       train.py][line: 201][    INFO] (brainmri best): image auroc: 0.9417,
[2025-01-18 05:51:46,262][       train.py][line: 264][    INFO] Epoch: [55/200]	Iter: [110/400]	Loss 0.90577 (0.87653)	
[2025-01-18 05:51:50,748][       train.py][line: 186][    INFO] (brainmri): Epoch: 55, image auroc: 0.9348,
[2025-01-18 05:51:50,749][       train.py][line: 201][    INFO] (brainmri best): image auroc: 0.9417,
[2025-01-18 05:52:00,391][       train.py][line: 186][    INFO] (brainmri): Epoch: 56, image auroc: 0.9313,
[2025-01-18 05:52:00,391][       train.py][line: 201][    INFO] (brainmri best): image auroc: 0.9417,
[2025-01-18 05:52:10,036][       train.py][line: 186][    INFO] (brainmri): Epoch: 57, image auroc: 0.9350,
[2025-01-18 05:52:10,036][       train.py][line: 201][    INFO] (brainmri best): image auroc: 0.9417,
[2025-01-18 05:52:19,658][       train.py][line: 186][    INFO] (brainmri): Epoch: 58, image auroc: 0.9387,
[2025-01-18 05:52:19,658][       train.py][line: 201][    INFO] (brainmri best): image auroc: 0.9417,
[2025-01-18 05:52:29,194][       train.py][line: 186][    INFO] (brainmri): Epoch: 59, image auroc: 0.9403,
[2025-01-18 05:52:29,194][       train.py][line: 201][    INFO] (brainmri best): image auroc: 0.9417,
[2025-01-18 05:52:34,208][       train.py][line: 264][    INFO] Epoch: [60/200]	Iter: [120/400]	Loss 0.82246 (0.85661)	
[2025-01-18 05:52:38,771][       train.py][line: 186][    INFO] (brainmri): Epoch: 60, image auroc: 0.9371,
[2025-01-18 05:52:38,771][       train.py][line: 201][    INFO] (brainmri best): image auroc: 0.9417,
[2025-01-18 05:52:48,460][       train.py][line: 186][    INFO] (brainmri): Epoch: 61, image auroc: 0.9338,
[2025-01-18 05:52:48,461][       train.py][line: 201][    INFO] (brainmri best): image auroc: 0.9417,
[2025-01-18 05:52:58,085][       train.py][line: 186][    INFO] (brainmri): Epoch: 62, image auroc: 0.9274,
[2025-01-18 05:52:58,085][       train.py][line: 201][    INFO] (brainmri best): image auroc: 0.9417,
[2025-01-18 05:53:07,766][       train.py][line: 186][    INFO] (brainmri): Epoch: 63, image auroc: 0.9400,
[2025-01-18 05:53:07,766][       train.py][line: 201][    INFO] (brainmri best): image auroc: 0.9417,
[2025-01-18 05:53:17,529][       train.py][line: 186][    INFO] (brainmri): Epoch: 64, image auroc: 0.9443,
[2025-01-18 05:53:17,529][       train.py][line: 201][    INFO] (brainmri best): image auroc: 0.9443,
[2025-01-18 05:53:17,529][       train.py][line: 208][    INFO] save checkpoints in epoch: 64
[2025-01-18 05:53:22,662][       train.py][line: 264][    INFO] Epoch: [65/200]	Iter: [130/400]	Loss 0.85835 (0.79361)	
[2025-01-18 05:53:27,282][       train.py][line: 186][    INFO] (brainmri): Epoch: 65, image auroc: 0.9427,
[2025-01-18 05:53:27,282][       train.py][line: 201][    INFO] (brainmri best): image auroc: 0.9443,
[2025-01-18 05:53:36,898][       train.py][line: 186][    INFO] (brainmri): Epoch: 66, image auroc: 0.9432,
[2025-01-18 05:53:36,898][       train.py][line: 201][    INFO] (brainmri best): image auroc: 0.9443,
[2025-01-18 05:53:46,426][       train.py][line: 186][    INFO] (brainmri): Epoch: 67, image auroc: 0.9426,
[2025-01-18 05:53:46,426][       train.py][line: 201][    INFO] (brainmri best): image auroc: 0.9443,
[2025-01-18 05:53:56,021][       train.py][line: 186][    INFO] (brainmri): Epoch: 68, image auroc: 0.9412,
[2025-01-18 05:53:56,022][       train.py][line: 201][    INFO] (brainmri best): image auroc: 0.9443,
[2025-01-18 05:54:05,652][       train.py][line: 186][    INFO] (brainmri): Epoch: 69, image auroc: 0.9375,
[2025-01-18 05:54:05,652][       train.py][line: 201][    INFO] (brainmri best): image auroc: 0.9443,
[2025-01-18 05:54:10,794][       train.py][line: 264][    INFO] Epoch: [70/200]	Iter: [140/400]	Loss 0.82943 (0.86190)	
[2025-01-18 05:54:15,422][       train.py][line: 186][    INFO] (brainmri): Epoch: 70, image auroc: 0.9343,
[2025-01-18 05:54:15,423][       train.py][line: 201][    INFO] (brainmri best): image auroc: 0.9443,
[2025-01-18 05:54:25,279][       train.py][line: 186][    INFO] (brainmri): Epoch: 71, image auroc: 0.9407,
[2025-01-18 05:54:25,279][       train.py][line: 201][    INFO] (brainmri best): image auroc: 0.9443,
[2025-01-18 05:54:34,879][       train.py][line: 186][    INFO] (brainmri): Epoch: 72, image auroc: 0.9451,
[2025-01-18 05:54:34,879][       train.py][line: 201][    INFO] (brainmri best): image auroc: 0.9451,
[2025-01-18 05:54:34,879][       train.py][line: 208][    INFO] save checkpoints in epoch: 72
[2025-01-18 05:54:44,577][       train.py][line: 186][    INFO] (brainmri): Epoch: 73, image auroc: 0.9429,
[2025-01-18 05:54:44,577][       train.py][line: 201][    INFO] (brainmri best): image auroc: 0.9451,
[2025-01-18 05:54:54,163][       train.py][line: 186][    INFO] (brainmri): Epoch: 74, image auroc: 0.9407,
[2025-01-18 05:54:54,163][       train.py][line: 201][    INFO] (brainmri best): image auroc: 0.9451,
[2025-01-18 05:54:59,325][       train.py][line: 264][    INFO] Epoch: [75/200]	Iter: [150/400]	Loss 0.84456 (0.78884)	
[2025-01-18 05:55:03,770][       train.py][line: 186][    INFO] (brainmri): Epoch: 75, image auroc: 0.9361,
[2025-01-18 05:55:03,770][       train.py][line: 201][    INFO] (brainmri best): image auroc: 0.9451,
[2025-01-18 05:55:13,496][       train.py][line: 186][    INFO] (brainmri): Epoch: 76, image auroc: 0.9414,
[2025-01-18 05:55:13,497][       train.py][line: 201][    INFO] (brainmri best): image auroc: 0.9451,
[2025-01-18 05:55:23,039][       train.py][line: 186][    INFO] (brainmri): Epoch: 77, image auroc: 0.9369,
[2025-01-18 05:55:23,039][       train.py][line: 201][    INFO] (brainmri best): image auroc: 0.9451,
[2025-01-18 05:55:32,701][       train.py][line: 186][    INFO] (brainmri): Epoch: 78, image auroc: 0.9346,
[2025-01-18 05:55:32,701][       train.py][line: 201][    INFO] (brainmri best): image auroc: 0.9451,
[2025-01-18 05:55:42,396][       train.py][line: 186][    INFO] (brainmri): Epoch: 79, image auroc: 0.9371,
[2025-01-18 05:55:42,396][       train.py][line: 201][    INFO] (brainmri best): image auroc: 0.9451,
[2025-01-18 05:55:47,455][       train.py][line: 264][    INFO] Epoch: [80/200]	Iter: [160/400]	Loss 0.79668 (0.79552)	
[2025-01-18 05:55:52,230][       train.py][line: 186][    INFO] (brainmri): Epoch: 80, image auroc: 0.9353,
[2025-01-18 05:55:52,231][       train.py][line: 201][    INFO] (brainmri best): image auroc: 0.9451,
[2025-01-18 05:56:01,833][       train.py][line: 186][    INFO] (brainmri): Epoch: 81, image auroc: 0.9341,
[2025-01-18 05:56:01,833][       train.py][line: 201][    INFO] (brainmri best): image auroc: 0.9451,
[2025-01-18 05:56:11,571][       train.py][line: 186][    INFO] (brainmri): Epoch: 82, image auroc: 0.9316,
[2025-01-18 05:56:11,571][       train.py][line: 201][    INFO] (brainmri best): image auroc: 0.9451,
[2025-01-18 05:56:21,107][       train.py][line: 186][    INFO] (brainmri): Epoch: 83, image auroc: 0.9313,
[2025-01-18 05:56:21,107][       train.py][line: 201][    INFO] (brainmri best): image auroc: 0.9451,
[2025-01-18 05:56:30,589][       train.py][line: 186][    INFO] (brainmri): Epoch: 84, image auroc: 0.9269,
[2025-01-18 05:56:30,589][       train.py][line: 201][    INFO] (brainmri best): image auroc: 0.9451,
[2025-01-18 05:56:35,772][       train.py][line: 264][    INFO] Epoch: [85/200]	Iter: [170/400]	Loss 0.79257 (0.83505)	
[2025-01-18 05:56:40,262][       train.py][line: 186][    INFO] (brainmri): Epoch: 85, image auroc: 0.9352,
[2025-01-18 05:56:40,262][       train.py][line: 201][    INFO] (brainmri best): image auroc: 0.9451,
[2025-01-18 05:56:49,954][       train.py][line: 186][    INFO] (brainmri): Epoch: 86, image auroc: 0.9296,
[2025-01-18 05:56:49,954][       train.py][line: 201][    INFO] (brainmri best): image auroc: 0.9451,
[2025-01-18 05:56:59,490][       train.py][line: 186][    INFO] (brainmri): Epoch: 87, image auroc: 0.9258,
[2025-01-18 05:56:59,490][       train.py][line: 201][    INFO] (brainmri best): image auroc: 0.9451,
[2025-01-18 05:57:08,969][       train.py][line: 186][    INFO] (brainmri): Epoch: 88, image auroc: 0.9260,
[2025-01-18 05:57:08,969][       train.py][line: 201][    INFO] (brainmri best): image auroc: 0.9451,
[2025-01-18 05:57:18,710][       train.py][line: 186][    INFO] (brainmri): Epoch: 89, image auroc: 0.9250,
[2025-01-18 05:57:18,711][       train.py][line: 201][    INFO] (brainmri best): image auroc: 0.9451,
[2025-01-18 05:57:23,913][       train.py][line: 264][    INFO] Epoch: [90/200]	Iter: [180/400]	Loss 0.78158 (0.82596)	
[2025-01-18 05:57:28,680][       train.py][line: 186][    INFO] (brainmri): Epoch: 90, image auroc: 0.9201,
[2025-01-18 05:57:28,681][       train.py][line: 201][    INFO] (brainmri best): image auroc: 0.9451,
[2025-01-18 05:57:38,263][       train.py][line: 186][    INFO] (brainmri): Epoch: 91, image auroc: 0.9313,
[2025-01-18 05:57:38,263][       train.py][line: 201][    INFO] (brainmri best): image auroc: 0.9451,
[2025-01-18 05:57:47,895][       train.py][line: 186][    INFO] (brainmri): Epoch: 92, image auroc: 0.9302,
[2025-01-18 05:57:47,895][       train.py][line: 201][    INFO] (brainmri best): image auroc: 0.9451,
[2025-01-18 05:57:57,686][       train.py][line: 186][    INFO] (brainmri): Epoch: 93, image auroc: 0.9312,
[2025-01-18 05:57:57,686][       train.py][line: 201][    INFO] (brainmri best): image auroc: 0.9451,
[2025-01-18 05:58:07,540][       train.py][line: 186][    INFO] (brainmri): Epoch: 94, image auroc: 0.9314,
[2025-01-18 05:58:07,540][       train.py][line: 201][    INFO] (brainmri best): image auroc: 0.9451,
[2025-01-18 05:58:12,647][       train.py][line: 264][    INFO] Epoch: [95/200]	Iter: [190/400]	Loss 0.83160 (0.84424)	
[2025-01-18 05:58:17,264][       train.py][line: 186][    INFO] (brainmri): Epoch: 95, image auroc: 0.9302,
[2025-01-18 05:58:17,264][       train.py][line: 201][    INFO] (brainmri best): image auroc: 0.9451,
[2025-01-18 05:58:27,014][       train.py][line: 186][    INFO] (brainmri): Epoch: 96, image auroc: 0.9369,
[2025-01-18 05:58:27,014][       train.py][line: 201][    INFO] (brainmri best): image auroc: 0.9451,
[2025-01-18 05:58:36,680][       train.py][line: 186][    INFO] (brainmri): Epoch: 97, image auroc: 0.9379,
[2025-01-18 05:58:36,681][       train.py][line: 201][    INFO] (brainmri best): image auroc: 0.9451,
[2025-01-18 05:58:46,511][       train.py][line: 186][    INFO] (brainmri): Epoch: 98, image auroc: 0.9388,
[2025-01-18 05:58:46,511][       train.py][line: 201][    INFO] (brainmri best): image auroc: 0.9451,
[2025-01-18 05:58:56,066][       train.py][line: 186][    INFO] (brainmri): Epoch: 99, image auroc: 0.9380,
[2025-01-18 05:58:56,066][       train.py][line: 201][    INFO] (brainmri best): image auroc: 0.9451,
[2025-01-18 05:59:01,218][       train.py][line: 264][    INFO] Epoch: [100/200]	Iter: [200/400]	Loss 0.72442 (0.79048)	
[2025-01-18 05:59:05,854][       train.py][line: 186][    INFO] (brainmri): Epoch: 100, image auroc: 0.9409,
[2025-01-18 05:59:05,854][       train.py][line: 201][    INFO] (brainmri best): image auroc: 0.9451,
[2025-01-18 05:59:15,457][       train.py][line: 186][    INFO] (brainmri): Epoch: 101, image auroc: 0.9380,
[2025-01-18 05:59:15,457][       train.py][line: 201][    INFO] (brainmri best): image auroc: 0.9451,
[2025-01-18 05:59:25,082][       train.py][line: 186][    INFO] (brainmri): Epoch: 102, image auroc: 0.9394,
[2025-01-18 05:59:25,082][       train.py][line: 201][    INFO] (brainmri best): image auroc: 0.9451,
[2025-01-18 05:59:34,839][       train.py][line: 186][    INFO] (brainmri): Epoch: 103, image auroc: 0.9399,
[2025-01-18 05:59:34,840][       train.py][line: 201][    INFO] (brainmri best): image auroc: 0.9451,
[2025-01-18 05:59:44,528][       train.py][line: 186][    INFO] (brainmri): Epoch: 104, image auroc: 0.9399,
[2025-01-18 05:59:44,528][       train.py][line: 201][    INFO] (brainmri best): image auroc: 0.9451,
[2025-01-18 05:59:49,583][       train.py][line: 264][    INFO] Epoch: [105/200]	Iter: [210/400]	Loss 0.86014 (0.88581)	
[2025-01-18 05:59:54,158][       train.py][line: 186][    INFO] (brainmri): Epoch: 105, image auroc: 0.9384,
[2025-01-18 05:59:54,158][       train.py][line: 201][    INFO] (brainmri best): image auroc: 0.9451,
[2025-01-18 06:00:03,657][       train.py][line: 186][    INFO] (brainmri): Epoch: 106, image auroc: 0.9360,
[2025-01-18 06:00:03,658][       train.py][line: 201][    INFO] (brainmri best): image auroc: 0.9451,
[2025-01-18 06:00:13,262][       train.py][line: 186][    INFO] (brainmri): Epoch: 107, image auroc: 0.9357,
[2025-01-18 06:00:13,263][       train.py][line: 201][    INFO] (brainmri best): image auroc: 0.9451,
[2025-01-18 06:00:22,795][       train.py][line: 186][    INFO] (brainmri): Epoch: 108, image auroc: 0.9351,
[2025-01-18 06:00:22,796][       train.py][line: 201][    INFO] (brainmri best): image auroc: 0.9451,
[2025-01-18 06:00:32,442][       train.py][line: 186][    INFO] (brainmri): Epoch: 109, image auroc: 0.9408,
[2025-01-18 06:00:32,442][       train.py][line: 201][    INFO] (brainmri best): image auroc: 0.9451,
[2025-01-18 06:00:37,537][       train.py][line: 264][    INFO] Epoch: [110/200]	Iter: [220/400]	Loss 0.86682 (0.83201)	
[2025-01-18 06:00:42,174][       train.py][line: 186][    INFO] (brainmri): Epoch: 110, image auroc: 0.9424,
[2025-01-18 06:00:42,175][       train.py][line: 201][    INFO] (brainmri best): image auroc: 0.9451,
[2025-01-18 06:00:51,844][       train.py][line: 186][    INFO] (brainmri): Epoch: 111, image auroc: 0.9374,
[2025-01-18 06:00:51,844][       train.py][line: 201][    INFO] (brainmri best): image auroc: 0.9451,
[2025-01-18 06:01:01,524][       train.py][line: 186][    INFO] (brainmri): Epoch: 112, image auroc: 0.9367,
[2025-01-18 06:01:01,524][       train.py][line: 201][    INFO] (brainmri best): image auroc: 0.9451,
[2025-01-18 06:01:11,069][       train.py][line: 186][    INFO] (brainmri): Epoch: 113, image auroc: 0.9365,
[2025-01-18 06:01:11,069][       train.py][line: 201][    INFO] (brainmri best): image auroc: 0.9451,
[2025-01-18 06:01:20,831][       train.py][line: 186][    INFO] (brainmri): Epoch: 114, image auroc: 0.9345,
[2025-01-18 06:01:20,831][       train.py][line: 201][    INFO] (brainmri best): image auroc: 0.9451,
[2025-01-18 06:01:25,900][       train.py][line: 264][    INFO] Epoch: [115/200]	Iter: [230/400]	Loss 0.75878 (0.79528)	
[2025-01-18 06:01:30,435][       train.py][line: 186][    INFO] (brainmri): Epoch: 115, image auroc: 0.9351,
[2025-01-18 06:01:30,435][       train.py][line: 201][    INFO] (brainmri best): image auroc: 0.9451,
[2025-01-18 06:01:40,052][       train.py][line: 186][    INFO] (brainmri): Epoch: 116, image auroc: 0.9312,
[2025-01-18 06:01:40,053][       train.py][line: 201][    INFO] (brainmri best): image auroc: 0.9451,
[2025-01-18 06:01:49,558][       train.py][line: 186][    INFO] (brainmri): Epoch: 117, image auroc: 0.9326,
[2025-01-18 06:01:49,558][       train.py][line: 201][    INFO] (brainmri best): image auroc: 0.9451,
[2025-01-18 06:01:59,208][       train.py][line: 186][    INFO] (brainmri): Epoch: 118, image auroc: 0.9332,
[2025-01-18 06:01:59,209][       train.py][line: 201][    INFO] (brainmri best): image auroc: 0.9451,
[2025-01-18 06:02:08,729][       train.py][line: 186][    INFO] (brainmri): Epoch: 119, image auroc: 0.9339,
[2025-01-18 06:02:08,729][       train.py][line: 201][    INFO] (brainmri best): image auroc: 0.9451,
[2025-01-18 06:02:13,850][       train.py][line: 264][    INFO] Epoch: [120/200]	Iter: [240/400]	Loss 0.84928 (0.85052)	
[2025-01-18 06:02:18,375][       train.py][line: 186][    INFO] (brainmri): Epoch: 120, image auroc: 0.9372,
[2025-01-18 06:02:18,376][       train.py][line: 201][    INFO] (brainmri best): image auroc: 0.9451,
[2025-01-18 06:02:27,946][       train.py][line: 186][    INFO] (brainmri): Epoch: 121, image auroc: 0.9346,
[2025-01-18 06:02:27,946][       train.py][line: 201][    INFO] (brainmri best): image auroc: 0.9451,
[2025-01-18 06:02:37,599][       train.py][line: 186][    INFO] (brainmri): Epoch: 122, image auroc: 0.9352,
[2025-01-18 06:02:37,599][       train.py][line: 201][    INFO] (brainmri best): image auroc: 0.9451,
[2025-01-18 06:02:47,232][       train.py][line: 186][    INFO] (brainmri): Epoch: 123, image auroc: 0.9401,
[2025-01-18 06:02:47,232][       train.py][line: 201][    INFO] (brainmri best): image auroc: 0.9451,
[2025-01-18 06:02:56,900][       train.py][line: 186][    INFO] (brainmri): Epoch: 124, image auroc: 0.9386,
[2025-01-18 06:02:56,901][       train.py][line: 201][    INFO] (brainmri best): image auroc: 0.9451,
[2025-01-18 06:03:01,988][       train.py][line: 264][    INFO] Epoch: [125/200]	Iter: [250/400]	Loss 0.84913 (0.83707)	
[2025-01-18 06:03:06,627][       train.py][line: 186][    INFO] (brainmri): Epoch: 125, image auroc: 0.9379,
[2025-01-18 06:03:06,627][       train.py][line: 201][    INFO] (brainmri best): image auroc: 0.9451,
[2025-01-18 06:03:16,337][       train.py][line: 186][    INFO] (brainmri): Epoch: 126, image auroc: 0.9416,
[2025-01-18 06:03:16,337][       train.py][line: 201][    INFO] (brainmri best): image auroc: 0.9451,
[2025-01-18 06:03:26,123][       train.py][line: 186][    INFO] (brainmri): Epoch: 127, image auroc: 0.9439,
[2025-01-18 06:03:26,124][       train.py][line: 201][    INFO] (brainmri best): image auroc: 0.9451,
[2025-01-18 06:03:35,975][       train.py][line: 186][    INFO] (brainmri): Epoch: 128, image auroc: 0.9407,
[2025-01-18 06:03:35,975][       train.py][line: 201][    INFO] (brainmri best): image auroc: 0.9451,
[2025-01-18 06:03:45,737][       train.py][line: 186][    INFO] (brainmri): Epoch: 129, image auroc: 0.9384,
[2025-01-18 06:03:45,737][       train.py][line: 201][    INFO] (brainmri best): image auroc: 0.9451,
[2025-01-18 06:03:50,940][       train.py][line: 264][    INFO] Epoch: [130/200]	Iter: [260/400]	Loss 0.83504 (0.82033)	
[2025-01-18 06:03:55,533][       train.py][line: 186][    INFO] (brainmri): Epoch: 130, image auroc: 0.9379,
[2025-01-18 06:03:55,534][       train.py][line: 201][    INFO] (brainmri best): image auroc: 0.9451,
[2025-01-18 06:04:05,412][       train.py][line: 186][    INFO] (brainmri): Epoch: 131, image auroc: 0.9371,
[2025-01-18 06:04:05,412][       train.py][line: 201][    INFO] (brainmri best): image auroc: 0.9451,
[2025-01-18 06:04:15,187][       train.py][line: 186][    INFO] (brainmri): Epoch: 132, image auroc: 0.9350,
[2025-01-18 06:04:15,187][       train.py][line: 201][    INFO] (brainmri best): image auroc: 0.9451,
[2025-01-18 06:04:24,903][       train.py][line: 186][    INFO] (brainmri): Epoch: 133, image auroc: 0.9357,
[2025-01-18 06:04:24,903][       train.py][line: 201][    INFO] (brainmri best): image auroc: 0.9451,
[2025-01-18 06:04:34,522][       train.py][line: 186][    INFO] (brainmri): Epoch: 134, image auroc: 0.9392,
[2025-01-18 06:04:34,523][       train.py][line: 201][    INFO] (brainmri best): image auroc: 0.9451,
[2025-01-18 06:04:39,595][       train.py][line: 264][    INFO] Epoch: [135/200]	Iter: [270/400]	Loss 0.81044 (0.80739)	
[2025-01-18 06:04:44,234][       train.py][line: 186][    INFO] (brainmri): Epoch: 135, image auroc: 0.9395,
[2025-01-18 06:04:44,234][       train.py][line: 201][    INFO] (brainmri best): image auroc: 0.9451,
[2025-01-18 06:04:53,868][       train.py][line: 186][    INFO] (brainmri): Epoch: 136, image auroc: 0.9405,
[2025-01-18 06:04:53,869][       train.py][line: 201][    INFO] (brainmri best): image auroc: 0.9451,
[2025-01-18 06:05:03,582][       train.py][line: 186][    INFO] (brainmri): Epoch: 137, image auroc: 0.9430,
[2025-01-18 06:05:03,582][       train.py][line: 201][    INFO] (brainmri best): image auroc: 0.9451,
[2025-01-18 06:05:13,195][       train.py][line: 186][    INFO] (brainmri): Epoch: 138, image auroc: 0.9414,
[2025-01-18 06:05:13,195][       train.py][line: 201][    INFO] (brainmri best): image auroc: 0.9451,
[2025-01-18 06:05:22,749][       train.py][line: 186][    INFO] (brainmri): Epoch: 139, image auroc: 0.9379,
[2025-01-18 06:05:22,750][       train.py][line: 201][    INFO] (brainmri best): image auroc: 0.9451,
[2025-01-18 06:05:27,914][       train.py][line: 264][    INFO] Epoch: [140/200]	Iter: [280/400]	Loss 0.81319 (0.80532)	
[2025-01-18 06:05:32,448][       train.py][line: 186][    INFO] (brainmri): Epoch: 140, image auroc: 0.9343,
[2025-01-18 06:05:32,449][       train.py][line: 201][    INFO] (brainmri best): image auroc: 0.9451,
[2025-01-18 06:05:42,138][       train.py][line: 186][    INFO] (brainmri): Epoch: 141, image auroc: 0.9365,
[2025-01-18 06:05:42,138][       train.py][line: 201][    INFO] (brainmri best): image auroc: 0.9451,
[2025-01-18 06:05:51,739][       train.py][line: 186][    INFO] (brainmri): Epoch: 142, image auroc: 0.9360,
[2025-01-18 06:05:51,739][       train.py][line: 201][    INFO] (brainmri best): image auroc: 0.9451,
[2025-01-18 06:06:01,586][       train.py][line: 186][    INFO] (brainmri): Epoch: 143, image auroc: 0.9455,
[2025-01-18 06:06:01,586][       train.py][line: 201][    INFO] (brainmri best): image auroc: 0.9455,
[2025-01-18 06:06:01,586][       train.py][line: 208][    INFO] save checkpoints in epoch: 143
[2025-01-18 06:06:11,215][       train.py][line: 186][    INFO] (brainmri): Epoch: 144, image auroc: 0.9445,
[2025-01-18 06:06:11,215][       train.py][line: 201][    INFO] (brainmri best): image auroc: 0.9455,
[2025-01-18 06:06:16,389][       train.py][line: 264][    INFO] Epoch: [145/200]	Iter: [290/400]	Loss 0.74459 (0.80070)	
[2025-01-18 06:06:20,957][       train.py][line: 186][    INFO] (brainmri): Epoch: 145, image auroc: 0.9484,
[2025-01-18 06:06:20,957][       train.py][line: 201][    INFO] (brainmri best): image auroc: 0.9484,
[2025-01-18 06:06:20,957][       train.py][line: 208][    INFO] save checkpoints in epoch: 145
[2025-01-18 06:06:30,797][       train.py][line: 186][    INFO] (brainmri): Epoch: 146, image auroc: 0.9485,
[2025-01-18 06:06:30,797][       train.py][line: 201][    INFO] (brainmri best): image auroc: 0.9485,
[2025-01-18 06:06:30,797][       train.py][line: 208][    INFO] save checkpoints in epoch: 146
[2025-01-18 06:06:40,500][       train.py][line: 186][    INFO] (brainmri): Epoch: 147, image auroc: 0.9462,
[2025-01-18 06:06:40,500][       train.py][line: 201][    INFO] (brainmri best): image auroc: 0.9485,
[2025-01-18 06:06:50,233][       train.py][line: 186][    INFO] (brainmri): Epoch: 148, image auroc: 0.9431,
[2025-01-18 06:06:50,234][       train.py][line: 201][    INFO] (brainmri best): image auroc: 0.9485,
[2025-01-18 06:07:00,144][       train.py][line: 186][    INFO] (brainmri): Epoch: 149, image auroc: 0.9469,
[2025-01-18 06:07:00,145][       train.py][line: 201][    INFO] (brainmri best): image auroc: 0.9485,
[2025-01-18 06:07:05,243][       train.py][line: 264][    INFO] Epoch: [150/200]	Iter: [300/400]	Loss 0.76499 (0.81467)	
[2025-01-18 06:07:09,843][       train.py][line: 186][    INFO] (brainmri): Epoch: 150, image auroc: 0.9452,
[2025-01-18 06:07:09,843][       train.py][line: 201][    INFO] (brainmri best): image auroc: 0.9485,
[2025-01-18 06:07:19,528][       train.py][line: 186][    INFO] (brainmri): Epoch: 151, image auroc: 0.9434,
[2025-01-18 06:07:19,528][       train.py][line: 201][    INFO] (brainmri best): image auroc: 0.9485,
[2025-01-18 06:07:29,225][       train.py][line: 186][    INFO] (brainmri): Epoch: 152, image auroc: 0.9453,
[2025-01-18 06:07:29,225][       train.py][line: 201][    INFO] (brainmri best): image auroc: 0.9485,
[2025-01-18 06:07:38,926][       train.py][line: 186][    INFO] (brainmri): Epoch: 153, image auroc: 0.9425,
[2025-01-18 06:07:38,926][       train.py][line: 201][    INFO] (brainmri best): image auroc: 0.9485,
[2025-01-18 06:07:48,430][       train.py][line: 186][    INFO] (brainmri): Epoch: 154, image auroc: 0.9476,
[2025-01-18 06:07:48,430][       train.py][line: 201][    INFO] (brainmri best): image auroc: 0.9485,
[2025-01-18 06:07:53,498][       train.py][line: 264][    INFO] Epoch: [155/200]	Iter: [310/400]	Loss 0.77082 (0.80380)	
[2025-01-18 06:07:58,176][       train.py][line: 186][    INFO] (brainmri): Epoch: 155, image auroc: 0.9433,
[2025-01-18 06:07:58,177][       train.py][line: 201][    INFO] (brainmri best): image auroc: 0.9485,
[2025-01-18 06:08:08,111][       train.py][line: 186][    INFO] (brainmri): Epoch: 156, image auroc: 0.9416,
[2025-01-18 06:08:08,112][       train.py][line: 201][    INFO] (brainmri best): image auroc: 0.9485,
[2025-01-18 06:08:17,904][       train.py][line: 186][    INFO] (brainmri): Epoch: 157, image auroc: 0.9457,
[2025-01-18 06:08:17,905][       train.py][line: 201][    INFO] (brainmri best): image auroc: 0.9485,
[2025-01-18 06:08:27,599][       train.py][line: 186][    INFO] (brainmri): Epoch: 158, image auroc: 0.9415,
[2025-01-18 06:08:27,599][       train.py][line: 201][    INFO] (brainmri best): image auroc: 0.9485,
[2025-01-18 06:08:37,320][       train.py][line: 186][    INFO] (brainmri): Epoch: 159, image auroc: 0.9435,
[2025-01-18 06:08:37,320][       train.py][line: 201][    INFO] (brainmri best): image auroc: 0.9485,
[2025-01-18 06:08:42,506][       train.py][line: 264][    INFO] Epoch: [160/200]	Iter: [320/400]	Loss 0.77882 (0.80361)	
[2025-01-18 06:08:47,159][       train.py][line: 186][    INFO] (brainmri): Epoch: 160, image auroc: 0.9489,
[2025-01-18 06:08:47,159][       train.py][line: 201][    INFO] (brainmri best): image auroc: 0.9489,
[2025-01-18 06:08:47,159][       train.py][line: 208][    INFO] save checkpoints in epoch: 160
[2025-01-18 06:08:56,971][       train.py][line: 186][    INFO] (brainmri): Epoch: 161, image auroc: 0.9468,
[2025-01-18 06:08:56,971][       train.py][line: 201][    INFO] (brainmri best): image auroc: 0.9489,
[2025-01-18 06:09:06,863][       train.py][line: 186][    INFO] (brainmri): Epoch: 162, image auroc: 0.9457,
[2025-01-18 06:09:06,863][       train.py][line: 201][    INFO] (brainmri best): image auroc: 0.9489,
[2025-01-18 06:09:16,432][       train.py][line: 186][    INFO] (brainmri): Epoch: 163, image auroc: 0.9468,
[2025-01-18 06:09:16,432][       train.py][line: 201][    INFO] (brainmri best): image auroc: 0.9489,
[2025-01-18 06:09:26,269][       train.py][line: 186][    INFO] (brainmri): Epoch: 164, image auroc: 0.9431,
[2025-01-18 06:09:26,269][       train.py][line: 201][    INFO] (brainmri best): image auroc: 0.9489,
[2025-01-18 06:09:31,337][       train.py][line: 264][    INFO] Epoch: [165/200]	Iter: [330/400]	Loss 0.81933 (0.84407)	
[2025-01-18 06:09:35,795][       train.py][line: 186][    INFO] (brainmri): Epoch: 165, image auroc: 0.9361,
[2025-01-18 06:09:35,795][       train.py][line: 201][    INFO] (brainmri best): image auroc: 0.9489,
[2025-01-18 06:09:45,576][       train.py][line: 186][    INFO] (brainmri): Epoch: 166, image auroc: 0.9383,
[2025-01-18 06:09:45,576][       train.py][line: 201][    INFO] (brainmri best): image auroc: 0.9489,
[2025-01-18 06:09:55,238][       train.py][line: 186][    INFO] (brainmri): Epoch: 167, image auroc: 0.9432,
[2025-01-18 06:09:55,238][       train.py][line: 201][    INFO] (brainmri best): image auroc: 0.9489,
[2025-01-18 06:10:04,877][       train.py][line: 186][    INFO] (brainmri): Epoch: 168, image auroc: 0.9410,
[2025-01-18 06:10:04,877][       train.py][line: 201][    INFO] (brainmri best): image auroc: 0.9489,
[2025-01-18 06:10:14,579][       train.py][line: 186][    INFO] (brainmri): Epoch: 169, image auroc: 0.9436,
[2025-01-18 06:10:14,579][       train.py][line: 201][    INFO] (brainmri best): image auroc: 0.9489,
[2025-01-18 06:10:19,665][       train.py][line: 264][    INFO] Epoch: [170/200]	Iter: [340/400]	Loss 0.90263 (0.85413)	
[2025-01-18 06:10:24,270][       train.py][line: 186][    INFO] (brainmri): Epoch: 170, image auroc: 0.9408,
[2025-01-18 06:10:24,270][       train.py][line: 201][    INFO] (brainmri best): image auroc: 0.9489,
[2025-01-18 06:10:33,825][       train.py][line: 186][    INFO] (brainmri): Epoch: 171, image auroc: 0.9368,
[2025-01-18 06:10:33,825][       train.py][line: 201][    INFO] (brainmri best): image auroc: 0.9489,
[2025-01-18 06:10:43,441][       train.py][line: 186][    INFO] (brainmri): Epoch: 172, image auroc: 0.9414,
[2025-01-18 06:10:43,441][       train.py][line: 201][    INFO] (brainmri best): image auroc: 0.9489,
[2025-01-18 06:10:53,153][       train.py][line: 186][    INFO] (brainmri): Epoch: 173, image auroc: 0.9397,
[2025-01-18 06:10:53,153][       train.py][line: 201][    INFO] (brainmri best): image auroc: 0.9489,
[2025-01-18 06:11:02,657][       train.py][line: 186][    INFO] (brainmri): Epoch: 174, image auroc: 0.9357,
[2025-01-18 06:11:02,657][       train.py][line: 201][    INFO] (brainmri best): image auroc: 0.9489,
[2025-01-18 06:11:07,837][       train.py][line: 264][    INFO] Epoch: [175/200]	Iter: [350/400]	Loss 0.88014 (0.84773)	
[2025-01-18 06:11:12,407][       train.py][line: 186][    INFO] (brainmri): Epoch: 175, image auroc: 0.9395,
[2025-01-18 06:11:12,407][       train.py][line: 201][    INFO] (brainmri best): image auroc: 0.9489,
[2025-01-18 06:11:22,055][       train.py][line: 186][    INFO] (brainmri): Epoch: 176, image auroc: 0.9394,
[2025-01-18 06:11:22,055][       train.py][line: 201][    INFO] (brainmri best): image auroc: 0.9489,
[2025-01-18 06:11:31,734][       train.py][line: 186][    INFO] (brainmri): Epoch: 177, image auroc: 0.9380,
[2025-01-18 06:11:31,734][       train.py][line: 201][    INFO] (brainmri best): image auroc: 0.9489,
[2025-01-18 06:11:41,401][       train.py][line: 186][    INFO] (brainmri): Epoch: 178, image auroc: 0.9385,
[2025-01-18 06:11:41,401][       train.py][line: 201][    INFO] (brainmri best): image auroc: 0.9489,
[2025-01-18 06:11:51,086][       train.py][line: 186][    INFO] (brainmri): Epoch: 179, image auroc: 0.9369,
[2025-01-18 06:11:51,087][       train.py][line: 201][    INFO] (brainmri best): image auroc: 0.9489,
[2025-01-18 06:11:56,219][       train.py][line: 264][    INFO] Epoch: [180/200]	Iter: [360/400]	Loss 0.83773 (0.80028)	
[2025-01-18 06:12:00,906][       train.py][line: 186][    INFO] (brainmri): Epoch: 180, image auroc: 0.9380,
[2025-01-18 06:12:00,906][       train.py][line: 201][    INFO] (brainmri best): image auroc: 0.9489,
[2025-01-18 06:12:10,564][       train.py][line: 186][    INFO] (brainmri): Epoch: 181, image auroc: 0.9368,
[2025-01-18 06:12:10,565][       train.py][line: 201][    INFO] (brainmri best): image auroc: 0.9489,
[2025-01-18 06:12:20,278][       train.py][line: 186][    INFO] (brainmri): Epoch: 182, image auroc: 0.9409,
[2025-01-18 06:12:20,279][       train.py][line: 201][    INFO] (brainmri best): image auroc: 0.9489,
[2025-01-18 06:12:30,188][       train.py][line: 186][    INFO] (brainmri): Epoch: 183, image auroc: 0.9434,
[2025-01-18 06:12:30,188][       train.py][line: 201][    INFO] (brainmri best): image auroc: 0.9489,
[2025-01-18 06:12:39,972][       train.py][line: 186][    INFO] (brainmri): Epoch: 184, image auroc: 0.9429,
[2025-01-18 06:12:39,972][       train.py][line: 201][    INFO] (brainmri best): image auroc: 0.9489,
[2025-01-18 06:12:45,171][       train.py][line: 264][    INFO] Epoch: [185/200]	Iter: [370/400]	Loss 0.67744 (0.70339)	
[2025-01-18 06:12:49,826][       train.py][line: 186][    INFO] (brainmri): Epoch: 185, image auroc: 0.9420,
[2025-01-18 06:12:49,827][       train.py][line: 201][    INFO] (brainmri best): image auroc: 0.9489,
[2025-01-18 06:12:59,547][       train.py][line: 186][    INFO] (brainmri): Epoch: 186, image auroc: 0.9435,
[2025-01-18 06:12:59,547][       train.py][line: 201][    INFO] (brainmri best): image auroc: 0.9489,
[2025-01-18 06:13:09,209][       train.py][line: 186][    INFO] (brainmri): Epoch: 187, image auroc: 0.9453,
[2025-01-18 06:13:09,210][       train.py][line: 201][    INFO] (brainmri best): image auroc: 0.9489,
[2025-01-18 06:13:18,962][       train.py][line: 186][    INFO] (brainmri): Epoch: 188, image auroc: 0.9436,
[2025-01-18 06:13:18,962][       train.py][line: 201][    INFO] (brainmri best): image auroc: 0.9489,
[2025-01-18 06:13:28,482][       train.py][line: 186][    INFO] (brainmri): Epoch: 189, image auroc: 0.9418,
[2025-01-18 06:13:28,482][       train.py][line: 201][    INFO] (brainmri best): image auroc: 0.9489,
[2025-01-18 06:13:33,646][       train.py][line: 264][    INFO] Epoch: [190/200]	Iter: [380/400]	Loss 0.79293 (0.75580)	
[2025-01-18 06:13:38,282][       train.py][line: 186][    INFO] (brainmri): Epoch: 190, image auroc: 0.9417,
[2025-01-18 06:13:38,283][       train.py][line: 201][    INFO] (brainmri best): image auroc: 0.9489,
[2025-01-18 06:13:48,020][       train.py][line: 186][    INFO] (brainmri): Epoch: 191, image auroc: 0.9408,
[2025-01-18 06:13:48,021][       train.py][line: 201][    INFO] (brainmri best): image auroc: 0.9489,
[2025-01-18 06:13:57,604][       train.py][line: 186][    INFO] (brainmri): Epoch: 192, image auroc: 0.9417,
[2025-01-18 06:13:57,604][       train.py][line: 201][    INFO] (brainmri best): image auroc: 0.9489,
[2025-01-18 06:14:07,218][       train.py][line: 186][    INFO] (brainmri): Epoch: 193, image auroc: 0.9398,
[2025-01-18 06:14:07,218][       train.py][line: 201][    INFO] (brainmri best): image auroc: 0.9489,
[2025-01-18 06:14:16,915][       train.py][line: 186][    INFO] (brainmri): Epoch: 194, image auroc: 0.9398,
[2025-01-18 06:14:16,915][       train.py][line: 201][    INFO] (brainmri best): image auroc: 0.9489,
[2025-01-18 06:14:22,016][       train.py][line: 264][    INFO] Epoch: [195/200]	Iter: [390/400]	Loss 0.74795 (0.76868)	
[2025-01-18 06:14:26,563][       train.py][line: 186][    INFO] (brainmri): Epoch: 195, image auroc: 0.9426,
[2025-01-18 06:14:26,563][       train.py][line: 201][    INFO] (brainmri best): image auroc: 0.9489,
[2025-01-18 06:14:36,103][       train.py][line: 186][    INFO] (brainmri): Epoch: 196, image auroc: 0.9439,
[2025-01-18 06:14:36,103][       train.py][line: 201][    INFO] (brainmri best): image auroc: 0.9489,
[2025-01-18 06:14:46,123][       train.py][line: 186][    INFO] (brainmri): Epoch: 197, image auroc: 0.9439,
[2025-01-18 06:14:46,124][       train.py][line: 201][    INFO] (brainmri best): image auroc: 0.9489,
[2025-01-18 06:14:55,799][       train.py][line: 186][    INFO] (brainmri): Epoch: 198, image auroc: 0.9414,
[2025-01-18 06:14:55,799][       train.py][line: 201][    INFO] (brainmri best): image auroc: 0.9489,
[2025-01-18 06:15:05,615][       train.py][line: 186][    INFO] (brainmri): Epoch: 199, image auroc: 0.9384,
[2025-01-18 06:15:05,616][       train.py][line: 201][    INFO] (brainmri best): image auroc: 0.9489,
[2025-01-18 06:15:10,777][       train.py][line: 264][    INFO] Epoch: [200/200]	Iter: [400/400]	Loss 0.87599 (0.85790)	
[2025-01-18 06:15:15,341][       train.py][line: 186][    INFO] (brainmri): Epoch: 200, image auroc: 0.9400,
[2025-01-18 06:15:15,341][       train.py][line: 201][    INFO] (brainmri best): image auroc: 0.9489,
