[2025-01-18 11:01:48,353][       train.py][line:  67][    INFO] config: Namespace(config_path='config/brainmri.yaml', k_shot=16, config={'version': 'v1.0.0', 'random_seed': 100, 'data_root': 'data', 'train_dataset': 'brainmri', 'test_datasets': ['brainmri'], 'epoch': 200, 'batch_size': 8, 'print_freq_step': 10, 'val_freq_epoch': 1, 'image_size': 224, 'model_name': 'ViT-B-32-quickgelu', 'layers_out': [12, 18, 24], 'anomaly_tasks': {'CutpasteTask': 0.25, 'GaussIntensityChangeTask': 0.25, 'SourceTask': 0.25, 'IdentityTask': 0.25}, 'prompt_maker': 'coop', 'n_learnable_token': 8, 'CSC': True, 'class_token_positions': ['end'], 'save_root': 'results/2025_01_18_11_01_48', 'prompts': {'normal': ['normal', 'healthy', 'negative', 'unremarkable', 'clear', 'asymptomatic', 'normal findings', 'no findings', 'in good health', 'no evidence of disease'], 'abnormal': ['abnormal', 'positive', 'symptomatic', 'disease', 'lesion', 'pathological', 'impaired', 'evidence of disease', 'abnormal finding', 'pathological condition', 'pathological abnormality']}, 'model_cfg': {'embed_dim': 512, 'quick_gelu': True, 'vision_cfg': {'image_size': 224, 'layers': 12, 'width': 768, 'patch_size': 32}, 'text_cfg': {'context_length': 77, 'vocab_size': 49408, 'width': 512, 'heads': 8, 'layers': 12}}})
[2025-01-18 11:01:48,358][       train.py][line:  74][    INFO] load CoOp
[2025-01-18 11:01:48,591][       train.py][line: 131][    INFO] train data (brainmri) len 16
[2025-01-18 11:01:48,591][       train.py][line: 134][    INFO] test data (brainmri) len 220
[2025-01-18 11:01:48,591][       train.py][line: 137][    INFO] anomaly syn task is CutpasteTask, sampling probability is 0.25
[2025-01-18 11:01:48,591][       train.py][line: 137][    INFO] anomaly syn task is GaussIntensityChangeTask, sampling probability is 0.25
[2025-01-18 11:01:48,591][       train.py][line: 137][    INFO] anomaly syn task is SourceTask, sampling probability is 0.25
[2025-01-18 11:01:48,591][       train.py][line: 137][    INFO] anomaly syn task is IdentityTask, sampling probability is 0.25
[2025-01-18 11:01:58,356][       train.py][line: 186][    INFO] (brainmri): Epoch: 1, image auroc: 0.2776,
[2025-01-18 11:01:58,356][       train.py][line: 201][    INFO] (brainmri best): image auroc: 0.2776,
[2025-01-18 11:01:58,356][       train.py][line: 208][    INFO] save checkpoints in epoch: 1
[2025-01-18 11:02:08,104][       train.py][line: 186][    INFO] (brainmri): Epoch: 2, image auroc: 0.3330,
[2025-01-18 11:02:08,104][       train.py][line: 201][    INFO] (brainmri best): image auroc: 0.3330,
[2025-01-18 11:02:08,104][       train.py][line: 208][    INFO] save checkpoints in epoch: 2
[2025-01-18 11:02:17,946][       train.py][line: 186][    INFO] (brainmri): Epoch: 3, image auroc: 0.4887,
[2025-01-18 11:02:17,946][       train.py][line: 201][    INFO] (brainmri best): image auroc: 0.4887,
[2025-01-18 11:02:17,946][       train.py][line: 208][    INFO] save checkpoints in epoch: 3
[2025-01-18 11:02:27,919][       train.py][line: 186][    INFO] (brainmri): Epoch: 4, image auroc: 0.4688,
[2025-01-18 11:02:27,919][       train.py][line: 201][    INFO] (brainmri best): image auroc: 0.4887,
[2025-01-18 11:02:33,028][       train.py][line: 264][    INFO] Epoch: [5/200]	Iter: [10/400]	Loss 0.99920 (1.01029)	
[2025-01-18 11:02:37,536][       train.py][line: 186][    INFO] (brainmri): Epoch: 5, image auroc: 0.4947,
[2025-01-18 11:02:37,536][       train.py][line: 201][    INFO] (brainmri best): image auroc: 0.4947,
[2025-01-18 11:02:37,536][       train.py][line: 208][    INFO] save checkpoints in epoch: 5
[2025-01-18 11:02:47,179][       train.py][line: 186][    INFO] (brainmri): Epoch: 6, image auroc: 0.6855,
[2025-01-18 11:02:47,179][       train.py][line: 201][    INFO] (brainmri best): image auroc: 0.6855,
[2025-01-18 11:02:47,179][       train.py][line: 208][    INFO] save checkpoints in epoch: 6
[2025-01-18 11:02:56,784][       train.py][line: 186][    INFO] (brainmri): Epoch: 7, image auroc: 0.8557,
[2025-01-18 11:02:56,784][       train.py][line: 201][    INFO] (brainmri best): image auroc: 0.8557,
[2025-01-18 11:02:56,784][       train.py][line: 208][    INFO] save checkpoints in epoch: 7
[2025-01-18 11:03:06,287][       train.py][line: 186][    INFO] (brainmri): Epoch: 8, image auroc: 0.8829,
[2025-01-18 11:03:06,288][       train.py][line: 201][    INFO] (brainmri best): image auroc: 0.8829,
[2025-01-18 11:03:06,288][       train.py][line: 208][    INFO] save checkpoints in epoch: 8
[2025-01-18 11:03:15,775][       train.py][line: 186][    INFO] (brainmri): Epoch: 9, image auroc: 0.8992,
[2025-01-18 11:03:15,775][       train.py][line: 201][    INFO] (brainmri best): image auroc: 0.8992,
[2025-01-18 11:03:15,775][       train.py][line: 208][    INFO] save checkpoints in epoch: 9
[2025-01-18 11:03:20,806][       train.py][line: 264][    INFO] Epoch: [10/200]	Iter: [20/400]	Loss 0.94008 (0.93553)	
[2025-01-18 11:03:25,386][       train.py][line: 186][    INFO] (brainmri): Epoch: 10, image auroc: 0.9053,
[2025-01-18 11:03:25,386][       train.py][line: 201][    INFO] (brainmri best): image auroc: 0.9053,
[2025-01-18 11:03:25,386][       train.py][line: 208][    INFO] save checkpoints in epoch: 10
[2025-01-18 11:03:34,911][       train.py][line: 186][    INFO] (brainmri): Epoch: 11, image auroc: 0.9115,
[2025-01-18 11:03:34,911][       train.py][line: 201][    INFO] (brainmri best): image auroc: 0.9115,
[2025-01-18 11:03:34,911][       train.py][line: 208][    INFO] save checkpoints in epoch: 11
[2025-01-18 11:03:44,586][       train.py][line: 186][    INFO] (brainmri): Epoch: 12, image auroc: 0.9118,
[2025-01-18 11:03:44,587][       train.py][line: 201][    INFO] (brainmri best): image auroc: 0.9118,
[2025-01-18 11:03:44,587][       train.py][line: 208][    INFO] save checkpoints in epoch: 12
[2025-01-18 11:03:54,229][       train.py][line: 186][    INFO] (brainmri): Epoch: 13, image auroc: 0.9184,
[2025-01-18 11:03:54,229][       train.py][line: 201][    INFO] (brainmri best): image auroc: 0.9184,
[2025-01-18 11:03:54,229][       train.py][line: 208][    INFO] save checkpoints in epoch: 13
[2025-01-18 11:04:03,996][       train.py][line: 186][    INFO] (brainmri): Epoch: 14, image auroc: 0.9187,
[2025-01-18 11:04:03,996][       train.py][line: 201][    INFO] (brainmri best): image auroc: 0.9187,
[2025-01-18 11:04:03,996][       train.py][line: 208][    INFO] save checkpoints in epoch: 14
[2025-01-18 11:04:09,067][       train.py][line: 264][    INFO] Epoch: [15/200]	Iter: [30/400]	Loss 0.96536 (0.91007)	
[2025-01-18 11:04:13,677][       train.py][line: 186][    INFO] (brainmri): Epoch: 15, image auroc: 0.9196,
[2025-01-18 11:04:13,678][       train.py][line: 201][    INFO] (brainmri best): image auroc: 0.9196,
[2025-01-18 11:04:13,678][       train.py][line: 208][    INFO] save checkpoints in epoch: 15
[2025-01-18 11:04:23,139][       train.py][line: 186][    INFO] (brainmri): Epoch: 16, image auroc: 0.9136,
[2025-01-18 11:04:23,140][       train.py][line: 201][    INFO] (brainmri best): image auroc: 0.9196,
[2025-01-18 11:04:32,786][       train.py][line: 186][    INFO] (brainmri): Epoch: 17, image auroc: 0.9142,
[2025-01-18 11:04:32,786][       train.py][line: 201][    INFO] (brainmri best): image auroc: 0.9196,
[2025-01-18 11:04:42,324][       train.py][line: 186][    INFO] (brainmri): Epoch: 18, image auroc: 0.9142,
[2025-01-18 11:04:42,324][       train.py][line: 201][    INFO] (brainmri best): image auroc: 0.9196,
[2025-01-18 11:04:51,907][       train.py][line: 186][    INFO] (brainmri): Epoch: 19, image auroc: 0.9153,
[2025-01-18 11:04:51,907][       train.py][line: 201][    INFO] (brainmri best): image auroc: 0.9196,
[2025-01-18 11:04:56,987][       train.py][line: 264][    INFO] Epoch: [20/200]	Iter: [40/400]	Loss 0.91070 (0.90735)	
[2025-01-18 11:05:01,561][       train.py][line: 186][    INFO] (brainmri): Epoch: 20, image auroc: 0.9181,
[2025-01-18 11:05:01,561][       train.py][line: 201][    INFO] (brainmri best): image auroc: 0.9196,
[2025-01-18 11:05:11,158][       train.py][line: 186][    INFO] (brainmri): Epoch: 21, image auroc: 0.9209,
[2025-01-18 11:05:11,158][       train.py][line: 201][    INFO] (brainmri best): image auroc: 0.9209,
[2025-01-18 11:05:11,158][       train.py][line: 208][    INFO] save checkpoints in epoch: 21
[2025-01-18 11:05:20,971][       train.py][line: 186][    INFO] (brainmri): Epoch: 22, image auroc: 0.9250,
[2025-01-18 11:05:20,971][       train.py][line: 201][    INFO] (brainmri best): image auroc: 0.9250,
[2025-01-18 11:05:20,971][       train.py][line: 208][    INFO] save checkpoints in epoch: 22
[2025-01-18 11:05:30,651][       train.py][line: 186][    INFO] (brainmri): Epoch: 23, image auroc: 0.9236,
[2025-01-18 11:05:30,651][       train.py][line: 201][    INFO] (brainmri best): image auroc: 0.9250,
[2025-01-18 11:05:40,400][       train.py][line: 186][    INFO] (brainmri): Epoch: 24, image auroc: 0.9224,
[2025-01-18 11:05:40,400][       train.py][line: 201][    INFO] (brainmri best): image auroc: 0.9250,
[2025-01-18 11:05:45,460][       train.py][line: 264][    INFO] Epoch: [25/200]	Iter: [50/400]	Loss 0.92329 (0.89937)	
[2025-01-18 11:05:49,943][       train.py][line: 186][    INFO] (brainmri): Epoch: 25, image auroc: 0.9209,
[2025-01-18 11:05:49,943][       train.py][line: 201][    INFO] (brainmri best): image auroc: 0.9250,
[2025-01-18 11:05:59,544][       train.py][line: 186][    INFO] (brainmri): Epoch: 26, image auroc: 0.9233,
[2025-01-18 11:05:59,545][       train.py][line: 201][    INFO] (brainmri best): image auroc: 0.9250,
[2025-01-18 11:06:09,157][       train.py][line: 186][    INFO] (brainmri): Epoch: 27, image auroc: 0.9243,
[2025-01-18 11:06:09,157][       train.py][line: 201][    INFO] (brainmri best): image auroc: 0.9250,
[2025-01-18 11:06:18,668][       train.py][line: 186][    INFO] (brainmri): Epoch: 28, image auroc: 0.9258,
[2025-01-18 11:06:18,669][       train.py][line: 201][    INFO] (brainmri best): image auroc: 0.9258,
[2025-01-18 11:06:18,669][       train.py][line: 208][    INFO] save checkpoints in epoch: 28
[2025-01-18 11:06:28,354][       train.py][line: 186][    INFO] (brainmri): Epoch: 29, image auroc: 0.9255,
[2025-01-18 11:06:28,354][       train.py][line: 201][    INFO] (brainmri best): image auroc: 0.9258,
[2025-01-18 11:06:33,386][       train.py][line: 264][    INFO] Epoch: [30/200]	Iter: [60/400]	Loss 0.89489 (0.86517)	
[2025-01-18 11:06:37,989][       train.py][line: 186][    INFO] (brainmri): Epoch: 30, image auroc: 0.9236,
[2025-01-18 11:06:37,989][       train.py][line: 201][    INFO] (brainmri best): image auroc: 0.9258,
[2025-01-18 11:06:47,583][       train.py][line: 186][    INFO] (brainmri): Epoch: 31, image auroc: 0.9293,
[2025-01-18 11:06:47,583][       train.py][line: 201][    INFO] (brainmri best): image auroc: 0.9293,
[2025-01-18 11:06:47,583][       train.py][line: 208][    INFO] save checkpoints in epoch: 31
[2025-01-18 11:06:57,107][       train.py][line: 186][    INFO] (brainmri): Epoch: 32, image auroc: 0.9232,
[2025-01-18 11:06:57,108][       train.py][line: 201][    INFO] (brainmri best): image auroc: 0.9293,
[2025-01-18 11:07:06,828][       train.py][line: 186][    INFO] (brainmri): Epoch: 33, image auroc: 0.9237,
[2025-01-18 11:07:06,828][       train.py][line: 201][    INFO] (brainmri best): image auroc: 0.9293,
[2025-01-18 11:07:16,522][       train.py][line: 186][    INFO] (brainmri): Epoch: 34, image auroc: 0.9285,
[2025-01-18 11:07:16,522][       train.py][line: 201][    INFO] (brainmri best): image auroc: 0.9293,
[2025-01-18 11:07:21,627][       train.py][line: 264][    INFO] Epoch: [35/200]	Iter: [70/400]	Loss 0.86449 (0.83848)	
[2025-01-18 11:07:26,197][       train.py][line: 186][    INFO] (brainmri): Epoch: 35, image auroc: 0.9276,
[2025-01-18 11:07:26,198][       train.py][line: 201][    INFO] (brainmri best): image auroc: 0.9293,
[2025-01-18 11:07:35,769][       train.py][line: 186][    INFO] (brainmri): Epoch: 36, image auroc: 0.9303,
[2025-01-18 11:07:35,769][       train.py][line: 201][    INFO] (brainmri best): image auroc: 0.9303,
[2025-01-18 11:07:35,769][       train.py][line: 208][    INFO] save checkpoints in epoch: 36
[2025-01-18 11:07:45,431][       train.py][line: 186][    INFO] (brainmri): Epoch: 37, image auroc: 0.9266,
[2025-01-18 11:07:45,431][       train.py][line: 201][    INFO] (brainmri best): image auroc: 0.9303,
[2025-01-18 11:07:55,154][       train.py][line: 186][    INFO] (brainmri): Epoch: 38, image auroc: 0.9265,
[2025-01-18 11:07:55,154][       train.py][line: 201][    INFO] (brainmri best): image auroc: 0.9303,
[2025-01-18 11:08:04,948][       train.py][line: 186][    INFO] (brainmri): Epoch: 39, image auroc: 0.9250,
[2025-01-18 11:08:04,948][       train.py][line: 201][    INFO] (brainmri best): image auroc: 0.9303,
[2025-01-18 11:08:10,056][       train.py][line: 264][    INFO] Epoch: [40/200]	Iter: [80/400]	Loss 0.92477 (0.88053)	
[2025-01-18 11:08:14,565][       train.py][line: 186][    INFO] (brainmri): Epoch: 40, image auroc: 0.9294,
[2025-01-18 11:08:14,565][       train.py][line: 201][    INFO] (brainmri best): image auroc: 0.9303,
[2025-01-18 11:08:24,197][       train.py][line: 186][    INFO] (brainmri): Epoch: 41, image auroc: 0.9318,
[2025-01-18 11:08:24,197][       train.py][line: 201][    INFO] (brainmri best): image auroc: 0.9318,
[2025-01-18 11:08:24,197][       train.py][line: 208][    INFO] save checkpoints in epoch: 41
[2025-01-18 11:08:33,881][       train.py][line: 186][    INFO] (brainmri): Epoch: 42, image auroc: 0.9283,
[2025-01-18 11:08:33,882][       train.py][line: 201][    INFO] (brainmri best): image auroc: 0.9318,
[2025-01-18 11:08:43,549][       train.py][line: 186][    INFO] (brainmri): Epoch: 43, image auroc: 0.9183,
[2025-01-18 11:08:43,549][       train.py][line: 201][    INFO] (brainmri best): image auroc: 0.9318,
[2025-01-18 11:08:53,050][       train.py][line: 186][    INFO] (brainmri): Epoch: 44, image auroc: 0.9253,
[2025-01-18 11:08:53,050][       train.py][line: 201][    INFO] (brainmri best): image auroc: 0.9318,
[2025-01-18 11:08:58,209][       train.py][line: 264][    INFO] Epoch: [45/200]	Iter: [90/400]	Loss 0.79458 (0.83925)	
[2025-01-18 11:09:02,797][       train.py][line: 186][    INFO] (brainmri): Epoch: 45, image auroc: 0.9264,
[2025-01-18 11:09:02,798][       train.py][line: 201][    INFO] (brainmri best): image auroc: 0.9318,
[2025-01-18 11:09:12,401][       train.py][line: 186][    INFO] (brainmri): Epoch: 46, image auroc: 0.9313,
[2025-01-18 11:09:12,401][       train.py][line: 201][    INFO] (brainmri best): image auroc: 0.9318,
[2025-01-18 11:09:21,908][       train.py][line: 186][    INFO] (brainmri): Epoch: 47, image auroc: 0.9335,
[2025-01-18 11:09:21,908][       train.py][line: 201][    INFO] (brainmri best): image auroc: 0.9335,
[2025-01-18 11:09:21,908][       train.py][line: 208][    INFO] save checkpoints in epoch: 47
[2025-01-18 11:09:31,478][       train.py][line: 186][    INFO] (brainmri): Epoch: 48, image auroc: 0.9368,
[2025-01-18 11:09:31,478][       train.py][line: 201][    INFO] (brainmri best): image auroc: 0.9368,
[2025-01-18 11:09:31,478][       train.py][line: 208][    INFO] save checkpoints in epoch: 48
[2025-01-18 11:09:41,014][       train.py][line: 186][    INFO] (brainmri): Epoch: 49, image auroc: 0.9343,
[2025-01-18 11:09:41,015][       train.py][line: 201][    INFO] (brainmri best): image auroc: 0.9368,
[2025-01-18 11:09:46,022][       train.py][line: 264][    INFO] Epoch: [50/200]	Iter: [100/400]	Loss 0.88269 (0.84771)	
[2025-01-18 11:09:50,647][       train.py][line: 186][    INFO] (brainmri): Epoch: 50, image auroc: 0.9301,
[2025-01-18 11:09:50,647][       train.py][line: 201][    INFO] (brainmri best): image auroc: 0.9368,
[2025-01-18 11:10:00,352][       train.py][line: 186][    INFO] (brainmri): Epoch: 51, image auroc: 0.9331,
[2025-01-18 11:10:00,353][       train.py][line: 201][    INFO] (brainmri best): image auroc: 0.9368,
[2025-01-18 11:10:10,073][       train.py][line: 186][    INFO] (brainmri): Epoch: 52, image auroc: 0.9350,
[2025-01-18 11:10:10,073][       train.py][line: 201][    INFO] (brainmri best): image auroc: 0.9368,
[2025-01-18 11:10:19,698][       train.py][line: 186][    INFO] (brainmri): Epoch: 53, image auroc: 0.9345,
[2025-01-18 11:10:19,699][       train.py][line: 201][    INFO] (brainmri best): image auroc: 0.9368,
[2025-01-18 11:10:29,511][       train.py][line: 186][    INFO] (brainmri): Epoch: 54, image auroc: 0.9267,
[2025-01-18 11:10:29,511][       train.py][line: 201][    INFO] (brainmri best): image auroc: 0.9368,
[2025-01-18 11:10:34,596][       train.py][line: 264][    INFO] Epoch: [55/200]	Iter: [110/400]	Loss 0.86538 (0.86232)	
[2025-01-18 11:10:39,291][       train.py][line: 186][    INFO] (brainmri): Epoch: 55, image auroc: 0.9327,
[2025-01-18 11:10:39,292][       train.py][line: 201][    INFO] (brainmri best): image auroc: 0.9368,
[2025-01-18 11:10:49,033][       train.py][line: 186][    INFO] (brainmri): Epoch: 56, image auroc: 0.9368,
[2025-01-18 11:10:49,033][       train.py][line: 201][    INFO] (brainmri best): image auroc: 0.9368,
[2025-01-18 11:10:58,552][       train.py][line: 186][    INFO] (brainmri): Epoch: 57, image auroc: 0.9333,
[2025-01-18 11:10:58,553][       train.py][line: 201][    INFO] (brainmri best): image auroc: 0.9368,
[2025-01-18 11:11:08,291][       train.py][line: 186][    INFO] (brainmri): Epoch: 58, image auroc: 0.9350,
[2025-01-18 11:11:08,291][       train.py][line: 201][    INFO] (brainmri best): image auroc: 0.9368,
[2025-01-18 11:11:17,901][       train.py][line: 186][    INFO] (brainmri): Epoch: 59, image auroc: 0.9242,
[2025-01-18 11:11:17,901][       train.py][line: 201][    INFO] (brainmri best): image auroc: 0.9368,
[2025-01-18 11:11:22,914][       train.py][line: 264][    INFO] Epoch: [60/200]	Iter: [120/400]	Loss 0.83020 (0.89599)	
[2025-01-18 11:11:27,383][       train.py][line: 186][    INFO] (brainmri): Epoch: 60, image auroc: 0.9275,
[2025-01-18 11:11:27,383][       train.py][line: 201][    INFO] (brainmri best): image auroc: 0.9368,
[2025-01-18 11:11:37,086][       train.py][line: 186][    INFO] (brainmri): Epoch: 61, image auroc: 0.9347,
[2025-01-18 11:11:37,086][       train.py][line: 201][    INFO] (brainmri best): image auroc: 0.9368,
[2025-01-18 11:11:46,709][       train.py][line: 186][    INFO] (brainmri): Epoch: 62, image auroc: 0.9389,
[2025-01-18 11:11:46,710][       train.py][line: 201][    INFO] (brainmri best): image auroc: 0.9389,
[2025-01-18 11:11:46,710][       train.py][line: 208][    INFO] save checkpoints in epoch: 62
[2025-01-18 11:11:56,380][       train.py][line: 186][    INFO] (brainmri): Epoch: 63, image auroc: 0.9326,
[2025-01-18 11:11:56,381][       train.py][line: 201][    INFO] (brainmri best): image auroc: 0.9389,
[2025-01-18 11:12:05,853][       train.py][line: 186][    INFO] (brainmri): Epoch: 64, image auroc: 0.9275,
[2025-01-18 11:12:05,853][       train.py][line: 201][    INFO] (brainmri best): image auroc: 0.9389,
[2025-01-18 11:12:10,937][       train.py][line: 264][    INFO] Epoch: [65/200]	Iter: [130/400]	Loss 0.81816 (0.81780)	
[2025-01-18 11:12:15,498][       train.py][line: 186][    INFO] (brainmri): Epoch: 65, image auroc: 0.9256,
[2025-01-18 11:12:15,498][       train.py][line: 201][    INFO] (brainmri best): image auroc: 0.9389,
[2025-01-18 11:12:25,172][       train.py][line: 186][    INFO] (brainmri): Epoch: 66, image auroc: 0.9293,
[2025-01-18 11:12:25,172][       train.py][line: 201][    INFO] (brainmri best): image auroc: 0.9389,
[2025-01-18 11:12:34,823][       train.py][line: 186][    INFO] (brainmri): Epoch: 67, image auroc: 0.9351,
[2025-01-18 11:12:34,823][       train.py][line: 201][    INFO] (brainmri best): image auroc: 0.9389,
[2025-01-18 11:12:44,425][       train.py][line: 186][    INFO] (brainmri): Epoch: 68, image auroc: 0.9361,
[2025-01-18 11:12:44,425][       train.py][line: 201][    INFO] (brainmri best): image auroc: 0.9389,
[2025-01-18 11:12:54,121][       train.py][line: 186][    INFO] (brainmri): Epoch: 69, image auroc: 0.9313,
[2025-01-18 11:12:54,121][       train.py][line: 201][    INFO] (brainmri best): image auroc: 0.9389,
[2025-01-18 11:12:59,172][       train.py][line: 264][    INFO] Epoch: [70/200]	Iter: [140/400]	Loss 0.89047 (0.89971)	
[2025-01-18 11:13:03,920][       train.py][line: 186][    INFO] (brainmri): Epoch: 70, image auroc: 0.9281,
[2025-01-18 11:13:03,920][       train.py][line: 201][    INFO] (brainmri best): image auroc: 0.9389,
[2025-01-18 11:13:13,566][       train.py][line: 186][    INFO] (brainmri): Epoch: 71, image auroc: 0.9309,
[2025-01-18 11:13:13,566][       train.py][line: 201][    INFO] (brainmri best): image auroc: 0.9389,
[2025-01-18 11:13:23,244][       train.py][line: 186][    INFO] (brainmri): Epoch: 72, image auroc: 0.9358,
[2025-01-18 11:13:23,245][       train.py][line: 201][    INFO] (brainmri best): image auroc: 0.9389,
[2025-01-18 11:13:33,010][       train.py][line: 186][    INFO] (brainmri): Epoch: 73, image auroc: 0.9333,
[2025-01-18 11:13:33,010][       train.py][line: 201][    INFO] (brainmri best): image auroc: 0.9389,
[2025-01-18 11:13:42,536][       train.py][line: 186][    INFO] (brainmri): Epoch: 74, image auroc: 0.9208,
[2025-01-18 11:13:42,537][       train.py][line: 201][    INFO] (brainmri best): image auroc: 0.9389,
[2025-01-18 11:13:47,574][       train.py][line: 264][    INFO] Epoch: [75/200]	Iter: [150/400]	Loss 0.90063 (0.89885)	
[2025-01-18 11:13:52,053][       train.py][line: 186][    INFO] (brainmri): Epoch: 75, image auroc: 0.9399,
[2025-01-18 11:13:52,053][       train.py][line: 201][    INFO] (brainmri best): image auroc: 0.9399,
[2025-01-18 11:13:52,053][       train.py][line: 208][    INFO] save checkpoints in epoch: 75
[2025-01-18 11:14:01,591][       train.py][line: 186][    INFO] (brainmri): Epoch: 76, image auroc: 0.9369,
[2025-01-18 11:14:01,592][       train.py][line: 201][    INFO] (brainmri best): image auroc: 0.9399,
[2025-01-18 11:14:11,207][       train.py][line: 186][    INFO] (brainmri): Epoch: 77, image auroc: 0.9308,
[2025-01-18 11:14:11,208][       train.py][line: 201][    INFO] (brainmri best): image auroc: 0.9399,
[2025-01-18 11:14:21,008][       train.py][line: 186][    INFO] (brainmri): Epoch: 78, image auroc: 0.9330,
[2025-01-18 11:14:21,009][       train.py][line: 201][    INFO] (brainmri best): image auroc: 0.9399,
[2025-01-18 11:14:30,601][       train.py][line: 186][    INFO] (brainmri): Epoch: 79, image auroc: 0.9359,
[2025-01-18 11:14:30,601][       train.py][line: 201][    INFO] (brainmri best): image auroc: 0.9399,
[2025-01-18 11:14:35,622][       train.py][line: 264][    INFO] Epoch: [80/200]	Iter: [160/400]	Loss 0.81432 (0.83654)	
[2025-01-18 11:14:40,138][       train.py][line: 186][    INFO] (brainmri): Epoch: 80, image auroc: 0.9372,
[2025-01-18 11:14:40,138][       train.py][line: 201][    INFO] (brainmri best): image auroc: 0.9399,
[2025-01-18 11:14:49,934][       train.py][line: 186][    INFO] (brainmri): Epoch: 81, image auroc: 0.9228,
[2025-01-18 11:14:49,934][       train.py][line: 201][    INFO] (brainmri best): image auroc: 0.9399,
[2025-01-18 11:14:59,573][       train.py][line: 186][    INFO] (brainmri): Epoch: 82, image auroc: 0.9197,
[2025-01-18 11:14:59,573][       train.py][line: 201][    INFO] (brainmri best): image auroc: 0.9399,
[2025-01-18 11:15:09,122][       train.py][line: 186][    INFO] (brainmri): Epoch: 83, image auroc: 0.9210,
[2025-01-18 11:15:09,122][       train.py][line: 201][    INFO] (brainmri best): image auroc: 0.9399,
[2025-01-18 11:15:18,962][       train.py][line: 186][    INFO] (brainmri): Epoch: 84, image auroc: 0.9202,
[2025-01-18 11:15:18,962][       train.py][line: 201][    INFO] (brainmri best): image auroc: 0.9399,
[2025-01-18 11:15:24,006][       train.py][line: 264][    INFO] Epoch: [85/200]	Iter: [170/400]	Loss 0.84536 (0.89870)	
[2025-01-18 11:15:28,481][       train.py][line: 186][    INFO] (brainmri): Epoch: 85, image auroc: 0.9280,
[2025-01-18 11:15:28,481][       train.py][line: 201][    INFO] (brainmri best): image auroc: 0.9399,
[2025-01-18 11:15:38,077][       train.py][line: 186][    INFO] (brainmri): Epoch: 86, image auroc: 0.9331,
[2025-01-18 11:15:38,077][       train.py][line: 201][    INFO] (brainmri best): image auroc: 0.9399,
[2025-01-18 11:15:47,645][       train.py][line: 186][    INFO] (brainmri): Epoch: 87, image auroc: 0.9310,
[2025-01-18 11:15:47,645][       train.py][line: 201][    INFO] (brainmri best): image auroc: 0.9399,
[2025-01-18 11:15:57,401][       train.py][line: 186][    INFO] (brainmri): Epoch: 88, image auroc: 0.9299,
[2025-01-18 11:15:57,402][       train.py][line: 201][    INFO] (brainmri best): image auroc: 0.9399,
[2025-01-18 11:16:06,957][       train.py][line: 186][    INFO] (brainmri): Epoch: 89, image auroc: 0.9284,
[2025-01-18 11:16:06,958][       train.py][line: 201][    INFO] (brainmri best): image auroc: 0.9399,
[2025-01-18 11:16:12,095][       train.py][line: 264][    INFO] Epoch: [90/200]	Iter: [180/400]	Loss 0.88219 (0.83988)	
[2025-01-18 11:16:16,676][       train.py][line: 186][    INFO] (brainmri): Epoch: 90, image auroc: 0.9315,
[2025-01-18 11:16:16,676][       train.py][line: 201][    INFO] (brainmri best): image auroc: 0.9399,
[2025-01-18 11:16:26,311][       train.py][line: 186][    INFO] (brainmri): Epoch: 91, image auroc: 0.9357,
[2025-01-18 11:16:26,311][       train.py][line: 201][    INFO] (brainmri best): image auroc: 0.9399,
[2025-01-18 11:16:35,881][       train.py][line: 186][    INFO] (brainmri): Epoch: 92, image auroc: 0.9368,
[2025-01-18 11:16:35,882][       train.py][line: 201][    INFO] (brainmri best): image auroc: 0.9399,
[2025-01-18 11:16:45,516][       train.py][line: 186][    INFO] (brainmri): Epoch: 93, image auroc: 0.9374,
[2025-01-18 11:16:45,516][       train.py][line: 201][    INFO] (brainmri best): image auroc: 0.9399,
[2025-01-18 11:16:55,122][       train.py][line: 186][    INFO] (brainmri): Epoch: 94, image auroc: 0.9331,
[2025-01-18 11:16:55,122][       train.py][line: 201][    INFO] (brainmri best): image auroc: 0.9399,
[2025-01-18 11:17:00,173][       train.py][line: 264][    INFO] Epoch: [95/200]	Iter: [190/400]	Loss 0.80109 (0.84785)	
[2025-01-18 11:17:04,875][       train.py][line: 186][    INFO] (brainmri): Epoch: 95, image auroc: 0.9319,
[2025-01-18 11:17:04,875][       train.py][line: 201][    INFO] (brainmri best): image auroc: 0.9399,
[2025-01-18 11:17:14,403][       train.py][line: 186][    INFO] (brainmri): Epoch: 96, image auroc: 0.9324,
[2025-01-18 11:17:14,403][       train.py][line: 201][    INFO] (brainmri best): image auroc: 0.9399,
[2025-01-18 11:17:24,054][       train.py][line: 186][    INFO] (brainmri): Epoch: 97, image auroc: 0.9361,
[2025-01-18 11:17:24,054][       train.py][line: 201][    INFO] (brainmri best): image auroc: 0.9399,
[2025-01-18 11:17:33,727][       train.py][line: 186][    INFO] (brainmri): Epoch: 98, image auroc: 0.9362,
[2025-01-18 11:17:33,727][       train.py][line: 201][    INFO] (brainmri best): image auroc: 0.9399,
[2025-01-18 11:17:43,543][       train.py][line: 186][    INFO] (brainmri): Epoch: 99, image auroc: 0.9357,
[2025-01-18 11:17:43,543][       train.py][line: 201][    INFO] (brainmri best): image auroc: 0.9399,
[2025-01-18 11:17:48,690][       train.py][line: 264][    INFO] Epoch: [100/200]	Iter: [200/400]	Loss 0.78939 (0.80424)	
[2025-01-18 11:17:53,292][       train.py][line: 186][    INFO] (brainmri): Epoch: 100, image auroc: 0.9334,
[2025-01-18 11:17:53,293][       train.py][line: 201][    INFO] (brainmri best): image auroc: 0.9399,
[2025-01-18 11:18:02,918][       train.py][line: 186][    INFO] (brainmri): Epoch: 101, image auroc: 0.9216,
[2025-01-18 11:18:02,918][       train.py][line: 201][    INFO] (brainmri best): image auroc: 0.9399,
[2025-01-18 11:18:12,647][       train.py][line: 186][    INFO] (brainmri): Epoch: 102, image auroc: 0.9245,
[2025-01-18 11:18:12,647][       train.py][line: 201][    INFO] (brainmri best): image auroc: 0.9399,
[2025-01-18 11:18:22,167][       train.py][line: 186][    INFO] (brainmri): Epoch: 103, image auroc: 0.9258,
[2025-01-18 11:18:22,167][       train.py][line: 201][    INFO] (brainmri best): image auroc: 0.9399,
[2025-01-18 11:18:31,835][       train.py][line: 186][    INFO] (brainmri): Epoch: 104, image auroc: 0.9237,
[2025-01-18 11:18:31,836][       train.py][line: 201][    INFO] (brainmri best): image auroc: 0.9399,
[2025-01-18 11:18:36,858][       train.py][line: 264][    INFO] Epoch: [105/200]	Iter: [210/400]	Loss 0.82041 (0.85191)	
[2025-01-18 11:18:41,424][       train.py][line: 186][    INFO] (brainmri): Epoch: 105, image auroc: 0.9220,
[2025-01-18 11:18:41,425][       train.py][line: 201][    INFO] (brainmri best): image auroc: 0.9399,
[2025-01-18 11:18:51,111][       train.py][line: 186][    INFO] (brainmri): Epoch: 106, image auroc: 0.9274,
[2025-01-18 11:18:51,111][       train.py][line: 201][    INFO] (brainmri best): image auroc: 0.9399,
[2025-01-18 11:19:00,795][       train.py][line: 186][    INFO] (brainmri): Epoch: 107, image auroc: 0.9337,
[2025-01-18 11:19:00,796][       train.py][line: 201][    INFO] (brainmri best): image auroc: 0.9399,
[2025-01-18 11:19:10,526][       train.py][line: 186][    INFO] (brainmri): Epoch: 108, image auroc: 0.9299,
[2025-01-18 11:19:10,526][       train.py][line: 201][    INFO] (brainmri best): image auroc: 0.9399,
[2025-01-18 11:19:20,146][       train.py][line: 186][    INFO] (brainmri): Epoch: 109, image auroc: 0.9255,
[2025-01-18 11:19:20,146][       train.py][line: 201][    INFO] (brainmri best): image auroc: 0.9399,
[2025-01-18 11:19:25,228][       train.py][line: 264][    INFO] Epoch: [110/200]	Iter: [220/400]	Loss 0.85693 (0.85924)	
[2025-01-18 11:19:29,731][       train.py][line: 186][    INFO] (brainmri): Epoch: 110, image auroc: 0.9343,
[2025-01-18 11:19:29,731][       train.py][line: 201][    INFO] (brainmri best): image auroc: 0.9399,
[2025-01-18 11:19:39,323][       train.py][line: 186][    INFO] (brainmri): Epoch: 111, image auroc: 0.9360,
[2025-01-18 11:19:39,323][       train.py][line: 201][    INFO] (brainmri best): image auroc: 0.9399,
[2025-01-18 11:19:48,816][       train.py][line: 186][    INFO] (brainmri): Epoch: 112, image auroc: 0.9306,
[2025-01-18 11:19:48,817][       train.py][line: 201][    INFO] (brainmri best): image auroc: 0.9399,
[2025-01-18 11:19:58,468][       train.py][line: 186][    INFO] (brainmri): Epoch: 113, image auroc: 0.9298,
[2025-01-18 11:19:58,468][       train.py][line: 201][    INFO] (brainmri best): image auroc: 0.9399,
[2025-01-18 11:20:07,983][       train.py][line: 186][    INFO] (brainmri): Epoch: 114, image auroc: 0.9285,
[2025-01-18 11:20:07,983][       train.py][line: 201][    INFO] (brainmri best): image auroc: 0.9399,
[2025-01-18 11:20:13,039][       train.py][line: 264][    INFO] Epoch: [115/200]	Iter: [230/400]	Loss 0.86072 (0.83960)	
[2025-01-18 11:20:17,515][       train.py][line: 186][    INFO] (brainmri): Epoch: 115, image auroc: 0.9254,
[2025-01-18 11:20:17,515][       train.py][line: 201][    INFO] (brainmri best): image auroc: 0.9399,
[2025-01-18 11:20:26,959][       train.py][line: 186][    INFO] (brainmri): Epoch: 116, image auroc: 0.9179,
[2025-01-18 11:20:26,959][       train.py][line: 201][    INFO] (brainmri best): image auroc: 0.9399,
[2025-01-18 11:20:36,566][       train.py][line: 186][    INFO] (brainmri): Epoch: 117, image auroc: 0.9234,
[2025-01-18 11:20:36,566][       train.py][line: 201][    INFO] (brainmri best): image auroc: 0.9399,
[2025-01-18 11:20:46,310][       train.py][line: 186][    INFO] (brainmri): Epoch: 118, image auroc: 0.9190,
[2025-01-18 11:20:46,311][       train.py][line: 201][    INFO] (brainmri best): image auroc: 0.9399,
[2025-01-18 11:20:55,902][       train.py][line: 186][    INFO] (brainmri): Epoch: 119, image auroc: 0.9113,
[2025-01-18 11:20:55,902][       train.py][line: 201][    INFO] (brainmri best): image auroc: 0.9399,
[2025-01-18 11:21:01,044][       train.py][line: 264][    INFO] Epoch: [120/200]	Iter: [240/400]	Loss 0.95180 (0.85611)	
[2025-01-18 11:21:05,605][       train.py][line: 186][    INFO] (brainmri): Epoch: 120, image auroc: 0.9044,
[2025-01-18 11:21:05,606][       train.py][line: 201][    INFO] (brainmri best): image auroc: 0.9399,
[2025-01-18 11:21:15,383][       train.py][line: 186][    INFO] (brainmri): Epoch: 121, image auroc: 0.9103,
[2025-01-18 11:21:15,383][       train.py][line: 201][    INFO] (brainmri best): image auroc: 0.9399,
[2025-01-18 11:21:25,038][       train.py][line: 186][    INFO] (brainmri): Epoch: 122, image auroc: 0.9116,
[2025-01-18 11:21:25,038][       train.py][line: 201][    INFO] (brainmri best): image auroc: 0.9399,
[2025-01-18 11:21:34,544][       train.py][line: 186][    INFO] (brainmri): Epoch: 123, image auroc: 0.9202,
[2025-01-18 11:21:34,544][       train.py][line: 201][    INFO] (brainmri best): image auroc: 0.9399,
[2025-01-18 11:21:44,216][       train.py][line: 186][    INFO] (brainmri): Epoch: 124, image auroc: 0.9132,
[2025-01-18 11:21:44,216][       train.py][line: 201][    INFO] (brainmri best): image auroc: 0.9399,
[2025-01-18 11:21:49,258][       train.py][line: 264][    INFO] Epoch: [125/200]	Iter: [250/400]	Loss 0.81740 (0.83703)	
[2025-01-18 11:21:53,771][       train.py][line: 186][    INFO] (brainmri): Epoch: 125, image auroc: 0.9237,
[2025-01-18 11:21:53,771][       train.py][line: 201][    INFO] (brainmri best): image auroc: 0.9399,
[2025-01-18 11:22:03,474][       train.py][line: 186][    INFO] (brainmri): Epoch: 126, image auroc: 0.9188,
[2025-01-18 11:22:03,474][       train.py][line: 201][    INFO] (brainmri best): image auroc: 0.9399,
[2025-01-18 11:22:13,029][       train.py][line: 186][    INFO] (brainmri): Epoch: 127, image auroc: 0.9227,
[2025-01-18 11:22:13,029][       train.py][line: 201][    INFO] (brainmri best): image auroc: 0.9399,
[2025-01-18 11:22:22,570][       train.py][line: 186][    INFO] (brainmri): Epoch: 128, image auroc: 0.9141,
[2025-01-18 11:22:22,570][       train.py][line: 201][    INFO] (brainmri best): image auroc: 0.9399,
[2025-01-18 11:22:32,352][       train.py][line: 186][    INFO] (brainmri): Epoch: 129, image auroc: 0.9124,
[2025-01-18 11:22:32,352][       train.py][line: 201][    INFO] (brainmri best): image auroc: 0.9399,
[2025-01-18 11:22:37,483][       train.py][line: 264][    INFO] Epoch: [130/200]	Iter: [260/400]	Loss 0.87897 (0.90104)	
[2025-01-18 11:22:42,001][       train.py][line: 186][    INFO] (brainmri): Epoch: 130, image auroc: 0.9161,
[2025-01-18 11:22:42,001][       train.py][line: 201][    INFO] (brainmri best): image auroc: 0.9399,
[2025-01-18 11:22:51,586][       train.py][line: 186][    INFO] (brainmri): Epoch: 131, image auroc: 0.9179,
[2025-01-18 11:22:51,586][       train.py][line: 201][    INFO] (brainmri best): image auroc: 0.9399,
[2025-01-18 11:23:01,297][       train.py][line: 186][    INFO] (brainmri): Epoch: 132, image auroc: 0.9156,
[2025-01-18 11:23:01,297][       train.py][line: 201][    INFO] (brainmri best): image auroc: 0.9399,
[2025-01-18 11:23:11,102][       train.py][line: 186][    INFO] (brainmri): Epoch: 133, image auroc: 0.9223,
[2025-01-18 11:23:11,102][       train.py][line: 201][    INFO] (brainmri best): image auroc: 0.9399,
[2025-01-18 11:23:20,902][       train.py][line: 186][    INFO] (brainmri): Epoch: 134, image auroc: 0.9326,
[2025-01-18 11:23:20,903][       train.py][line: 201][    INFO] (brainmri best): image auroc: 0.9399,
[2025-01-18 11:23:25,960][       train.py][line: 264][    INFO] Epoch: [135/200]	Iter: [270/400]	Loss 0.85625 (0.86343)	
[2025-01-18 11:23:30,503][       train.py][line: 186][    INFO] (brainmri): Epoch: 135, image auroc: 0.9236,
[2025-01-18 11:23:30,504][       train.py][line: 201][    INFO] (brainmri best): image auroc: 0.9399,
[2025-01-18 11:23:40,031][       train.py][line: 186][    INFO] (brainmri): Epoch: 136, image auroc: 0.9255,
[2025-01-18 11:23:40,031][       train.py][line: 201][    INFO] (brainmri best): image auroc: 0.9399,
[2025-01-18 11:23:49,586][       train.py][line: 186][    INFO] (brainmri): Epoch: 137, image auroc: 0.9161,
[2025-01-18 11:23:49,586][       train.py][line: 201][    INFO] (brainmri best): image auroc: 0.9399,
[2025-01-18 11:23:59,508][       train.py][line: 186][    INFO] (brainmri): Epoch: 138, image auroc: 0.9141,
[2025-01-18 11:23:59,508][       train.py][line: 201][    INFO] (brainmri best): image auroc: 0.9399,
[2025-01-18 11:24:09,332][       train.py][line: 186][    INFO] (brainmri): Epoch: 139, image auroc: 0.9232,
[2025-01-18 11:24:09,332][       train.py][line: 201][    INFO] (brainmri best): image auroc: 0.9399,
[2025-01-18 11:24:14,448][       train.py][line: 264][    INFO] Epoch: [140/200]	Iter: [280/400]	Loss 0.84447 (0.83366)	
[2025-01-18 11:24:19,058][       train.py][line: 186][    INFO] (brainmri): Epoch: 140, image auroc: 0.9291,
[2025-01-18 11:24:19,058][       train.py][line: 201][    INFO] (brainmri best): image auroc: 0.9399,
[2025-01-18 11:24:28,649][       train.py][line: 186][    INFO] (brainmri): Epoch: 141, image auroc: 0.9167,
[2025-01-18 11:24:28,650][       train.py][line: 201][    INFO] (brainmri best): image auroc: 0.9399,
[2025-01-18 11:24:38,330][       train.py][line: 186][    INFO] (brainmri): Epoch: 142, image auroc: 0.9205,
[2025-01-18 11:24:38,330][       train.py][line: 201][    INFO] (brainmri best): image auroc: 0.9399,
[2025-01-18 11:24:48,007][       train.py][line: 186][    INFO] (brainmri): Epoch: 143, image auroc: 0.9294,
[2025-01-18 11:24:48,007][       train.py][line: 201][    INFO] (brainmri best): image auroc: 0.9399,
[2025-01-18 11:24:57,608][       train.py][line: 186][    INFO] (brainmri): Epoch: 144, image auroc: 0.9224,
[2025-01-18 11:24:57,608][       train.py][line: 201][    INFO] (brainmri best): image auroc: 0.9399,
[2025-01-18 11:25:02,616][       train.py][line: 264][    INFO] Epoch: [145/200]	Iter: [290/400]	Loss 0.81884 (0.86261)	
[2025-01-18 11:25:07,172][       train.py][line: 186][    INFO] (brainmri): Epoch: 145, image auroc: 0.9132,
[2025-01-18 11:25:07,173][       train.py][line: 201][    INFO] (brainmri best): image auroc: 0.9399,
[2025-01-18 11:25:16,992][       train.py][line: 186][    INFO] (brainmri): Epoch: 146, image auroc: 0.9112,
[2025-01-18 11:25:16,992][       train.py][line: 201][    INFO] (brainmri best): image auroc: 0.9399,
[2025-01-18 11:25:26,642][       train.py][line: 186][    INFO] (brainmri): Epoch: 147, image auroc: 0.9147,
[2025-01-18 11:25:26,642][       train.py][line: 201][    INFO] (brainmri best): image auroc: 0.9399,
[2025-01-18 11:25:36,167][       train.py][line: 186][    INFO] (brainmri): Epoch: 148, image auroc: 0.9138,
[2025-01-18 11:25:36,167][       train.py][line: 201][    INFO] (brainmri best): image auroc: 0.9399,
[2025-01-18 11:25:45,825][       train.py][line: 186][    INFO] (brainmri): Epoch: 149, image auroc: 0.9116,
[2025-01-18 11:25:45,825][       train.py][line: 201][    INFO] (brainmri best): image auroc: 0.9399,
[2025-01-18 11:25:50,907][       train.py][line: 264][    INFO] Epoch: [150/200]	Iter: [300/400]	Loss 0.86971 (0.86148)	
[2025-01-18 11:25:55,465][       train.py][line: 186][    INFO] (brainmri): Epoch: 150, image auroc: 0.9167,
[2025-01-18 11:25:55,465][       train.py][line: 201][    INFO] (brainmri best): image auroc: 0.9399,
[2025-01-18 11:26:05,123][       train.py][line: 186][    INFO] (brainmri): Epoch: 151, image auroc: 0.9158,
[2025-01-18 11:26:05,124][       train.py][line: 201][    INFO] (brainmri best): image auroc: 0.9399,
[2025-01-18 11:26:14,712][       train.py][line: 186][    INFO] (brainmri): Epoch: 152, image auroc: 0.9037,
[2025-01-18 11:26:14,712][       train.py][line: 201][    INFO] (brainmri best): image auroc: 0.9399,
[2025-01-18 11:26:24,334][       train.py][line: 186][    INFO] (brainmri): Epoch: 153, image auroc: 0.9062,
[2025-01-18 11:26:24,334][       train.py][line: 201][    INFO] (brainmri best): image auroc: 0.9399,
[2025-01-18 11:26:33,890][       train.py][line: 186][    INFO] (brainmri): Epoch: 154, image auroc: 0.9019,
[2025-01-18 11:26:33,891][       train.py][line: 201][    INFO] (brainmri best): image auroc: 0.9399,
[2025-01-18 11:26:38,973][       train.py][line: 264][    INFO] Epoch: [155/200]	Iter: [310/400]	Loss 0.80271 (0.81160)	
[2025-01-18 11:26:43,602][       train.py][line: 186][    INFO] (brainmri): Epoch: 155, image auroc: 0.9052,
[2025-01-18 11:26:43,602][       train.py][line: 201][    INFO] (brainmri best): image auroc: 0.9399,
[2025-01-18 11:26:53,344][       train.py][line: 186][    INFO] (brainmri): Epoch: 156, image auroc: 0.9100,
[2025-01-18 11:26:53,344][       train.py][line: 201][    INFO] (brainmri best): image auroc: 0.9399,
[2025-01-18 11:27:02,973][       train.py][line: 186][    INFO] (brainmri): Epoch: 157, image auroc: 0.9049,
[2025-01-18 11:27:02,974][       train.py][line: 201][    INFO] (brainmri best): image auroc: 0.9399,
[2025-01-18 11:27:12,496][       train.py][line: 186][    INFO] (brainmri): Epoch: 158, image auroc: 0.9045,
[2025-01-18 11:27:12,496][       train.py][line: 201][    INFO] (brainmri best): image auroc: 0.9399,
[2025-01-18 11:27:22,173][       train.py][line: 186][    INFO] (brainmri): Epoch: 159, image auroc: 0.9060,
[2025-01-18 11:27:22,173][       train.py][line: 201][    INFO] (brainmri best): image auroc: 0.9399,
[2025-01-18 11:27:27,250][       train.py][line: 264][    INFO] Epoch: [160/200]	Iter: [320/400]	Loss 0.80532 (0.81415)	
[2025-01-18 11:27:32,039][       train.py][line: 186][    INFO] (brainmri): Epoch: 160, image auroc: 0.9124,
[2025-01-18 11:27:32,040][       train.py][line: 201][    INFO] (brainmri best): image auroc: 0.9399,
[2025-01-18 11:27:41,760][       train.py][line: 186][    INFO] (brainmri): Epoch: 161, image auroc: 0.9086,
[2025-01-18 11:27:41,760][       train.py][line: 201][    INFO] (brainmri best): image auroc: 0.9399,
[2025-01-18 11:27:51,350][       train.py][line: 186][    INFO] (brainmri): Epoch: 162, image auroc: 0.9170,
[2025-01-18 11:27:51,351][       train.py][line: 201][    INFO] (brainmri best): image auroc: 0.9399,
[2025-01-18 11:28:00,956][       train.py][line: 186][    INFO] (brainmri): Epoch: 163, image auroc: 0.9159,
[2025-01-18 11:28:00,956][       train.py][line: 201][    INFO] (brainmri best): image auroc: 0.9399,
[2025-01-18 11:28:10,523][       train.py][line: 186][    INFO] (brainmri): Epoch: 164, image auroc: 0.9176,
[2025-01-18 11:28:10,523][       train.py][line: 201][    INFO] (brainmri best): image auroc: 0.9399,
[2025-01-18 11:28:15,625][       train.py][line: 264][    INFO] Epoch: [165/200]	Iter: [330/400]	Loss 0.85009 (0.85514)	
[2025-01-18 11:28:20,201][       train.py][line: 186][    INFO] (brainmri): Epoch: 165, image auroc: 0.9210,
[2025-01-18 11:28:20,201][       train.py][line: 201][    INFO] (brainmri best): image auroc: 0.9399,
[2025-01-18 11:28:29,734][       train.py][line: 186][    INFO] (brainmri): Epoch: 166, image auroc: 0.9141,
[2025-01-18 11:28:29,734][       train.py][line: 201][    INFO] (brainmri best): image auroc: 0.9399,
[2025-01-18 11:28:39,329][       train.py][line: 186][    INFO] (brainmri): Epoch: 167, image auroc: 0.9238,
[2025-01-18 11:28:39,329][       train.py][line: 201][    INFO] (brainmri best): image auroc: 0.9399,
[2025-01-18 11:28:49,001][       train.py][line: 186][    INFO] (brainmri): Epoch: 168, image auroc: 0.9208,
[2025-01-18 11:28:49,002][       train.py][line: 201][    INFO] (brainmri best): image auroc: 0.9399,
[2025-01-18 11:28:58,815][       train.py][line: 186][    INFO] (brainmri): Epoch: 169, image auroc: 0.9123,
[2025-01-18 11:28:58,815][       train.py][line: 201][    INFO] (brainmri best): image auroc: 0.9399,
[2025-01-18 11:29:03,894][       train.py][line: 264][    INFO] Epoch: [170/200]	Iter: [340/400]	Loss 0.90443 (0.87680)	
[2025-01-18 11:29:08,552][       train.py][line: 186][    INFO] (brainmri): Epoch: 170, image auroc: 0.9160,
[2025-01-18 11:29:08,553][       train.py][line: 201][    INFO] (brainmri best): image auroc: 0.9399,
[2025-01-18 11:29:18,275][       train.py][line: 186][    INFO] (brainmri): Epoch: 171, image auroc: 0.9138,
[2025-01-18 11:29:18,276][       train.py][line: 201][    INFO] (brainmri best): image auroc: 0.9399,
[2025-01-18 11:29:27,909][       train.py][line: 186][    INFO] (brainmri): Epoch: 172, image auroc: 0.9233,
[2025-01-18 11:29:27,909][       train.py][line: 201][    INFO] (brainmri best): image auroc: 0.9399,
[2025-01-18 11:29:37,384][       train.py][line: 186][    INFO] (brainmri): Epoch: 173, image auroc: 0.9269,
[2025-01-18 11:29:37,385][       train.py][line: 201][    INFO] (brainmri best): image auroc: 0.9399,
[2025-01-18 11:29:46,949][       train.py][line: 186][    INFO] (brainmri): Epoch: 174, image auroc: 0.9262,
[2025-01-18 11:29:46,949][       train.py][line: 201][    INFO] (brainmri best): image auroc: 0.9399,
[2025-01-18 11:29:51,995][       train.py][line: 264][    INFO] Epoch: [175/200]	Iter: [350/400]	Loss 0.82884 (0.81693)	
[2025-01-18 11:29:56,601][       train.py][line: 186][    INFO] (brainmri): Epoch: 175, image auroc: 0.9186,
[2025-01-18 11:29:56,602][       train.py][line: 201][    INFO] (brainmri best): image auroc: 0.9399,
[2025-01-18 11:30:06,230][       train.py][line: 186][    INFO] (brainmri): Epoch: 176, image auroc: 0.9199,
[2025-01-18 11:30:06,230][       train.py][line: 201][    INFO] (brainmri best): image auroc: 0.9399,
[2025-01-18 11:30:16,015][       train.py][line: 186][    INFO] (brainmri): Epoch: 177, image auroc: 0.9215,
[2025-01-18 11:30:16,015][       train.py][line: 201][    INFO] (brainmri best): image auroc: 0.9399,
[2025-01-18 11:30:25,651][       train.py][line: 186][    INFO] (brainmri): Epoch: 178, image auroc: 0.9155,
[2025-01-18 11:30:25,651][       train.py][line: 201][    INFO] (brainmri best): image auroc: 0.9399,
[2025-01-18 11:30:35,300][       train.py][line: 186][    INFO] (brainmri): Epoch: 179, image auroc: 0.9211,
[2025-01-18 11:30:35,300][       train.py][line: 201][    INFO] (brainmri best): image auroc: 0.9399,
[2025-01-18 11:30:40,391][       train.py][line: 264][    INFO] Epoch: [180/200]	Iter: [360/400]	Loss 0.85847 (0.81837)	
[2025-01-18 11:30:44,929][       train.py][line: 186][    INFO] (brainmri): Epoch: 180, image auroc: 0.9218,
[2025-01-18 11:30:44,929][       train.py][line: 201][    INFO] (brainmri best): image auroc: 0.9399,
[2025-01-18 11:30:54,626][       train.py][line: 186][    INFO] (brainmri): Epoch: 181, image auroc: 0.9188,
[2025-01-18 11:30:54,626][       train.py][line: 201][    INFO] (brainmri best): image auroc: 0.9399,
[2025-01-18 11:31:04,306][       train.py][line: 186][    INFO] (brainmri): Epoch: 182, image auroc: 0.9221,
[2025-01-18 11:31:04,306][       train.py][line: 201][    INFO] (brainmri best): image auroc: 0.9399,
[2025-01-18 11:31:13,785][       train.py][line: 186][    INFO] (brainmri): Epoch: 183, image auroc: 0.9138,
[2025-01-18 11:31:13,785][       train.py][line: 201][    INFO] (brainmri best): image auroc: 0.9399,
[2025-01-18 11:31:23,506][       train.py][line: 186][    INFO] (brainmri): Epoch: 184, image auroc: 0.9257,
[2025-01-18 11:31:23,506][       train.py][line: 201][    INFO] (brainmri best): image auroc: 0.9399,
[2025-01-18 11:31:28,578][       train.py][line: 264][    INFO] Epoch: [185/200]	Iter: [370/400]	Loss 0.85629 (0.88435)	
[2025-01-18 11:31:33,123][       train.py][line: 186][    INFO] (brainmri): Epoch: 185, image auroc: 0.9157,
[2025-01-18 11:31:33,124][       train.py][line: 201][    INFO] (brainmri best): image auroc: 0.9399,
[2025-01-18 11:31:42,897][       train.py][line: 186][    INFO] (brainmri): Epoch: 186, image auroc: 0.9249,
[2025-01-18 11:31:42,897][       train.py][line: 201][    INFO] (brainmri best): image auroc: 0.9399,
[2025-01-18 11:31:52,516][       train.py][line: 186][    INFO] (brainmri): Epoch: 187, image auroc: 0.9238,
[2025-01-18 11:31:52,516][       train.py][line: 201][    INFO] (brainmri best): image auroc: 0.9399,
[2025-01-18 11:32:02,212][       train.py][line: 186][    INFO] (brainmri): Epoch: 188, image auroc: 0.9222,
[2025-01-18 11:32:02,212][       train.py][line: 201][    INFO] (brainmri best): image auroc: 0.9399,
[2025-01-18 11:32:11,783][       train.py][line: 186][    INFO] (brainmri): Epoch: 189, image auroc: 0.9240,
[2025-01-18 11:32:11,783][       train.py][line: 201][    INFO] (brainmri best): image auroc: 0.9399,
[2025-01-18 11:32:16,803][       train.py][line: 264][    INFO] Epoch: [190/200]	Iter: [380/400]	Loss 0.82037 (0.86155)	
[2025-01-18 11:32:21,347][       train.py][line: 186][    INFO] (brainmri): Epoch: 190, image auroc: 0.9247,
[2025-01-18 11:32:21,347][       train.py][line: 201][    INFO] (brainmri best): image auroc: 0.9399,
[2025-01-18 11:32:30,993][       train.py][line: 186][    INFO] (brainmri): Epoch: 191, image auroc: 0.9244,
[2025-01-18 11:32:30,993][       train.py][line: 201][    INFO] (brainmri best): image auroc: 0.9399,
[2025-01-18 11:32:40,567][       train.py][line: 186][    INFO] (brainmri): Epoch: 192, image auroc: 0.9192,
[2025-01-18 11:32:40,567][       train.py][line: 201][    INFO] (brainmri best): image auroc: 0.9399,
[2025-01-18 11:32:50,159][       train.py][line: 186][    INFO] (brainmri): Epoch: 193, image auroc: 0.9109,
[2025-01-18 11:32:50,159][       train.py][line: 201][    INFO] (brainmri best): image auroc: 0.9399,
[2025-01-18 11:32:59,802][       train.py][line: 186][    INFO] (brainmri): Epoch: 194, image auroc: 0.9186,
[2025-01-18 11:32:59,802][       train.py][line: 201][    INFO] (brainmri best): image auroc: 0.9399,
[2025-01-18 11:33:04,811][       train.py][line: 264][    INFO] Epoch: [195/200]	Iter: [390/400]	Loss 0.82095 (0.79114)	
[2025-01-18 11:33:09,376][       train.py][line: 186][    INFO] (brainmri): Epoch: 195, image auroc: 0.9199,
[2025-01-18 11:33:09,376][       train.py][line: 201][    INFO] (brainmri best): image auroc: 0.9399,
[2025-01-18 11:33:19,119][       train.py][line: 186][    INFO] (brainmri): Epoch: 196, image auroc: 0.9153,
[2025-01-18 11:33:19,119][       train.py][line: 201][    INFO] (brainmri best): image auroc: 0.9399,
[2025-01-18 11:33:28,733][       train.py][line: 186][    INFO] (brainmri): Epoch: 197, image auroc: 0.9168,
[2025-01-18 11:33:28,733][       train.py][line: 201][    INFO] (brainmri best): image auroc: 0.9399,
[2025-01-18 11:33:38,339][       train.py][line: 186][    INFO] (brainmri): Epoch: 198, image auroc: 0.9125,
[2025-01-18 11:33:38,340][       train.py][line: 201][    INFO] (brainmri best): image auroc: 0.9399,
[2025-01-18 11:33:47,984][       train.py][line: 186][    INFO] (brainmri): Epoch: 199, image auroc: 0.9153,
[2025-01-18 11:33:47,984][       train.py][line: 201][    INFO] (brainmri best): image auroc: 0.9399,
[2025-01-18 11:33:53,081][       train.py][line: 264][    INFO] Epoch: [200/200]	Iter: [400/400]	Loss 0.84012 (0.85247)	
[2025-01-18 11:33:57,593][       train.py][line: 186][    INFO] (brainmri): Epoch: 200, image auroc: 0.9130,
[2025-01-18 11:33:57,593][       train.py][line: 201][    INFO] (brainmri best): image auroc: 0.9399,
